#
# A fatal error has been detected by the Java Runtime Environment:
#
#  EXCEPTION_ACCESS_VIOLATION (0xc0000005) at pc=0x000000001033e52a, pid=7632, tid=6156
#
# JRE version: 7.0_11-b21
# Java VM: Java HotSpot(TM) 64-Bit Server VM (23.6-b04 mixed mode windows-amd64 compressed oops)
# Problematic frame:
# C  0x000000001033e52a
#
# Failed to write core dump. Minidumps are not enabled by default on client versions of Windows
#
# If you would like to submit a bug report, please visit:
#   http://bugreport.sun.com/bugreport/crash.jsp
# The crash happened outside the Java Virtual Machine in native code.
# See problematic frame for where to report the bug.
#

---------------  T H R E A D  ---------------

Current thread (0x000000007da54000):  JavaThread "Thread-2833" [_thread_in_native, id=6156, stack(0x0000000104fd0000,0x0000000108fd0000)]

siginfo: ExceptionCode=0xc0000005, reading address 0x0000000000000013

Registers:
RAX=0x0000000000009b53, RBX=0x0000000000000002, RCX=0x0000000009b53fe0, RDX=0x0000000000000006
RSP=0x0000000108fce260, RBP=0x0000000009b53000, RSI=0x0000000009b53000, RDI=0x0000000000000000
R8 =0x0000000000000001, R9 =0x0000000000000001, R10=0x0000000000000000, R11=0x0000000108fce360
R12=0x0000000011424630, R13=0x0000000000000000, R14=0x0000000000000001, R15=0x0000000000000000
RIP=0x000000001033e52a, EFLAGS=0x0000000000010202

Top of Stack: (sp=0x0000000108fce260)
0x0000000108fce260:   0000000000000002 00000000773d0f62
0x0000000108fce270:   8000000000000001 0000000000000000
0x0000000108fce280:   8000000000000001 000000002210f200
0x0000000108fce290:   0000000021d807fe 00000000041d0000
0x0000000108fce2a0:   0000000000000000 000000001033d313
0x0000000108fce2b0:   0000000000000002 0000000009b53fe0
0x0000000108fce2c0:   0000000108fce330 00000000041d0000
0x0000000108fce2d0:   000000008007000e 000007fefb837d64
0x0000000108fce2e0:   0000000000000006 0000000000000003
0x0000000108fce2f0:   00000000041d02a8 0000000022056e58
0x0000000108fce300:   00000000217a4930 000007fefb82d710
0x0000000108fce310:   0000000000150004 0000000021d80806
0x0000000108fce320:   0000000021d807fe 00000000218b0b70
0x0000000108fce330:   0000000000000000 000007fefb582b30
0x0000000108fce340:   0000000021d80806 0000000000000017
0x0000000108fce350:   0000000000000001 000000000a011a48 

Instructions: (pc=0x000000001033e52a)
0x000000001033e50a:   81 e3 ff 07 00 00 48 03 db 49 39 b4 dc d0 08 00
0x000000001033e51a:   00 75 28 49 8b 9c dc d8 08 00 00 48 85 db 74 20
0x000000001033e52a:   0f b6 43 11 41 3b c0 75 17 41 83 f8 01 0f 85 80
0x000000001033e53a:   01 00 00 ff 43 18 e9 78 01 00 00 48 8b 5c 24 50 


Register to memory mapping:

RAX=0x0000000000009b53 is an unknown value
RBX=0x0000000000000002 is an unknown value
RCX=0x0000000009b53fe0 is an unknown value
RDX=0x0000000000000006 is an unknown value
RSP=0x0000000108fce260 is pointing into the stack for thread: 0x000000007da54000
RBP=0x0000000009b53000 is an unknown value
RSI=0x0000000009b53000 is an unknown value
RDI=0x0000000000000000 is an unknown value
R8 =0x0000000000000001 is an unknown value
R9 =0x0000000000000001 is an unknown value
R10=0x0000000000000000 is an unknown value
R11=0x0000000108fce360 is pointing into the stack for thread: 0x000000007da54000
R12=0x0000000011424630 is an unknown value
R13=0x0000000000000000 is an unknown value
R14=0x0000000000000001 is an unknown value
R15=0x0000000000000000 is an unknown value


Stack: [0x0000000104fd0000,0x0000000108fd0000],  sp=0x0000000108fce260,  free space=65528k
Native frames: (J=compiled Java code, j=interpreted, Vv=VM code, C=native code)
C  0x000000001033e52a

Java frames: (J=compiled Java code, j=interpreted, Vv=VM code)
j  com.mathworks.util.NativeJava.showNativeFileDialogMulti(JZLjava/lang/String;Ljava/lang/String;Ljava/lang/String;Ljava/lang/String;ZZLjava/lang/String;I)Ljava/lang/Object;+0
j  com.mathworks.mwswing.MJFileChooserPerPlatform$RunnableNativeDispatch.runNative()V+37
j  com.mathworks.mwswing.MJFileChooserPerPlatform$RunnableNativeDispatch.runWindows()V+22
j  com.mathworks.mwswing.MJFileChooserPerPlatform$RunnableNativeDispatch.run()V+7
j  java.lang.Thread.run()V+11
v  ~StubRoutines::call_stub

---------------  P R O C E S S  ---------------

Java Threads: ( => current thread )
  0x0000000115a3f800 JavaThread "Foxtrot Multi Worker Thread Runner #16" daemon [_thread_blocked, id=872, stack(0x0000000136230000,0x000000013a230000)]
=>0x000000007da54000 JavaThread "Thread-2833" [_thread_in_native, id=6156, stack(0x0000000104fd0000,0x0000000108fd0000)]
  0x000000007c975800 JavaThread "Code Analyzer updating thread" [_thread_blocked, id=5440, stack(0x0000000131260000,0x0000000135260000)]
  0x00000000b8784800 JavaThread "Code Analyzer updating thread" [_thread_blocked, id=7780, stack(0x000000011c000000,0x0000000120000000)]
  0x000000007da57800 JavaThread "Foxtrot Multi Worker Thread Runner #2" daemon [_thread_blocked, id=8048, stack(0x000000012d260000,0x0000000131260000)]
  0x000000007d03c800 JavaThread "Foxtrot Single Worker Thread #1" daemon [_thread_blocked, id=4840, stack(0x00000000d0000000,0x00000000d4000000)]
  0x000000007d2f4800 JavaThread "Prefs Updater" daemon [_thread_blocked, id=816, stack(0x0000000121260000,0x0000000125260000)]
  0x000000004e2f1800 JavaThread "Swing-Shell" daemon [_thread_blocked, id=6620, stack(0x00000000c8000000,0x00000000cc000000)]
  0x000000005b5fc000 JavaThread "Code Analyzer updating thread" [_thread_blocked, id=5208, stack(0x0000000110000000,0x0000000114000000)]
  0x00000000753ec800 JavaThread "Code Analyzer updating thread" [_thread_blocked, id=4972, stack(0x0000000100000000,0x0000000104000000)]
  0x00000000753ec000 JavaThread "Active Reference Queue Daemon" daemon [_thread_blocked, id=7212, stack(0x00000000dc000000,0x00000000e0000000)]
  0x00000000753eb000 JavaThread "Timer-1" daemon [_thread_blocked, id=5364, stack(0x00000000d8000000,0x00000000dc000000)]
  0x00000000753e9800 JavaThread "ClipboardMonitor Timer" daemon [_thread_blocked, id=5076, stack(0x00000000d4000000,0x00000000d8000000)]
  0x00000000753e7800 JavaThread "Explorer NavigationContext request queue" daemon [_thread_blocked, id=6256, stack(0x00000000cc000000,0x00000000d0000000)]
  0x00000000753e5800 JavaThread "AddressBar directory emptiness poller" daemon [_thread_blocked, id=4032, stack(0x00000000c4000000,0x00000000c8000000)]
  0x000000004e319800 JavaThread "Explorer Refresh Service 727044995" daemon [_thread_blocked, id=5328, stack(0x00000000c0000000,0x00000000c4000000)]
  0x000000004e31a000 JavaThread "Thread-4" daemon [_thread_blocked, id=212, stack(0x00000000bc000000,0x00000000c0000000)]
  0x000000004e318000 JavaThread "TimerQueue" daemon [_thread_blocked, id=5064, stack(0x00000000b4000000,0x00000000b8000000)]
  0x000000004e317000 JavaThread "Thread-3" daemon [_thread_blocked, id=5260, stack(0x00000000a4000000,0x00000000a8000000)]
  0x0000000012ceb800 JavaThread "FelixPackageAdmin" daemon [_thread_blocked, id=5648, stack(0x00000000b0000000,0x00000000b4000000)]
  0x0000000012ceb000 JavaThread "FelixStartLevel" daemon [_thread_blocked, id=8116, stack(0x00000000ac000000,0x00000000b0000000)]
  0x000000004e12e800 JavaThread "FelixDispatchQueue" daemon [_thread_blocked, id=7808, stack(0x00000000a8000000,0x00000000ac000000)]
  0x000000004e28c800 JavaThread "AWT-EventQueue-0" [_thread_blocked, id=5212, stack(0x00000000a0000000,0x00000000a4000000)]
  0x000000004ded2800 JavaThread "com.google.common.base.internal.Finalizer" daemon [_thread_blocked, id=7004, stack(0x000000009c000000,0x00000000a0000000)]
  0x000000004debe800 JavaThread "AWT-Windows" daemon [_thread_in_native, id=5140, stack(0x0000000094000000,0x0000000098000000)]
  0x0000000048d4c000 JavaThread "AWT-Shutdown" [_thread_blocked, id=7276, stack(0x0000000090000000,0x0000000094000000)]
  0x0000000048d4b800 JavaThread "Java2D Disposer" daemon [_thread_blocked, id=7680, stack(0x000000008c000000,0x0000000090000000)]
  0x0000000012a2d000 JavaThread "Timer-0" [_thread_blocked, id=5756, stack(0x0000000088000000,0x000000008c000000)]
  0x0000000048f66000 JavaThread "EventMgr Dispatcher" daemon [_thread_in_native, id=6808, stack(0x0000000084000000,0x0000000088000000)]
  0x000000004896e800 JavaThread "Service Thread" daemon [_thread_blocked, id=5624, stack(0x0000000078000000,0x000000007c000000)]
  0x000000004896d800 JavaThread "C2 CompilerThread1" daemon [_thread_blocked, id=7668, stack(0x00000000708e0000,0x00000000748e0000)]
  0x0000000048968800 JavaThread "C2 CompilerThread0" daemon [_thread_blocked, id=596, stack(0x0000000063ec0000,0x0000000067ec0000)]
  0x0000000048968000 JavaThread "Attach Listener" daemon [_thread_blocked, id=7132, stack(0x000000005fec0000,0x0000000063ec0000)]
  0x00000000488d0000 JavaThread "Finalizer" daemon [_thread_blocked, id=5640, stack(0x000000005bec0000,0x000000005fec0000)]
  0x00000000488c4000 JavaThread "Reference Handler" daemon [_thread_blocked, id=1936, stack(0x0000000053ff0000,0x0000000057ff0000)]
  0x0000000012c5f800 JavaThread "main" [_thread_blocked, id=1728, stack(0x0000000000030000,0x0000000004030000)]

Other Threads:
  0x0000000012a50800 VMThread [stack: 0x0000000049e70000,0x000000004de70000] [id=7260]
  0x00000000489cb800 WatcherThread [stack: 0x0000000080000000,0x0000000084000000] [id=5264]

VM state:not at safepoint (normal execution)

VM Mutex/Monitor currently owned by a thread: None

Heap
 PSYoungGen      total 11392K, used 8766K [0x00000000fa000000, 0x00000000fb000000, 0x0000000100000000)
  eden space 10752K, 76% used [0x00000000fa000000,0x00000000fa7fd2d8,0x00000000faa80000)
  from space 640K, 91% used [0x00000000faa80000,0x00000000fab12600,0x00000000fab20000)
  to   space 2816K, 0% used [0x00000000fad40000,0x00000000fad40000,0x00000000fb000000)
 ParOldGen       total 65088K, used 60532K [0x00000000e8000000, 0x00000000ebf90000, 0x00000000fa000000)
  object space 65088K, 93% used [0x00000000e8000000,0x00000000ebb1d1e0,0x00000000ebf90000)
 PSPermGen       total 63168K, used 62476K [0x00000000e0000000, 0x00000000e3db0000, 0x00000000e8000000)
  object space 63168K, 98% used [0x00000000e0000000,0x00000000e3d03280,0x00000000e3db0000)

Card table byte_map: [0x00000000370c0000,0x00000000371d0000] byte_map_base: 0x00000000369c0000

Polling page: 0x0000000008530000

Code Cache  [0x0000000034000000, 0x0000000034a30000, 0x0000000037000000)
 total_blobs=3810 nmethods=3125 adapters=631 free_code_cache=38895Kb largest_free_block=39659904

Compilation events (10 events):
Event: 272641.601 Thread 0x000000004896d800 3375             javax.swing.MenuSelectionManager::setSelectedPath (153 bytes)
Event: 272641.634 Thread 0x000000004896d800 nmethod 3375 0x00000000349eff10 code [0x00000000349f00e0, 0x00000000349f1b98]
Event: 272674.868 Thread 0x0000000048968800 3376             com.mathworks.widgets.desk.Desktop::saveLayout (717 bytes)
Event: 272675.012 Thread 0x0000000048968800 nmethod 3376 0x0000000034a14dd0 code [0x0000000034a154a0, 0x0000000034a19ec8]
Event: 272728.287 Thread 0x000000004896d800   76 %           com.mathworks.widgets.Tokenizer::tokenize @ 10 (127 bytes)
Event: 272728.323 Thread 0x000000004896d800 nmethod 76% 0x0000000034a10750 code [0x0000000034a10a20, 0x0000000034a12220]
Event: 272742.828 Thread 0x0000000048968800 3377             javax.swing.SortingFocusTraversalPolicy::getFirstComponent (213 bytes)
Event: 272742.858 Thread 0x0000000048968800 nmethod 3377 0x0000000034a24190 code [0x0000000034a24520, 0x0000000034a25b90]
Event: 272764.459 Thread 0x000000004896d800 3378             com.mathworks.widgets.Tokenizer::tokenize (127 bytes)
Event: 272764.505 Thread 0x000000004896d800 nmethod 3378 0x0000000034a29090 code [0x0000000034a29360, 0x0000000034a2aba0]

GC Heap History (10 events):
Event: 272749.562 GC heap before
{Heap before GC invocations=6115 (full 34):
 PSYoungGen      total 13696K, used 13373K [0x00000000fa000000, 0x00000000fb000000, 0x0000000100000000)
  eden space 11520K, 100% used [0x00000000fa000000,0x00000000fab40000,0x00000000fab40000)
  from space 2176K, 85% used [0x00000000fade0000,0x00000000fafaf7a0,0x00000000fb000000)
  to   space 2432K, 0% used [0x00000000fab40000,0x00000000fab40000,0x00000000fada0000)
 ParOldGen       total 65088K, used 58402K [0x00000000e8000000, 0x00000000ebf90000, 0x00000000fa000000)
  object space 65088K, 89% used [0x00000000e8000000,0x00000000eb9089b0,0x00000000ebf90000)
 PSPermGen       total 63168K, used 62421K [0x00000000e0000000, 0x00000000e3db0000, 0x00000000e8000000)
  object space 63168K, 98% used [0x00000000e0000000,0x00000000e3cf5798,0x00000000e3db0000)
Event: 272749.565 GC heap after
Heap after GC invocations=6115 (full 34):
 PSYoungGen      total 13952K, used 256K [0x00000000fa000000, 0x00000000fb000000, 0x0000000100000000)
  eden space 11520K, 0% used [0x00000000fa000000,0x00000000fa000000,0x00000000fab40000)
  from space 2432K, 10% used [0x00000000fab40000,0x00000000fab80000,0x00000000fada0000)
  to   space 2368K, 0% used [0x00000000fadb0000,0x00000000fadb0000,0x00000000fb000000)
 ParOldGen       total 65088K, used 60032K [0x00000000e8000000, 0x00000000ebf90000, 0x00000000fa000000)
  object space 65088K, 92% used [0x00000000e8000000,0x00000000ebaa02e0,0x00000000ebf90000)
 PSPermGen       total 63168K, used 62421K [0x00000000e0000000, 0x00000000e3db0000, 0x00000000e8000000)
  object space 63168K, 98% used [0x00000000e0000000,0x00000000e3cf5798,0x00000000e3db0000)
}
Event: 272764.425 GC heap before
{Heap before GC invocations=6116 (full 34):
 PSYoungGen      total 13952K, used 11776K [0x00000000fa000000, 0x00000000fb000000, 0x0000000100000000)
  eden space 11520K, 100% used [0x00000000fa000000,0x00000000fab40000,0x00000000fab40000)
  from space 2432K, 10% used [0x00000000fab40000,0x00000000fab80000,0x00000000fada0000)
  to   space 2368K, 0% used [0x00000000fadb0000,0x00000000fadb0000,0x00000000fb000000)
 ParOldGen       total 65088K, used 60032K [0x00000000e8000000, 0x00000000ebf90000, 0x00000000fa000000)
  object space 65088K, 92% used [0x00000000e8000000,0x00000000ebaa02e0,0x00000000ebf90000)
 PSPermGen       total 63168K, used 62465K [0x00000000e0000000, 0x00000000e3db0000, 0x00000000e8000000)
  object space 63168K, 98% used [0x00000000e0000000,0x00000000e3d00520,0x00000000e3db0000)
Event: 272764.429 GC heap after
Heap after GC invocations=6116 (full 34):
 PSYoungGen      total 13632K, used 2321K [0x00000000fa000000, 0x00000000fb060000, 0x0000000100000000)
  eden space 11264K, 0% used [0x00000000fa000000,0x00000000fa000000,0x00000000fab00000)
  from space 2368K, 98% used [0x00000000fadb0000,0x00000000faff4618,0x00000000fb000000)
  to   space 2752K, 0% used [0x00000000fab00000,0x00000000fab00000,0x00000000fadb0000)
 ParOldGen       total 65088K, used 60032K [0x00000000e8000000, 0x00000000ebf90000, 0x00000000fa000000)
  object space 65088K, 92% used [0x00000000e8000000,0x00000000ebaa02e0,0x00000000ebf90000)
 PSPermGen       total 63168K, used 62465K [0x00000000e0000000, 0x00000000e3db0000, 0x00000000e8000000)
  object space 63168K, 98% used [0x00000000e0000000,0x00000000e3d00520,0x00000000e3db0000)
}
Event: 272764.726 GC heap before
{Heap before GC invocations=6117 (full 34):
 PSYoungGen      total 13632K, used 13585K [0x00000000fa000000, 0x00000000fb060000, 0x0000000100000000)
  eden space 11264K, 100% used [0x00000000fa000000,0x00000000fab00000,0x00000000fab00000)
  from space 2368K, 98% used [0x00000000fadb0000,0x00000000faff4618,0x00000000fb000000)
  to   space 2752K, 0% used [0x00000000fab00000,0x00000000fab00000,0x00000000fadb0000)
 ParOldGen       total 65088K, used 60032K [0x00000000e8000000, 0x00000000ebf90000, 0x00000000fa000000)
  object space 65088K, 92% used [0x00000000e8000000,0x00000000ebaa02e0,0x00000000ebf90000)
 PSPermGen       total 63168K, used 62476K [0x00000000e0000000, 0x00000000e3db0000, 0x00000000e8000000)
  object space 63168K, 98% used [0x00000000e0000000,0x00000000e3d03280,0x00000000e3db0000)
Event: 272764.730 GC heap after
Heap after GC invocations=6117 (full 34):
 PSYoungGen      total 13760K, used 2284K [0x00000000fa000000, 0x00000000fb0c0000, 0x0000000100000000)
  eden space 11008K, 0% used [0x00000000fa000000,0x00000000fa000000,0x00000000faac0000)
  from space 2752K, 83% used [0x00000000fab00000,0x00000000fad3b280,0x00000000fadb0000)
  to   space 3072K, 0% used [0x00000000fadc0000,0x00000000fadc0000,0x00000000fb0c0000)
 ParOldGen       total 65088K, used 60032K [0x00000000e8000000, 0x00000000ebf90000, 0x00000000fa000000)
  object space 65088K, 92% used [0x00000000e8000000,0x00000000ebaa02e0,0x00000000ebf90000)
 PSPermGen       total 63168K, used 62476K [0x00000000e0000000, 0x00000000e3db0000, 0x00000000e8000000)
  object space 63168K, 98% used [0x00000000e0000000,0x00000000e3d03280,0x00000000e3db0000)
}
Event: 272777.534 GC heap before
{Heap before GC invocations=6118 (full 34):
 PSYoungGen      total 13760K, used 13292K [0x00000000fa000000, 0x00000000fb0c0000, 0x0000000100000000)
  eden space 11008K, 100% used [0x00000000fa000000,0x00000000faac0000,0x00000000faac0000)
  from space 2752K, 83% used [0x00000000fab00000,0x00000000fad3b280,0x00000000fadb0000)
  to   space 3072K, 0% used [0x00000000fadc0000,0x00000000fadc0000,0x00000000fb0c0000)
 ParOldGen       total 65088K, used 60032K [0x00000000e8000000, 0x00000000ebf90000, 0x00000000fa000000)
  object space 65088K, 92% used [0x00000000e8000000,0x00000000ebaa02e0,0x00000000ebf90000)
 PSPermGen       total 63168K, used 62476K [0x00000000e0000000, 0x00000000e3db0000, 0x00000000e8000000)
  object space 63168K, 98% used [0x00000000e0000000,0x00000000e3d03280,0x00000000e3db0000)
Event: 272777.538 GC heap after
Heap after GC invocations=6118 (full 34):
 PSYoungGen      total 13312K, used 872K [0x00000000fa000000, 0x00000000fb040000, 0x0000000100000000)
  eden space 10752K, 0% used [0x00000000fa000000,0x00000000fa000000,0x00000000faa80000)
  from space 2560K, 34% used [0x00000000fadc0000,0x00000000fae9a280,0x00000000fb040000)
  to   space 2944K, 0% used [0x00000000faa80000,0x00000000faa80000,0x00000000fad60000)
 ParOldGen       total 65088K, used 60273K [0x00000000e8000000, 0x00000000ebf90000, 0x00000000fa000000)
  object space 65088K, 92% used [0x00000000e8000000,0x00000000ebadc788,0x00000000ebf90000)
 PSPermGen       total 63168K, used 62476K [0x00000000e0000000, 0x00000000e3db0000, 0x00000000e8000000)
  object space 63168K, 98% used [0x00000000e0000000,0x00000000e3d03280,0x00000000e3db0000)
}
Event: 272787.210 GC heap before
{Heap before GC invocations=6119 (full 34):
 PSYoungGen      total 13312K, used 11624K [0x00000000fa000000, 0x00000000fb040000, 0x0000000100000000)
  eden space 10752K, 100% used [0x00000000fa000000,0x00000000faa80000,0x00000000faa80000)
  from space 2560K, 34% used [0x00000000fadc0000,0x00000000fae9a280,0x00000000fb040000)
  to   space 2944K, 0% used [0x00000000faa80000,0x00000000faa80000,0x00000000fad60000)
 ParOldGen       total 65088K, used 60273K [0x00000000e8000000, 0x00000000ebf90000, 0x00000000fa000000)
  object space 65088K, 92% used [0x00000000e8000000,0x00000000ebadc788,0x00000000ebf90000)
 PSPermGen       total 63168K, used 62476K [0x00000000e0000000, 0x00000000e3db0000, 0x00000000e8000000)
  object space 63168K, 98% used [0x00000000e0000000,0x00000000e3d03280,0x00000000e3db0000)
Event: 272787.213 GC heap after
Heap after GC invocations=6119 (full 34):
 PSYoungGen      total 11392K, used 585K [0x00000000fa000000, 0x00000000fb000000, 0x0000000100000000)
  eden space 10752K, 0% used [0x00000000fa000000,0x00000000fa000000,0x00000000faa80000)
  from space 640K, 91% used [0x00000000faa80000,0x00000000fab12600,0x00000000fab20000)
  to   space 2816K, 0% used [0x00000000fad40000,0x00000000fad40000,0x00000000fb000000)
 ParOldGen       total 65088K, used 60532K [0x00000000e8000000, 0x00000000ebf90000, 0x00000000fa000000)
  object space 65088K, 93% used [0x00000000e8000000,0x00000000ebb1d1e0,0x00000000ebf90000)
 PSPermGen       total 63168K, used 62476K [0x00000000e0000000, 0x00000000e3db0000, 0x00000000e8000000)
  object space 63168K, 98% used [0x00000000e0000000,0x00000000e3d03280,0x00000000e3db0000)
}

Deoptimization events (10 events):
Event: 272763.355 Thread 0x000000004e28c800 Uncommon trap -34 fr.pc 0x000000003479864c
Event: 272763.365 Thread 0x000000004e28c800 Uncommon trap -34 fr.pc 0x000000003495d264
Event: 272763.365 Thread 0x000000004e28c800 Uncommon trap -12 fr.pc 0x000000003477c258
Event: 272763.366 Thread 0x000000004e28c800 Uncommon trap -83 fr.pc 0x000000003435eb28
Event: 272763.397 Thread 0x000000004e28c800 Uncommon trap -34 fr.pc 0x0000000034803128
Event: 272763.397 Thread 0x000000004e28c800 Uncommon trap -83 fr.pc 0x0000000034401970
Event: 272763.511 Thread 0x000000004e28c800 Uncommon trap -34 fr.pc 0x000000003448b3a0
Event: 272763.591 Thread 0x000000004e28c800 Uncommon trap -34 fr.pc 0x000000003448b3a0
Event: 272763.592 Thread 0x000000004e28c800 Uncommon trap -34 fr.pc 0x000000003448b3a0
Event: 272763.639 Thread 0x000000004e28c800 Uncommon trap -34 fr.pc 0x000000003448b3a0

Internal exceptions (10 events):
Event: 272763.365 Thread 0x000000004e28c800 Implicit null exception at 0x0000000034778e63 to 0x000000003477c23d
Event: 272763.366 Thread 0x000000004e28c800 Threw 0x00000000faaa12d0 at C:\jdk7u1_64p\jdk7u11\hotspot\src\share\vm\prims\jvm.cpp:1166
Event: 272763.380 Thread 0x000000004e28c800 Threw 0x00000000faab1720 at C:\jdk7u1_64p\jdk7u11\hotspot\src\share\vm\prims\jvm.cpp:1166
Event: 272764.424 Thread 0x000000004e28c800 Threw 0x00000000fab214c0 at C:\jdk7u1_64p\jdk7u11\hotspot\src\share\vm\prims\jvm.cpp:1166
Event: 272764.442 Thread 0x000000004e28c800 Threw 0x00000000fa009f18 at C:\jdk7u1_64p\jdk7u11\hotspot\src\share\vm\prims\jvm.cpp:1166
Event: 272764.443 Thread 0x000000004e28c800 Threw 0x00000000fa029200 at C:\jdk7u1_64p\jdk7u11\hotspot\src\share\vm\prims\jvm.cpp:1166
Event: 272764.445 Thread 0x000000000f111800 Threw 0x00000000fa05d000 at C:\jdk7u1_64p\jdk7u11\hotspot\src\share\vm\prims\jvm.cpp:1166
Event: 272764.458 Thread 0x000000000f111800 Threw 0x00000000fa07d878 at C:\jdk7u1_64p\jdk7u11\hotspot\src\share\vm\prims\jvm.cpp:1166
Event: 272777.744 Thread 0x000000004e28c800 Threw 0x00000000fa05a730 at C:\jdk7u1_64p\jdk7u11\hotspot\src\share\vm\prims\jvm.cpp:1166
Event: 272777.744 Thread 0x000000004e28c800 Threw 0x00000000fa07f9d0 at C:\jdk7u1_64p\jdk7u11\hotspot\src\share\vm\prims\jvm.cpp:1166

Events (10 events):
Event: 272787.213 Executing VM operation: ParallelGCFailedAllocation done
Event: 272787.316 Thread 0x0000000115a3f800 Thread exited: 0x0000000115a3f800
Event: 272792.451 Thread 0x0000000115a3f800 Thread added: 0x0000000115a3f800
Event: 272792.558 Thread 0x0000000115a3f800 Thread exited: 0x0000000115a3f800
Event: 272793.937 Thread 0x000000007da54000 Thread added: 0x000000007da54000
Event: 272793.937 Thread 0x0000000115a3f800 Thread added: 0x0000000115a3f800
Event: 272793.937 Executing VM operation: RevokeBias
Event: 272793.937 Executing VM operation: RevokeBias done
Event: 272793.947 Thread 0x0000000115a3e000 Thread added: 0x0000000115a3e000
Event: 272794.054 Thread 0x0000000115a3e000 Thread exited: 0x0000000115a3e000


Dynamic libraries:
0x0000000140000000 - 0x0000000140029000 	C:\Program Files\MATLAB\R2013b\bin\win64\MATLAB.exe
0x00000000773a0000 - 0x0000000077549000 	C:\Windows\SYSTEM32\ntdll.dll
0x0000000077180000 - 0x000000007729f000 	C:\Windows\system32\kernel32.dll
0x000007fefd3b0000 - 0x000007fefd41b000 	C:\Windows\system32\KERNELBASE.dll
0x000000006f060000 - 0x000000006f3dc000 	C:\Program Files\MATLAB\R2013b\bin\win64\libmwservices.dll
0x000000006fe80000 - 0x000000006ff56000 	C:\Program Files\MATLAB\R2013b\bin\win64\libmwi18n.dll
0x000000006fe70000 - 0x000000006fe7d000 	C:\Program Files\MATLAB\R2013b\bin\win64\libmwresource_core.dll
0x0000000059810000 - 0x00000000598a8000 	C:\Program Files\MATLAB\R2013b\bin\win64\MSVCP100.dll
0x000000006f760000 - 0x000000006f832000 	C:\Program Files\MATLAB\R2013b\bin\win64\MSVCR100.dll
0x0000000074c40000 - 0x0000000074c4e000 	C:\Program Files\MATLAB\R2013b\bin\win64\boost_date_time-vc100-mt-1_49.dll
0x000000006f730000 - 0x000000006f75c000 	C:\Program Files\MATLAB\R2013b\bin\win64\boost_filesystem-vc100-mt-1_49.dll
0x0000000074e20000 - 0x0000000074e29000 	C:\Program Files\MATLAB\R2013b\bin\win64\boost_system-vc100-mt-1_49.dll
0x000007fefed50000 - 0x000007fefee2b000 	C:\Windows\system32\ADVAPI32.dll
0x000007fefda60000 - 0x000007fefdaff000 	C:\Windows\system32\msvcrt.dll
0x000007fefd610000 - 0x000007fefd62f000 	C:\Windows\SYSTEM32\sechost.dll
0x000007feff4e0000 - 0x000007feff60d000 	C:\Windows\system32\RPCRT4.dll
0x0000000070060000 - 0x0000000070085000 	C:\Program Files\MATLAB\R2013b\bin\win64\LIBEXPAT.dll
0x0000000053cd0000 - 0x0000000053e5a000 	C:\Program Files\MATLAB\R2013b\bin\win64\icuin49.dll
0x0000000053eb0000 - 0x0000000053fee000 	C:\Program Files\MATLAB\R2013b\bin\win64\icuuc49.dll
0x0000000050ec0000 - 0x0000000051fe2000 	C:\Program Files\MATLAB\R2013b\bin\win64\icudt49.dll
0x00000000708d0000 - 0x00000000708e0000 	C:\Program Files\MATLAB\R2013b\bin\win64\icuio49.dll
0x0000000004100000 - 0x00000000041bb000 	C:\Program Files\MATLAB\R2013b\bin\win64\libut.dll
0x000000006f960000 - 0x000000006fb07000 	C:\Program Files\MATLAB\R2013b\bin\win64\libmwfl.dll
0x00000000042d0000 - 0x00000000046df000 	C:\Program Files\MATLAB\R2013b\bin\win64\libmwMATLAB_res.dll
0x0000000059600000 - 0x00000000596df000 	C:\Program Files\MATLAB\R2013b\bin\win64\boost_regex-vc100-mt-1_49.dll
0x00000000772a0000 - 0x000000007739a000 	C:\Windows\system32\USER32.dll
0x000007fefdcb0000 - 0x000007fefdd17000 	C:\Windows\system32\GDI32.dll
0x000007feff450000 - 0x000007feff45e000 	C:\Windows\system32\LPK.dll
0x000007fefee30000 - 0x000007fefeef9000 	C:\Windows\system32\USP10.dll
0x0000000070120000 - 0x0000000070131000 	C:\Program Files\MATLAB\R2013b\bin\win64\boost_signals-vc100-mt-1_49.dll
0x0000000070340000 - 0x0000000070351000 	C:\Program Files\MATLAB\R2013b\bin\win64\boost_thread-vc100-mt-1_49.dll
0x0000000058ce0000 - 0x0000000058d6c000 	C:\Program Files\MATLAB\R2013b\bin\win64\boost_log-vc100-mt-1_49.dll
0x0000000077570000 - 0x0000000077577000 	C:\Windows\system32\PSAPI.DLL
0x000007fefd5c0000 - 0x000007fefd60d000 	C:\Windows\system32\WS2_32.dll
0x000007fefdd20000 - 0x000007fefdd28000 	C:\Windows\system32\NSI.dll
0x000007fef8d20000 - 0x000007fef8d53000 	C:\Program Files\MATLAB\R2013b\bin\win64\tbb.dll
0x000007fefd5a0000 - 0x000007fefd5b9000 	C:\Windows\system32\imagehlp.dll
0x000007fefb360000 - 0x000007fefb38c000 	C:\Windows\system32\POWRPROF.dll
0x000007feff270000 - 0x000007feff447000 	C:\Windows\system32\SETUPAPI.dll
0x000007fefd210000 - 0x000007fefd246000 	C:\Windows\system32\CFGMGR32.dll
0x000007fefef00000 - 0x000007fefefd7000 	C:\Windows\system32\OLEAUT32.dll
0x000007fefeb40000 - 0x000007fefed43000 	C:\Windows\system32\ole32.dll
0x000007fefd390000 - 0x000007fefd3aa000 	C:\Windows\system32\DEVOBJ.dll
0x00000000046e0000 - 0x00000000047db000 	C:\Program Files\MATLAB\R2013b\bin\win64\libmx.dll
0x000007fef9750000 - 0x000007fef9778000 	C:\Program Files\MATLAB\R2013b\bin\win64\tbbmalloc.dll
0x000000006d430000 - 0x000000006d447000 	C:\Program Files\MATLAB\R2013b\bin\win64\zlib1.dll
0x000000006ef00000 - 0x000000006ef4e000 	C:\Program Files\MATLAB\R2013b\bin\win64\libmwregexp.dll
0x000000006eeb0000 - 0x000000006eef7000 	C:\Program Files\MATLAB\R2013b\bin\win64\mpath.dll
0x00000000047e0000 - 0x0000000004e08000 	C:\Program Files\MATLAB\R2013b\bin\win64\mlutil.dll
0x000000006e870000 - 0x000000006e8e7000 	C:\Program Files\MATLAB\R2013b\bin\win64\xmlcore.dll
0x0000000050a20000 - 0x0000000050c61000 	C:\Program Files\MATLAB\R2013b\bin\win64\xerces-c_2_7.dll
0x000000006e5f0000 - 0x000000006e613000 	C:\Program Files\MATLAB\R2013b\bin\win64\libmwMATLAB_settings_res.dll
0x0000000074b80000 - 0x0000000074b90000 	C:\Program Files\MATLAB\R2013b\bin\win64\boost_iostreams-vc100-mt-1_49.dll
0x0000000058c90000 - 0x0000000058cd6000 	C:\Program Files\MATLAB\R2013b\bin\win64\boost_serialization-vc100-mt-1_49.dll
0x000007fefdd30000 - 0x000007fefeabb000 	C:\Windows\system32\SHELL32.dll
0x000007feff460000 - 0x000007feff4d1000 	C:\Windows\system32\SHLWAPI.dll
0x000000006e580000 - 0x000000006e586000 	C:\Program Files\MATLAB\R2013b\bin\win64\libmwnativedisplay.dll
0x00000000685f0000 - 0x000000006863d000 	C:\Program Files\MATLAB\R2013b\bin\win64\opccore.dll
0x00000000684f0000 - 0x00000000685c6000 	C:\Program Files\MATLAB\R2013b\bin\win64\opcmodel.dll
0x00000000684c0000 - 0x00000000684ed000 	C:\Program Files\MATLAB\R2013b\bin\win64\opczippackage.dll
0x000000006f720000 - 0x000000006f72e000 	C:\Program Files\MATLAB\R2013b\bin\win64\libminizip.dll
0x0000000068340000 - 0x00000000683a6000 	C:\Program Files\MATLAB\R2013b\bin\win64\opcmwservices.dll
0x000007fefa3e0000 - 0x000007fefa480000 	C:\Windows\WinSxS\amd64_microsoft.windows.common-controls_6595b64144ccf1df_5.82.7601.18837_none_a4d981ff711297b6\COMCTL32.dll
0x000007fefdb00000 - 0x000007fefdb97000 	C:\Windows\system32\COMDLG32.dll
0x000007fefb080000 - 0x000007fefb096000 	C:\Windows\system32\NETAPI32.dll
0x000007fefc610000 - 0x000007fefc61c000 	C:\Windows\system32\netutils.dll
0x000007fefcbf0000 - 0x000007fefcc13000 	C:\Windows\system32\srvcli.dll
0x000007fefb060000 - 0x000007fefb075000 	C:\Windows\system32\wkscli.dll
0x000000006e4d0000 - 0x000000006e57d000 	C:\Program Files\MATLAB\R2013b\bin\win64\mcr.dll
0x000000006e110000 - 0x000000006e4d0000 	C:\Program Files\MATLAB\R2013b\bin\win64\iqm.dll
0x0000000180000000 - 0x00000001800c2000 	C:\Program Files\MATLAB\R2013b\bin\win64\m_dispatcher.dll
0x0000000004e10000 - 0x000000000560b000 	C:\Program Files\MATLAB\R2013b\bin\win64\m_interpreter.dll
0x000000006d760000 - 0x000000006d784000 	C:\Program Files\MATLAB\R2013b\bin\win64\libmex.dll
0x000000006d6e0000 - 0x000000006d75b000 	C:\Program Files\MATLAB\R2013b\bin\win64\profiler.dll
0x000000006d450000 - 0x000000006d5c8000 	C:\Program Files\MATLAB\R2013b\bin\win64\libmwmathutil.dll
0x0000000005610000 - 0x0000000005637000 	C:\Program Files\MATLAB\R2013b\bin\win64\libmwmathrng.dll
0x000000006d410000 - 0x000000006d420000 	C:\Program Files\MATLAB\R2013b\bin\win64\libmwmfl_rng.dll
0x0000000005640000 - 0x0000000005758000 	C:\Program Files\MATLAB\R2013b\bin\win64\libmwmathcore.dll
0x000000006d2b0000 - 0x000000006d313000 	C:\Program Files\MATLAB\R2013b\bin\win64\libmwspmatrix.dll
0x0000000005760000 - 0x00000000059c2000 	C:\Program Files\MATLAB\R2013b\bin\win64\mcos.dll
0x000000006cfc0000 - 0x000000006d01c000 	C:\Program Files\MATLAB\R2013b\bin\win64\libmwcholmod.dll
0x000000006cfb0000 - 0x000000006cfbc000 	C:\Program Files\MATLAB\R2013b\bin\win64\libmwamd.dll
0x000000006cfa0000 - 0x000000006cfab000 	C:\Program Files\MATLAB\R2013b\bin\win64\libmwcolamd.dll
0x000000006cf80000 - 0x000000006cf93000 	C:\Program Files\MATLAB\R2013b\bin\win64\libmwblas.dll
0x000000006cf60000 - 0x000000006cf75000 	C:\Program Files\MATLAB\R2013b\bin\win64\libmwbinder.dll
0x000000006cf50000 - 0x000000006cf5b000 	C:\Program Files\MATLAB\R2013b\bin\win64\libmwompwrapper.dll
0x000000006ced0000 - 0x000000006cf4f000 	C:\Program Files\MATLAB\R2013b\bin\win64\libmwlapack.dll
0x000000006ceb0000 - 0x000000006ced0000 	C:\Program Files\MATLAB\R2013b\bin\win64\m_pcodeio.dll
0x000000006ce50000 - 0x000000006ceac000 	C:\Program Files\MATLAB\R2013b\bin\win64\m_ir.dll
0x00000000059d0000 - 0x0000000006085000 	C:\Program Files\MATLAB\R2013b\bin\win64\m_parser.dll
0x000000006c780000 - 0x000000006c797000 	C:\Program Files\MATLAB\R2013b\bin\win64\ir_xfmr.dll
0x000000006c770000 - 0x000000006c780000 	C:\Program Files\MATLAB\R2013b\bin\win64\mtok.dll
0x000000006c740000 - 0x000000006c768000 	C:\Program Files\MATLAB\R2013b\bin\win64\m_pcodegen.dll
0x000007fefa700000 - 0x000007fefa825000 	C:\Windows\system32\dbghelp.dll
0x000000006c710000 - 0x000000006c73f000 	C:\Program Files\MATLAB\R2013b\bin\win64\libmwbridge.dll
0x000000006c650000 - 0x000000006c706000 	C:\Program Files\MATLAB\R2013b\bin\win64\udd.dll
0x0000000006090000 - 0x00000000061e1000 	C:\Program Files\MATLAB\R2013b\bin\win64\libmwgui.dll
0x000000006c4d0000 - 0x000000006c4f8000 	C:\Program Files\MATLAB\R2013b\bin\win64\graphics_util.dll
0x0000000053c10000 - 0x0000000053cc8000 	C:\Program Files\MATLAB\R2013b\bin\win64\libtex_base.dll
0x000000006bac0000 - 0x000000006c426000 	C:\Program Files\MATLAB\R2013b\bin\win64\hg.dll
0x000000006ba60000 - 0x000000006babd000 	C:\Program Files\MATLAB\R2013b\bin\win64\libmat.dll
0x000000006b850000 - 0x000000006ba58000 	C:\Program Files\MATLAB\R2013b\bin\win64\hdf5dll.dll
0x000000006b780000 - 0x000000006b848000 	C:\Program Files\MATLAB\R2013b\bin\win64\jmi.dll
0x000000006b770000 - 0x000000006b77e000 	C:\Program Files\MATLAB\R2013b\bin\win64\nativejava_services.dll
0x0000000006200000 - 0x0000000006242000 	C:\Program Files\MATLAB\R2013b\bin\win64\libmwhardcopy.dll
0x000000006b6d0000 - 0x000000006b72e000 	C:\Program Files\MATLAB\R2013b\bin\win64\libuij.dll
0x000000006b490000 - 0x000000006b695000 	C:\Program Files\MATLAB\R2013b\bin\win64\hgdatatypes.dll
0x0000000006250000 - 0x0000000006362000 	C:\Program Files\MATLAB\R2013b\bin\win64\hgutils.dll
0x000000006b2f0000 - 0x000000006b39e000 	C:\Program Files\MATLAB\R2013b\bin\win64\udd_mi.dll
0x000000006b2b0000 - 0x000000006b2e6000 	C:\Program Files\MATLAB\R2013b\bin\win64\libmwgbtutils.dll
0x000000006b290000 - 0x000000006b2a3000 	C:\Program Files\MATLAB\R2013b\bin\win64\libmwgbt.dll
0x000000006afc0000 - 0x000000006b28f000 	C:\Program Files\MATLAB\R2013b\bin\win64\uiw.dll
0x000000006afb0000 - 0x000000006afb9000 	C:\Program Files\MATLAB\R2013b\bin\win64\uinone.dll
0x000000006af80000 - 0x000000006afac000 	C:\Program Files\MATLAB\R2013b\bin\win64\libmwnativedialogs.dll
0x000000006af70000 - 0x000000006af7c000 	C:\Program Files\MATLAB\R2013b\bin\win64\libmwplatform_res.dll
0x000007fefa8f0000 - 0x000007fefa908000 	C:\Windows\system32\MPR.dll
0x00000000504c0000 - 0x0000000050a1d000 	C:\Program Files\MATLAB\R2013b\bin\win64\mfc100.dll
0x000007fefac20000 - 0x000007fefac27000 	C:\Windows\system32\MSIMG32.dll
0x000007fef7820000 - 0x000007fef7891000 	C:\Windows\system32\WINSPOOL.DRV
0x000000006af50000 - 0x000000006af6d000 	C:\Program Files\MATLAB\R2013b\bin\win64\mwoles05.DLL
0x000000006aee0000 - 0x000000006af4c000 	C:\Program Files\MATLAB\R2013b\bin\win64\comcli.dll
0x0000000006380000 - 0x00000000063ab000 	C:\Program Files\MATLAB\R2013b\bin\win64\ATL100.DLL
0x000000006aed0000 - 0x000000006aedc000 	C:\Program Files\MATLAB\R2013b\bin\win64\mlautoregister.dll
0x00000000063b0000 - 0x000000000651f000 	C:\Program Files\MATLAB\R2013b\bin\win64\mvm.dll
0x000007fefda30000 - 0x000007fefda5e000 	C:\Windows\system32\IMM32.DLL
0x000007fefdba0000 - 0x000007fefdca9000 	C:\Windows\system32\MSCTF.dll
0x0000000074f30000 - 0x0000000074f68000 	C:\PROGRA~2\Sophos\SOPHOS~1\SOPHOS~2.DLL
0x000007fefbb40000 - 0x000007fefbb96000 	C:\Windows\system32\UxTheme.dll

VM Arguments:
jvm_args: -XX:PermSize=32m -Xms64m -XX:NewRatio=3 -XX:MaxPermSize=128m -Xmx384m -XX:MaxDirectMemorySize=2147400000 -Dsun.java2d.noddraw=true -Dsun.awt.nopixfmt=true -Xshare:off -Xrs -XX:-UseSplitVerifier -Djava.library.path=C:\Program Files\MATLAB\R2013b\bin\win64;C:\Program Files\MATLAB\R2013b\sys\jxbrowser\win64\lib vfprintf abort -Duser.language=en -Duser.country=NZ 
java_command: <unknown>
Launcher Type: generic

Environment Variables:
PATH=C:\Windows\system32;C:\Windows;C:\Windows\System32\Wbem;C:\Windows\System32\WindowsPowerShell\v1.0\;C:\Program Files (x86)\Microsoft Application Virtualization Client;C:\Program Files\MATLAB\R2013b\bin;C:\Program Files\TortoiseSVN\bin;C:\Program Files\VisualSVN Server\bin;C:\Program Files (x86)\QuickTime\QTSystem\;C:\Windows\system32;C:\Windows;C:\Windows\System32\Wbem;C:\Windows\System32\WindowsPowerShell\v1.0\;C:\Program Files (x86)\Microsoft Application Virtualization Client;C:\Program Files\MATLAB\R2013b\bin;C:\Program Files\TortoiseSVN\bin;C:\Program Files\VisualSVN Server\bin;C:\Program Files (x86)\QuickTime\QTSystem\;C:\Users\agk29\Documents\New folder\miktex\bin\;\\file\UsersA$\agk29\Home\My Documents\MikTex\miktex\bin\;C:\Users\agk29\MikTex\miktex\bin\
USERNAME=agk29
OS=Windows_NT
PROCESSOR_IDENTIFIER=Intel64 Family 6 Model 42 Stepping 7, GenuineIntel



---------------  S Y S T E M  ---------------

OS: Windows 7 , 64 bit Build 7601 Service Pack 1

CPU:total 4 (4 cores per cpu, 2 threads per core) family 6 model 42 stepping 7, cmov, cx8, fxsr, mmx, sse, sse2, sse3, ssse3, sse4.1, sse4.2, popcnt, avx, ht, tsc, tscinvbit

Memory: 4k page, physical 16734276k(12370868k free), swap 33466692k(28797384k free)

vm_info: Java HotSpot(TM) 64-Bit Server VM (23.6-b04) for windows-amd64 JRE (1.7.0_11-b21), built on Jan 12 2013 02:38:42 by "java_re" with unknown MS VC++:1600

time: Thu Jul 02 14:01:25 2015
elapsed time: 272798 seconds

