\BOOKMARK [1][-]{section.1}{Release notes}{}% 1
\BOOKMARK [2][-]{subsection.1.1}{Changes to the previous version}{section.1}% 2
\BOOKMARK [3][-]{subsubsection.1.1.1}{Astrocytic Calcium}{subsection.1.1}% 3
\BOOKMARK [3][-]{subsubsection.1.1.2}{TRPV4 channel}{subsection.1.1}% 4
\BOOKMARK [3][-]{subsubsection.1.1.3}{Nitric Oxide}{subsection.1.1}% 5
\BOOKMARK [1][-]{section.2}{Code Structure}{}% 6
\BOOKMARK [1][-]{section.3}{Introduction}{}% 7
\BOOKMARK [2][-]{subsection.3.1}{Neurovascular Unit}{section.3}% 8
\BOOKMARK [2][-]{subsection.3.2}{Neurovascular Coupling}{section.3}% 9
\BOOKMARK [2][-]{subsection.3.3}{Mathematical Approach}{section.3}% 10
\BOOKMARK [1][-]{section.4}{Existing Models}{}% 11
\BOOKMARK [2][-]{subsection.4.1}{The Astrocyte Model}{section.4}% 12
\BOOKMARK [3][-]{subsubsection.4.1.1}{Input Signal}{subsection.4.1}% 13
\BOOKMARK [3][-]{subsubsection.4.1.2}{Scaling}{subsection.4.1}% 14
\BOOKMARK [2][-]{subsection.4.2}{SMC and EC Model}{section.4}% 15
\BOOKMARK [2][-]{subsection.4.3}{Contraction and Mechanical Model}{section.4}% 16
\BOOKMARK [3][-]{subsubsection.4.3.1}{Contraction Model}{subsection.4.3}% 17
\BOOKMARK [3][-]{subsubsection.4.3.2}{Mechanical Model}{subsection.4.3}% 18
\BOOKMARK [2][-]{subsection.4.4}{Merging of All Models}{section.4}% 19
\BOOKMARK [1][-]{section.5}{Equations}{}% 20
\BOOKMARK [2][-]{subsection.5.1}{The Neuron and Astrocyte Model}{section.5}% 21
\BOOKMARK [2][-]{subsection.5.2}{The Smooth Muscle Cell and Endothelial Cell Model}{section.5}% 22
\BOOKMARK [2][-]{subsection.5.3}{The Contraction Model}{section.5}% 23
\BOOKMARK [2][-]{subsection.5.4}{The Mechanical Model}{section.5}% 24
