This is pdfTeX, Version 3.1415926-2.5-1.40.14 (TeX Live 2013/Debian) (format=pdflatex 2016.6.9)  18 OCT 2016 13:27
entering extended mode
 restricted \write18 enabled.
 %&-line parsing enabled.
**NVUDocumentation.tex
(./NVUDocumentation.tex
LaTeX2e <2011/06/27>
Babel <3.9h> and hyphenation patterns for 78 languages loaded.
(/usr/share/texlive/texmf-dist/tex/latex/base/article.cls
Document Class: article 2007/10/19 v1.4h Standard LaTeX document class
(/usr/share/texlive/texmf-dist/tex/latex/base/size12.clo
File: size12.clo 2007/10/19 v1.4h Standard LaTeX file (size option)
)
\c@part=\count79
\c@section=\count80
\c@subsection=\count81
\c@subsubsection=\count82
\c@paragraph=\count83
\c@subparagraph=\count84
\c@figure=\count85
\c@table=\count86
\abovecaptionskip=\skip41
\belowcaptionskip=\skip42
\bibindent=\dimen102
)
(/usr/share/texlive/texmf-dist/tex/latex/amsmath/amsmath.sty
Package: amsmath 2013/01/14 v2.14 AMS math features
\@mathmargin=\skip43

For additional information on amsmath, use the `?' option.
(/usr/share/texlive/texmf-dist/tex/latex/amsmath/amstext.sty
Package: amstext 2000/06/29 v2.01

(/usr/share/texlive/texmf-dist/tex/latex/amsmath/amsgen.sty
File: amsgen.sty 1999/11/30 v2.0
\@emptytoks=\toks14
\ex@=\dimen103
))
(/usr/share/texlive/texmf-dist/tex/latex/amsmath/amsbsy.sty
Package: amsbsy 1999/11/29 v1.2d
\pmbraise@=\dimen104
)
(/usr/share/texlive/texmf-dist/tex/latex/amsmath/amsopn.sty
Package: amsopn 1999/12/14 v2.01 operator names
)
\inf@bad=\count87
LaTeX Info: Redefining \frac on input line 210.
\uproot@=\count88
\leftroot@=\count89
LaTeX Info: Redefining \overline on input line 306.
\classnum@=\count90
\DOTSCASE@=\count91
LaTeX Info: Redefining \ldots on input line 378.
LaTeX Info: Redefining \dots on input line 381.
LaTeX Info: Redefining \cdots on input line 466.
\Mathstrutbox@=\box26
\strutbox@=\box27
\big@size=\dimen105
LaTeX Font Info:    Redeclaring font encoding OML on input line 566.
LaTeX Font Info:    Redeclaring font encoding OMS on input line 567.
\macc@depth=\count92
\c@MaxMatrixCols=\count93
\dotsspace@=\muskip10
\c@parentequation=\count94
\dspbrk@lvl=\count95
\tag@help=\toks15
\row@=\count96
\column@=\count97
\maxfields@=\count98
\andhelp@=\toks16
\eqnshift@=\dimen106
\alignsep@=\dimen107
\tagshift@=\dimen108
\tagwidth@=\dimen109
\totwidth@=\dimen110
\lineht@=\dimen111
\@envbody=\toks17
\multlinegap=\skip44
\multlinetaggap=\skip45
\mathdisplay@stack=\toks18
LaTeX Info: Redefining \[ on input line 2665.
LaTeX Info: Redefining \] on input line 2666.
)
(/usr/share/texmf/tex/latex/xcolor/xcolor.sty
Package: xcolor 2007/01/21 v2.11 LaTeX color extensions (UK)

(/usr/share/texlive/texmf-dist/tex/latex/latexconfig/color.cfg
File: color.cfg 2007/01/18 v1.5 color configuration of teTeX/TeXLive
)
Package xcolor Info: Driver file: pdftex.def on input line 225.

(/usr/share/texlive/texmf-dist/tex/latex/pdftex-def/pdftex.def
File: pdftex.def 2011/05/27 v0.06d Graphics/color for pdfTeX

(/usr/share/texlive/texmf-dist/tex/generic/oberdiek/infwarerr.sty
Package: infwarerr 2010/04/08 v1.3 Providing info/warning/error messages (HO)
)
(/usr/share/texlive/texmf-dist/tex/generic/oberdiek/ltxcmds.sty
Package: ltxcmds 2011/11/09 v1.22 LaTeX kernel commands for general use (HO)
)
\Gread@gobject=\count99
)
Package xcolor Info: Model `cmy' substituted by `cmy0' on input line 1337.
Package xcolor Info: Model `hsb' substituted by `rgb' on input line 1341.
Package xcolor Info: Model `RGB' extended on input line 1353.
Package xcolor Info: Model `HTML' substituted by `rgb' on input line 1355.
Package xcolor Info: Model `Hsb' substituted by `hsb' on input line 1356.
Package xcolor Info: Model `tHsb' substituted by `hsb' on input line 1357.
Package xcolor Info: Model `HSB' substituted by `hsb' on input line 1358.
Package xcolor Info: Model `Gray' substituted by `gray' on input line 1359.
Package xcolor Info: Model `wave' substituted by `hsb' on input line 1360.
)
(/usr/share/texlive/texmf-dist/tex/latex/todonotes/todonotes.sty
Package: todonotes 2012/07/25 .dtx Todonotes source and documentation.
Package: todonotes 2012/07/25

(/usr/share/texlive/texmf-dist/tex/latex/base/ifthen.sty
Package: ifthen 2001/05/26 v1.1c Standard LaTeX ifthen package (DPC)
)
(/usr/share/texlive/texmf-dist/tex/latex/xkeyval/xkeyval.sty
Package: xkeyval 2012/10/14 v2.6b package option processing (HA)

(/usr/share/texlive/texmf-dist/tex/generic/xkeyval/xkeyval.tex
\XKV@toks=\toks19
\XKV@tempa@toks=\toks20
\XKV@depth=\count100
File: xkeyval.tex 2012/10/14 v2.6b key=value parser (HA)

(/usr/share/texlive/texmf-dist/tex/generic/xkeyval/keyval.tex)))
(/usr/share/texmf/tex/latex/pgf/frontendlayer/tikz.sty
(/usr/share/texmf/tex/latex/pgf/basiclayer/pgf.sty
(/usr/share/texmf/tex/latex/pgf/utilities/pgfrcs.sty
(/usr/share/texmf/tex/generic/pgf/utilities/pgfutil-common.tex
\pgfutil@everybye=\toks21
)
(/usr/share/texmf/tex/generic/pgf/utilities/pgfutil-latex.def
\pgfutil@abb=\box28

(/usr/share/texlive/texmf-dist/tex/latex/ms/everyshi.sty
Package: everyshi 2001/05/15 v3.00 EveryShipout Package (MS)
))
(/usr/share/texmf/tex/generic/pgf/utilities/pgfrcs.code.tex
Package: pgfrcs 2010/10/25 v2.10 (rcs-revision 1.24)
))
Package: pgf 2008/01/15 v2.10 (rcs-revision 1.12)

(/usr/share/texmf/tex/latex/pgf/basiclayer/pgfcore.sty
(/usr/share/texlive/texmf-dist/tex/latex/graphics/graphicx.sty
Package: graphicx 1999/02/16 v1.0f Enhanced LaTeX Graphics (DPC,SPQR)

(/usr/share/texlive/texmf-dist/tex/latex/graphics/graphics.sty
Package: graphics 2009/02/05 v1.0o Standard LaTeX Graphics (DPC,SPQR)

(/usr/share/texlive/texmf-dist/tex/latex/graphics/trig.sty
Package: trig 1999/03/16 v1.09 sin cos tan (DPC)
)
(/usr/share/texlive/texmf-dist/tex/latex/latexconfig/graphics.cfg
File: graphics.cfg 2010/04/23 v1.9 graphics configuration of TeX Live
)
Package graphics Info: Driver file: pdftex.def on input line 91.
)
\Gin@req@height=\dimen112
\Gin@req@width=\dimen113
)
(/usr/share/texmf/tex/latex/pgf/systemlayer/pgfsys.sty
(/usr/share/texmf/tex/generic/pgf/systemlayer/pgfsys.code.tex
Package: pgfsys 2010/06/30 v2.10 (rcs-revision 1.37)

(/usr/share/texmf/tex/generic/pgf/utilities/pgfkeys.code.tex
\pgfkeys@pathtoks=\toks22
\pgfkeys@temptoks=\toks23

(/usr/share/texmf/tex/generic/pgf/utilities/pgfkeysfiltered.code.tex
\pgfkeys@tmptoks=\toks24
))
\pgf@x=\dimen114
\pgf@y=\dimen115
\pgf@xa=\dimen116
\pgf@ya=\dimen117
\pgf@xb=\dimen118
\pgf@yb=\dimen119
\pgf@xc=\dimen120
\pgf@yc=\dimen121
\w@pgf@writea=\write3
\r@pgf@reada=\read1
\c@pgf@counta=\count101
\c@pgf@countb=\count102
\c@pgf@countc=\count103
\c@pgf@countd=\count104

(/usr/share/texmf/tex/generic/pgf/systemlayer/pgf.cfg
File: pgf.cfg 2008/05/14  (rcs-revision 1.7)
)
Package pgfsys Info: Driver file for pgf: pgfsys-pdftex.def on input line 900.

(/usr/share/texmf/tex/generic/pgf/systemlayer/pgfsys-pdftex.def
File: pgfsys-pdftex.def 2009/05/22  (rcs-revision 1.26)

(/usr/share/texmf/tex/generic/pgf/systemlayer/pgfsys-common-pdf.def
File: pgfsys-common-pdf.def 2008/05/19  (rcs-revision 1.10)
)))
(/usr/share/texmf/tex/generic/pgf/systemlayer/pgfsyssoftpath.code.tex
File: pgfsyssoftpath.code.tex 2008/07/18  (rcs-revision 1.7)
\pgfsyssoftpath@smallbuffer@items=\count105
\pgfsyssoftpath@bigbuffer@items=\count106
)
(/usr/share/texmf/tex/generic/pgf/systemlayer/pgfsysprotocol.code.tex
File: pgfsysprotocol.code.tex 2006/10/16  (rcs-revision 1.4)
))
(/usr/share/texmf/tex/generic/pgf/basiclayer/pgfcore.code.tex
Package: pgfcore 2010/04/11 v2.10 (rcs-revision 1.7)

(/usr/share/texmf/tex/generic/pgf/math/pgfmath.code.tex
(/usr/share/texmf/tex/generic/pgf/math/pgfmathcalc.code.tex
(/usr/share/texmf/tex/generic/pgf/math/pgfmathutil.code.tex)
(/usr/share/texmf/tex/generic/pgf/math/pgfmathparser.code.tex
\pgfmath@dimen=\dimen122
\pgfmath@count=\count107
\pgfmath@box=\box29
\pgfmath@toks=\toks25
\pgfmath@stack@operand=\toks26
\pgfmath@stack@operation=\toks27
)
(/usr/share/texmf/tex/generic/pgf/math/pgfmathfunctions.code.tex
(/usr/share/texmf/tex/generic/pgf/math/pgfmathfunctions.basic.code.tex)
(/usr/share/texmf/tex/generic/pgf/math/pgfmathfunctions.trigonometric.code.tex)
(/usr/share/texmf/tex/generic/pgf/math/pgfmathfunctions.random.code.tex)
(/usr/share/texmf/tex/generic/pgf/math/pgfmathfunctions.comparison.code.tex)
(/usr/share/texmf/tex/generic/pgf/math/pgfmathfunctions.base.code.tex)
(/usr/share/texmf/tex/generic/pgf/math/pgfmathfunctions.round.code.tex)
(/usr/share/texmf/tex/generic/pgf/math/pgfmathfunctions.misc.code.tex)))
(/usr/share/texmf/tex/generic/pgf/math/pgfmathfloat.code.tex
\c@pgfmathroundto@lastzeros=\count108
))
(/usr/share/texmf/tex/generic/pgf/basiclayer/pgfcorepoints.code.tex
File: pgfcorepoints.code.tex 2010/04/09  (rcs-revision 1.20)
\pgf@picminx=\dimen123
\pgf@picmaxx=\dimen124
\pgf@picminy=\dimen125
\pgf@picmaxy=\dimen126
\pgf@pathminx=\dimen127
\pgf@pathmaxx=\dimen128
\pgf@pathminy=\dimen129
\pgf@pathmaxy=\dimen130
\pgf@xx=\dimen131
\pgf@xy=\dimen132
\pgf@yx=\dimen133
\pgf@yy=\dimen134
\pgf@zx=\dimen135
\pgf@zy=\dimen136
)
(/usr/share/texmf/tex/generic/pgf/basiclayer/pgfcorepathconstruct.code.tex
File: pgfcorepathconstruct.code.tex 2010/08/03  (rcs-revision 1.24)
\pgf@path@lastx=\dimen137
\pgf@path@lasty=\dimen138
)
(/usr/share/texmf/tex/generic/pgf/basiclayer/pgfcorepathusage.code.tex
File: pgfcorepathusage.code.tex 2008/04/22  (rcs-revision 1.12)
\pgf@shorten@end@additional=\dimen139
\pgf@shorten@start@additional=\dimen140
)
(/usr/share/texmf/tex/generic/pgf/basiclayer/pgfcorescopes.code.tex
File: pgfcorescopes.code.tex 2010/09/08  (rcs-revision 1.34)
\pgfpic=\box30
\pgf@hbox=\box31
\pgf@layerbox@main=\box32
\pgf@picture@serial@count=\count109
)
(/usr/share/texmf/tex/generic/pgf/basiclayer/pgfcoregraphicstate.code.tex
File: pgfcoregraphicstate.code.tex 2008/04/22  (rcs-revision 1.9)
\pgflinewidth=\dimen141
)
(/usr/share/texmf/tex/generic/pgf/basiclayer/pgfcoretransformations.code.tex
File: pgfcoretransformations.code.tex 2009/06/10  (rcs-revision 1.11)
\pgf@pt@x=\dimen142
\pgf@pt@y=\dimen143
\pgf@pt@temp=\dimen144
)
(/usr/share/texmf/tex/generic/pgf/basiclayer/pgfcorequick.code.tex
File: pgfcorequick.code.tex 2008/10/09  (rcs-revision 1.3)
)
(/usr/share/texmf/tex/generic/pgf/basiclayer/pgfcoreobjects.code.tex
File: pgfcoreobjects.code.tex 2006/10/11  (rcs-revision 1.2)
)
(/usr/share/texmf/tex/generic/pgf/basiclayer/pgfcorepathprocessing.code.tex
File: pgfcorepathprocessing.code.tex 2008/10/09  (rcs-revision 1.8)
)
(/usr/share/texmf/tex/generic/pgf/basiclayer/pgfcorearrows.code.tex
File: pgfcorearrows.code.tex 2008/04/23  (rcs-revision 1.11)
)
(/usr/share/texmf/tex/generic/pgf/basiclayer/pgfcoreshade.code.tex
File: pgfcoreshade.code.tex 2008/11/23  (rcs-revision 1.13)
\pgf@max=\dimen145
\pgf@sys@shading@range@num=\count110
)
(/usr/share/texmf/tex/generic/pgf/basiclayer/pgfcoreimage.code.tex
File: pgfcoreimage.code.tex 2010/03/25  (rcs-revision 1.16)

(/usr/share/texmf/tex/generic/pgf/basiclayer/pgfcoreexternal.code.tex
File: pgfcoreexternal.code.tex 2010/09/01  (rcs-revision 1.17)
\pgfexternal@startupbox=\box33
))
(/usr/share/texmf/tex/generic/pgf/basiclayer/pgfcorelayers.code.tex
File: pgfcorelayers.code.tex 2010/08/27  (rcs-revision 1.2)
)
(/usr/share/texmf/tex/generic/pgf/basiclayer/pgfcoretransparency.code.tex
File: pgfcoretransparency.code.tex 2008/01/17  (rcs-revision 1.2)
)
(/usr/share/texmf/tex/generic/pgf/basiclayer/pgfcorepatterns.code.tex
File: pgfcorepatterns.code.tex 2009/07/02  (rcs-revision 1.3)
)))
(/usr/share/texmf/tex/generic/pgf/modules/pgfmoduleshapes.code.tex
File: pgfmoduleshapes.code.tex 2010/09/09  (rcs-revision 1.13)
\pgfnodeparttextbox=\box34
)
(/usr/share/texmf/tex/generic/pgf/modules/pgfmoduleplot.code.tex
File: pgfmoduleplot.code.tex 2010/10/22  (rcs-revision 1.8)
)
(/usr/share/texmf/tex/latex/pgf/compatibility/pgfcomp-version-0-65.sty
Package: pgfcomp-version-0-65 2007/07/03 v2.10 (rcs-revision 1.7)
\pgf@nodesepstart=\dimen146
\pgf@nodesepend=\dimen147
)
(/usr/share/texmf/tex/latex/pgf/compatibility/pgfcomp-version-1-18.sty
Package: pgfcomp-version-1-18 2007/07/23 v2.10 (rcs-revision 1.1)
))
(/usr/share/texmf/tex/latex/pgf/utilities/pgffor.sty
(/usr/share/texmf/tex/latex/pgf/utilities/pgfkeys.sty
(/usr/share/texmf/tex/generic/pgf/utilities/pgfkeys.code.tex))
(/usr/share/texmf/tex/generic/pgf/utilities/pgffor.code.tex
Package: pgffor 2010/03/23 v2.10 (rcs-revision 1.18)
\pgffor@iter=\dimen148
\pgffor@skip=\dimen149
\pgffor@stack=\toks28
\pgffor@toks=\toks29
))
(/usr/share/texmf/tex/generic/pgf/frontendlayer/tikz/tikz.code.tex
Package: tikz 2010/10/13 v2.10 (rcs-revision 1.76)

(/usr/share/texmf/tex/generic/pgf/libraries/pgflibraryplothandlers.code.tex
File: pgflibraryplothandlers.code.tex 2010/05/31 v2.10 (rcs-revision 1.15)
\pgf@plot@mark@count=\count111
\pgfplotmarksize=\dimen150
)
\tikz@lastx=\dimen151
\tikz@lasty=\dimen152
\tikz@lastxsaved=\dimen153
\tikz@lastysaved=\dimen154
\tikzleveldistance=\dimen155
\tikzsiblingdistance=\dimen156
\tikz@figbox=\box35
\tikz@tempbox=\box36
\tikztreelevel=\count112
\tikznumberofchildren=\count113
\tikznumberofcurrentchild=\count114
\tikz@fig@count=\count115

(/usr/share/texmf/tex/generic/pgf/modules/pgfmodulematrix.code.tex
File: pgfmodulematrix.code.tex 2010/08/24  (rcs-revision 1.4)
\pgfmatrixcurrentrow=\count116
\pgfmatrixcurrentcolumn=\count117
\pgf@matrix@numberofcolumns=\count118
)
\tikz@expandcount=\count119

(/usr/share/texmf/tex/generic/pgf/frontendlayer/tikz/libraries/tikzlibrarytopat
hs.code.tex
File: tikzlibrarytopaths.code.tex 2008/06/17 v2.10 (rcs-revision 1.2)
)))
(/usr/share/texmf/tex/generic/pgf/frontendlayer/tikz/libraries/tikzlibraryposit
ioning.code.tex
File: tikzlibrarypositioning.code.tex 2008/10/06 v2.10 (rcs-revision 1.7)
) (/usr/share/texlive/texmf-dist/tex/latex/tools/calc.sty
Package: calc 2007/08/22 v4.3 Infix arithmetic (KKT,FJ)
\calc@Acount=\count120
\calc@Bcount=\count121
\calc@Adimen=\dimen157
\calc@Bdimen=\dimen158
\calc@Askip=\skip46
\calc@Bskip=\skip47
LaTeX Info: Redefining \setlength on input line 76.
LaTeX Info: Redefining \addtolength on input line 77.
\calc@Ccount=\count122
\calc@Cskip=\skip48
)
\c@@todonotes@numberoftodonotes=\count123
)
(/usr/share/texlive/texmf-dist/tex/latex/marvosym/marvosym.sty
Package: marvosym 2011/07/20 v2.2 Martin Vogel's Symbols font definitions
)
(/usr/share/texlive/texmf-dist/tex/latex/import/import.sty
Package: import 2009/03/23  v 5.1
)
(/usr/share/texlive/texmf-dist/tex/latex/preprint/fullpage.sty
Package: fullpage 1999/02/23 1.1 (PWD)
\FP@margin=\skip49
)
(/usr/share/texlive/texmf-dist/tex/latex/base/textcomp.sty
Package: textcomp 2005/09/27 v1.99g Standard LaTeX package
Package textcomp Info: Sub-encoding information:
(textcomp)               5 = only ISO-Adobe without \textcurrency
(textcomp)               4 = 5 + \texteuro
(textcomp)               3 = 4 + \textohm
(textcomp)               2 = 3 + \textestimated + \textcurrency
(textcomp)               1 = TS1 - \textcircled - \t
(textcomp)               0 = TS1 (full)
(textcomp)             Font families with sub-encoding setting implement
(textcomp)             only a restricted character set as indicated.
(textcomp)             Family '?' is the default used for unknown fonts.
(textcomp)             See the documentation for details.
Package textcomp Info: Setting ? sub-encoding to TS1/1 on input line 71.

(/usr/share/texlive/texmf-dist/tex/latex/base/ts1enc.def
File: ts1enc.def 2001/06/05 v3.0e (jk/car/fm) Standard LaTeX file
)
LaTeX Info: Redefining \oldstylenums on input line 266.
Package textcomp Info: Setting cmr sub-encoding to TS1/0 on input line 281.
Package textcomp Info: Setting cmss sub-encoding to TS1/0 on input line 282.
Package textcomp Info: Setting cmtt sub-encoding to TS1/0 on input line 283.
Package textcomp Info: Setting cmvtt sub-encoding to TS1/0 on input line 284.
Package textcomp Info: Setting cmbr sub-encoding to TS1/0 on input line 285.
Package textcomp Info: Setting cmtl sub-encoding to TS1/0 on input line 286.
Package textcomp Info: Setting ccr sub-encoding to TS1/0 on input line 287.
Package textcomp Info: Setting ptm sub-encoding to TS1/4 on input line 288.
Package textcomp Info: Setting pcr sub-encoding to TS1/4 on input line 289.
Package textcomp Info: Setting phv sub-encoding to TS1/4 on input line 290.
Package textcomp Info: Setting ppl sub-encoding to TS1/3 on input line 291.
Package textcomp Info: Setting pag sub-encoding to TS1/4 on input line 292.
Package textcomp Info: Setting pbk sub-encoding to TS1/4 on input line 293.
Package textcomp Info: Setting pnc sub-encoding to TS1/4 on input line 294.
Package textcomp Info: Setting pzc sub-encoding to TS1/4 on input line 295.
Package textcomp Info: Setting bch sub-encoding to TS1/4 on input line 296.
Package textcomp Info: Setting put sub-encoding to TS1/5 on input line 297.
Package textcomp Info: Setting uag sub-encoding to TS1/5 on input line 298.
Package textcomp Info: Setting ugq sub-encoding to TS1/5 on input line 299.
Package textcomp Info: Setting ul8 sub-encoding to TS1/4 on input line 300.
Package textcomp Info: Setting ul9 sub-encoding to TS1/4 on input line 301.
Package textcomp Info: Setting augie sub-encoding to TS1/5 on input line 302.
Package textcomp Info: Setting dayrom sub-encoding to TS1/3 on input line 303.
Package textcomp Info: Setting dayroms sub-encoding to TS1/3 on input line 304.

Package textcomp Info: Setting pxr sub-encoding to TS1/0 on input line 305.
Package textcomp Info: Setting pxss sub-encoding to TS1/0 on input line 306.
Package textcomp Info: Setting pxtt sub-encoding to TS1/0 on input line 307.
Package textcomp Info: Setting txr sub-encoding to TS1/0 on input line 308.
Package textcomp Info: Setting txss sub-encoding to TS1/0 on input line 309.
Package textcomp Info: Setting txtt sub-encoding to TS1/0 on input line 310.
Package textcomp Info: Setting lmr sub-encoding to TS1/0 on input line 311.
Package textcomp Info: Setting lmdh sub-encoding to TS1/0 on input line 312.
Package textcomp Info: Setting lmss sub-encoding to TS1/0 on input line 313.
Package textcomp Info: Setting lmssq sub-encoding to TS1/0 on input line 314.
Package textcomp Info: Setting lmvtt sub-encoding to TS1/0 on input line 315.
Package textcomp Info: Setting qhv sub-encoding to TS1/0 on input line 316.
Package textcomp Info: Setting qag sub-encoding to TS1/0 on input line 317.
Package textcomp Info: Setting qbk sub-encoding to TS1/0 on input line 318.
Package textcomp Info: Setting qcr sub-encoding to TS1/0 on input line 319.
Package textcomp Info: Setting qcs sub-encoding to TS1/0 on input line 320.
Package textcomp Info: Setting qpl sub-encoding to TS1/0 on input line 321.
Package textcomp Info: Setting qtm sub-encoding to TS1/0 on input line 322.
Package textcomp Info: Setting qzc sub-encoding to TS1/0 on input line 323.
Package textcomp Info: Setting qhvc sub-encoding to TS1/0 on input line 324.
Package textcomp Info: Setting futs sub-encoding to TS1/4 on input line 325.
Package textcomp Info: Setting futx sub-encoding to TS1/4 on input line 326.
Package textcomp Info: Setting futj sub-encoding to TS1/4 on input line 327.
Package textcomp Info: Setting hlh sub-encoding to TS1/3 on input line 328.
Package textcomp Info: Setting hls sub-encoding to TS1/3 on input line 329.
Package textcomp Info: Setting hlst sub-encoding to TS1/3 on input line 330.
Package textcomp Info: Setting hlct sub-encoding to TS1/5 on input line 331.
Package textcomp Info: Setting hlx sub-encoding to TS1/5 on input line 332.
Package textcomp Info: Setting hlce sub-encoding to TS1/5 on input line 333.
Package textcomp Info: Setting hlcn sub-encoding to TS1/5 on input line 334.
Package textcomp Info: Setting hlcw sub-encoding to TS1/5 on input line 335.
Package textcomp Info: Setting hlcf sub-encoding to TS1/5 on input line 336.
Package textcomp Info: Setting pplx sub-encoding to TS1/3 on input line 337.
Package textcomp Info: Setting pplj sub-encoding to TS1/3 on input line 338.
Package textcomp Info: Setting ptmx sub-encoding to TS1/4 on input line 339.
Package textcomp Info: Setting ptmj sub-encoding to TS1/4 on input line 340.
)
(/usr/share/texlive/texmf-dist/tex/latex/colortbl/colortbl.sty
Package: colortbl 2012/02/13 v1.0a Color table columns (DPC)

(/usr/share/texlive/texmf-dist/tex/latex/tools/array.sty
Package: array 2008/09/09 v2.4c Tabular extension package (FMi)
\col@sep=\dimen159
\extrarowheight=\dimen160
\NC@list=\toks30
\extratabsurround=\skip50
\backup@length=\skip51
)
\everycr=\toks31
\minrowclearance=\skip52
)
(/usr/share/texlive/texmf-dist/tex/latex/pgfplots/pgfplots.sty
(/usr/share/texlive/texmf-dist/tex/generic/pgfplots/pgfplots.revision.tex)
Package: pgfplots 2013/10/03 v1.9 Data Visualization (1.9)

(/usr/share/texlive/texmf-dist/tex/generic/pgfplots/pgfplots.code.tex
(/usr/share/texlive/texmf-dist/tex/generic/pgfplots/pgfplotscore.code.tex
\t@pgfplots@toka=\toks32
\t@pgfplots@tokb=\toks33
\t@pgfplots@tokc=\toks34
\pgfplots@tmpa=\dimen161
\c@pgfplots@coordindex=\count124
\c@pgfplots@scanlineindex=\count125

(/usr/share/texlive/texmf-dist/tex/generic/pgfplots/sys/pgfplotssysgeneric.code
.tex))
(/usr/share/texlive/texmf-dist/tex/generic/pgfplots/libs/pgfplotslibrary.code.t
ex)
(/usr/share/texlive/texmf-dist/tex/generic/pgfplots/oldpgfcompatib/pgfplotsoldp
gfsupp_loader.code.tex
Package pgfplots: loading complementary code for your PGF version...

(/usr/share/texlive/texmf-dist/tex/generic/pgfplots/oldpgfcompatib/pgfplotsoldp
gfsupp_misc.code.tex)
(/usr/share/texlive/texmf-dist/tex/generic/pgfplots/oldpgfcompatib/pgfplotsoldp
gfsupp_pgfkeys.code.tex
\pgfkeys@pathtoks=\toks35
\pgfkeys@temptoks=\toks36

(/usr/share/texlive/texmf-dist/tex/generic/pgfplots/oldpgfcompatib/pgfplotsoldp
gfsupp_pgfkeysfiltered.code.tex
\pgfkeys@tmptoks=\toks37
))
(/usr/share/texlive/texmf-dist/tex/generic/pgfplots/oldpgfcompatib/pgfplotsoldp
gfsupp_pgfmathfloat.code.tex
\c@pgfmathroundto@lastzeros=\count126
)
(/usr/share/texlive/texmf-dist/tex/generic/pgfplots/oldpgfcompatib/pgfplotsoldp
gfsupp_pgflibraryplothandlers.code.tex
File: pgflibraryplothandlers.code.tex 2012/09/11 v2.10 (rcs-revision 1.17)
\pgf@plot@mark@count=\count127
\pgfplotmarksize=\dimen162
)
(/usr/share/texlive/texmf-dist/tex/generic/pgfplots/oldpgfcompatib/pgfplotsoldp
gfsupp_pgflibraryfpu.code.tex)
(/usr/share/texlive/texmf-dist/tex/generic/pgfplots/oldpgfcompatib/pgfplotsoldp
gfsupp_pgfcorescopes.code.tex
File: pgfcorescopes.code.tex 2012/11/30  (rcs-revision 1.38)
\pgfpic=\box37
\pgf@hbox=\box38
\pgf@layerbox@main=\box39
\pgf@picture@serial@count=\count128
)
(/usr/share/texlive/texmf-dist/tex/generic/pgfplots/oldpgfcompatib/pgfplotsoldp
gfsupp_pgfcorelayers.code.tex
File: pgfcorelayers.code.tex 2012/11/07  (rcs-revision 1.5)
))
(/usr/share/texlive/texmf-dist/tex/generic/pgfplots/util/pgfplotsutil.code.tex
(/usr/share/texlive/texmf-dist/tex/generic/pgfplots/liststructure/pgfplotslists
tructure.code.tex)
(/usr/share/texlive/texmf-dist/tex/generic/pgfplots/liststructure/pgfplotslists
tructureext.code.tex)
(/usr/share/texlive/texmf-dist/tex/generic/pgfplots/liststructure/pgfplotsarray
.code.tex
\c@pgfplotsarray@tmp=\count129
)
(/usr/share/texlive/texmf-dist/tex/generic/pgfplots/liststructure/pgfplotsmatri
x.code.tex)
(/usr/share/texlive/texmf-dist/tex/generic/pgfplots/numtable/pgfplotstableshare
d.code.tex
\c@pgfplotstable@counta=\count130
\t@pgfplotstable@a=\toks38
)
(/usr/share/texlive/texmf-dist/tex/generic/pgfplots/liststructure/pgfplotsdeque
.code.tex)
(/usr/share/texlive/texmf-dist/tex/generic/pgfplots/util/pgfplotsbinary.code.te
x
(/usr/share/texlive/texmf-dist/tex/generic/pgfplots/util/pgfplotsbinary.data.co
de.tex))
(/usr/share/texlive/texmf-dist/tex/generic/pgfplots/util/pgfplotsutil.verb.code
.tex)
(/usr/share/texlive/texmf-dist/tex/generic/pgfplots/libs/pgflibrarypgfplots.sur
fshading.code.tex
\c@pgfplotslibrarysurf@no=\count131

(/usr/share/texlive/texmf-dist/tex/generic/pgfplots/sys/pgflibrarypgfplots.surf
shading.pgfsys-pdftex.def)))
(/usr/share/texlive/texmf-dist/tex/generic/pgfplots/util/pgfplotscolormap.code.
tex
(/usr/share/texlive/texmf-dist/tex/generic/pgfplots/util/pgfplotscolor.code.tex
))
(/usr/share/texlive/texmf-dist/tex/generic/pgfplots/pgfplotsstackedplots.code.t
ex)
(/usr/share/texlive/texmf-dist/tex/generic/pgfplots/pgfplotsplothandlers.code.t
ex
(/usr/share/texlive/texmf-dist/tex/generic/pgfplots/pgfplotsmeshplothandler.cod
e.tex))
(/usr/share/texlive/texmf-dist/tex/generic/pgfplots/pgfplots.scaling.code.tex)
(/usr/share/texlive/texmf-dist/tex/generic/pgfplots/pgfplotscoordprocessing.cod
e.tex)
(/usr/share/texlive/texmf-dist/tex/generic/pgfplots/pgfplots.errorbars.code.tex
) (/usr/share/texlive/texmf-dist/tex/generic/pgfplots/pgfplots.markers.code.tex
) (/usr/share/texlive/texmf-dist/tex/generic/pgfplots/pgfplotsticks.code.tex)
(/usr/share/texlive/texmf-dist/tex/generic/pgfplots/pgfplots.paths.code.tex)
(/usr/share/texmf/tex/generic/pgf/frontendlayer/tikz/libraries/tikzlibrarydecor
ations.code.tex
(/usr/share/texmf/tex/generic/pgf/modules/pgfmoduledecorations.code.tex
\pgfdecoratedcompleteddistance=\dimen163
\pgfdecoratedremainingdistance=\dimen164
\pgfdecoratedinputsegmentcompleteddistance=\dimen165
\pgfdecoratedinputsegmentremainingdistance=\dimen166
\pgf@decorate@distancetomove=\dimen167
\pgf@decorate@repeatstate=\count132
\pgfdecorationsegmentamplitude=\dimen168
\pgfdecorationsegmentlength=\dimen169
)
\tikz@lib@dec@box=\box40
)
(/usr/share/texmf/tex/generic/pgf/frontendlayer/tikz/libraries/tikzlibrarydecor
ations.pathmorphing.code.tex
(/usr/share/texmf/tex/generic/pgf/libraries/decorations/pgflibrarydecorations.p
athmorphing.code.tex))
(/usr/share/texmf/tex/generic/pgf/frontendlayer/tikz/libraries/tikzlibrarydecor
ations.pathreplacing.code.tex
(/usr/share/texmf/tex/generic/pgf/libraries/decorations/pgflibrarydecorations.p
athreplacing.code.tex))
\pgfplots@numplots=\count133
\pgfplots@xmin@reg=\dimen170
\pgfplots@xmax@reg=\dimen171
\pgfplots@ymin@reg=\dimen172
\pgfplots@ymax@reg=\dimen173
\pgfplots@zmin@reg=\dimen174
\pgfplots@zmax@reg=\dimen175
)
(/usr/share/texmf/tex/generic/pgf/frontendlayer/tikz/libraries/tikzlibraryplotm
arks.code.tex
File: tikzlibraryplotmarks.code.tex 2008/01/09 v2.10 (rcs-revision 1.1)

(/usr/share/texmf/tex/generic/pgf/libraries/pgflibraryplotmarks.code.tex
File: pgflibraryplotmarks.code.tex 2010/10/15 v2.10 (rcs-revision 1.12)
)))
(/usr/share/texlive/texmf-dist/tex/latex/graphics/lscape.sty
Package: lscape 2000/10/22 v3.01 Landscape Pages (DPC)
)
(/usr/share/texlive/texmf-dist/tex/latex/soul/soul.sty
Package: soul 2003/11/17 v2.4 letterspacing/underlining (mf)
\SOUL@word=\toks39
\SOUL@lasttoken=\toks40
\SOUL@cmds=\toks41
\SOUL@buffer=\toks42
\SOUL@token=\toks43
\SOUL@spaceskip=\skip53
\SOUL@ttwidth=\dimen176
\SOUL@uldp=\dimen177
\SOUL@ulht=\dimen178
)
(/usr/share/texlive/texmf-dist/tex/latex/listings/listings.sty
\lst@mode=\count134
\lst@gtempboxa=\box41
\lst@token=\toks44
\lst@length=\count135
\lst@currlwidth=\dimen179
\lst@column=\count136
\lst@pos=\count137
\lst@lostspace=\dimen180
\lst@width=\dimen181
\lst@newlines=\count138
\lst@lineno=\count139
\lst@maxwidth=\dimen182

(/usr/share/texlive/texmf-dist/tex/latex/listings/lstmisc.sty
File: lstmisc.sty 2013/08/26 1.5b (Carsten Heinz)
\c@lstnumber=\count140
\lst@skipnumbers=\count141
\lst@framebox=\box42
)
(/usr/share/texlive/texmf-dist/tex/latex/listings/listings.cfg
File: listings.cfg 2013/08/26 1.5b listings configuration
))
Package: listings 2013/08/26 1.5b (Carsten Heinz)

(/usr/share/texlive/texmf-dist/tex/latex/tools/xspace.sty
Package: xspace 2009/10/20 v1.13 Space after command names (DPC,MH)
)
(/usr/share/texlive/texmf-dist/tex/latex/tools/bm.sty
Package: bm 2004/02/26 v1.1c Bold Symbol Support (DPC/FMi)
\symboldoperators=\mathgroup4
\symboldletters=\mathgroup5
\symboldsymbols=\mathgroup6
LaTeX Font Info:    Redeclaring math alphabet \mathbf on input line 138.
LaTeX Info: Redefining \bm on input line 204.
)
(/usr/share/texlive/texmf-dist/tex/latex/natbib/natbib.sty
Package: natbib 2010/09/13 8.31b (PWD, AO)
\bibhang=\skip54
\bibsep=\skip55
LaTeX Info: Redefining \cite on input line 694.
\c@NAT@ctr=\count142
)
(/usr/share/texlive/texmf-dist/tex/latex/hyperref/hyperref.sty
Package: hyperref 2012/11/06 v6.83m Hypertext links for LaTeX

(/usr/share/texlive/texmf-dist/tex/generic/oberdiek/hobsub-hyperref.sty
Package: hobsub-hyperref 2012/05/28 v1.13 Bundle oberdiek, subset hyperref (HO)


(/usr/share/texlive/texmf-dist/tex/generic/oberdiek/hobsub-generic.sty
Package: hobsub-generic 2012/05/28 v1.13 Bundle oberdiek, subset generic (HO)
Package: hobsub 2012/05/28 v1.13 Construct package bundles (HO)
Package hobsub Info: Skipping package `infwarerr' (already loaded).
Package hobsub Info: Skipping package `ltxcmds' (already loaded).
Package: ifluatex 2010/03/01 v1.3 Provides the ifluatex switch (HO)
Package ifluatex Info: LuaTeX not detected.
Package: ifvtex 2010/03/01 v1.5 Detect VTeX and its facilities (HO)
Package ifvtex Info: VTeX not detected.
Package: intcalc 2007/09/27 v1.1 Expandable calculations with integers (HO)
Package: ifpdf 2011/01/30 v2.3 Provides the ifpdf switch (HO)
Package ifpdf Info: pdfTeX in PDF mode is detected.
Package: etexcmds 2011/02/16 v1.5 Avoid name clashes with e-TeX commands (HO)
Package etexcmds Info: Could not find \expanded.
(etexcmds)             That can mean that you are not using pdfTeX 1.50 or
(etexcmds)             that some package has redefined \expanded.
(etexcmds)             In the latter case, load this package earlier.
Package: kvsetkeys 2012/04/25 v1.16 Key value parser (HO)
Package: kvdefinekeys 2011/04/07 v1.3 Define keys (HO)
Package: pdftexcmds 2011/11/29 v0.20 Utility functions of pdfTeX for LuaTeX (HO
)
Package pdftexcmds Info: LuaTeX not detected.
Package pdftexcmds Info: \pdf@primitive is available.
Package pdftexcmds Info: \pdf@ifprimitive is available.
Package pdftexcmds Info: \pdfdraftmode found.
Package: pdfescape 2011/11/25 v1.13 Implements pdfTeX's escape features (HO)
Package: bigintcalc 2012/04/08 v1.3 Expandable calculations on big integers (HO
)
Package: bitset 2011/01/30 v1.1 Handle bit-vector datatype (HO)
Package: uniquecounter 2011/01/30 v1.2 Provide unlimited unique counter (HO)
)
Package hobsub Info: Skipping package `hobsub' (already loaded).
Package: letltxmacro 2010/09/02 v1.4 Let assignment for LaTeX macros (HO)
Package: hopatch 2012/05/28 v1.2 Wrapper for package hooks (HO)
Package: xcolor-patch 2011/01/30 xcolor patch
Package: atveryend 2011/06/30 v1.8 Hooks at the very end of document (HO)
Package atveryend Info: \enddocument detected (standard20110627).
Package: atbegshi 2011/10/05 v1.16 At begin shipout hook (HO)
Package: refcount 2011/10/16 v3.4 Data extraction from label references (HO)
Package: hycolor 2011/01/30 v1.7 Color options for hyperref/bookmark (HO)
)
(/usr/share/texlive/texmf-dist/tex/generic/ifxetex/ifxetex.sty
Package: ifxetex 2010/09/12 v0.6 Provides ifxetex conditional
)
(/usr/share/texlive/texmf-dist/tex/latex/oberdiek/auxhook.sty
Package: auxhook 2011/03/04 v1.3 Hooks for auxiliary files (HO)
)
(/usr/share/texlive/texmf-dist/tex/latex/oberdiek/kvoptions.sty
Package: kvoptions 2011/06/30 v3.11 Key value format for package options (HO)
)
\@linkdim=\dimen183
\Hy@linkcounter=\count143
\Hy@pagecounter=\count144

(/usr/share/texlive/texmf-dist/tex/latex/hyperref/pd1enc.def
File: pd1enc.def 2012/11/06 v6.83m Hyperref: PDFDocEncoding definition (HO)
)
\Hy@SavedSpaceFactor=\count145

(/usr/share/texlive/texmf-dist/tex/latex/latexconfig/hyperref.cfg
File: hyperref.cfg 2002/06/06 v1.2 hyperref configuration of TeXLive
)
Package hyperref Info: Option `colorlinks' set `true' on input line 4319.
Package hyperref Info: Hyper figures OFF on input line 4443.
Package hyperref Info: Link nesting OFF on input line 4448.
Package hyperref Info: Hyper index ON on input line 4451.
Package hyperref Info: Plain pages OFF on input line 4458.
Package hyperref Info: Backreferencing OFF on input line 4463.
Package hyperref Info: Implicit mode ON; LaTeX internals redefined.
Package hyperref Info: Bookmarks ON on input line 4688.
\c@Hy@tempcnt=\count146

(/usr/share/texlive/texmf-dist/tex/latex/url/url.sty
\Urlmuskip=\muskip11
Package: url 2013/09/16  ver 3.4  Verb mode for urls, etc.
)
LaTeX Info: Redefining \url on input line 5041.
\XeTeXLinkMargin=\dimen184
\Fld@menulength=\count147
\Field@Width=\dimen185
\Fld@charsize=\dimen186
Package hyperref Info: Hyper figures OFF on input line 6295.
Package hyperref Info: Link nesting OFF on input line 6300.
Package hyperref Info: Hyper index ON on input line 6303.
Package hyperref Info: backreferencing OFF on input line 6310.
Package hyperref Info: Link coloring ON on input line 6313.
Package hyperref Info: Link coloring with OCG OFF on input line 6320.
Package hyperref Info: PDF/A mode OFF on input line 6325.
LaTeX Info: Redefining \ref on input line 6365.
LaTeX Info: Redefining \pageref on input line 6369.
\Hy@abspage=\count148
\c@Item=\count149
\c@Hfootnote=\count150
)

Package hyperref Message: Driver (autodetected): hpdftex.

(/usr/share/texlive/texmf-dist/tex/latex/hyperref/hpdftex.def
File: hpdftex.def 2012/11/06 v6.83m Hyperref driver for pdfTeX
\Fld@listcount=\count151
\c@bookmark@seq@number=\count152

(/usr/share/texlive/texmf-dist/tex/latex/oberdiek/rerunfilecheck.sty
Package: rerunfilecheck 2011/04/15 v1.7 Rerun checks for auxiliary files (HO)
Package uniquecounter Info: New unique counter `rerunfilecheck' on input line 2
82.
)
\Hy@SectionHShift=\skip56
)
(./NVC.sty
Package: NVC 
) (./mcode.sty
-- Package: `mcode' 2.3 <2012/08/31> --
Package: mcode 2012/08/31 2.3
 - settings optimized for display (colour formating)
 - line numbering enabled
 - literate programming (character replacements) enabled
 - automatic line breaking enabled (careful, buggy!)
 - framed listings
\lbreakdots=\box43
LaTeX Font Info:    Try loading font information for OT1+pcr on input line 220.

(/usr/share/texlive/texmf-dist/tex/latex/psnfss/ot1pcr.fd
File: ot1pcr.fd 2001/06/04 font definitions for OT1/pcr.
))
(/usr/share/texlive/texmf-dist/tex/latex/datatool/datatool.sty
Package: datatool 2014/02/03 v2.20 (NLCT)

(/usr/share/texlive/texmf-dist/tex/latex/xfor/xfor.sty
Package: xfor 2009/02/05 v1.05 (NLCT)
)
(/usr/share/texlive/texmf-dist/tex/latex/substr/substr.sty
Package: substr 2009/10/20 v1.2 Handle substrings
\c@su@anzahl=\count153
)
(/usr/share/texlive/texmf-dist/tex/latex/etoolbox/etoolbox.sty
Package: etoolbox 2011/01/03 v2.1 e-TeX tools for LaTeX

(/usr/share/texlive/texmf-dist/tex/latex/etex-pkg/etex.sty
Package: etex 1998/03/26 v2.0 eTeX basic definition package (PEB)
\et@xins=\count154
)
\etb@tempcnta=\count155
)
(/usr/share/texlive/texmf-dist/tex/latex/datatool/datatool-base.sty
Package: datatool-base 2013/09/06 v2.18 (NLCT)

(/usr/share/texlive/texmf-dist/tex/latex/datatool/datatool-fp.sty
Package: datatool-fp 2013/08/29 v2.17 (NLCT)

(/usr/share/texlive/texmf-dist/tex/latex/fp/fp.sty
Package: fp 1995/04/02

`Fixed Point Package', Version 0.8, April 2, 1995 (C) Michael Mehlich
(/usr/share/texlive/texmf-dist/tex/latex/fp/defpattern.sty
Package: defpattern 1994/10/12
\actioncount=\count156
)
(/usr/share/texlive/texmf-dist/tex/latex/fp/fp-basic.sty
Package: fp-basic 1996/05/13
\FP@xs=\count157
\FP@xia=\count158
\FP@xib=\count159
\FP@xfa=\count160
\FP@xfb=\count161
\FP@rega=\count162
\FP@regb=\count163
\FP@regs=\count164
\FP@times=\count165
)
(/usr/share/texlive/texmf-dist/tex/latex/fp/fp-addons.sty
Package: fp-addons 1995/03/15
)
(/usr/share/texlive/texmf-dist/tex/latex/fp/fp-snap.sty
Package: fp-snap 1995/04/05
)
(/usr/share/texlive/texmf-dist/tex/latex/fp/fp-exp.sty
Package: fp-exp 1995/04/03
)
(/usr/share/texlive/texmf-dist/tex/latex/fp/fp-trigo.sty
Package: fp-trigo 1995/04/14
)
(/usr/share/texlive/texmf-dist/tex/latex/fp/fp-pas.sty
Package: fp-pas 1994/08/29
)
(/usr/share/texlive/texmf-dist/tex/latex/fp/fp-random.sty
Package: fp-random 1995/02/23
\FPseed=\count166
)
(/usr/share/texlive/texmf-dist/tex/latex/fp/fp-eqn.sty
Package: fp-eqn 1995/04/03
)
(/usr/share/texlive/texmf-dist/tex/latex/fp/fp-upn.sty
Package: fp-upn 1996/10/21
)
(/usr/share/texlive/texmf-dist/tex/latex/fp/fp-eval.sty
Package: fp-eval 1995/04/03
)))
\@dtl@toks=\toks45
\@dtl@tmpcount=\count167
\dtl@tmplength=\skip57
\dtl@sortresult=\count168
\@dtl@numgrpsepcount=\count169
\@dtl@datatype=\count170
\dtl@codeA=\count171
\dtl@codeB=\count172
\@dtl@foreach@level=\count173
)
\dtlcolumnnum=\count174
\dtlrownum=\count175
\@dtl@before=\toks46
\@dtl@after=\toks47
\@dtl@colhead=\toks48
\dtlcurrentrow=\toks49
\dtlbeforerow=\toks50
\dtlafterrow=\toks51
\dtlforeachlevel=\count176
\c@DTLrowi=\count177
\c@DTLrowii=\count178
\c@DTLrowiii=\count179
\c@DTLrow=\count180
\dtl@rowi=\count181
\dtl@rowii=\count182
\dtl@rowiii=\count183
\@dtl@curi=\toks52
\@dtl@previ=\toks53
\@dtl@nexti=\toks54
\@dtl@curii=\toks55
\@dtl@previi=\toks56
\@dtl@nextii=\toks57
\@dtl@curiii=\toks58
\@dtl@previii=\toks59
\@dtl@nextiii=\toks60
\@dtl@elements=\count184
\@dtl@list=\toks61
\@dtl@rowa=\toks62
\@dtl@rowb=\toks63
\@dtl@toksA=\toks64
\@dtl@toksB=\toks65
\@dtl@write=\write4
\@dtl@read=\read2
\dtl@entrycr=\count185
\dtl@omitlines=\count186
)
(/usr/local/share/texmf/tex/latex/glossaries/base/glossaries.sty
Package: glossaries 2016/06/09 v4.25 (NLCT)

(/usr/share/texlive/texmf-dist/tex/latex/glossaries/base/mfirstuc.sty
Package: mfirstuc 2013/11/04 v1.08 (NLCT)
\@glsmfirst=\toks66
\@glsmrest=\toks67
)
(/usr/share/texlive/texmf-dist/tex/latex/textcase/textcase.sty
Package: textcase 2004/10/07 v0.07 Text only upper/lower case changing (DPC)
)
(/usr/local/share/texmf/tex/latex/glossaries/base/glossaries-compatible-307.sty
Package: glossaries-compatible-307 2016/06/09 v4.25 (NLCT)
)
\gls@level=\count187
\@gls@tmpb=\toks68
\gls@tmplen=\skip58
\glskeylisttok=\toks69
\glslabeltok=\toks70
\glsshorttok=\toks71
\glslongtok=\toks72
 (/usr/local/share/texmf/tex/latex/glossaries/styles/glossary-hypernav.sty
Package: glossary-hypernav 2016/06/09 v4.25 (NLCT)
)
(/usr/local/share/texmf/tex/latex/glossaries/styles/glossary-list.sty
Package: glossary-list 2016/06/09 v4.25 (NLCT)
\glslistdottedwidth=\skip59
)
(/usr/local/share/texmf/tex/latex/glossaries/styles/glossary-long.sty
Package: glossary-long 2016/06/09 v4.25 (NLCT)

(/usr/share/texlive/texmf-dist/tex/latex/tools/longtable.sty
Package: longtable 2004/02/01 v4.11 Multi-page Table package (DPC)
\LTleft=\skip60
\LTright=\skip61
\LTpre=\skip62
\LTpost=\skip63
\LTchunksize=\count188
\LTcapwidth=\dimen187
\LT@head=\box44
\LT@firsthead=\box45
\LT@foot=\box46
\LT@lastfoot=\box47
\LT@cols=\count189
\LT@rows=\count190
\c@LT@tables=\count191
\c@LT@chunks=\count192
\LT@p@ftn=\toks73
)
\glsdescwidth=\skip64
\glspagelistwidth=\skip65
)
(/usr/local/share/texmf/tex/latex/glossaries/styles/glossary-super.sty
Package: glossary-super 2016/06/09 v4.25 (NLCT)

(/usr/share/texlive/texmf-dist/tex/latex/supertabular/supertabular.sty
Package: supertabular 2004/02/20 v4.1e the supertabular environment
\c@tracingst=\count193
\ST@wd=\dimen188
\ST@rightskip=\skip66
\ST@leftskip=\skip67
\ST@parfillskip=\skip68
\ST@pageleft=\dimen189
\ST@headht=\dimen190
\ST@tailht=\dimen191
\ST@pagesofar=\dimen192
\ST@pboxht=\dimen193
\ST@lineht=\dimen194
\ST@stretchht=\dimen195
\ST@prevht=\dimen196
\ST@toadd=\dimen197
\ST@dimen=\dimen198
\ST@pbox=\box48
))
(/usr/local/share/texmf/tex/latex/glossaries/styles/glossary-tree.sty
Package: glossary-tree 2016/06/09 v4.25 (NLCT)
\glstreeindent=\skip69
))
\glswrite=\write5
\glo@main@file=\write6
\openout6 = `NVUDocumentation.glo'.

Package glossaries Info: Writing glossary file NVUDocumentation.glo on input li
ne 69.
\glo@symbolslist@file=\write7
\openout7 = `NVUDocumentation.syg'.

Package glossaries Info: Writing glossary file NVUDocumentation.syg on input li
ne 69.

(./glossary.sty
Package: glossary 
) (./NVUDocumentation.aux (./ReleaseNotes.aux)
(./CodeStructure.aux) (./Introduction.aux

LaTeX Warning: Label `Overview1' multiply defined.

) (./ExistingModels.aux) (./Equations.aux

LaTeX Warning: Label `tab:JSRuptakei' multiply defined.


LaTeX Warning: Label `tab:JCli' multiply defined.


LaTeX Warning: Label `tab:JCli' multiply defined.


LaTeX Warning: Label `tab:JKj' multiply defined.


LaTeX Warning: Label `tab:crossbridge' multiply defined.

))
\openout1 = `NVUDocumentation.aux'.

LaTeX Font Info:    Checking defaults for OML/cmm/m/it on input line 75.
LaTeX Font Info:    ... okay on input line 75.
LaTeX Font Info:    Checking defaults for T1/cmr/m/n on input line 75.
LaTeX Font Info:    ... okay on input line 75.
LaTeX Font Info:    Checking defaults for OT1/cmr/m/n on input line 75.
LaTeX Font Info:    ... okay on input line 75.
LaTeX Font Info:    Checking defaults for OMS/cmsy/m/n on input line 75.
LaTeX Font Info:    ... okay on input line 75.
LaTeX Font Info:    Checking defaults for OMX/cmex/m/n on input line 75.
LaTeX Font Info:    ... okay on input line 75.
LaTeX Font Info:    Checking defaults for U/cmr/m/n on input line 75.
LaTeX Font Info:    ... okay on input line 75.
LaTeX Font Info:    Checking defaults for TS1/cmr/m/n on input line 75.
LaTeX Font Info:    Try loading font information for TS1+cmr on input line 75.
 (/usr/share/texlive/texmf-dist/tex/latex/base/ts1cmr.fd
File: ts1cmr.fd 1999/05/25 v2.5h Standard LaTeX font definitions
)
LaTeX Font Info:    ... okay on input line 75.
LaTeX Font Info:    Checking defaults for PD1/pdf/m/n on input line 75.
LaTeX Font Info:    ... okay on input line 75.

(/usr/share/texlive/texmf-dist/tex/context/base/supp-pdf.mkii
[Loading MPS to PDF converter (version 2006.09.02).]
\scratchcounter=\count194
\scratchdimen=\dimen199
\scratchbox=\box49
\nofMPsegments=\count195
\nofMParguments=\count196
\everyMPshowfont=\toks74
\MPscratchCnt=\count197
\MPscratchDim=\dimen200
\MPnumerator=\count198
\makeMPintoPDFobject=\count199
\everyMPtoPDFconversion=\toks75
) ABD: EveryShipout initializing macros
(/usr/share/texlive/texmf-dist/tex/latex/oberdiek/epstopdf-base.sty
Package: epstopdf-base 2010/02/09 v2.5 Base part for package epstopdf

(/usr/share/texlive/texmf-dist/tex/latex/oberdiek/grfext.sty
Package: grfext 2010/08/19 v1.1 Manage graphics extensions (HO)
)
Package grfext Info: Graphics extension search list:
(grfext)             [.png,.pdf,.jpg,.mps,.jpeg,.jbig2,.jb2,.PNG,.PDF,.JPG,.JPE
G,.JBIG2,.JB2,.eps]
(grfext)             \AppendGraphicsExtensions on input line 452.

(/usr/share/texlive/texmf-dist/tex/latex/latexconfig/epstopdf-sys.cfg
File: epstopdf-sys.cfg 2010/07/13 v1.3 Configuration of (r)epstopdf for TeX Liv
e
))
Package pgfplots notification 'compat/show suggested version=true': you might b
enefit from \pgfplotsset{compat=1.9} (current compat level: 1.8).

\c@lstlisting=\count200
\AtBeginShipoutBox=\box50
Package hyperref Info: Link coloring ON on input line 75.
(/usr/share/texlive/texmf-dist/tex/latex/hyperref/nameref.sty
Package: nameref 2012/10/27 v2.43 Cross-referencing by name of section

(/usr/share/texlive/texmf-dist/tex/generic/oberdiek/gettitlestring.sty
Package: gettitlestring 2010/12/03 v1.4 Cleanup title references (HO)
)
\c@section@level=\count201
)
LaTeX Info: Redefining \ref on input line 75.
LaTeX Info: Redefining \pageref on input line 75.
LaTeX Info: Redefining \nameref on input line 75.

(./NVUDocumentation.out) (./NVUDocumentation.out)
\@outlinefile=\write8
\openout8 = `NVUDocumentation.out'.

 [1

\openout5 = `NVUDocumentation.ist'.

{/var/lib/texmf/fonts/map/pdftex/updmap/pdftex.map}] (./NVUDocumentation.toc)
\tf@toc=\write9
\openout9 = `NVUDocumentation.toc'.

\figureheight=\skip70
\figurewidth=\skip71
 [2]
\openout2 = `ReleaseNotes.aux'.

 (./ReleaseNotes.tex
Overfull \hbox (49.52914pt too wide) in paragraph at lines 23--34
 [][] 
 []

[3

]
Underfull \hbox (badness 10000) in paragraph at lines 57--59

 []


Underfull \hbox (badness 10000) in paragraph at lines 85--87

 []

[4]
Overfull \hbox (46.13622pt too wide) in paragraph at lines 107--143
 [][] 
 []


Underfull \hbox (badness 10000) in paragraph at lines 150--152

 []


LaTeX Warning: `!h' float specifier changed to `!ht'.

[5] [6]
Underfull \hbox (badness 10000) in paragraph at lines 214--216

 []

[7]

LaTeX Font Warning: Command \scriptsize invalid in math mode on input line 220.



Overfull \hbox (44.21234pt too wide) in paragraph at lines 239--259
 [][] 
 []

[8]
Underfull \hbox (badness 10000) in paragraph at lines 284--286

 []

[9] [10]) [11]
\openout2 = `CodeStructure.aux'.

 (./CodeStructure.tex
Package hyperref Info: bookmark level for unknown todo defaults to 0 on input l
ine 5.

<figures/OO-Code-Structure.pdf, id=249, 494.24208pt x 472.13531pt>
File: figures/OO-Code-Structure.pdf Graphic file (type pdf)

<use figures/OO-Code-Structure.pdf>
Package pdftex.def Info: figures/OO-Code-Structure.pdf used on input line 19.
(pdftex.def)             Requested size: 328.82707pt x 314.13173pt.

(/usr/share/texlive/texmf-dist/tex/latex/listings/lstlang1.sty
File: lstlang1.sty 2013/08/26 1.5b listings language file
)
LaTeX Font Info:    Try loading font information for TS1+pcr on input line 27.

(/usr/share/texlive/texmf-dist/tex/latex/psnfss/ts1pcr.fd
File: ts1pcr.fd 2001/06/04 font definitions for TS1/pcr.
) [12


]) [13 <./figures/OO-Code-Structure.pdf>]
\openout2 = `Introduction.aux'.

 (./Introduction.tex
Underfull \hbox (badness 10000) in paragraph at lines 5--6

 []

(./pics/Overview_without_gaps.pdf_tex
<pics/Overview_without_gaps.pdf, id=299, 1287.49782pt x 830.15584pt>
File: pics/Overview_without_gaps.pdf Graphic file (type pdf)

<use pics/Overview_without_gaps.pdf>
Package pdftex.def Info: pics/Overview_without_gaps.pdf used on input line 52.
(pdftex.def)             Requested size: 450.0pt x 290.15355pt.
)

LaTeX Warning: `!h' float specifier changed to `!ht'.

[14


] [15 <./pics/Overview_without_gaps.pdf>] (./pics/All_models.pdf_tex
<pics/All_models.pdf, id=749, 607.57526pt x 791.93517pt>
File: pics/All_models.pdf Graphic file (type pdf)

<use pics/All_models.pdf>
Package pdftex.def Info: pics/All_models.pdf used on input line 52.
(pdftex.def)             Requested size: 450.0pt x 586.55453pt.
)

LaTeX Warning: Float too large for page by 30.64948pt on input line 61.


LaTeX Warning: `!h' float specifier changed to `!ht'.

) [16] [17 <./pics/All_models.pdf>]
\openout2 = `ExistingModels.aux'.

 (./ExistingModels.tex

Package natbib Warning: Citation `Hai1989' on page 18 undefined on input line 8
.


Underfull \hbox (badness 10000) in paragraph at lines 8--9

 []


Underfull \hbox (badness 10000) in paragraph at lines 12--14

 []


Underfull \hbox (badness 10000) in paragraph at lines 15--16

 []

[18


] (./pics/ACmodel_1pt1.pdf_tex
<pics/ACmodel_1pt1.pdf, id=1088, 621.68889pt x 370.73293pt>
File: pics/ACmodel_1pt1.pdf Graphic file (type pdf)

<use pics/ACmodel_1pt1.pdf>
Package pdftex.def Info: pics/ACmodel_1pt1.pdf used on input line 52.
(pdftex.def)             Requested size: 450.0pt x 268.35869pt.
)
Underfull \hbox (badness 10000) in paragraph at lines 30--32

 []

[19 <./pics/ACmodel_1pt1.pdf>]
Underfull \hbox (badness 10000) in paragraph at lines 37--38

 []


Underfull \hbox (badness 10000) in paragraph at lines 39--40

 []


Underfull \hbox (badness 10000) in paragraph at lines 41--42

 []

<pics/InputSignal.pdf, id=1236, 341.53598pt x 232.21758pt>
File: pics/InputSignal.pdf Graphic file (type pdf)

<use pics/InputSignal.pdf>
Package pdftex.def Info: pics/InputSignal.pdf used on input line 54.
(pdftex.def)             Requested size: 284.52756pt x 193.45628pt.


LaTeX Warning: `!h' float specifier changed to `!ht'.

[20]
Underfull \hbox (badness 10000) in paragraph at lines 67--68

 []

(./pics/SMCECmodel3.pdf_tex
<pics/SMCECmodel3.pdf, id=1254, 607.57526pt x 522.12718pt>
File: pics/SMCECmodel3.pdf Graphic file (type pdf)

<use pics/SMCECmodel3.pdf>
Package pdftex.def Info: pics/SMCECmodel3.pdf used on input line 52.
(pdftex.def)             Requested size: 450.0pt x 386.71861pt.
)

LaTeX Warning: `!h' float specifier changed to `!ht'.


Underfull \hbox (badness 10000) in paragraph at lines 79--80

 []

[21 <./pics/InputSignal.pdf>]
Underfull \hbox (badness 10000) in paragraph at lines 81--82

 []

[22 <./pics/SMCECmodel3.pdf>]
Underfull \hbox (badness 10000) in paragraph at lines 83--84

 []


Underfull \hbox (badness 10000) in paragraph at lines 85--87

 []

(./pics/MechanicalModel.pdf_tex
<pics/MechanicalModel.pdf, id=1482, 407.34177pt x 205.45277pt>
File: pics/MechanicalModel.pdf Graphic file (type pdf)

<use pics/MechanicalModel.pdf>
Package pdftex.def Info: pics/MechanicalModel.pdf used on input line 52.
(pdftex.def)             Requested size: 450.0pt x 226.98312pt.
)

LaTeX Warning: `!h' float specifier changed to `!ht'.


Underfull \hbox (badness 10000) in paragraph at lines 124--125

 []


Underfull \hbox (badness 10000) in paragraph at lines 126--127

 []

[23] <pics/Kelvin_Voigt_diagram.pdf, id=1494, 160.6pt x 120.45pt>
File: pics/Kelvin_Voigt_diagram.pdf Graphic file (type pdf)

<use pics/Kelvin_Voigt_diagram.pdf>
Package pdftex.def Info: pics/Kelvin_Voigt_diagram.pdf used on input line 134.
(pdftex.def)             Requested size: 142.26378pt x 106.70023pt.

<pics/LinearisationRadius.pdf, id=1497, 414.94005pt x 296.27638pt>
File: pics/LinearisationRadius.pdf Graphic file (type pdf)

<use pics/LinearisationRadius.pdf>
Package pdftex.def Info: pics/LinearisationRadius.pdf used on input line 143.
(pdftex.def)             Requested size: 341.43306pt x 243.78906pt.


Package natbib Warning: Citation `Gore' on page 24 undefined on input line 144.



Package natbib Warning: Citation `Gore' on page 24 undefined on input line 144.



LaTeX Warning: `!h' float specifier changed to `!ht'.

[24 <./pics/MechanicalModel.pdf> <./pics/Kelvin_Voigt_diagram.pdf

pdfTeX warning: pdflatex (file ./pics/Kelvin_Voigt_diagram.pdf): PDF inclusion:
 multiple pdfs with page group included in a single page
>]
Underfull \hbox (badness 10000) in paragraph at lines 151--153

 []

[25 <./pics/LinearisationRadius.pdf>] (./pics/All_models_1pt1.pdf_tex
<pics/All_models_1pt1.pdf, id=1604, 607.57526pt x 791.93517pt>
File: pics/All_models_1pt1.pdf Graphic file (type pdf)

<use pics/All_models_1pt1.pdf>
Package pdftex.def Info: pics/All_models_1pt1.pdf used on input line 52.
(pdftex.def)             Requested size: 450.0pt x 586.55453pt.
)

LaTeX Warning: `!h' float specifier changed to `!ht'.

) [26] [27 <./pics/All_models_1pt1.pdf>]
\openout2 = `Equations.aux'.

 (./Equations.tex
Overfull \hbox (1.88019pt too wide) in paragraph at lines 46--47
[]|\OT1/cmr/m/n/10 ME| 
 []


Overfull \hbox (1.88019pt too wide) in paragraph at lines 47--48
[]|\OT1/cmr/m/n/10 ME| 
 []


Overfull \hbox (1.88019pt too wide) in paragraph at lines 48--49
[]|\OT1/cmr/m/n/10 ME| 
 []


Overfull \hbox (1.88019pt too wide) in paragraph at lines 49--50
[]|\OT1/cmr/m/n/10 ME| 
 []


Overfull \hbox (1.88019pt too wide) in paragraph at lines 50--51
[]|\OT1/cmr/m/n/10 ME| 
 []


Overfull \hbox (1.46353pt too wide) in paragraph at lines 51--52
[]|\OT1/cmr/m/n/10 [[]]| 
 []


Overfull \hbox (1.88019pt too wide) in paragraph at lines 52--53
[]|\OT1/cmr/m/n/10 ME| 
 []


Overfull \hbox (1.88019pt too wide) in paragraph at lines 53--54
[]|\OT1/cmr/m/n/10 ME| 
 []


Overfull \hbox (1.46353pt too wide) in paragraph at lines 54--55
[]|\OT1/cmr/m/n/10 [[]]| 
 []


LaTeX Warning: `!h' float specifier changed to `!ht'.


Overfull \hbox (5.94966pt too wide) in paragraph at lines 83--84
[]|\OT1/cmr/m/n/10 [[]][]| 
 []


Underfull \hbox (badness 2351) in paragraph at lines 84--84
[]|\OT1/cmr/m/n/10 Number of neg-a-tively charged im-per-me-able ions
 []


Overfull \hbox (1.46353pt too wide) in paragraph at lines 84--85
[]|\OT1/cmr/m/n/10 [[]]| 
 []


Overfull \hbox (5.94966pt too wide) in paragraph at lines 85--87
[]|\OT1/cmr/m/n/10 [[]][]| 
 []


Overfull \hbox (5.94966pt too wide) in paragraph at lines 87--88
[]|\OT1/cmr/m/n/10 [[]][]| 
 []


LaTeX Warning: `!h' float specifier changed to `!ht'.

[28


]
Overfull \hbox (1.46353pt too wide) in paragraph at lines 114--115
[]|\OT1/cmr/m/n/10 [[]]| 
 []


LaTeX Warning: `!h' float specifier changed to `!ht'.

[29]
Overfull \hbox (1.46353pt too wide) in paragraph at lines 156--157
[]|\OT1/cmr/m/n/10 [[]]| 
 []


Overfull \hbox (1.46353pt too wide) in paragraph at lines 157--158
[]|\OT1/cmr/m/n/10 [[]]| 
 []


Overfull \hbox (7.43576pt too wide) in paragraph at lines 158--159
[]|\OT1/cmr/m/n/10 M.E.| 
 []


Overfull \hbox (1.8041pt too wide) in paragraph at lines 159--159
[]|$\OT1/cmr/m/n/12 [[]][]$| 
 []


Overfull \hbox (7.43576pt too wide) in paragraph at lines 159--160
[]|\OT1/cmr/m/n/10 M.E.| 
 []

[30]
Overfull \hbox (1.46353pt too wide) in paragraph at lines 209--210
[]|\OT1/cmr/m/n/10 [[]]| 
 []


Overfull \hbox (1.46353pt too wide) in paragraph at lines 210--211
[]|\OT1/cmr/m/n/10 [[]]| 
 []


Overfull \hbox (1.46353pt too wide) in paragraph at lines 211--212
[]|\OT1/cmr/m/n/10 [[]]| 
 []


Overfull \hbox (1.46353pt too wide) in paragraph at lines 212--213
[]|\OT1/cmr/m/n/10 [[]]| 
 []


Overfull \hbox (1.46353pt too wide) in paragraph at lines 213--214
[]|\OT1/cmr/m/n/10 [[]]| 
 []


Overfull \hbox (1.46353pt too wide) in paragraph at lines 214--215
[]|\OT1/cmr/m/n/10 [[]]| 
 []


Overfull \hbox (1.46353pt too wide) in paragraph at lines 215--217
[]|\OT1/cmr/m/n/10 [[]]| 
 []


Overfull \hbox (7.43576pt too wide) in paragraph at lines 220--221
[]|\OT1/cmr/m/n/10 M.E.| 
 []


LaTeX Warning: `!h' float specifier changed to `!ht'.

[31]
Overfull \hbox (0.84271pt too wide) in paragraph at lines 270--270
[][][][]\OT1/cmr/m/n/12 update  
 []


Overfull \hbox (0.84271pt too wide) in paragraph at lines 270--270
[][][][]\OT1/cmr/m/n/12 update  
 []


Overfull \hbox (0.84271pt too wide) in paragraph at lines 270--270
[][][][]\OT1/cmr/m/n/12 update  
 []


Overfull \hbox (0.84271pt too wide) in paragraph at lines 270--270
[][][][]\OT1/cmr/m/n/12 update  
 []

[32]
Overfull \hbox (1.46353pt too wide) in paragraph at lines 284--285
[]|\OT1/cmr/m/n/10 [[]]| 
 []


Overfull \hbox (1.46353pt too wide) in paragraph at lines 289--290
[]|\OT1/cmr/m/n/10 [[]]| 
 []


Overfull \hbox (1.46353pt too wide) in paragraph at lines 290--292
[]|\OT1/cmr/m/n/10 [[]]| 
 []


Overfull \hbox (1.46353pt too wide) in paragraph at lines 292--293
[]|\OT1/cmr/m/n/10 [[]]| 
 []

[33]
Overfull \hbox (1.46353pt too wide) in paragraph at lines 342--343
[]|\OT1/cmr/m/n/10 [[]]| 
 []


Overfull \hbox (1.46353pt too wide) in paragraph at lines 343--345
[]|\OT1/cmr/m/n/10 [[]]| 
 []


Overfull \hbox (1.46353pt too wide) in paragraph at lines 379--380
[]|\OT1/cmr/m/n/10 [[]]| 
 []


Overfull \hbox (1.46353pt too wide) in paragraph at lines 380--381
[]|\OT1/cmr/m/n/10 [[]]| 
 []


Overfull \hbox (1.46353pt too wide) in paragraph at lines 381--382
[]|\OT1/cmr/m/n/10 [[]]| 
 []


LaTeX Warning: `!h' float specifier changed to `!ht'.

[34]
Overfull \hbox (1.46353pt too wide) in paragraph at lines 401--402
[]|\OT1/cmr/m/n/10 [[]]| 
 []


Overfull \hbox (1.46353pt too wide) in paragraph at lines 402--403
[]|\OT1/cmr/m/n/10 [[]]| 
 []


Overfull \hbox (1.46353pt too wide) in paragraph at lines 418--419
[]|\OT1/cmr/m/n/10 [[]]| 
 []


Overfull \hbox (1.46353pt too wide) in paragraph at lines 419--420
[]|\OT1/cmr/m/n/10 [[]]| 
 []


Overfull \hbox (1.46353pt too wide) in paragraph at lines 435--436
[]|\OT1/cmr/m/n/10 [[]]| 
 []


Overfull \hbox (1.46353pt too wide) in paragraph at lines 436--437
[]|\OT1/cmr/m/n/10 [[]]| 
 []


Overfull \hbox (1.46353pt too wide) in paragraph at lines 437--438
[]|\OT1/cmr/m/n/10 [[]]| 
 []


Overfull \hbox (1.46353pt too wide) in paragraph at lines 453--454
[]|\OT1/cmr/m/n/10 [[]]| 
 []


Overfull \hbox (1.46353pt too wide) in paragraph at lines 454--455
[]|\OT1/cmr/m/n/10 [[]]| 
 []


Overfull \hbox (1.46353pt too wide) in paragraph at lines 455--456
[]|\OT1/cmr/m/n/10 [[]]| 
 []


LaTeX Warning: `!h' float specifier changed to `!ht'.

[35]
Overfull \hbox (1.46353pt too wide) in paragraph at lines 470--471
[]|\OT1/cmr/m/n/10 [[]]| 
 []


Underfull \hbox (badness 10000) in paragraph at lines 465--476

 []


Overfull \hbox (1.46353pt too wide) in paragraph at lines 485--486
[]|\OT1/cmr/m/n/10 [[]]| 
 []


Overfull \hbox (1.46353pt too wide) in paragraph at lines 486--487
[]|\OT1/cmr/m/n/10 [[]]| 
 []


Overfull \hbox (1.46353pt too wide) in paragraph at lines 487--488
[]|\OT1/cmr/m/n/10 [[]]| 
 []


Overfull \hbox (1.46353pt too wide) in paragraph at lines 488--489
[]|\OT1/cmr/m/n/10 [[]]| 
 []

[36]
Overfull \hbox (1.46353pt too wide) in paragraph at lines 503--504
[]|\OT1/cmr/m/n/10 [[]]| 
 []


Overfull \hbox (1.46353pt too wide) in paragraph at lines 504--505
[]|\OT1/cmr/m/n/10 [[]]| 
 []


Overfull \hbox (1.46353pt too wide) in paragraph at lines 505--506
[]|\OT1/cmr/m/n/10 [[]]| 
 []


Overfull \hbox (1.46353pt too wide) in paragraph at lines 523--524
[]|\OT1/cmr/m/n/10 [[]]| 
 []


Overfull \hbox (1.46353pt too wide) in paragraph at lines 524--525
[]|\OT1/cmr/m/n/10 [[]]| 
 []


Overfull \hbox (1.88019pt too wide) in paragraph at lines 525--526
[]|\OT1/cmr/m/n/10 ME| 
 []


Overfull \hbox (1.46353pt too wide) in paragraph at lines 526--527
[]|\OT1/cmr/m/n/10 [[]]| 
 []


Overfull \hbox (1.46353pt too wide) in paragraph at lines 527--528
[]|\OT1/cmr/m/n/10 [[]]| 
 []


Overfull \hbox (1.46353pt too wide) in paragraph at lines 543--544
[]|\OT1/cmr/m/n/10 [[]]| 
 []


Overfull \hbox (1.46353pt too wide) in paragraph at lines 558--559
[]|\OT1/cmr/m/n/10 [[]]| 
 []


Overfull \hbox (1.46353pt too wide) in paragraph at lines 559--560
[]|\OT1/cmr/m/n/10 [[]]| 
 []


LaTeX Warning: `!h' float specifier changed to `!ht'.


Overfull \hbox (1.46353pt too wide) in paragraph at lines 575--576
[]|\OT1/cmr/m/n/10 [[]]| 
 []


Overfull \hbox (1.46353pt too wide) in paragraph at lines 576--577
[]|\OT1/cmr/m/n/10 [[]]| 
 []


LaTeX Warning: `!h' float specifier changed to `!ht'.

[37]
Overfull \hbox (1.46353pt too wide) in paragraph at lines 590--591
[]|\OT1/cmr/m/n/10 [[]]| 
 []


Overfull \hbox (1.46353pt too wide) in paragraph at lines 604--605
[]|\OT1/cmr/m/n/10 [[]]| 
 []


Underfull \hbox (badness 10000) in paragraph at lines 609--613

 []


Overfull \hbox (1.46353pt too wide) in paragraph at lines 620--621
[]|\OT1/cmr/m/n/10 [[]]| 
 []


Overfull \hbox (1.46353pt too wide) in paragraph at lines 621--622
[]|\OT1/cmr/m/n/10 [[]]| 
 []


Overfull \hbox (1.46353pt too wide) in paragraph at lines 637--638
[]|\OT1/cmr/m/n/10 [[]]| 
 []


Overfull \hbox (1.46353pt too wide) in paragraph at lines 638--639
[]|\OT1/cmr/m/n/10 [[]]| 
 []


LaTeX Warning: `!h' float specifier changed to `!ht'.

[38]
Overfull \hbox (1.46353pt too wide) in paragraph at lines 654--655
[]|\OT1/cmr/m/n/10 [[]]| 
 []


Overfull \hbox (1.46353pt too wide) in paragraph at lines 655--656
[]|\OT1/cmr/m/n/10 [[]]| 
 []


Overfull \hbox (1.46353pt too wide) in paragraph at lines 656--657
[]|\OT1/cmr/m/n/10 [[]]| 
 []


Overfull \hbox (1.46353pt too wide) in paragraph at lines 672--673
[]|\OT1/cmr/m/n/10 [[]]| 
 []


Overfull \hbox (1.46353pt too wide) in paragraph at lines 688--689
[]|\OT1/cmr/m/n/10 [[]]| 
 []


Overfull \hbox (1.46353pt too wide) in paragraph at lines 689--690
[]|\OT1/cmr/m/n/10 [[]]| 
 []


Overfull \hbox (1.88019pt too wide) in paragraph at lines 690--691
[]|\OT1/cmr/m/n/10 ME| 
 []


Overfull \hbox (1.46353pt too wide) in paragraph at lines 691--692
[]|\OT1/cmr/m/n/10 [[]]| 
 []


Overfull \hbox (1.46353pt too wide) in paragraph at lines 692--693
[]|\OT1/cmr/m/n/10 [[]]| 
 []


Overfull \hbox (1.46353pt too wide) in paragraph at lines 709--710
[]|\OT1/cmr/m/n/10 [[]]| 
 []


LaTeX Warning: `!h' float specifier changed to `!ht'.

[39]
Overfull \hbox (1.46353pt too wide) in paragraph at lines 726--727
[]|\OT1/cmr/m/n/10 [[]]| 
 []


Overfull \hbox (1.46353pt too wide) in paragraph at lines 727--728
[]|\OT1/cmr/m/n/10 [[]]| 
 []


Overfull \hbox (1.46353pt too wide) in paragraph at lines 729--730
[]|\OT1/cmr/m/n/10 [[]]| 
 []


Overfull \hbox (1.46353pt too wide) in paragraph at lines 730--731
[]|\OT1/cmr/m/n/10 [[]]| 
 []


Overfull \hbox (1.46353pt too wide) in paragraph at lines 747--748
[]|\OT1/cmr/m/n/10 [[]]| 
 []


Overfull \hbox (1.46353pt too wide) in paragraph at lines 748--749
[]|\OT1/cmr/m/n/10 [[]]| 
 []


Overfull \hbox (1.46353pt too wide) in paragraph at lines 769--770
[]|\OT1/cmr/m/n/10 [[]]| 
 []


Overfull \hbox (1.46353pt too wide) in paragraph at lines 770--771
[]|\OT1/cmr/m/n/10 [[]]| 
 []


Overfull \hbox (1.46353pt too wide) in paragraph at lines 771--772
[]|\OT1/cmr/m/n/10 [[]]| 
 []


Overfull \hbox (1.46353pt too wide) in paragraph at lines 772--773
[]|\OT1/cmr/m/n/10 [[]]| 
 []


Overfull \hbox (1.46353pt too wide) in paragraph at lines 773--774
[]|\OT1/cmr/m/n/10 [[]]| 
 []


Overfull \hbox (1.46353pt too wide) in paragraph at lines 774--775
[]|\OT1/cmr/m/n/10 [[]]| 
 []


Overfull \hbox (1.46353pt too wide) in paragraph at lines 775--776
[]|\OT1/cmr/m/n/10 [[]]| 
 []


Overfull \hbox (1.46353pt too wide) in paragraph at lines 776--777
[]|\OT1/cmr/m/n/10 [[]]| 
 []


LaTeX Warning: `!h' float specifier changed to `!ht'.


Overfull \hbox (1.46353pt too wide) in paragraph at lines 792--793
[]|\OT1/cmr/m/n/10 [[]]| 
 []


Overfull \hbox (1.46353pt too wide) in paragraph at lines 793--794
[]|\OT1/cmr/m/n/10 [[]]| 
 []


LaTeX Warning: `!h' float specifier changed to `!ht'.


Overfull \hbox (1.46353pt too wide) in paragraph at lines 809--810
[]|\OT1/cmr/m/n/10 [[]]| 
 []


Underfull \hbox (badness 10000) in paragraph at lines 803--817

 []


LaTeX Warning: `!h' float specifier changed to `!ht'.

[40]
Overfull \hbox (1.88019pt too wide) in paragraph at lines 838--839
[]|\OT1/cmr/m/n/10 ME| 
 []


Overfull \hbox (1.46353pt too wide) in paragraph at lines 839--840
[]|\OT1/cmr/m/n/10 [[]]| 
 []


Overfull \hbox (1.46353pt too wide) in paragraph at lines 840--841
[]|\OT1/cmr/m/n/10 [[]]| 
 []

[41]
Overfull \hbox (1.46353pt too wide) in paragraph at lines 869--870
[]|\OT1/cmr/m/n/10 [[]]| 
 []


Overfull \hbox (1.46353pt too wide) in paragraph at lines 870--871
[]|\OT1/cmr/m/n/10 [[]]| 
 []


Overfull \hbox (1.46353pt too wide) in paragraph at lines 871--872
[]|\OT1/cmr/m/n/10 [[]]| 
 []


Overfull \hbox (1.46353pt too wide) in paragraph at lines 872--878
[]|\OT1/cmr/m/n/10 [[]]| 
 []


Underfull \hbox (badness 10000) in paragraph at lines 861--889

 []


Package natbib Warning: Citation `Hai1989' on page 42 undefined on input line 9
26.


Underfull \hbox (badness 10000) in paragraph at lines 926--927
[]|\OT1/cmr/m/n/10 [\OT1/cmr/bx/n/10 ?
 []


Package natbib Warning: Citation `Hai1989' on page 42 undefined on input line 9
27.


Underfull \hbox (badness 10000) in paragraph at lines 927--928
[]|\OT1/cmr/m/n/10 [\OT1/cmr/bx/n/10 ?
 []


Package natbib Warning: Citation `Hai1989' on page 42 undefined on input line 9
28.


Underfull \hbox (badness 10000) in paragraph at lines 928--929
[]|\OT1/cmr/m/n/10 [\OT1/cmr/bx/n/10 ?
 []


Package natbib Warning: Citation `Hai1989' on page 42 undefined on input line 9
29.


Underfull \hbox (badness 10000) in paragraph at lines 929--930
[]|\OT1/cmr/m/n/10 [\OT1/cmr/bx/n/10 ?
 []


Package natbib Warning: Citation `Hai1989' on page 42 undefined on input line 9
30.


Underfull \hbox (badness 10000) in paragraph at lines 930--931
[]|\OT1/cmr/m/n/10 [\OT1/cmr/bx/n/10 ?
 []


Overfull \hbox (1.46353pt too wide) in paragraph at lines 931--932
[]|\OT1/cmr/m/n/10 [[]]| 
 []


Overfull \hbox (1.46353pt too wide) in paragraph at lines 932--933
[]|\OT1/cmr/m/n/10 [[]]| 
 []

[42] [43]
Overfull \hbox (1.46353pt too wide) in paragraph at lines 971--972
[]|\OT1/cmr/m/n/10 [[]]| 
 []


Overfull \hbox (1.88019pt too wide) in paragraph at lines 972--973
[]|\OT1/cmr/m/n/10 ME| 
 []


Overfull \hbox (1.88019pt too wide) in paragraph at lines 973--974
[]|\OT1/cmr/m/n/10 ME| 
 []


Overfull \hbox (1.46353pt too wide) in paragraph at lines 974--975
[]|\OT1/cmr/m/n/10 [[]]| 
 []


Overfull \hbox (1.46353pt too wide) in paragraph at lines 975--976
[]|\OT1/cmr/m/n/10 [[]]| 
 []


Overfull \hbox (1.46353pt too wide) in paragraph at lines 976--977
[]|\OT1/cmr/m/n/10 [[]]| 
 []

) [44] (./NVUDocumentation.bbl [45

] [46]) [47]
No file NVUDocumentation.gls.

Package natbib Warning: There were undefined citations.

Package atveryend Info: Empty hook `BeforeClearDocument' on input line 96.
[48]
Package atveryend Info: Empty hook `AfterLastShipout' on input line 96.
 (./NVUDocumentation.aux (./ReleaseNotes.aux) (./CodeStructure.aux)
(./Introduction.aux) (./ExistingModels.aux) (./Equations.aux))
Package atveryend Info: Executing hook `AtVeryEndDocument' on input line 96.
Package atveryend Info: Executing hook `AtEndAfterFileList' on input line 96.
Package rerunfilecheck Info: File `NVUDocumentation.out' has not changed.
(rerunfilecheck)             Checksum: 9F38AC1D4EFE7A584734BDD668C43C1A;1649.


LaTeX Warning: There were multiply-defined labels.

Package atveryend Info: Empty hook `AtVeryVeryEnd' on input line 96.
 ) 
Here is how much of TeX's memory you used:
 30456 strings out of 493304
 614808 string characters out of 6139872
 846922 words of memory out of 5000000
 32975 multiletter control sequences out of 15000+600000
 21045 words of font info for 74 fonts, out of 8000000 for 9000
 957 hyphenation exceptions out of 8191
 63i,22n,82p,1950b,2434s stack positions out of 5000i,500n,10000p,200000b,80000s
pdfTeX warning (dest): name{glo:SR} has been referenced but does not exist, r
eplaced by a fixed one

pdfTeX warning (dest): name{glo:Cl} has been referenced but does not exist, rep
laced by a fixed one

pdfTeX warning (dest): name{glo:HCO3} has been referenced but does not exist, r
eplaced by a fixed one

pdfTeX warning (dest): name{glo:Na} has been referenced but does not exist, rep
laced by a fixed one

pdfTeX warning (dest): name{glo:LU} has been referenced but does not exist, rep
laced by a fixed one

pdfTeX warning (dest): name{glo:NO} has been referenced but does not exist, rep
laced by a fixed one

pdfTeX warning (dest): name{glo:O2} has been referenced but does not exist, rep
laced by a fixed one

pdfTeX warning (dest): name{glo:PVS} has been referenced but does not exist, re
placed by a fixed one

pdfTeX warning (dest): name{glo:Ca} has been referenced but does not exist, rep
laced by a fixed one

pdfTeX warning (dest): name{glo:IP3} has been referenced but does not exist, re
placed by a fixed one

pdfTeX warning (dest): name{glo:ER} has been referenced but does not exist, rep
laced by a fixed one

pdfTeX warning (dest): name{glo:K} has been referenced but does not exist, repl
aced by a fixed one

pdfTeX warning (dest): name{glo:SC} has been referenced but does not exist, rep
laced by a fixed one

pdfTeX warning (dest): name{glo:NVC} has been referenced but does not exist, re
placed by a fixed one

pdfTeX warning (dest): name{glo:NVU} has been referenced but does not exist, re
placed by a fixed one

pdfTeX warning (dest): name{glo:SMC} has been referenced but does not exist, re
placed by a fixed one

pdfTeX warning (dest): name{glo:EC} has been referenced but does not exist, rep
laced by a fixed one

pdfTeX warning (dest): name{glo:AC} has been referenced but does not exist, rep
laced by a fixed one

pdfTeX warning (dest): name{glo:NE} has been referenced but does not exist, rep
laced by a fixed one

{/usr/share/texmf/fonts/enc/dvips/cm-super/cm-super-ts1.enc}{/usr/share/texlive
/texmf-dist/fonts/enc/dvips/base/8r.enc}</usr/share/texlive/texmf-dist/fonts/ty
pe1/public/amsfonts/cm/cmbx10.pfb></usr/share/texlive/texmf-dist/fonts/type1/pu
blic/amsfonts/cm/cmbx12.pfb></usr/share/texlive/texmf-dist/fonts/type1/public/a
msfonts/cm/cmex10.pfb></usr/share/texlive/texmf-dist/fonts/type1/public/amsfont
s/cm/cmmi10.pfb></usr/share/texlive/texmf-dist/fonts/type1/public/amsfonts/cm/c
mmi12.pfb></usr/share/texlive/texmf-dist/fonts/type1/public/amsfonts/cm/cmmi5.p
fb></usr/share/texlive/texmf-dist/fonts/type1/public/amsfonts/cm/cmmi6.pfb></us
r/share/texlive/texmf-dist/fonts/type1/public/amsfonts/cm/cmmi7.pfb></usr/share
/texlive/texmf-dist/fonts/type1/public/amsfonts/cm/cmmi8.pfb></usr/share/texliv
e/texmf-dist/fonts/type1/public/amsfonts/cmextra/cmmib5.pfb></usr/share/texlive
/texmf-dist/fonts/type1/public/amsfonts/cmextra/cmmib6.pfb></usr/share/texlive/
texmf-dist/fonts/type1/public/amsfonts/cmextra/cmmib8.pfb></usr/share/texlive/t
exmf-dist/fonts/type1/public/amsfonts/cm/cmr10.pfb></usr/share/texlive/texmf-di
st/fonts/type1/public/amsfonts/cm/cmr12.pfb></usr/share/texlive/texmf-dist/font
s/type1/public/amsfonts/cm/cmr17.pfb></usr/share/texlive/texmf-dist/fonts/type1
/public/amsfonts/cm/cmr5.pfb></usr/share/texlive/texmf-dist/fonts/type1/public/
amsfonts/cm/cmr6.pfb></usr/share/texlive/texmf-dist/fonts/type1/public/amsfonts
/cm/cmr7.pfb></usr/share/texlive/texmf-dist/fonts/type1/public/amsfonts/cm/cmr8
.pfb></usr/share/texlive/texmf-dist/fonts/type1/public/amsfonts/cm/cmsy10.pfb><
/usr/share/texlive/texmf-dist/fonts/type1/public/amsfonts/cm/cmsy6.pfb></usr/sh
are/texlive/texmf-dist/fonts/type1/public/amsfonts/cm/cmsy7.pfb></usr/share/tex
live/texmf-dist/fonts/type1/public/amsfonts/cm/cmsy8.pfb></usr/share/texlive/te
xmf-dist/fonts/type1/public/amsfonts/cm/cmti12.pfb></usr/share/texlive/texmf-di
st/fonts/type1/public/amsfonts/cm/cmtt10.pfb></usr/share/texlive/texmf-dist/fon
ts/type1/public/amsfonts/cm/cmtt12.pfb></usr/share/texlive/texmf-dist/fonts/typ
e1/public/amsfonts/latxfont/lcircle1.pfb></usr/share/texmf/fonts/type1/public/c
m-super/sfrm1000.pfb></usr/share/texmf/fonts/type1/public/cm-super/sfrm1200.pfb
></usr/share/texlive/texmf-dist/fonts/type1/urw/courier/ucrr8a.pfb></usr/share/
texlive/texmf-dist/fonts/type1/urw/times/utmb8a.pfb></usr/share/texlive/texmf-d
ist/fonts/type1/urw/times/utmr8a.pfb>
Output written on NVUDocumentation.pdf (48 pages, 1301674 bytes).
PDF statistics:
 2432 PDF objects out of 2487 (max. 8388607)
 1937 compressed objects within 20 object streams
 275 named destinations out of 1000 (max. 500000)
 255 words of extra memory for PDF output out of 10000 (max. 10000000)

