This is pdfTeX, Version 3.1415926-2.5-1.40.14 (MiKTeX 2.9 64-bit) (preloaded format=pdflatex 2015.3.25)  13 MAY 2015 11:30
entering extended mode
**NVUDocumentation.tex

(P:\temp\Internship\Project\Report\Report_GA\Template_NVU_Documentation\doc\NVU
Documentation.tex
LaTeX2e <2011/06/27>
Babel <v3.8m> and hyphenation patterns for english, afrikaans, ancientgreek, ar
abic, armenian, assamese, basque, bengali, bokmal, bulgarian, catalan, coptic, 
croatian, czech, danish, dutch, esperanto, estonian, farsi, finnish, french, ga
lician, german, german-x-2013-05-26, greek, gujarati, hindi, hungarian, iceland
ic, indonesian, interlingua, irish, italian, kannada, kurmanji, latin, latvian,
 lithuanian, malayalam, marathi, mongolian, mongolianlmc, monogreek, ngerman, n
german-x-2013-05-26, nynorsk, oriya, panjabi, pinyin, polish, portuguese, roman
ian, russian, sanskrit, serbian, slovak, slovenian, spanish, swedish, swissgerm
an, tamil, telugu, turkish, turkmen, ukenglish, ukrainian, uppersorbian, usengl
ishmax, welsh, loaded.
("C:\Program Files\MiKTeX 2.9\tex\latex\base\article.cls"
Document Class: article 2007/10/19 v1.4h Standard LaTeX document class
("C:\Program Files\MiKTeX 2.9\tex\latex\base\size12.clo"
File: size12.clo 2007/10/19 v1.4h Standard LaTeX file (size option)
)
\c@part=\count79
\c@section=\count80
\c@subsection=\count81
\c@subsubsection=\count82
\c@paragraph=\count83
\c@subparagraph=\count84
\c@figure=\count85
\c@table=\count86
\abovecaptionskip=\skip41
\belowcaptionskip=\skip42
\bibindent=\dimen102
)
("C:\Program Files\MiKTeX 2.9\tex\latex\amsmath\amsmath.sty"
Package: amsmath 2013/01/14 v2.14 AMS math features
\@mathmargin=\skip43

For additional information on amsmath, use the `?' option.
("C:\Program Files\MiKTeX 2.9\tex\latex\amsmath\amstext.sty"
Package: amstext 2000/06/29 v2.01

("C:\Program Files\MiKTeX 2.9\tex\latex\amsmath\amsgen.sty"
File: amsgen.sty 1999/11/30 v2.0
\@emptytoks=\toks14
\ex@=\dimen103
))
("C:\Program Files\MiKTeX 2.9\tex\latex\amsmath\amsbsy.sty"
Package: amsbsy 1999/11/29 v1.2d
\pmbraise@=\dimen104
)
("C:\Program Files\MiKTeX 2.9\tex\latex\amsmath\amsopn.sty"
Package: amsopn 1999/12/14 v2.01 operator names
)
\inf@bad=\count87
LaTeX Info: Redefining \frac on input line 210.
\uproot@=\count88
\leftroot@=\count89
LaTeX Info: Redefining \overline on input line 306.
\classnum@=\count90
\DOTSCASE@=\count91
LaTeX Info: Redefining \ldots on input line 378.
LaTeX Info: Redefining \dots on input line 381.
LaTeX Info: Redefining \cdots on input line 466.
\Mathstrutbox@=\box26
\strutbox@=\box27
\big@size=\dimen105
LaTeX Font Info:    Redeclaring font encoding OML on input line 566.
LaTeX Font Info:    Redeclaring font encoding OMS on input line 567.
\macc@depth=\count92
\c@MaxMatrixCols=\count93
\dotsspace@=\muskip10
\c@parentequation=\count94
\dspbrk@lvl=\count95
\tag@help=\toks15
\row@=\count96
\column@=\count97
\maxfields@=\count98
\andhelp@=\toks16
\eqnshift@=\dimen106
\alignsep@=\dimen107
\tagshift@=\dimen108
\tagwidth@=\dimen109
\totwidth@=\dimen110
\lineht@=\dimen111
\@envbody=\toks17
\multlinegap=\skip44
\multlinetaggap=\skip45
\mathdisplay@stack=\toks18
LaTeX Info: Redefining \[ on input line 2665.
LaTeX Info: Redefining \] on input line 2666.
)
(C:\Users\mwb76\AppData\Roaming\MiKTeX\2.9\tex\latex\xcolor\xcolor.sty
Package: xcolor 2007/01/21 v2.11 LaTeX color extensions (UK)

("C:\Program Files\MiKTeX 2.9\tex\latex\00miktex\color.cfg"
File: color.cfg 2007/01/18 v1.5 color configuration of teTeX/TeXLive
)
Package xcolor Info: Driver file: pdftex.def on input line 225.

("C:\Program Files\MiKTeX 2.9\tex\latex\pdftex-def\pdftex.def"
File: pdftex.def 2011/05/27 v0.06d Graphics/color for pdfTeX

("C:\Program Files\MiKTeX 2.9\tex\generic\oberdiek\infwarerr.sty"
Package: infwarerr 2010/04/08 v1.3 Providing info/warning/error messages (HO)
)
("C:\Program Files\MiKTeX 2.9\tex\generic\oberdiek\ltxcmds.sty"
Package: ltxcmds 2011/11/09 v1.22 LaTeX kernel commands for general use (HO)
)
\Gread@gobject=\count99
)
Package xcolor Info: Model `cmy' substituted by `cmy0' on input line 1337.
Package xcolor Info: Model `hsb' substituted by `rgb' on input line 1341.
Package xcolor Info: Model `RGB' extended on input line 1353.
Package xcolor Info: Model `HTML' substituted by `rgb' on input line 1355.
Package xcolor Info: Model `Hsb' substituted by `hsb' on input line 1356.
Package xcolor Info: Model `tHsb' substituted by `hsb' on input line 1357.
Package xcolor Info: Model `HSB' substituted by `hsb' on input line 1358.
Package xcolor Info: Model `Gray' substituted by `gray' on input line 1359.
Package xcolor Info: Model `wave' substituted by `hsb' on input line 1360.
)
(C:\Users\mwb76\AppData\Roaming\MiKTeX\2.9\tex\latex\todonotes\todonotes.sty
Package: todonotes 2012/07/25 .dtx Todonotes source and documentation.
Package: todonotes 2012/07/25

("C:\Program Files\MiKTeX 2.9\tex\latex\base\ifthen.sty"
Package: ifthen 2001/05/26 v1.1c Standard LaTeX ifthen package (DPC)
)
("C:\Program Files\MiKTeX 2.9\tex\latex\xkeyval\xkeyval.sty"
Package: xkeyval 2012/10/14 v2.6b package option processing (HA)

("C:\Program Files\MiKTeX 2.9\tex\generic\xkeyval\xkeyval.tex"
\XKV@toks=\toks19
\XKV@tempa@toks=\toks20
\XKV@depth=\count100
File: xkeyval.tex 2012/10/14 v2.6b key=value parser (HA)

("C:\Program Files\MiKTeX 2.9\tex\generic\xkeyval\keyval.tex")))
(C:\Users\mwb76\AppData\Roaming\MiKTeX\2.9\tex\latex\pgf\frontendlayer\tikz.sty
(C:\Users\mwb76\AppData\Roaming\MiKTeX\2.9\tex\latex\pgf\basiclayer\pgf.sty
(C:\Users\mwb76\AppData\Roaming\MiKTeX\2.9\tex\latex\pgf\utilities\pgfrcs.sty
(C:\Users\mwb76\AppData\Roaming\MiKTeX\2.9\tex\generic\pgf\utilities\pgfutil-co
mmon.tex
\pgfutil@everybye=\toks21
\pgfutil@tempdima=\dimen112
\pgfutil@tempdimb=\dimen113

(C:\Users\mwb76\AppData\Roaming\MiKTeX\2.9\tex\generic\pgf\utilities\pgfutil-co
mmon-lists.tex))
(C:\Users\mwb76\AppData\Roaming\MiKTeX\2.9\tex\generic\pgf\utilities\pgfutil-la
tex.def
\pgfutil@abb=\box28
 (C:\Users\mwb76\AppData\Roaming\MiKTeX\2.9\tex\latex\ms\everyshi.sty
Package: everyshi 2001/05/15 v3.00 EveryShipout Package (MS)
))
(C:\Users\mwb76\AppData\Roaming\MiKTeX\2.9\tex\generic\pgf\utilities\pgfrcs.cod
e.tex
Package: pgfrcs 2013/12/20 v3.0.0 (rcs-revision 1.28)
))
Package: pgf 2013/12/18 v3.0.0 (rcs-revision 1.14)

(C:\Users\mwb76\AppData\Roaming\MiKTeX\2.9\tex\latex\pgf\basiclayer\pgfcore.sty
("C:\Program Files\MiKTeX 2.9\tex\latex\graphics\graphicx.sty"
Package: graphicx 1999/02/16 v1.0f Enhanced LaTeX Graphics (DPC,SPQR)

("C:\Program Files\MiKTeX 2.9\tex\latex\graphics\graphics.sty"
Package: graphics 2009/02/05 v1.0o Standard LaTeX Graphics (DPC,SPQR)

("C:\Program Files\MiKTeX 2.9\tex\latex\graphics\trig.sty"
Package: trig 1999/03/16 v1.09 sin cos tan (DPC)
)
("C:\Program Files\MiKTeX 2.9\tex\latex\00miktex\graphics.cfg"
File: graphics.cfg 2007/01/18 v1.5 graphics configuration of teTeX/TeXLive
)
Package graphics Info: Driver file: pdftex.def on input line 91.
)
\Gin@req@height=\dimen114
\Gin@req@width=\dimen115
)
(C:\Users\mwb76\AppData\Roaming\MiKTeX\2.9\tex\latex\pgf\systemlayer\pgfsys.sty

(C:\Users\mwb76\AppData\Roaming\MiKTeX\2.9\tex\generic\pgf\systemlayer\pgfsys.c
ode.tex
Package: pgfsys 2013/11/30 v3.0.0 (rcs-revision 1.47)

(C:\Users\mwb76\AppData\Roaming\MiKTeX\2.9\tex\generic\pgf\utilities\pgfkeys.co
de.tex
\pgfkeys@pathtoks=\toks22
\pgfkeys@temptoks=\toks23

(C:\Users\mwb76\AppData\Roaming\MiKTeX\2.9\tex\generic\pgf\utilities\pgfkeysfil
tered.code.tex
\pgfkeys@tmptoks=\toks24
))
\pgf@x=\dimen116
\pgf@y=\dimen117
\pgf@xa=\dimen118
\pgf@ya=\dimen119
\pgf@xb=\dimen120
\pgf@yb=\dimen121
\pgf@xc=\dimen122
\pgf@yc=\dimen123
\w@pgf@writea=\write3
\r@pgf@reada=\read1
\c@pgf@counta=\count101
\c@pgf@countb=\count102
\c@pgf@countc=\count103
\c@pgf@countd=\count104
\t@pgf@toka=\toks25
\t@pgf@tokb=\toks26
\t@pgf@tokc=\toks27

(C:\Users\mwb76\AppData\Roaming\MiKTeX\2.9\tex\generic\pgf\systemlayer\pgf.cfg
File: pgf.cfg 2008/05/14  (rcs-revision 1.7)
)
Driver file for pgf: pgfsys-pdftex.def

(C:\Users\mwb76\AppData\Roaming\MiKTeX\2.9\tex\generic\pgf\systemlayer\pgfsys-p
dftex.def
File: pgfsys-pdftex.def 2013/07/18  (rcs-revision 1.33)

(C:\Users\mwb76\AppData\Roaming\MiKTeX\2.9\tex\generic\pgf\systemlayer\pgfsys-c
ommon-pdf.def
File: pgfsys-common-pdf.def 2013/10/10  (rcs-revision 1.13)
)))
(C:\Users\mwb76\AppData\Roaming\MiKTeX\2.9\tex\generic\pgf\systemlayer\pgfsysso
ftpath.code.tex
File: pgfsyssoftpath.code.tex 2013/09/09  (rcs-revision 1.9)
\pgfsyssoftpath@smallbuffer@items=\count105
\pgfsyssoftpath@bigbuffer@items=\count106
)
(C:\Users\mwb76\AppData\Roaming\MiKTeX\2.9\tex\generic\pgf\systemlayer\pgfsyspr
otocol.code.tex
File: pgfsysprotocol.code.tex 2006/10/16  (rcs-revision 1.4)
))
(C:\Users\mwb76\AppData\Roaming\MiKTeX\2.9\tex\generic\pgf\basiclayer\pgfcore.c
ode.tex
Package: pgfcore 2010/04/11 v3.0.0 (rcs-revision 1.7)

(C:\Users\mwb76\AppData\Roaming\MiKTeX\2.9\tex\generic\pgf\math\pgfmath.code.te
x
(C:\Users\mwb76\AppData\Roaming\MiKTeX\2.9\tex\generic\pgf\math\pgfmathcalc.cod
e.tex
(C:\Users\mwb76\AppData\Roaming\MiKTeX\2.9\tex\generic\pgf\math\pgfmathutil.cod
e.tex)
(C:\Users\mwb76\AppData\Roaming\MiKTeX\2.9\tex\generic\pgf\math\pgfmathparser.c
ode.tex
\pgfmath@dimen=\dimen124
\pgfmath@count=\count107
\pgfmath@box=\box29
\pgfmath@toks=\toks28
\pgfmath@stack@operand=\toks29
\pgfmath@stack@operation=\toks30
)
(C:\Users\mwb76\AppData\Roaming\MiKTeX\2.9\tex\generic\pgf\math\pgfmathfunction
s.code.tex
(C:\Users\mwb76\AppData\Roaming\MiKTeX\2.9\tex\generic\pgf\math\pgfmathfunction
s.basic.code.tex)
(C:\Users\mwb76\AppData\Roaming\MiKTeX\2.9\tex\generic\pgf\math\pgfmathfunction
s.trigonometric.code.tex)
(C:\Users\mwb76\AppData\Roaming\MiKTeX\2.9\tex\generic\pgf\math\pgfmathfunction
s.random.code.tex)
(C:\Users\mwb76\AppData\Roaming\MiKTeX\2.9\tex\generic\pgf\math\pgfmathfunction
s.comparison.code.tex)
(C:\Users\mwb76\AppData\Roaming\MiKTeX\2.9\tex\generic\pgf\math\pgfmathfunction
s.base.code.tex)
(C:\Users\mwb76\AppData\Roaming\MiKTeX\2.9\tex\generic\pgf\math\pgfmathfunction
s.round.code.tex)
(C:\Users\mwb76\AppData\Roaming\MiKTeX\2.9\tex\generic\pgf\math\pgfmathfunction
s.misc.code.tex)
(C:\Users\mwb76\AppData\Roaming\MiKTeX\2.9\tex\generic\pgf\math\pgfmathfunction
s.integerarithmetics.code.tex)))
(C:\Users\mwb76\AppData\Roaming\MiKTeX\2.9\tex\generic\pgf\math\pgfmathfloat.co
de.tex
\c@pgfmathroundto@lastzeros=\count108
))
(C:\Users\mwb76\AppData\Roaming\MiKTeX\2.9\tex\generic\pgf\basiclayer\pgfcorepo
ints.code.tex
File: pgfcorepoints.code.tex 2013/10/07  (rcs-revision 1.27)
\pgf@picminx=\dimen125
\pgf@picmaxx=\dimen126
\pgf@picminy=\dimen127
\pgf@picmaxy=\dimen128
\pgf@pathminx=\dimen129
\pgf@pathmaxx=\dimen130
\pgf@pathminy=\dimen131
\pgf@pathmaxy=\dimen132
\pgf@xx=\dimen133
\pgf@xy=\dimen134
\pgf@yx=\dimen135
\pgf@yy=\dimen136
\pgf@zx=\dimen137
\pgf@zy=\dimen138
)
(C:\Users\mwb76\AppData\Roaming\MiKTeX\2.9\tex\generic\pgf\basiclayer\pgfcorepa
thconstruct.code.tex
File: pgfcorepathconstruct.code.tex 2013/10/07  (rcs-revision 1.29)
\pgf@path@lastx=\dimen139
\pgf@path@lasty=\dimen140
)
(C:\Users\mwb76\AppData\Roaming\MiKTeX\2.9\tex\generic\pgf\basiclayer\pgfcorepa
thusage.code.tex
File: pgfcorepathusage.code.tex 2013/12/13  (rcs-revision 1.23)
\pgf@shorten@end@additional=\dimen141
\pgf@shorten@start@additional=\dimen142
)
(C:\Users\mwb76\AppData\Roaming\MiKTeX\2.9\tex\generic\pgf\basiclayer\pgfcoresc
opes.code.tex
File: pgfcorescopes.code.tex 2013/10/09  (rcs-revision 1.44)
\pgfpic=\box30
\pgf@hbox=\box31
\pgf@layerbox@main=\box32
\pgf@picture@serial@count=\count109
)
(C:\Users\mwb76\AppData\Roaming\MiKTeX\2.9\tex\generic\pgf\basiclayer\pgfcoregr
aphicstate.code.tex
File: pgfcoregraphicstate.code.tex 2013/09/19  (rcs-revision 1.11)
\pgflinewidth=\dimen143
)
(C:\Users\mwb76\AppData\Roaming\MiKTeX\2.9\tex\generic\pgf\basiclayer\pgfcoretr
ansformations.code.tex
File: pgfcoretransformations.code.tex 2013/10/10  (rcs-revision 1.17)
\pgf@pt@x=\dimen144
\pgf@pt@y=\dimen145
\pgf@pt@temp=\dimen146
)
(C:\Users\mwb76\AppData\Roaming\MiKTeX\2.9\tex\generic\pgf\basiclayer\pgfcorequ
ick.code.tex
File: pgfcorequick.code.tex 2008/10/09  (rcs-revision 1.3)
)
(C:\Users\mwb76\AppData\Roaming\MiKTeX\2.9\tex\generic\pgf\basiclayer\pgfcoreob
jects.code.tex
File: pgfcoreobjects.code.tex 2006/10/11  (rcs-revision 1.2)
)
(C:\Users\mwb76\AppData\Roaming\MiKTeX\2.9\tex\generic\pgf\basiclayer\pgfcorepa
thprocessing.code.tex
File: pgfcorepathprocessing.code.tex 2013/09/09  (rcs-revision 1.9)
)
(C:\Users\mwb76\AppData\Roaming\MiKTeX\2.9\tex\generic\pgf\basiclayer\pgfcorear
rows.code.tex
File: pgfcorearrows.code.tex 2013/11/07  (rcs-revision 1.40)
\pgfarrowsep=\dimen147
)
(C:\Users\mwb76\AppData\Roaming\MiKTeX\2.9\tex\generic\pgf\basiclayer\pgfcoresh
ade.code.tex
File: pgfcoreshade.code.tex 2013/07/15  (rcs-revision 1.15)
\pgf@max=\dimen148
\pgf@sys@shading@range@num=\count110
)
(C:\Users\mwb76\AppData\Roaming\MiKTeX\2.9\tex\generic\pgf\basiclayer\pgfcoreim
age.code.tex
File: pgfcoreimage.code.tex 2013/07/15  (rcs-revision 1.18)

(C:\Users\mwb76\AppData\Roaming\MiKTeX\2.9\tex\generic\pgf\basiclayer\pgfcoreex
ternal.code.tex
File: pgfcoreexternal.code.tex 2013/07/15  (rcs-revision 1.20)
\pgfexternal@startupbox=\box33
))
(C:\Users\mwb76\AppData\Roaming\MiKTeX\2.9\tex\generic\pgf\basiclayer\pgfcorela
yers.code.tex
File: pgfcorelayers.code.tex 2013/07/18  (rcs-revision 1.7)
)
(C:\Users\mwb76\AppData\Roaming\MiKTeX\2.9\tex\generic\pgf\basiclayer\pgfcoretr
ansparency.code.tex
File: pgfcoretransparency.code.tex 2013/09/30  (rcs-revision 1.5)
)
(C:\Users\mwb76\AppData\Roaming\MiKTeX\2.9\tex\generic\pgf\basiclayer\pgfcorepa
tterns.code.tex
File: pgfcorepatterns.code.tex 2013/11/07  (rcs-revision 1.5)
)))
(C:\Users\mwb76\AppData\Roaming\MiKTeX\2.9\tex\generic\pgf\modules\pgfmodulesha
pes.code.tex
File: pgfmoduleshapes.code.tex 2013/10/31  (rcs-revision 1.34)
\pgfnodeparttextbox=\box34
)
(C:\Users\mwb76\AppData\Roaming\MiKTeX\2.9\tex\generic\pgf\modules\pgfmoduleplo
t.code.tex
File: pgfmoduleplot.code.tex 2013/07/31  (rcs-revision 1.12)
)
(C:\Users\mwb76\AppData\Roaming\MiKTeX\2.9\tex\latex\pgf\compatibility\pgfcomp-
version-0-65.sty
Package: pgfcomp-version-0-65 2007/07/03 v3.0.0 (rcs-revision 1.7)
\pgf@nodesepstart=\dimen149
\pgf@nodesepend=\dimen150
)
(C:\Users\mwb76\AppData\Roaming\MiKTeX\2.9\tex\latex\pgf\compatibility\pgfcomp-
version-1-18.sty
Package: pgfcomp-version-1-18 2007/07/23 v3.0.0 (rcs-revision 1.1)
))
(C:\Users\mwb76\AppData\Roaming\MiKTeX\2.9\tex\latex\pgf\utilities\pgffor.sty
(C:\Users\mwb76\AppData\Roaming\MiKTeX\2.9\tex\latex\pgf\utilities\pgfkeys.sty
(C:\Users\mwb76\AppData\Roaming\MiKTeX\2.9\tex\generic\pgf\utilities\pgfkeys.co
de.tex))
(C:\Users\mwb76\AppData\Roaming\MiKTeX\2.9\tex\latex\pgf\math\pgfmath.sty
(C:\Users\mwb76\AppData\Roaming\MiKTeX\2.9\tex\generic\pgf\math\pgfmath.code.te
x))
(C:\Users\mwb76\AppData\Roaming\MiKTeX\2.9\tex\generic\pgf\utilities\pgffor.cod
e.tex
Package: pgffor 2013/12/13 v3.0.0 (rcs-revision 1.25)

(C:\Users\mwb76\AppData\Roaming\MiKTeX\2.9\tex\generic\pgf\math\pgfmath.code.te
x)
\pgffor@iter=\dimen151
\pgffor@skip=\dimen152
\pgffor@stack=\toks31
\pgffor@toks=\toks32
))
(C:\Users\mwb76\AppData\Roaming\MiKTeX\2.9\tex\generic\pgf\frontendlayer\tikz\t
ikz.code.tex
Package: tikz 2013/12/13 v3.0.0 (rcs-revision 1.142)

(C:\Users\mwb76\AppData\Roaming\MiKTeX\2.9\tex\generic\pgf\libraries\pgflibrary
plothandlers.code.tex
File: pgflibraryplothandlers.code.tex 2013/08/31 v3.0.0 (rcs-revision 1.20)
\pgf@plot@mark@count=\count111
\pgfplotmarksize=\dimen153
)
\tikz@lastx=\dimen154
\tikz@lasty=\dimen155
\tikz@lastxsaved=\dimen156
\tikz@lastysaved=\dimen157
\tikzleveldistance=\dimen158
\tikzsiblingdistance=\dimen159
\tikz@figbox=\box35
\tikz@figbox@bg=\box36
\tikz@tempbox=\box37
\tikz@tempbox@bg=\box38
\tikztreelevel=\count112
\tikznumberofchildren=\count113
\tikznumberofcurrentchild=\count114
\tikz@fig@count=\count115

(C:\Users\mwb76\AppData\Roaming\MiKTeX\2.9\tex\generic\pgf\modules\pgfmodulemat
rix.code.tex
File: pgfmodulematrix.code.tex 2013/09/17  (rcs-revision 1.8)
\pgfmatrixcurrentrow=\count116
\pgfmatrixcurrentcolumn=\count117
\pgf@matrix@numberofcolumns=\count118
)
\tikz@expandcount=\count119

(C:\Users\mwb76\AppData\Roaming\MiKTeX\2.9\tex\generic\pgf\frontendlayer\tikz\l
ibraries\tikzlibrarytopaths.code.tex
File: tikzlibrarytopaths.code.tex 2008/06/17 v3.0.0 (rcs-revision 1.2)
)))
(C:\Users\mwb76\AppData\Roaming\MiKTeX\2.9\tex\generic\pgf\frontendlayer\tikz\l
ibraries\tikzlibrarypositioning.code.tex
File: tikzlibrarypositioning.code.tex 2008/10/06 v3.0.0 (rcs-revision 1.7)
)
("C:\Program Files\MiKTeX 2.9\tex\latex\tools\calc.sty"
Package: calc 2007/08/22 v4.3 Infix arithmetic (KKT,FJ)
\calc@Acount=\count120
\calc@Bcount=\count121
\calc@Adimen=\dimen160
\calc@Bdimen=\dimen161
\calc@Askip=\skip46
\calc@Bskip=\skip47
LaTeX Info: Redefining \setlength on input line 76.
LaTeX Info: Redefining \addtolength on input line 77.
\calc@Ccount=\count122
\calc@Cskip=\skip48
)
\c@@todonotes@numberoftodonotes=\count123
)
(C:\Users\mwb76\AppData\Roaming\MiKTeX\2.9\tex\latex\marvosym\marvosym.sty
Package: marvosym 2011/07/20 v2.2 Martin Vogel's Symbols font definitions
)
(C:\Users\mwb76\AppData\Roaming\MiKTeX\2.9\tex\latex\dstroke\dsfont.sty
Package: dsfont 1995/08/01 v0.1 Double stroke roman fonts
)
(C:\Users\mwb76\AppData\Roaming\MiKTeX\2.9\tex\latex\import\import.sty
Package: import 2009/03/23  v 5.1
)
(C:\Users\mwb76\AppData\Roaming\MiKTeX\2.9\tex\latex\preprint\fullpage.sty
Package: fullpage 1999/02/23 1.1 (PWD)
\FP@margin=\skip49
)
("C:\Program Files\MiKTeX 2.9\tex\latex\base\textcomp.sty"
Package: textcomp 2005/09/27 v1.99g Standard LaTeX package
Package textcomp Info: Sub-encoding information:
(textcomp)               5 = only ISO-Adobe without \textcurrency
(textcomp)               4 = 5 + \texteuro
(textcomp)               3 = 4 + \textohm
(textcomp)               2 = 3 + \textestimated + \textcurrency
(textcomp)               1 = TS1 - \textcircled - \t
(textcomp)               0 = TS1 (full)
(textcomp)             Font families with sub-encoding setting implement
(textcomp)             only a restricted character set as indicated.
(textcomp)             Family '?' is the default used for unknown fonts.
(textcomp)             See the documentation for details.
Package textcomp Info: Setting ? sub-encoding to TS1/1 on input line 71.

("C:\Program Files\MiKTeX 2.9\tex\latex\base\ts1enc.def"
File: ts1enc.def 2001/06/05 v3.0e (jk/car/fm) Standard LaTeX file
)
LaTeX Info: Redefining \oldstylenums on input line 266.
Package textcomp Info: Setting cmr sub-encoding to TS1/0 on input line 281.
Package textcomp Info: Setting cmss sub-encoding to TS1/0 on input line 282.
Package textcomp Info: Setting cmtt sub-encoding to TS1/0 on input line 283.
Package textcomp Info: Setting cmvtt sub-encoding to TS1/0 on input line 284.
Package textcomp Info: Setting cmbr sub-encoding to TS1/0 on input line 285.
Package textcomp Info: Setting cmtl sub-encoding to TS1/0 on input line 286.
Package textcomp Info: Setting ccr sub-encoding to TS1/0 on input line 287.
Package textcomp Info: Setting ptm sub-encoding to TS1/4 on input line 288.
Package textcomp Info: Setting pcr sub-encoding to TS1/4 on input line 289.
Package textcomp Info: Setting phv sub-encoding to TS1/4 on input line 290.
Package textcomp Info: Setting ppl sub-encoding to TS1/3 on input line 291.
Package textcomp Info: Setting pag sub-encoding to TS1/4 on input line 292.
Package textcomp Info: Setting pbk sub-encoding to TS1/4 on input line 293.
Package textcomp Info: Setting pnc sub-encoding to TS1/4 on input line 294.
Package textcomp Info: Setting pzc sub-encoding to TS1/4 on input line 295.
Package textcomp Info: Setting bch sub-encoding to TS1/4 on input line 296.
Package textcomp Info: Setting put sub-encoding to TS1/5 on input line 297.
Package textcomp Info: Setting uag sub-encoding to TS1/5 on input line 298.
Package textcomp Info: Setting ugq sub-encoding to TS1/5 on input line 299.
Package textcomp Info: Setting ul8 sub-encoding to TS1/4 on input line 300.
Package textcomp Info: Setting ul9 sub-encoding to TS1/4 on input line 301.
Package textcomp Info: Setting augie sub-encoding to TS1/5 on input line 302.
Package textcomp Info: Setting dayrom sub-encoding to TS1/3 on input line 303.
Package textcomp Info: Setting dayroms sub-encoding to TS1/3 on input line 304.

Package textcomp Info: Setting pxr sub-encoding to TS1/0 on input line 305.
Package textcomp Info: Setting pxss sub-encoding to TS1/0 on input line 306.
Package textcomp Info: Setting pxtt sub-encoding to TS1/0 on input line 307.
Package textcomp Info: Setting txr sub-encoding to TS1/0 on input line 308.
Package textcomp Info: Setting txss sub-encoding to TS1/0 on input line 309.
Package textcomp Info: Setting txtt sub-encoding to TS1/0 on input line 310.
Package textcomp Info: Setting lmr sub-encoding to TS1/0 on input line 311.
Package textcomp Info: Setting lmdh sub-encoding to TS1/0 on input line 312.
Package textcomp Info: Setting lmss sub-encoding to TS1/0 on input line 313.
Package textcomp Info: Setting lmssq sub-encoding to TS1/0 on input line 314.
Package textcomp Info: Setting lmvtt sub-encoding to TS1/0 on input line 315.
Package textcomp Info: Setting qhv sub-encoding to TS1/0 on input line 316.
Package textcomp Info: Setting qag sub-encoding to TS1/0 on input line 317.
Package textcomp Info: Setting qbk sub-encoding to TS1/0 on input line 318.
Package textcomp Info: Setting qcr sub-encoding to TS1/0 on input line 319.
Package textcomp Info: Setting qcs sub-encoding to TS1/0 on input line 320.
Package textcomp Info: Setting qpl sub-encoding to TS1/0 on input line 321.
Package textcomp Info: Setting qtm sub-encoding to TS1/0 on input line 322.
Package textcomp Info: Setting qzc sub-encoding to TS1/0 on input line 323.
Package textcomp Info: Setting qhvc sub-encoding to TS1/0 on input line 324.
Package textcomp Info: Setting futs sub-encoding to TS1/4 on input line 325.
Package textcomp Info: Setting futx sub-encoding to TS1/4 on input line 326.
Package textcomp Info: Setting futj sub-encoding to TS1/4 on input line 327.
Package textcomp Info: Setting hlh sub-encoding to TS1/3 on input line 328.
Package textcomp Info: Setting hls sub-encoding to TS1/3 on input line 329.
Package textcomp Info: Setting hlst sub-encoding to TS1/3 on input line 330.
Package textcomp Info: Setting hlct sub-encoding to TS1/5 on input line 331.
Package textcomp Info: Setting hlx sub-encoding to TS1/5 on input line 332.
Package textcomp Info: Setting hlce sub-encoding to TS1/5 on input line 333.
Package textcomp Info: Setting hlcn sub-encoding to TS1/5 on input line 334.
Package textcomp Info: Setting hlcw sub-encoding to TS1/5 on input line 335.
Package textcomp Info: Setting hlcf sub-encoding to TS1/5 on input line 336.
Package textcomp Info: Setting pplx sub-encoding to TS1/3 on input line 337.
Package textcomp Info: Setting pplj sub-encoding to TS1/3 on input line 338.
Package textcomp Info: Setting ptmx sub-encoding to TS1/4 on input line 339.
Package textcomp Info: Setting ptmj sub-encoding to TS1/4 on input line 340.
)
(C:\Users\mwb76\AppData\Roaming\MiKTeX\2.9\tex\latex\colortbl\colortbl.sty
Package: colortbl 2012/02/13 v1.0a Color table columns (DPC)

("C:\Program Files\MiKTeX 2.9\tex\latex\tools\array.sty"
Package: array 2008/09/09 v2.4c Tabular extension package (FMi)
\col@sep=\dimen162
\extrarowheight=\dimen163
\NC@list=\toks33
\extratabsurround=\skip50
\backup@length=\skip51
)
\everycr=\toks34
\minrowclearance=\skip52
)
(C:\Users\mwb76\AppData\Roaming\MiKTeX\2.9\tex\latex\pgfplots\pgfplots.sty
(C:\Users\mwb76\AppData\Roaming\MiKTeX\2.9\tex\generic\pgfplots\pgfplots.revisi
on.tex)
Package: pgfplots 2015/01/31 v1.12 Data Visualization (1.12)

(C:\Users\mwb76\AppData\Roaming\MiKTeX\2.9\tex\generic\pgfplots\pgfplots.code.t
ex
(C:\Users\mwb76\AppData\Roaming\MiKTeX\2.9\tex\generic\pgfplots\pgfplotscore.co
de.tex
\t@pgfplots@toka=\toks35
\t@pgfplots@tokb=\toks36
\t@pgfplots@tokc=\toks37
\pgfplots@tmpa=\dimen164
\c@pgfplots@coordindex=\count124
\c@pgfplots@scanlineindex=\count125

(C:\Users\mwb76\AppData\Roaming\MiKTeX\2.9\tex\generic\pgfplots\sys\pgfplotssys
generic.code.tex))
(C:\Users\mwb76\AppData\Roaming\MiKTeX\2.9\tex\generic\pgfplots\libs\pgfplotsli
brary.code.tex)
(C:\Users\mwb76\AppData\Roaming\MiKTeX\2.9\tex\generic\pgfplots\oldpgfcompatib\
pgfplotsoldpgfsupp_loader.code.tex
(C:\Users\mwb76\AppData\Roaming\MiKTeX\2.9\tex\generic\pgf\libraries\pgflibrary
fpu.code.tex)
Package pgfplots: loading complementary arithmetics for your pgf version...

(C:\Users\mwb76\AppData\Roaming\MiKTeX\2.9\tex\generic\pgfplots\oldpgfcompatib\
pgfplotsoldpgfsupp_pgflibraryfpu.code.tex)
(C:\Users\mwb76\AppData\Roaming\MiKTeX\2.9\tex\generic\pgfplots\oldpgfcompatib\
pgfplotsoldpgfsupp_pgfmathfloat.code.tex
\c@pgfmathroundto@lastzeros=\count126
)
(C:\Users\mwb76\AppData\Roaming\MiKTeX\2.9\tex\generic\pgfplots\oldpgfcompatib\
pgfplotsoldpgfsupp_trig_format.code.tex))
(C:\Users\mwb76\AppData\Roaming\MiKTeX\2.9\tex\generic\pgfplots\util\pgfplotsut
il.code.tex
(C:\Users\mwb76\AppData\Roaming\MiKTeX\2.9\tex\generic\pgfplots\liststructure\p
gfplotsliststructure.code.tex)
(C:\Users\mwb76\AppData\Roaming\MiKTeX\2.9\tex\generic\pgfplots\liststructure\p
gfplotsliststructureext.code.tex)
(C:\Users\mwb76\AppData\Roaming\MiKTeX\2.9\tex\generic\pgfplots\liststructure\p
gfplotsarray.code.tex
\c@pgfplotsarray@tmp=\count127
)
(C:\Users\mwb76\AppData\Roaming\MiKTeX\2.9\tex\generic\pgfplots\liststructure\p
gfplotsmatrix.code.tex)
(C:\Users\mwb76\AppData\Roaming\MiKTeX\2.9\tex\generic\pgfplots\numtable\pgfplo
tstableshared.code.tex
\c@pgfplotstable@counta=\count128
\t@pgfplotstable@a=\toks38
)
(C:\Users\mwb76\AppData\Roaming\MiKTeX\2.9\tex\generic\pgfplots\liststructure\p
gfplotsdeque.code.tex)
(C:\Users\mwb76\AppData\Roaming\MiKTeX\2.9\tex\generic\pgfplots\util\pgfplotsbi
nary.code.tex
(C:\Users\mwb76\AppData\Roaming\MiKTeX\2.9\tex\generic\pgfplots\util\pgfplotsbi
nary.data.code.tex))
(C:\Users\mwb76\AppData\Roaming\MiKTeX\2.9\tex\generic\pgfplots\util\pgfplotsut
il.verb.code.tex)
(C:\Users\mwb76\AppData\Roaming\MiKTeX\2.9\tex\generic\pgfplots\libs\pgflibrary
pgfplots.surfshading.code.tex
\c@pgfplotslibrarysurf@no=\count129

(C:\Users\mwb76\AppData\Roaming\MiKTeX\2.9\tex\generic\pgfplots\sys\pgflibraryp
gfplots.surfshading.pgfsys-pdftex.def)))
(C:\Users\mwb76\AppData\Roaming\MiKTeX\2.9\tex\generic\pgfplots\util\pgfplotsco
lormap.code.tex
(C:\Users\mwb76\AppData\Roaming\MiKTeX\2.9\tex\generic\pgfplots\util\pgfplotsco
lor.code.tex))
(C:\Users\mwb76\AppData\Roaming\MiKTeX\2.9\tex\generic\pgfplots\pgfplotsstacked
plots.code.tex)
(C:\Users\mwb76\AppData\Roaming\MiKTeX\2.9\tex\generic\pgfplots\pgfplotsplothan
dlers.code.tex
(C:\Users\mwb76\AppData\Roaming\MiKTeX\2.9\tex\generic\pgfplots\pgfplotsmeshplo
thandler.code.tex))
(C:\Users\mwb76\AppData\Roaming\MiKTeX\2.9\tex\generic\pgfplots\pgfplots.scalin
g.code.tex)
(C:\Users\mwb76\AppData\Roaming\MiKTeX\2.9\tex\generic\pgfplots\pgfplotscoordpr
ocessing.code.tex)
(C:\Users\mwb76\AppData\Roaming\MiKTeX\2.9\tex\generic\pgfplots\pgfplots.errorb
ars.code.tex)
(C:\Users\mwb76\AppData\Roaming\MiKTeX\2.9\tex\generic\pgfplots\pgfplots.marker
s.code.tex)
(C:\Users\mwb76\AppData\Roaming\MiKTeX\2.9\tex\generic\pgfplots\pgfplotsticks.c
ode.tex)
(C:\Users\mwb76\AppData\Roaming\MiKTeX\2.9\tex\generic\pgfplots\pgfplots.paths.
code.tex)
(C:\Users\mwb76\AppData\Roaming\MiKTeX\2.9\tex\generic\pgf\frontendlayer\tikz\l
ibraries\tikzlibrarydecorations.code.tex
(C:\Users\mwb76\AppData\Roaming\MiKTeX\2.9\tex\generic\pgf\modules\pgfmoduledec
orations.code.tex
\pgfdecoratedcompleteddistance=\dimen165
\pgfdecoratedremainingdistance=\dimen166
\pgfdecoratedinputsegmentcompleteddistance=\dimen167
\pgfdecoratedinputsegmentremainingdistance=\dimen168
\pgf@decorate@distancetomove=\dimen169
\pgf@decorate@repeatstate=\count130
\pgfdecorationsegmentamplitude=\dimen170
\pgfdecorationsegmentlength=\dimen171
)
\tikz@lib@dec@box=\box39
)
(C:\Users\mwb76\AppData\Roaming\MiKTeX\2.9\tex\generic\pgf\frontendlayer\tikz\l
ibraries\tikzlibrarydecorations.pathmorphing.code.tex
(C:\Users\mwb76\AppData\Roaming\MiKTeX\2.9\tex\generic\pgf\libraries\decoration
s\pgflibrarydecorations.pathmorphing.code.tex))
(C:\Users\mwb76\AppData\Roaming\MiKTeX\2.9\tex\generic\pgf\frontendlayer\tikz\l
ibraries\tikzlibrarydecorations.pathreplacing.code.tex
(C:\Users\mwb76\AppData\Roaming\MiKTeX\2.9\tex\generic\pgf\libraries\decoration
s\pgflibrarydecorations.pathreplacing.code.tex))
\pgfplots@numplots=\count131
\pgfplots@xmin@reg=\dimen172
\pgfplots@xmax@reg=\dimen173
\pgfplots@ymin@reg=\dimen174
\pgfplots@ymax@reg=\dimen175
\pgfplots@zmin@reg=\dimen176
\pgfplots@zmax@reg=\dimen177
)
(C:\Users\mwb76\AppData\Roaming\MiKTeX\2.9\tex\generic\pgf\frontendlayer\tikz\l
ibraries\tikzlibraryplotmarks.code.tex
File: tikzlibraryplotmarks.code.tex 2008/01/09 v3.0.0 (rcs-revision 1.1)

(C:\Users\mwb76\AppData\Roaming\MiKTeX\2.9\tex\generic\pgf\libraries\pgflibrary
plotmarks.code.tex
File: pgflibraryplotmarks.code.tex 2013/07/20 v3.0.0 (rcs-revision 1.13)
)))
("C:\Program Files\MiKTeX 2.9\tex\latex\graphics\lscape.sty"
Package: lscape 2000/10/22 v3.01 Landscape Pages (DPC)
)
(C:\Users\mwb76\AppData\Roaming\MiKTeX\2.9\tex\latex\natbib\natbib.sty
Package: natbib 2010/09/13 8.31b (PWD, AO)
\bibhang=\skip53
\bibsep=\skip54
LaTeX Info: Redefining \cite on input line 694.
\c@NAT@ctr=\count132
)
("C:\Program Files\MiKTeX 2.9\tex\latex\hyperref\hyperref.sty"
Package: hyperref 2012/11/06 v6.83m Hypertext links for LaTeX

("C:\Program Files\MiKTeX 2.9\tex\generic\oberdiek\hobsub-hyperref.sty"
Package: hobsub-hyperref 2012/04/25 v1.12 Bundle oberdiek, subset hyperref (HO)


("C:\Program Files\MiKTeX 2.9\tex\generic\oberdiek\hobsub-generic.sty"
Package: hobsub-generic 2012/04/25 v1.12 Bundle oberdiek, subset generic (HO)
Package: hobsub 2012/04/25 v1.12 Construct package bundles (HO)
Package hobsub Info: Skipping package `infwarerr' (already loaded).
Package hobsub Info: Skipping package `ltxcmds' (already loaded).
Package: ifluatex 2010/03/01 v1.3 Provides the ifluatex switch (HO)
Package ifluatex Info: LuaTeX not detected.
Package: ifvtex 2010/03/01 v1.5 Detect VTeX and its facilities (HO)
Package ifvtex Info: VTeX not detected.
Package: intcalc 2007/09/27 v1.1 Expandable calculations with integers (HO)
Package: ifpdf 2011/01/30 v2.3 Provides the ifpdf switch (HO)
Package ifpdf Info: pdfTeX in PDF mode is detected.
Package: etexcmds 2011/02/16 v1.5 Avoid name clashes with e-TeX commands (HO)
Package etexcmds Info: Could not find \expanded.
(etexcmds)             That can mean that you are not using pdfTeX 1.50 or
(etexcmds)             that some package has redefined \expanded.
(etexcmds)             In the latter case, load this package earlier.
Package: kvsetkeys 2012/04/25 v1.16 Key value parser (HO)
Package: kvdefinekeys 2011/04/07 v1.3 Define keys (HO)
Package: pdftexcmds 2011/11/29 v0.20 Utility functions of pdfTeX for LuaTeX (HO
)
Package pdftexcmds Info: LuaTeX not detected.
Package pdftexcmds Info: \pdf@primitive is available.
Package pdftexcmds Info: \pdf@ifprimitive is available.
Package pdftexcmds Info: \pdfdraftmode found.
Package: pdfescape 2011/11/25 v1.13 Implements pdfTeX's escape features (HO)
Package: bigintcalc 2012/04/08 v1.3 Expandable calculations on big integers (HO
)
Package: bitset 2011/01/30 v1.1 Handle bit-vector datatype (HO)
Package: uniquecounter 2011/01/30 v1.2 Provide unlimited unique counter (HO)
)
Package hobsub Info: Skipping package `hobsub' (already loaded).
Package: letltxmacro 2010/09/02 v1.4 Let assignment for LaTeX macros (HO)
Package: hopatch 2011/06/24 v1.1 Wrapper for package hooks (HO)
Package: xcolor-patch 2011/01/30 xcolor patch
Package: atveryend 2011/06/30 v1.8 Hooks at the very end of document (HO)
Package atveryend Info: \enddocument detected (standard20110627).
Package: atbegshi 2011/10/05 v1.16 At begin shipout hook (HO)
Package: refcount 2011/10/16 v3.4 Data extraction from label references (HO)
Package: hycolor 2011/01/30 v1.7 Color options for hyperref/bookmark (HO)
)
("C:\Program Files\MiKTeX 2.9\tex\generic\ifxetex\ifxetex.sty"
Package: ifxetex 2010/09/12 v0.6 Provides ifxetex conditional
)
("C:\Program Files\MiKTeX 2.9\tex\latex\oberdiek\auxhook.sty"
Package: auxhook 2011/03/04 v1.3 Hooks for auxiliary files (HO)
)
("C:\Program Files\MiKTeX 2.9\tex\latex\oberdiek\kvoptions.sty"
Package: kvoptions 2011/06/30 v3.11 Key value format for package options (HO)
)
\@linkdim=\dimen178
\Hy@linkcounter=\count133
\Hy@pagecounter=\count134

("C:\Program Files\MiKTeX 2.9\tex\latex\hyperref\pd1enc.def"
File: pd1enc.def 2012/11/06 v6.83m Hyperref: PDFDocEncoding definition (HO)
)
\Hy@SavedSpaceFactor=\count135

("C:\Program Files\MiKTeX 2.9\tex\latex\00miktex\hyperref.cfg"
File: hyperref.cfg 2002/06/06 v1.2 hyperref configuration of TeXLive
)
Package hyperref Info: Option `colorlinks' set `true' on input line 4319.
Package hyperref Info: Hyper figures OFF on input line 4443.
Package hyperref Info: Link nesting OFF on input line 4448.
Package hyperref Info: Hyper index ON on input line 4451.
Package hyperref Info: Plain pages OFF on input line 4458.
Package hyperref Info: Backreferencing OFF on input line 4463.
Package hyperref Info: Implicit mode ON; LaTeX internals redefined.
Package hyperref Info: Bookmarks ON on input line 4688.
\c@Hy@tempcnt=\count136

(C:\Users\mwb76\AppData\Roaming\MiKTeX\2.9\tex\latex\url\url.sty
\Urlmuskip=\muskip11
Package: url 2013/09/16  ver 3.4  Verb mode for urls, etc.
)
LaTeX Info: Redefining \url on input line 5041.
\XeTeXLinkMargin=\dimen179
\Fld@menulength=\count137
\Field@Width=\dimen180
\Fld@charsize=\dimen181
Package hyperref Info: Hyper figures OFF on input line 6295.
Package hyperref Info: Link nesting OFF on input line 6300.
Package hyperref Info: Hyper index ON on input line 6303.
Package hyperref Info: backreferencing OFF on input line 6310.
Package hyperref Info: Link coloring ON on input line 6313.
Package hyperref Info: Link coloring with OCG OFF on input line 6320.
Package hyperref Info: PDF/A mode OFF on input line 6325.
LaTeX Info: Redefining \ref on input line 6365.
LaTeX Info: Redefining \pageref on input line 6369.
\Hy@abspage=\count138
\c@Item=\count139
\c@Hfootnote=\count140
)

Package hyperref Message: Driver (autodetected): hpdftex.

("C:\Program Files\MiKTeX 2.9\tex\latex\hyperref\hpdftex.def"
File: hpdftex.def 2012/11/06 v6.83m Hyperref driver for pdfTeX
\Fld@listcount=\count141
\c@bookmark@seq@number=\count142

("C:\Program Files\MiKTeX 2.9\tex\latex\oberdiek\rerunfilecheck.sty"
Package: rerunfilecheck 2011/04/15 v1.7 Rerun checks for auxiliary files (HO)
Package uniquecounter Info: New unique counter `rerunfilecheck' on input line 2
82.
)
\Hy@SectionHShift=\skip55
)
(P:\temp\Internship\Project\Report\Report_GA\Template_NVU_Documentation\doc\NVC
.sty
Package: NVC 
)
(P:\temp\Internship\Project\Report\Report_GA\Template_NVU_Documentation\doc\mco
de.sty
-- Package: `mcode' 2.3 <2012/08/31> --
Package: mcode 2012/08/31 2.3
 - settings optimized for display (colour formating)
 - line numbering enabled
 - literate programming (character replacements) enabled
 - automatic line breaking enabled (careful, buggy!)
 - framed listings
(C:\Users\mwb76\AppData\Roaming\MiKTeX\2.9\tex\latex\listings\listings.sty
\lst@mode=\count143
\lst@gtempboxa=\box40
\lst@token=\toks39
\lst@length=\count144
\lst@currlwidth=\dimen182
\lst@column=\count145
\lst@pos=\count146
\lst@lostspace=\dimen183
\lst@width=\dimen184
\lst@newlines=\count147
\lst@lineno=\count148
\lst@maxwidth=\dimen185

(C:\Users\mwb76\AppData\Roaming\MiKTeX\2.9\tex\latex\listings\lstmisc.sty
File: lstmisc.sty 2014/09/06 1.5e (Carsten Heinz)
\c@lstnumber=\count149
\lst@skipnumbers=\count150
\lst@framebox=\box41
)
(C:\Users\mwb76\AppData\Roaming\MiKTeX\2.9\tex\latex\listings\listings.cfg
File: listings.cfg 2014/09/06 1.5e listings configuration
))
Package: listings 2014/09/06 1.5e (Carsten Heinz)
\lbreakdots=\box42
LaTeX Font Info:    Try loading font information for OT1+pcr on input line 220.


("C:\Program Files\MiKTeX 2.9\tex\latex\psnfss\ot1pcr.fd"
File: ot1pcr.fd 2001/06/04 font definitions for OT1/pcr.
))
(C:\Users\mwb76\AppData\Roaming\MiKTeX\2.9\tex\latex\datatool\datatool.sty
Package: datatool 2014/06/10 v2.22 (NLCT)

(C:\Users\mwb76\AppData\Roaming\MiKTeX\2.9\tex\latex\xfor\xfor.sty
Package: xfor 2009/02/05 v1.05 (NLCT)
)
(C:\Users\mwb76\AppData\Roaming\MiKTeX\2.9\tex\latex\substr\substr.sty
Package: substr 2009/10/20 v1.2 Handle substrings
\c@su@anzahl=\count151
)
(C:\Users\mwb76\AppData\Roaming\MiKTeX\2.9\tex\latex\etoolbox\etoolbox.sty
Package: etoolbox 2015/03/19 v2.1d e-TeX tools for LaTeX (JAW)

("C:\Program Files\MiKTeX 2.9\tex\latex\misc\etex.sty"
Package: etex 1998/03/26 v2.0 eTeX basic definition package (PEB)
\et@xins=\count152
)
\etb@tempcnta=\count153
)
(C:\Users\mwb76\AppData\Roaming\MiKTeX\2.9\tex\latex\datatool\datatool-base.sty
Package: datatool-base 2014/06/10 v2.22 (NLCT)
(C:\Users\mwb76\AppData\Roaming\MiKTeX\2.9\tex\latex\datatool\datatool-fp.sty
Package: datatool-fp 2013/08/29 v2.17 (NLCT)

(C:\Users\mwb76\AppData\Roaming\MiKTeX\2.9\tex\latex\fp\fp.sty
Package: fp 1995/04/02

`Fixed Point Package', Version 0.8, April 2, 1995 (C) Michael Mehlich
(C:\Users\mwb76\AppData\Roaming\MiKTeX\2.9\tex\latex\fp\defpattern.sty
Package: defpattern 1994/10/12
\actioncount=\count154
)
(C:\Users\mwb76\AppData\Roaming\MiKTeX\2.9\tex\latex\fp\fp-basic.sty
Package: fp-basic 1996/05/13
\FP@xs=\count155
\FP@xia=\count156
\FP@xib=\count157
\FP@xfa=\count158
\FP@xfb=\count159
\FP@rega=\count160
\FP@regb=\count161
\FP@regs=\count162
\FP@times=\count163
)
(C:\Users\mwb76\AppData\Roaming\MiKTeX\2.9\tex\latex\fp\fp-addons.sty
Package: fp-addons 1995/03/15
)
(C:\Users\mwb76\AppData\Roaming\MiKTeX\2.9\tex\latex\fp\fp-snap.sty
Package: fp-snap 1995/04/05
)
(C:\Users\mwb76\AppData\Roaming\MiKTeX\2.9\tex\latex\fp\fp-exp.sty
Package: fp-exp 1995/04/03
)
(C:\Users\mwb76\AppData\Roaming\MiKTeX\2.9\tex\latex\fp\fp-trigo.sty
Package: fp-trigo 1995/04/14
)
(C:\Users\mwb76\AppData\Roaming\MiKTeX\2.9\tex\latex\fp\fp-pas.sty
Package: fp-pas 1994/08/29
)
(C:\Users\mwb76\AppData\Roaming\MiKTeX\2.9\tex\latex\fp\fp-random.sty
Package: fp-random 1995/02/23
\FPseed=\count164
)
(C:\Users\mwb76\AppData\Roaming\MiKTeX\2.9\tex\latex\fp\fp-eqn.sty
Package: fp-eqn 1995/04/03
)
(C:\Users\mwb76\AppData\Roaming\MiKTeX\2.9\tex\latex\fp\fp-upn.sty
Package: fp-upn 1996/10/21
)
(C:\Users\mwb76\AppData\Roaming\MiKTeX\2.9\tex\latex\fp\fp-eval.sty
Package: fp-eval 1995/04/03
)))
\@dtl@toks=\toks40
\@dtl@tmpcount=\count165
\dtl@tmplength=\skip56
\dtl@sortresult=\count166
\@dtl@numgrpsepcount=\count167
\@dtl@datatype=\count168
\dtl@codeA=\count169
\dtl@codeB=\count170
\@dtl@foreach@level=\count171
)
\dtlcolumnnum=\count172
\dtlrownum=\count173
\@dtl@before=\toks41
\@dtl@after=\toks42
\@dtl@colhead=\toks43
\dtlcurrentrow=\toks44
\dtlbeforerow=\toks45
\dtlafterrow=\toks46
\dtlforeachlevel=\count174
\c@DTLrowi=\count175
\c@DTLrowii=\count176
\c@DTLrowiii=\count177
\c@DTLrow=\count178
\dtl@rowi=\count179
\dtl@rowii=\count180
\dtl@rowiii=\count181
\@dtl@curi=\toks47
\@dtl@previ=\toks48
\@dtl@nexti=\toks49
\@dtl@curii=\toks50
\@dtl@previi=\toks51
\@dtl@nextii=\toks52
\@dtl@curiii=\toks53
\@dtl@previii=\toks54
\@dtl@nextiii=\toks55
\@dtl@elements=\count182
\@dtl@list=\toks56
\@dtl@rowa=\toks57
\@dtl@rowb=\toks58
\@dtl@toksA=\toks59
\@dtl@toksB=\toks60
\@dtl@write=\write4
\@dtl@read=\read2
\dtl@entrycr=\count183
\dtl@omitlines=\count184
)
(C:\Users\mwb76\AppData\Roaming\MiKTeX\2.9\tex\latex\glossaries\base\glossaries
.sty
Package: glossaries 2015/03/16 v4.15 (NLCT)

(C:\Users\mwb76\AppData\Roaming\MiKTeX\2.9\tex\latex\glossaries\base\mfirstuc.s
ty
Package: mfirstuc 2015/02/03 v1.10 (NLCT)
\@glsmfirst=\toks61
\@glsmrest=\toks62
) (C:\Users\mwb76\AppData\Roaming\MiKTeX\2.9\tex\latex\textcase\textcase.sty
Package: textcase 2004/10/07 v0.07 Text only upper/lower case changing (DPC)
)
(C:\Users\mwb76\AppData\Roaming\MiKTeX\2.9\tex\latex\glossaries\base\glossaries
-compatible-307.sty
Package: glossaries-compatible-307 2013/11/14 v4.0 (NLCT)
)
\gls@level=\count185
\@gls@tmpb=\toks63
\gls@tmplen=\skip57
\glskeylisttok=\toks64
\glslabeltok=\toks65
\glsshorttok=\toks66
\glslongtok=\toks67

(C:\Users\mwb76\AppData\Roaming\MiKTeX\2.9\tex\latex\glossaries\styles\glossary
-hypernav.sty
Package: glossary-hypernav 2013/11/14 v4.0 (NLCT)
)
(C:\Users\mwb76\AppData\Roaming\MiKTeX\2.9\tex\latex\glossaries\styles\glossary
-list.sty
Package: glossary-list 2015/02/03 v4.13 (NLCT)
\glslistdottedwidth=\skip58
)
(C:\Users\mwb76\AppData\Roaming\MiKTeX\2.9\tex\latex\glossaries\styles\glossary
-long.sty
Package: glossary-long 2013/11/14 v4.0 (NLCT)
 ("C:\Program Files\MiKTeX 2.9\tex\latex\tools\longtable.sty"
Package: longtable 2004/02/01 v4.11 Multi-page Table package (DPC)
\LTleft=\skip59
\LTright=\skip60
\LTpre=\skip61
\LTpost=\skip62
\LTchunksize=\count186
\LTcapwidth=\dimen186
\LT@head=\box43
\LT@firsthead=\box44
\LT@foot=\box45
\LT@lastfoot=\box46
\LT@cols=\count187
\LT@rows=\count188
\c@LT@tables=\count189
\c@LT@chunks=\count190
\LT@p@ftn=\toks68
)
\glsdescwidth=\skip63
\glspagelistwidth=\skip64
)
(C:\Users\mwb76\AppData\Roaming\MiKTeX\2.9\tex\latex\glossaries\styles\glossary
-super.sty
Package: glossary-super 2013/11/14 v4.0 (NLCT)

(C:\Users\mwb76\AppData\Roaming\MiKTeX\2.9\tex\latex\supertabular\supertabular.
sty
Package: supertabular 2004/02/20 v4.1e the supertabular environment
\c@tracingst=\count191
\ST@wd=\dimen187
\ST@rightskip=\skip65
\ST@leftskip=\skip66
\ST@parfillskip=\skip67
\ST@pageleft=\dimen188
\ST@headht=\dimen189
\ST@tailht=\dimen190
\ST@pagesofar=\dimen191
\ST@pboxht=\dimen192
\ST@lineht=\dimen193
\ST@stretchht=\dimen194
\ST@prevht=\dimen195
\ST@toadd=\dimen196
\ST@dimen=\dimen197
\ST@pbox=\box47
))
(C:\Users\mwb76\AppData\Roaming\MiKTeX\2.9\tex\latex\glossaries\styles\glossary
-tree.sty
Package: glossary-tree 2015/02/03 v4.13 (NLCT)
\glstreeindent=\skip68
))
\glswrite=\write5
\glo@main@file=\write6
Package glossaries Info: Writing glossary file NVUDocumentation.glo on input li
ne 38.
\glo@symbolslist@file=\write7
Package glossaries Info: Writing glossary file NVUDocumentation.syg on input li
ne 38.

(P:\temp\Internship\Project\Report\Report_GA\Template_NVU_Documentation\doc\glo
ssary.sty
Package: glossary 
)
(P:\temp\Internship\Project\Report\Report_GA\Template_NVU_Documentation\doc\NVU
Documentation.aux
(P:\temp\Internship\Project\Report\Report_GA\Template_NVU_Documentation\doc\Rel
easeNotes.aux)
(P:\temp\Internship\Project\Report\Report_GA\Template_NVU_Documentation\doc\Int
roduction.aux)
(P:\temp\Internship\Project\Report\Report_GA\Template_NVU_Documentation\doc\Exi
stingModels4.aux)
(P:\temp\Internship\Project\Report\Report_GA\Template_NVU_Documentation\doc\Equ
ations3.aux)
(P:\temp\Internship\Project\Report\Report_GA\Template_NVU_Documentation\doc\Cod
eStructure.aux)
(P:\temp\Internship\Project\Report\Report_GA\Template_NVU_Documentation\doc\Res
ults1pt1.aux)
(P:\temp\Internship\Project\Report\Report_GA\Template_NVU_Documentation\doc\ToD
o2.aux)
(P:\temp\Internship\Project\Report\Report_GA\Template_NVU_Documentation\doc\ver
sion1pt0.aux))
LaTeX Font Info:    Checking defaults for OML/cmm/m/it on input line 44.
LaTeX Font Info:    ... okay on input line 44.
LaTeX Font Info:    Checking defaults for T1/cmr/m/n on input line 44.
LaTeX Font Info:    ... okay on input line 44.
LaTeX Font Info:    Checking defaults for OT1/cmr/m/n on input line 44.
LaTeX Font Info:    ... okay on input line 44.
LaTeX Font Info:    Checking defaults for OMS/cmsy/m/n on input line 44.
LaTeX Font Info:    ... okay on input line 44.
LaTeX Font Info:    Checking defaults for OMX/cmex/m/n on input line 44.
LaTeX Font Info:    ... okay on input line 44.
LaTeX Font Info:    Checking defaults for U/cmr/m/n on input line 44.
LaTeX Font Info:    ... okay on input line 44.
LaTeX Font Info:    Checking defaults for TS1/cmr/m/n on input line 44.
LaTeX Font Info:    Try loading font information for TS1+cmr on input line 44.
 ("C:\Program Files\MiKTeX 2.9\tex\latex\base\ts1cmr.fd"
File: ts1cmr.fd 1999/05/25 v2.5h Standard LaTeX font definitions
)
LaTeX Font Info:    ... okay on input line 44.
LaTeX Font Info:    Checking defaults for PD1/pdf/m/n on input line 44.
LaTeX Font Info:    ... okay on input line 44.

(C:\Users\mwb76\AppData\Roaming\MiKTeX\2.9\tex\context\base\supp-pdf.mkii
[Loading MPS to PDF converter (version 2006.09.02).]
\scratchcounter=\count192
\scratchdimen=\dimen198
\scratchbox=\box48
\nofMPsegments=\count193
\nofMParguments=\count194
\everyMPshowfont=\toks69
\MPscratchCnt=\count195
\MPscratchDim=\dimen199
\MPnumerator=\count196
\makeMPintoPDFobject=\count197
\everyMPtoPDFconversion=\toks70
) ABD: EveryShipout initializing macros
Package pgfplots notification 'compat/show suggested version=true': you might b
enefit from \pgfplotsset{compat=1.12} (current compat level: 1.8).

\AtBeginShipoutBox=\box49
Package hyperref Info: Link coloring ON on input line 44.
("C:\Program Files\MiKTeX 2.9\tex\latex\hyperref\nameref.sty"
Package: nameref 2012/10/27 v2.43 Cross-referencing by name of section

("C:\Program Files\MiKTeX 2.9\tex\generic\oberdiek\gettitlestring.sty"
Package: gettitlestring 2010/12/03 v1.4 Cleanup title references (HO)
)
\c@section@level=\count198
)
LaTeX Info: Redefining \ref on input line 44.
LaTeX Info: Redefining \pageref on input line 44.
LaTeX Info: Redefining \nameref on input line 44.

(P:\temp\Internship\Project\Report\Report_GA\Template_NVU_Documentation\doc\NVU
Documentation.out)
(P:\temp\Internship\Project\Report\Report_GA\Template_NVU_Documentation\doc\NVU
Documentation.out)
\@outlinefile=\write8
\c@lstlisting=\count199
 [1

{C:/Users/mwb76/AppData/Local/MiKTeX/2.9/pdftex/config/pdftex.map}]
(P:\temp\Internship\Project\Report\Report_GA\Template_NVU_Documentation\doc\NVU
Documentation.toc [2])
\tf@toc=\write9
\figureheight=\skip69
\figurewidth=\skip70
 [3]
(P:\temp\Internship\Project\Report\Report_GA\Template_NVU_Documentation\doc\Rel
easeNotes.tex
Overfull \hbox (41.53404pt too wide) detected at line 17
[]\OML/cmm/m/it/12 \OT1/cmr/m/n/12 (\OML/cmm/m/it/12 t\OT1/cmr/m/n/12 ) = [] \
OMS/cmsy/m/n/12  [] \OT1/cmr/m/n/12 + \OML/cmm/m/it/12 base \OT1/cmr/m/n/12 + 
[] \OMS/cmsy/m/n/12  [] \OT1/cmr/m/n/12 + \OML/cmm/m/it/12 base \OMS/cmsy/m/n/
12   \OML/cmm/m/it/12 Amp
 []


Overfull \hbox (6.57516pt too wide) in paragraph at lines 23--24
[]|\OT1/cmr/m/n/10 ME| 
 []


Overfull \hbox (6.57516pt too wide) in paragraph at lines 24--25
[]|\OT1/cmr/m/n/10 ME| 
 []


Overfull \hbox (6.57516pt too wide) in paragraph at lines 25--26
[]|\OT1/cmr/m/n/10 ME| 
 []


Overfull \hbox (6.57516pt too wide) in paragraph at lines 26--27
[]|\OT1/cmr/m/n/10 ME| 
 []

[4

]
Overfull \hbox (1.1585pt too wide) in paragraph at lines 66--67
[]|\OT1/cmr/m/n/10 [[]]| 
 []


Overfull \hbox (1.1585pt too wide) in paragraph at lines 67--68
[]|\OT1/cmr/m/n/10 [[]]| 
 []


Overfull \hbox (1.1585pt too wide) in paragraph at lines 68--69
[]|\OT1/cmr/m/n/10 [[]]| 
 []


Overfull \hbox (1.1585pt too wide) in paragraph at lines 69--70
[]|\OT1/cmr/m/n/10 [[]]| 
 []


Overfull \hbox (1.1585pt too wide) in paragraph at lines 70--71
[]|\OT1/cmr/m/n/10 [[]]| 
 []


Overfull \hbox (1.1585pt too wide) in paragraph at lines 71--72
[]|\OT1/cmr/m/n/10 [[]]| 
 []


Overfull \hbox (1.1585pt too wide) in paragraph at lines 72--73
[]|\OT1/cmr/m/n/10 [[]]| 
 []


Overfull \hbox (1.1585pt too wide) in paragraph at lines 73--74
[]|\OT1/cmr/m/n/10 [[]]| 
 []


Overfull \hbox (1.1585pt too wide) in paragraph at lines 97--98
[]|\OT1/cmr/m/n/10 [[]]| 
 []


Overfull \hbox (1.1585pt too wide) in paragraph at lines 98--99
[]|\OT1/cmr/m/n/10 [[]]| 
 []


Overfull \hbox (1.1585pt too wide) in paragraph at lines 99--100
[]|\OT1/cmr/m/n/10 [[]]| 
 []


Overfull \hbox (1.1585pt too wide) in paragraph at lines 100--101
[]|\OT1/cmr/m/n/10 [[]]| 
 []


Overfull \hbox (1.1585pt too wide) in paragraph at lines 101--102
[]|\OT1/cmr/m/n/10 [[]]| 
 []


Overfull \hbox (1.1585pt too wide) in paragraph at lines 102--103
[]|\OT1/cmr/m/n/10 [[]]| 
 []


LaTeX Warning: `!h' float specifier changed to `!ht'.

[5]
Overfull \hbox (1.1585pt too wide) in paragraph at lines 134--135
[]|\OT1/cmr/m/n/10 [[]]| 
 []


Overfull \hbox (1.1585pt too wide) in paragraph at lines 135--136
[]|\OT1/cmr/m/n/10 [[]]| 
 []


Overfull \hbox (1.1585pt too wide) in paragraph at lines 136--137
[]|\OT1/cmr/m/n/10 [[]]| 
 []


Overfull \hbox (1.1585pt too wide) in paragraph at lines 137--138
[]|\OT1/cmr/m/n/10 [[]]| 
 []


Overfull \hbox (1.1585pt too wide) in paragraph at lines 138--139
[]|\OT1/cmr/m/n/10 [[]]| 
 []


Overfull \hbox (1.1585pt too wide) in paragraph at lines 139--140
[]|\OT1/cmr/m/n/10 [[]]| 
 []


Overfull \hbox (1.1585pt too wide) in paragraph at lines 140--141
[]|\OT1/cmr/m/n/10 [[]]| 
 []


Overfull \hbox (1.1585pt too wide) in paragraph at lines 141--142
[]|\OT1/cmr/m/n/10 [[]]| 
 []


Overfull \hbox (1.1585pt too wide) in paragraph at lines 142--143
[]|\OT1/cmr/m/n/10 [[]]| 
 []


LaTeX Warning: `!h' float specifier changed to `!ht'.

<figures/diff_cor.pdf, id=334, 450.2722pt x 162.53723pt>
File: figures/diff_cor.pdf Graphic file (type pdf)

<use figures/diff_cor.pdf>
Package pdftex.def Info: figures/diff_cor.pdf used on input line 159.
(pdftex.def)             Requested size: 426.79134pt x 154.06721pt.


LaTeX Warning: `!h' float specifier changed to `!ht'.

) [6] [7 <P:/temp/Internship/Project/Report/Report_GA/Template_NVU_Documentatio
n/doc/figures/diff_cor.pdf>]
(P:\temp\Internship\Project\Report\Report_GA\Template_NVU_Documentation\doc\Int
roduction.tex
Underfull \hbox (badness 10000) in paragraph at lines 5--6

 []


(P:\temp\Internship\Project\Report\Report_GA\Template_NVU_Documentation\doc\pic
s/Overview_without_gaps.pdf_tex
<pics/Overview_without_gaps.pdf, id=382, 1287.49782pt x 830.15584pt>
File: pics/Overview_without_gaps.pdf Graphic file (type pdf)

<use pics/Overview_without_gaps.pdf>
Package pdftex.def Info: pics/Overview_without_gaps.pdf used on input line 52.
(pdftex.def)             Requested size: 450.0pt x 290.15355pt.
) [8


 <P:/temp/Internship/Project/Report/Report_GA/Template_NVU_Documentation/doc/pi
cs/Overview_without_gaps.pdf>])
[9]
(P:\temp\Internship\Project\Report\Report_GA\Template_NVU_Documentation\doc\Exi
stingModels4.tex
Underfull \hbox (badness 10000) in paragraph at lines 8--9

 []


Underfull \hbox (badness 10000) in paragraph at lines 12--14

 []


Underfull \hbox (badness 10000) in paragraph at lines 15--16

 []


(P:\temp\Internship\Project\Report\Report_GA\Template_NVU_Documentation\doc\pic
s/ACmodel_1pt1.pdf_tex
<pics/ACmodel_1pt1.pdf, id=851, 621.68889pt x 370.73293pt>
File: pics/ACmodel_1pt1.pdf Graphic file (type pdf)

<use pics/ACmodel_1pt1.pdf>
Package pdftex.def Info: pics/ACmodel_1pt1.pdf used on input line 52.
(pdftex.def)             Requested size: 450.0pt x 268.35869pt.
) [10


]
Underfull \hbox (badness 10000) in paragraph at lines 30--32

 []

[11 <P:/temp/Internship/Project/Report/Report_GA/Template_NVU_Documentation/doc
/pics/ACmodel_1pt1.pdf>]
Underfull \hbox (badness 10000) in paragraph at lines 37--38

 []


Underfull \hbox (badness 10000) in paragraph at lines 39--40

 []


Underfull \hbox (badness 10000) in paragraph at lines 41--42

 []

<pics/InputSignal.pdf, id=1010, 341.53598pt x 232.21758pt>
File: pics/InputSignal.pdf Graphic file (type pdf)

<use pics/InputSignal.pdf>
Package pdftex.def Info: pics/InputSignal.pdf used on input line 54.
(pdftex.def)             Requested size: 284.52756pt x 193.45628pt.
 [12 <P:/temp/Internship/Project/Report/Report_GA/Template_NVU_Documentation/do
c/pics/InputSignal.pdf>]
Underfull \hbox (badness 10000) in paragraph at lines 67--68

 []


(P:\temp\Internship\Project\Report\Report_GA\Template_NVU_Documentation\doc\pic
s/SMCECmodel3.pdf_tex
<pics/SMCECmodel3.pdf, id=1042, 607.57526pt x 522.12718pt>
File: pics/SMCECmodel3.pdf Graphic file (type pdf)

<use pics/SMCECmodel3.pdf>
Package pdftex.def Info: pics/SMCECmodel3.pdf used on input line 52.
(pdftex.def)             Requested size: 450.0pt x 386.71861pt.
)

LaTeX Warning: `!h' float specifier changed to `!ht'.


Underfull \hbox (badness 10000) in paragraph at lines 79--80

 []


Underfull \hbox (badness 10000) in paragraph at lines 81--82

 []


Underfull \hbox (badness 10000) in paragraph at lines 83--84

 []


Underfull \hbox (badness 10000) in paragraph at lines 85--87

 []

[13]
(P:\temp\Internship\Project\Report\Report_GA\Template_NVU_Documentation\doc\pic
s/MechanicalModel.pdf_tex
<pics/MechanicalModel.pdf, id=1067, 407.34177pt x 205.45277pt>
File: pics/MechanicalModel.pdf Graphic file (type pdf)

<use pics/MechanicalModel.pdf>
Package pdftex.def Info: pics/MechanicalModel.pdf used on input line 52.
(pdftex.def)             Requested size: 450.0pt x 226.98312pt.
) [14 <P:/temp/Internship/Project/Report/Report_GA/Template_NVU_Documentation/d
oc/pics/SMCECmodel3.pdf>]
Underfull \hbox (badness 10000) in paragraph at lines 124--125

 []


Underfull \hbox (badness 10000) in paragraph at lines 126--127

 []

<pics/Kelvin_Voigt_diagram.pdf, id=1260, 160.6pt x 120.45pt>
File: pics/Kelvin_Voigt_diagram.pdf Graphic file (type pdf)

<use pics/Kelvin_Voigt_diagram.pdf>
Package pdftex.def Info: pics/Kelvin_Voigt_diagram.pdf used on input line 134.
(pdftex.def)             Requested size: 142.26378pt x 106.70023pt.


LaTeX Warning: `!h' float specifier changed to `!ht'.

<pics/LinearisationRadius.pdf, id=1263, 414.94005pt x 296.27638pt>
File: pics/LinearisationRadius.pdf Graphic file (type pdf)

<use pics/LinearisationRadius.pdf>
Package pdftex.def Info: pics/LinearisationRadius.pdf used on input line 143.
(pdftex.def)             Requested size: 341.43306pt x 243.78906pt.


LaTeX Warning: `!h' float specifier changed to `!ht'.

[15 <P:/temp/Internship/Project/Report/Report_GA/Template_NVU_Documentation/doc
/pics/MechanicalModel.pdf>]
Underfull \hbox (badness 10000) in paragraph at lines 151--153

 []

[16 <P:/temp/Internship/Project/Report/Report_GA/Template_NVU_Documentation/doc
/pics/Kelvin_Voigt_diagram.pdf> <P:/temp/Internship/Project/Report/Report_GA/Te
mplate_NVU_Documentation/doc/pics/LinearisationRadius.pdf

pdfTeX warning: pdflatex.exe (file P:/temp/Internship/Project/Report/Report_GA/
Template_NVU_Documentation/doc/pics/LinearisationRadius.pdf): PDF inclusion: mu
ltiple pdfs with page group included in a single page
>]
(P:\temp\Internship\Project\Report\Report_GA\Template_NVU_Documentation\doc\pic
s/All_models_1pt1.pdf_tex
<pics/All_models_1pt1.pdf, id=1371, 607.57526pt x 791.93517pt>
File: pics/All_models_1pt1.pdf Graphic file (type pdf)

<use pics/All_models_1pt1.pdf>
Package pdftex.def Info: pics/All_models_1pt1.pdf used on input line 52.
(pdftex.def)             Requested size: 450.0pt x 586.55453pt.
)

LaTeX Warning: `!h' float specifier changed to `!ht'.

) [17] [18 <P:/temp/Internship/Project/Report/Report_GA/Template_NVU_Documentat
ion/doc/pics/All_models_1pt1.pdf>]
(P:\temp\Internship\Project\Report\Report_GA\Template_NVU_Documentation\doc\Equ
ations3.tex
Overfull \hbox (6.15851pt too wide) in paragraph at lines 21--22
[]|\OT1/cmr/m/n/10 [[]]| 
 []


Overfull \hbox (6.15851pt too wide) in paragraph at lines 22--23
[]|\OT1/cmr/m/n/10 [[]]| 
 []


Overfull \hbox (6.15851pt too wide) in paragraph at lines 23--24
[]|\OT1/cmr/m/n/10 [[]]| 
 []

[19


]
Overfull \hbox (41.53404pt too wide) detected at line 56
[]\OML/cmm/m/it/12 \OT1/cmr/m/n/12 (\OML/cmm/m/it/12 t\OT1/cmr/m/n/12 ) = [] \
OMS/cmsy/m/n/12  [] \OT1/cmr/m/n/12 + \OML/cmm/m/it/12 base \OT1/cmr/m/n/12 + 
[] \OMS/cmsy/m/n/12  [] \OT1/cmr/m/n/12 + \OML/cmm/m/it/12 base \OMS/cmsy/m/n/
12   \OML/cmm/m/it/12 Amp
 []


Overfull \hbox (6.57516pt too wide) in paragraph at lines 62--63
[]|\OT1/cmr/m/n/10 ME| 
 []


Overfull \hbox (6.57516pt too wide) in paragraph at lines 63--64
[]|\OT1/cmr/m/n/10 ME| 
 []


Overfull \hbox (6.57516pt too wide) in paragraph at lines 64--65
[]|\OT1/cmr/m/n/10 ME| 
 []


Overfull \hbox (6.57516pt too wide) in paragraph at lines 65--66
[]|\OT1/cmr/m/n/10 ME| 
 []


Overfull \hbox (6.57516pt too wide) in paragraph at lines 66--67
[]|\OT1/cmr/m/n/10 ME| 
 []


Overfull \hbox (6.57516pt too wide) in paragraph at lines 67--68
[]|\OT1/cmr/m/n/10 ME| 
 []


Overfull \hbox (6.57516pt too wide) in paragraph at lines 68--69
[]|\OT1/cmr/m/n/10 ME| 
 []


Overfull \hbox (6.57516pt too wide) in paragraph at lines 69--70
[]|\OT1/cmr/m/n/10 ME| 
 []


Overfull \hbox (6.57516pt too wide) in paragraph at lines 70--71
[]|\OT1/cmr/m/n/10 ME| 
 []


Overfull \hbox (6.57516pt too wide) in paragraph at lines 71--72
[]|\OT1/cmr/m/n/10 ME| 
 []


Overfull \hbox (6.57516pt too wide) in paragraph at lines 72--73
[]|\OT1/cmr/m/n/10 ME| 
 []


Overfull \hbox (6.57516pt too wide) in paragraph at lines 73--74
[]|\OT1/cmr/m/n/10 ME| 
 []

[20]
Overfull \hbox (6.15851pt too wide) in paragraph at lines 101--102
[]|\OT1/cmr/m/n/10 [[]]| 
 []

[21]
Overfull \hbox (1.1585pt too wide) in paragraph at lines 185--186
[]|\OT1/cmr/m/n/10 [[]]| 
 []


Overfull \hbox (1.1585pt too wide) in paragraph at lines 186--187
[]|\OT1/cmr/m/n/10 [[]]| 
 []

[22]
Overfull \hbox (6.15851pt too wide) in paragraph at lines 252--253
[]|\OT1/cmr/m/n/10 [[]]| 
 []


Overfull \hbox (6.15851pt too wide) in paragraph at lines 253--254
[]|\OT1/cmr/m/n/10 [[]]| 
 []


Overfull \hbox (6.15851pt too wide) in paragraph at lines 254--255
[]|\OT1/cmr/m/n/10 [[]]| 
 []


Overfull \hbox (6.15851pt too wide) in paragraph at lines 255--256
[]|\OT1/cmr/m/n/10 [[]]| 
 []


Overfull \hbox (1.26935pt too wide) in paragraph at lines 256--256
[]|$\OML/cmm/m/it/12 g[]$| 
 []


Overfull \hbox (6.15851pt too wide) in paragraph at lines 256--257
[]|\OT1/cmr/m/n/10 [[]]| 
 []


Overfull \hbox (6.15851pt too wide) in paragraph at lines 257--258
[]|\OT1/cmr/m/n/10 [[]]| 
 []


Overfull \hbox (1.1585pt too wide) in paragraph at lines 258--259
[]|\OT1/cmr/m/n/10 [[]]| 
 []


Overfull \hbox (5.41772pt too wide) in paragraph at lines 259--259
[]|$\OML/cmm/m/it/12 C[]$| 
 []


Overfull \hbox (1.1585pt too wide) in paragraph at lines 259--260
[]|\OT1/cmr/m/n/10 [[]]| 
 []


Overfull \hbox (1.1585pt too wide) in paragraph at lines 260--261
[]|\OT1/cmr/m/n/10 [[]]| 
 []


Overfull \hbox (1.1585pt too wide) in paragraph at lines 261--262
[]|\OT1/cmr/m/n/10 [[]]| 
 []


Overfull \hbox (1.1585pt too wide) in paragraph at lines 262--263
[]|\OT1/cmr/m/n/10 [[]]| 
 []


Overfull \hbox (1.1585pt too wide) in paragraph at lines 263--264
[]|\OT1/cmr/m/n/10 [[]]| 
 []


Overfull \hbox (1.1585pt too wide) in paragraph at lines 264--265
[]|\OT1/cmr/m/n/10 [[]]| 
 []


Overfull \hbox (1.1585pt too wide) in paragraph at lines 265--266
[]|\OT1/cmr/m/n/10 [[]]| 
 []


Overfull \hbox (1.1585pt too wide) in paragraph at lines 266--267
[]|\OT1/cmr/m/n/10 [[]]| 
 []


LaTeX Warning: `!h' float specifier changed to `!ht'.

[23] [24]
Underfull \hbox (badness 10000) in paragraph at lines 338--338
[]|\OT1/cmr/m/n/10 8.797e-1
 []


Overfull \hbox (6.15851pt too wide) in paragraph at lines 338--339
[]|\OT1/cmr/m/n/10 [[]]| 
 []


Overfull \hbox (1.1585pt too wide) in paragraph at lines 343--344
[]|\OT1/cmr/m/n/10 [[]]| 
 []


Overfull \hbox (1.1585pt too wide) in paragraph at lines 344--345
[]|\OT1/cmr/m/n/10 [[]]| 
 []


Overfull \hbox (1.1585pt too wide) in paragraph at lines 345--346
[]|\OT1/cmr/m/n/10 [[]]| 
 []


Overfull \hbox (1.1585pt too wide) in paragraph at lines 346--347
[]|\OT1/cmr/m/n/10 [[]]| 
 []


Overfull \hbox (1.1585pt too wide) in paragraph at lines 347--348
[]|\OT1/cmr/m/n/10 [[]]| 
 []


Overfull \hbox (1.1585pt too wide) in paragraph at lines 348--350
[]|\OT1/cmr/m/n/10 [[]]| 
 []


Overfull \hbox (1.1585pt too wide) in paragraph at lines 350--351
[]|\OT1/cmr/m/n/10 [[]]| 
 []


Overfull \hbox (1.1585pt too wide) in paragraph at lines 351--352
[]|\OT1/cmr/m/n/10 [[]]| 
 []


Overfull \hbox (1.1585pt too wide) in paragraph at lines 352--353
[]|\OT1/cmr/m/n/10 [[]]| 
 []


LaTeX Warning: `!h' float specifier changed to `!ht'.

[25] [26]
Overfull \hbox (6.15851pt too wide) in paragraph at lines 406--407
[]|\OT1/cmr/m/n/10 [[]]| 
 []


Overfull \hbox (6.15851pt too wide) in paragraph at lines 407--409
[]|\OT1/cmr/m/n/10 [[]]| 
 []


Overfull \hbox (6.15851pt too wide) in paragraph at lines 443--444
[]|\OT1/cmr/m/n/10 [[]]| 
 []


Overfull \hbox (6.15851pt too wide) in paragraph at lines 464--465
[]|\OT1/cmr/m/n/10 [[]]| 
 []


Overfull \hbox (6.15851pt too wide) in paragraph at lines 465--466
[]|\OT1/cmr/m/n/10 [[]]| 
 []


Underfull \hbox (badness 10000) in paragraph at lines 458--472

 []


LaTeX Warning: `!h' float specifier changed to `!ht'.

[27]
Overfull \hbox (6.15851pt too wide) in paragraph at lines 481--482
[]|\OT1/cmr/m/n/10 [[]]| 
 []


Overfull \hbox (6.15851pt too wide) in paragraph at lines 482--483
[]|\OT1/cmr/m/n/10 [[]]| 
 []


Overfull \hbox (6.15851pt too wide) in paragraph at lines 498--499
[]|\OT1/cmr/m/n/10 [[]]| 
 []


Overfull \hbox (6.15851pt too wide) in paragraph at lines 499--500
[]|\OT1/cmr/m/n/10 [[]]| 
 []


Overfull \hbox (6.15851pt too wide) in paragraph at lines 500--501
[]|\OT1/cmr/m/n/10 [[]]| 
 []


Overfull \hbox (1.1585pt too wide) in paragraph at lines 516--517
[]|\OT1/cmr/m/n/10 [[]]| 
 []


Overfull \hbox (6.15851pt too wide) in paragraph at lines 517--518
[]|\OT1/cmr/m/n/10 [[]]| 
 []


Overfull \hbox (6.15851pt too wide) in paragraph at lines 518--519
[]|\OT1/cmr/m/n/10 [[]]| 
 []


Overfull \hbox (6.15851pt too wide) in paragraph at lines 533--534
[]|\OT1/cmr/m/n/10 [[]]| 
 []


Underfull \hbox (badness 10000) in paragraph at lines 528--540

 []

[28]
Overfull \hbox (6.15851pt too wide) in paragraph at lines 549--550
[]|\OT1/cmr/m/n/10 [[]]| 
 []


Overfull \hbox (6.15851pt too wide) in paragraph at lines 550--551
[]|\OT1/cmr/m/n/10 [[]]| 
 []


Overfull \hbox (6.57516pt too wide) in paragraph at lines 551--552
[]|\OT1/cmr/m/n/10 ME| 
 []


Overfull \hbox (6.15851pt too wide) in paragraph at lines 552--553
[]|\OT1/cmr/m/n/10 [[]]| 
 []


Overfull \hbox (1.1585pt too wide) in paragraph at lines 568--569
[]|\OT1/cmr/m/n/10 [[]]| 
 []


Overfull \hbox (6.15851pt too wide) in paragraph at lines 569--570
[]|\OT1/cmr/m/n/10 [[]]| 
 []


Overfull \hbox (6.15851pt too wide) in paragraph at lines 570--571
[]|\OT1/cmr/m/n/10 [[]]| 
 []


Overfull \hbox (6.15851pt too wide) in paragraph at lines 588--589
[]|\OT1/cmr/m/n/10 [[]]| 
 []


Overfull \hbox (6.15851pt too wide) in paragraph at lines 589--590
[]|\OT1/cmr/m/n/10 [[]]| 
 []


Overfull \hbox (6.57516pt too wide) in paragraph at lines 590--591
[]|\OT1/cmr/m/n/10 ME| 
 []


Overfull \hbox (6.15851pt too wide) in paragraph at lines 591--592
[]|\OT1/cmr/m/n/10 [[]]| 
 []


Overfull \hbox (6.15851pt too wide) in paragraph at lines 592--593
[]|\OT1/cmr/m/n/10 [[]]| 
 []


Underfull \hbox (badness 10000) in paragraph at lines 582--599

 []

[29]
Overfull \hbox (6.15851pt too wide) in paragraph at lines 609--610
[]|\OT1/cmr/m/n/10 [[]]| 
 []


Overfull \hbox (6.15851pt too wide) in paragraph at lines 624--625
[]|\OT1/cmr/m/n/10 [[]]| 
 []


Overfull \hbox (6.15851pt too wide) in paragraph at lines 625--626
[]|\OT1/cmr/m/n/10 [[]]| 
 []


Overfull \hbox (1.1585pt too wide) in paragraph at lines 641--642
[]|\OT1/cmr/m/n/10 [[]]| 
 []


Overfull \hbox (1.1585pt too wide) in paragraph at lines 642--643
[]|\OT1/cmr/m/n/10 [[]]| 
 []


Overfull \hbox (1.1585pt too wide) in paragraph at lines 657--658
[]|\OT1/cmr/m/n/10 [[]]| 
 []


Overfull \hbox (6.15851pt too wide) in paragraph at lines 671--672
[]|\OT1/cmr/m/n/10 [[]]| 
 []

[30]
Underfull \hbox (badness 10000) in paragraph at lines 678--682

 []


Overfull \hbox (6.15851pt too wide) in paragraph at lines 689--690
[]|\OT1/cmr/m/n/10 [[]]| 
 []


Overfull \hbox (6.15851pt too wide) in paragraph at lines 690--691
[]|\OT1/cmr/m/n/10 [[]]| 
 []


Overfull \hbox (6.15851pt too wide) in paragraph at lines 706--707
[]|\OT1/cmr/m/n/10 [[]]| 
 []


Overfull \hbox (6.15851pt too wide) in paragraph at lines 707--708
[]|\OT1/cmr/m/n/10 [[]]| 
 []


Overfull \hbox (6.15851pt too wide) in paragraph at lines 723--724
[]|\OT1/cmr/m/n/10 [[]]| 
 []


Overfull \hbox (6.15851pt too wide) in paragraph at lines 724--725
[]|\OT1/cmr/m/n/10 [[]]| 
 []


Overfull \hbox (6.15851pt too wide) in paragraph at lines 725--726
[]|\OT1/cmr/m/n/10 [[]]| 
 []


Overfull \hbox (1.1585pt too wide) in paragraph at lines 741--742
[]|\OT1/cmr/m/n/10 [[]]| 
 []


Underfull \hbox (badness 10000) in paragraph at lines 734--748

 []

[31]
Underfull \hbox (badness 10000) in paragraph at lines 759--759
[]|\OT1/cmr/m/n/10 6.1e-3
 []


Overfull \hbox (6.15851pt too wide) in paragraph at lines 759--760
[]|\OT1/cmr/m/n/10 [[]]| 
 []


Overfull \hbox (6.15851pt too wide) in paragraph at lines 760--761
[]|\OT1/cmr/m/n/10 [[]]| 
 []


Overfull \hbox (6.57516pt too wide) in paragraph at lines 761--762
[]|\OT1/cmr/m/n/10 ME| 
 []


Overfull \hbox (6.15851pt too wide) in paragraph at lines 762--763
[]|\OT1/cmr/m/n/10 [[]]| 
 []


Overfull \hbox (6.15851pt too wide) in paragraph at lines 763--764
[]|\OT1/cmr/m/n/10 [[]]| 
 []


Overfull \hbox (6.15851pt too wide) in paragraph at lines 779--780
[]|\OT1/cmr/m/n/10 [[]]| 
 []


Underfull \hbox (badness 10000) in paragraph at lines 796--796
[]|\OT1/cmr/m/n/10 6.6e-4
 []


Overfull \hbox (6.15851pt too wide) in paragraph at lines 796--797
[]|\OT1/cmr/m/n/10 [[]]| 
 []


Overfull \hbox (6.15851pt too wide) in paragraph at lines 797--798
[]|\OT1/cmr/m/n/10 [[]]| 
 []


Overfull \hbox (6.15851pt too wide) in paragraph at lines 799--800
[]|\OT1/cmr/m/n/10 [[]]| 
 []


Overfull \hbox (6.15851pt too wide) in paragraph at lines 800--801
[]|\OT1/cmr/m/n/10 [[]]| 
 []


Overfull \hbox (6.15851pt too wide) in paragraph at lines 817--818
[]|\OT1/cmr/m/n/10 [[]]| 
 []


Overfull \hbox (6.15851pt too wide) in paragraph at lines 818--819
[]|\OT1/cmr/m/n/10 [[]]| 
 []


Overfull \hbox (6.15851pt too wide) in paragraph at lines 839--840
[]|\OT1/cmr/m/n/10 [[]]| 
 []


Overfull \hbox (6.15851pt too wide) in paragraph at lines 840--841
[]|\OT1/cmr/m/n/10 [[]]| 
 []


Overfull \hbox (6.15851pt too wide) in paragraph at lines 841--842
[]|\OT1/cmr/m/n/10 [[]]| 
 []


Overfull \hbox (6.15851pt too wide) in paragraph at lines 842--843
[]|\OT1/cmr/m/n/10 [[]]| 
 []


Overfull \hbox (6.15851pt too wide) in paragraph at lines 843--844
[]|\OT1/cmr/m/n/10 [[]]| 
 []


Overfull \hbox (6.15851pt too wide) in paragraph at lines 844--845
[]|\OT1/cmr/m/n/10 [[]]| 
 []


Overfull \hbox (6.15851pt too wide) in paragraph at lines 845--846
[]|\OT1/cmr/m/n/10 [[]]| 
 []


Overfull \hbox (6.15851pt too wide) in paragraph at lines 846--847
[]|\OT1/cmr/m/n/10 [[]]| 
 []

[32]
Overfull \hbox (6.15851pt too wide) in paragraph at lines 862--863
[]|\OT1/cmr/m/n/10 [[]]| 
 []


Overfull \hbox (6.15851pt too wide) in paragraph at lines 863--864
[]|\OT1/cmr/m/n/10 [[]]| 
 []


Overfull \hbox (6.15851pt too wide) in paragraph at lines 879--880
[]|\OT1/cmr/m/n/10 [[]]| 
 []


Underfull \hbox (badness 10000) in paragraph at lines 873--887

 []


Overfull \hbox (6.15851pt too wide) in paragraph at lines 908--909
[]|\OT1/cmr/m/n/10 [[]]| 
 []


Overfull \hbox (6.15851pt too wide) in paragraph at lines 909--910
[]|\OT1/cmr/m/n/10 [[]]| 
 []


Overfull \hbox (6.57516pt too wide) in paragraph at lines 910--911
[]|\OT1/cmr/m/n/10 ME| 
 []


LaTeX Warning: `!h' float specifier changed to `!ht'.

[33]
Overfull \hbox (6.15851pt too wide) in paragraph at lines 940--941
[]|\OT1/cmr/m/n/10 [[]]| 
 []


Overfull \hbox (6.15851pt too wide) in paragraph at lines 941--942
[]|\OT1/cmr/m/n/10 [[]]| 
 []


Overfull \hbox (6.15851pt too wide) in paragraph at lines 942--943
[]|\OT1/cmr/m/n/10 [[]]| 
 []


Overfull \hbox (6.15851pt too wide) in paragraph at lines 943--944
[]|\OT1/cmr/m/n/10 [[]]| 
 []


Overfull \hbox (1.1585pt too wide) in paragraph at lines 944--945
[]|\OT1/cmr/m/n/10 [[]]| 
 []


Overfull \hbox (1.1585pt too wide) in paragraph at lines 945--946
[]|\OT1/cmr/m/n/10 [[]]| 
 []


Underfull \hbox (badness 10000) in paragraph at lines 946--946
[]|\OT1/cmr/m/n/10 4.2e2
 []


Overfull \hbox (1.1585pt too wide) in paragraph at lines 946--947
[]|\OT1/cmr/m/n/10 [[]]| 
 []


Overfull \hbox (1.1585pt too wide) in paragraph at lines 947--948
[]|\OT1/cmr/m/n/10 [[]]| 
 []


Underfull \hbox (badness 10000) in paragraph at lines 948--948
[]|\OT1/cmr/m/n/10 -7.4e-2
 []


Overfull \hbox (1.1585pt too wide) in paragraph at lines 948--949
[]|\OT1/cmr/m/n/10 [[]]| 
 []


Underfull \hbox (badness 10000) in paragraph at lines 932--955

 []

[34]
Overfull \hbox (1.1585pt too wide) in paragraph at lines 995--996
[]|\OT1/cmr/m/n/10 [[]]| 
 []


Overfull \hbox (1.1585pt too wide) in paragraph at lines 996--997
[]|\OT1/cmr/m/n/10 [[]]| 
 []


Overfull \hbox (1.1585pt too wide) in paragraph at lines 997--998
[]|\OT1/cmr/m/n/10 [[]]| 
 []


Overfull \hbox (1.1585pt too wide) in paragraph at lines 998--999
[]|\OT1/cmr/m/n/10 [[]]| 
 []


Overfull \hbox (1.1585pt too wide) in paragraph at lines 999--1000
[]|\OT1/cmr/m/n/10 [[]]| 
 []


Overfull \hbox (1.1585pt too wide) in paragraph at lines 1000--1002
[]|\OT1/cmr/m/n/10 [[]]| 
 []

[35]
Overfull \hbox (6.15851pt too wide) in paragraph at lines 1039--1040
[]|\OT1/cmr/m/n/10 [[]]| 
 []


Overfull \hbox (6.57516pt too wide) in paragraph at lines 1040--1041
[]|\OT1/cmr/m/n/10 ME| 
 []


Overfull \hbox (6.57516pt too wide) in paragraph at lines 1041--1042
[]|\OT1/cmr/m/n/10 ME| 
 []


Overfull \hbox (6.57516pt too wide) in paragraph at lines 1042--1043
[]|\OT1/cmr/m/n/10 ME| 
 []


Overfull \hbox (1.1585pt too wide) in paragraph at lines 1043--1044
[]|\OT1/cmr/m/n/10 [[]]| 
 []


Overfull \hbox (1.1585pt too wide) in paragraph at lines 1044--1045
[]|\OT1/cmr/m/n/10 [[]]| 
 []


Overfull \hbox (1.1585pt too wide) in paragraph at lines 1045--1046
[]|\OT1/cmr/m/n/10 [[]]| 
 []

) [36]
(P:\temp\Internship\Project\Report\Report_GA\Template_NVU_Documentation\doc\Cod
eStructure.tex
(P:\temp\Internship\Project\Report\Report_GA\Template_NVU_Documentation\doc\pic
s/structure_diagram2.pdf_tex
<pics/structure_diagram2.pdf, id=2052, 884.94678pt x 410.68556pt>
File: pics/structure_diagram2.pdf Graphic file (type pdf)

<use pics/structure_diagram2.pdf>
Package pdftex.def Info: pics/structure_diagram2.pdf used on input line 52.
(pdftex.def)             Requested size: 450.0pt x 208.83273pt.
)

LaTeX Warning: `!h' float specifier changed to `!ht'.

) [37


] [38 <P:/temp/Internship/Project/Report/Report_GA/Template_NVU_Documentation/d
oc/pics/structure_diagram2.pdf>]
(P:\temp\Internship\Project\Report\Report_GA\Template_NVU_Documentation\doc\Res
ults1pt1.tex [39


] [40]
<figures/1_Input_signal.pdf, id=2119, 579.22397pt x 489.09724pt>
File: figures/1_Input_signal.pdf Graphic file (type pdf)

<use figures/1_Input_signal.pdf>
Package pdftex.def Info: figures/1_Input_signal.pdf used on input line 37.
(pdftex.def)             Requested size: 579.22255pt x 489.09605pt.


LaTeX Warning: Float too large for page by 46.17435pt on input line 40.


LaTeX Warning: `!h' float specifier changed to `!ht'.

<figures/7_Astrocyte_equations.pdf, id=2120, 580.60915pt x 488.23404pt>
File: figures/7_Astrocyte_equations.pdf Graphic file (type pdf)

<use figures/7_Astrocyte_equations.pdf>
Package pdftex.def Info: figures/7_Astrocyte_equations.pdf used on input line 4
8.
(pdftex.def)             Requested size: 580.60773pt x 488.23283pt.


LaTeX Warning: Float too large for page by 45.31113pt on input line 51.


LaTeX Warning: `!h' float specifier changed to `!ht'.

<figures/2_SMC_fluxes.pdf, id=2121, 468.3397pt x 481.6896pt>
File: figures/2_SMC_fluxes.pdf Graphic file (type pdf)

<use figures/2_SMC_fluxes.pdf>
Package pdftex.def Info: figures/2_SMC_fluxes.pdf used on input line 59.
(pdftex.def)             Requested size: 468.33855pt x 481.68843pt.


LaTeX Warning: Float too large for page by 38.76672pt on input line 62.


LaTeX Warning: `!h' float specifier changed to `!ht'.

<figures/3_EC_fluxes.pdf, id=2122, 629.40143pt x 476.37976pt>
File: figures/3_EC_fluxes.pdf Graphic file (type pdf)

<use figures/3_EC_fluxes.pdf>
Package pdftex.def Info: figures/3_EC_fluxes.pdf used on input line 70.
(pdftex.def)             Requested size: 629.39989pt x 476.37859pt.

Overfull \hbox (8.96988pt too wide) in paragraph at lines 70--71
 [][] 
 []


LaTeX Warning: Float too large for page by 33.45688pt on input line 73.


LaTeX Warning: `!h' float specifier changed to `!ht'.

<figures/4_DFDT_new.pdf, id=2123, 621.18071pt x 408.18498pt>
File: figures/4_DFDT_new.pdf Graphic file (type pdf)

<use figures/4_DFDT_new.pdf>
Package pdftex.def Info: figures/4_DFDT_new.pdf used on input line 80.
(pdftex.def)             Requested size: 621.17918pt x 408.18398pt.

Overfull \hbox (0.74918pt too wide) in paragraph at lines 80--81
 [][] 
 []


LaTeX Warning: `!h' float specifier changed to `!ht'.

<figures/5_MC_model.pdf, id=2124, 580.60915pt x 360.93846pt>
File: figures/5_MC_model.pdf Graphic file (type pdf)

<use figures/5_MC_model.pdf>
Package pdftex.def Info: figures/5_MC_model.pdf used on input line 91.
(pdftex.def)             Requested size: 580.60773pt x 360.93758pt.


LaTeX Warning: `!h' float specifier changed to `!ht'.

<figures/6_Neuron_to_Radius.pdf, id=2125, 611.30385pt x 495.70195pt>
File: figures/6_Neuron_to_Radius.pdf Graphic file (type pdf)

<use figures/6_Neuron_to_Radius.pdf>
Package pdftex.def Info: figures/6_Neuron_to_Radius.pdf used on input line 102.

(pdftex.def)             Requested size: 579.31755pt x 469.75502pt.


LaTeX Warning: Float too large for page by 26.83331pt on input line 105.


LaTeX Warning: `!h' float specifier changed to `!ht'.

[41 <P:/temp/Internship/Project/Report/Report_GA/Template_NVU_Documentation/doc
/figures/1_Input_signal.pdf>] [42 <P:/temp/Internship/Project/Report/Report_GA/
Template_NVU_Documentation/doc/figures/7_Astrocyte_equations.pdf>] [43 <P:/temp
/Internship/Project/Report/Report_GA/Template_NVU_Documentation/doc/figures/2_S
MC_fluxes.pdf>] [44 <P:/temp/Internship/Project/Report/Report_GA/Template_NVU_D
ocumentation/doc/figures/3_EC_fluxes.pdf>] [45 <P:/temp/Internship/Project/Repo
rt/Report_GA/Template_NVU_Documentation/doc/figures/4_DFDT_new.pdf>] [46 <P:/te
mp/Internship/Project/Report/Report_GA/Template_NVU_Documentation/doc/figures/5
_MC_model.pdf>] [47 <P:/temp/Internship/Project/Report/Report_GA/Template_NVU_D
ocumentation/doc/figures/6_Neuron_to_Radius.pdf>] [48


]
<figures/fig1_NVU_12.pdf, id=2277, 579.22397pt x 469.47395pt>
File: figures/fig1_NVU_12.pdf Graphic file (type pdf)

<use figures/fig1_NVU_12.pdf>
Package pdftex.def Info: figures/fig1_NVU_12.pdf used on input line 125.
(pdftex.def)             Requested size: 579.22255pt x 469.4728pt.


LaTeX Warning: Float too large for page by 26.55109pt on input line 128.


LaTeX Warning: `!h' float specifier changed to `!ht'.

<figures/fig6_NVU_12.pdf, id=2278, 611.30385pt x 438.7893pt>
File: figures/fig6_NVU_12.pdf Graphic file (type pdf)

<use figures/fig6_NVU_12.pdf>
Package pdftex.def Info: figures/fig6_NVU_12.pdf used on input line 136.
(pdftex.def)             Requested size: 611.30235pt x 438.78822pt.


LaTeX Warning: `!h' float specifier changed to `!ht'.

<figures/BK_eff_NVU14.pdf, id=2279, 611.30385pt x 437.10301pt>
File: figures/BK_eff_NVU14.pdf Graphic file (type pdf)

<use figures/BK_eff_NVU14.pdf>
Package pdftex.def Info: figures/BK_eff_NVU14.pdf used on input line 146.
(pdftex.def)             Requested size: 611.30235pt x 437.10193pt.


LaTeX Warning: `!h' float specifier changed to `!ht'.

<figures/BK_rad_NVU14.pdf, id=2280, 544.60464pt x 249.69284pt>
File: figures/BK_rad_NVU14.pdf Graphic file (type pdf)

<use figures/BK_rad_NVU14.pdf>
Package pdftex.def Info: figures/BK_rad_NVU14.pdf used on input line 157.
(pdftex.def)             Requested size: 544.6033pt x 249.69223pt.


LaTeX Warning: `!h' float specifier changed to `!ht'.

[49 <P:/temp/Internship/Project/Report/Report_GA/Template_NVU_Documentation/doc
/figures/fig1_NVU_12.pdf>] [50 <P:/temp/Internship/Project/Report/Report_GA/Tem
plate_NVU_Documentation/doc/figures/fig6_NVU_12.pdf>] [51 <P:/temp/Internship/P
roject/Report/Report_GA/Template_NVU_Documentation/doc/figures/BK_eff_NVU14.pdf
>] [52 <P:/temp/Internship/Project/Report/Report_GA/Template_NVU_Documentation/
doc/figures/BK_rad_NVU14.pdf>])
(P:\temp\Internship\Project\Report\Report_GA\Template_NVU_Documentation\doc\ToD
o2.tex
Underfull \hbox (badness 10000) in paragraph at lines 4--5

 []


Underfull \hbox (badness 10000) in paragraph at lines 6--7

 []

) [53




]
No file version1pt0.tex.

(P:\temp\Internship\Project\Report\Report_GA\Template_NVU_Documentation\doc\NVU
Documentation.bbl) [54



]
No file NVUDocumentation.gls.
[55]
Package atveryend Info: Empty hook `BeforeClearDocument' on input line 74.
Package atveryend Info: Empty hook `AfterLastShipout' on input line 74.

(P:\temp\Internship\Project\Report\Report_GA\Template_NVU_Documentation\doc\NVU
Documentation.aux
(P:\temp\Internship\Project\Report\Report_GA\Template_NVU_Documentation\doc\Rel
easeNotes.aux)
(P:\temp\Internship\Project\Report\Report_GA\Template_NVU_Documentation\doc\Int
roduction.aux)
(P:\temp\Internship\Project\Report\Report_GA\Template_NVU_Documentation\doc\Exi
stingModels4.aux)
(P:\temp\Internship\Project\Report\Report_GA\Template_NVU_Documentation\doc\Equ
ations3.aux)
(P:\temp\Internship\Project\Report\Report_GA\Template_NVU_Documentation\doc\Cod
eStructure.aux)
(P:\temp\Internship\Project\Report\Report_GA\Template_NVU_Documentation\doc\Res
ults1pt1.aux)
(P:\temp\Internship\Project\Report\Report_GA\Template_NVU_Documentation\doc\ToD
o2.aux)
(P:\temp\Internship\Project\Report\Report_GA\Template_NVU_Documentation\doc\ver
sion1pt0.aux))
Package atveryend Info: Executing hook `AtVeryEndDocument' on input line 74.
Package atveryend Info: Executing hook `AtEndAfterFileList' on input line 74.
Package rerunfilecheck Info: File `NVUDocumentation.out' has not changed.
(rerunfilecheck)             Checksum: E99BDD7DF887203AFFC31BD8333DF000;2942.
Package atveryend Info: Empty hook `AtVeryVeryEnd' on input line 74.
 ) 
Here is how much of TeX's memory you used:
 32438 strings out of 493921
 716451 string characters out of 3147282
 921353 words of memory out of 3000000
 34798 multiletter control sequences out of 15000+200000
 11910 words of font info for 43 fonts, out of 3000000 for 9000
 841 hyphenation exceptions out of 8191
 62i,18n,77p,1826b,609s stack positions out of 5000i,500n,10000p,200000b,50000s
pdfTeX warning (dest): name{glo:SR} has been referenced but does not exist, r
eplaced by a fixed one

pdfTeX warning (dest): name{glo:Cl} has been referenced but does not exist, rep
laced by a fixed one

pdfTeX warning (dest): name{glo:HCO3} has been referenced but does not exist, r
eplaced by a fixed one

pdfTeX warning (dest): name{glo:Na} has been referenced but does not exist, rep
laced by a fixed one

pdfTeX warning (dest): name{glo:NO} has been referenced but does not exist, rep
laced by a fixed one

pdfTeX warning (dest): name{glo:O2} has been referenced but does not exist, rep
laced by a fixed one

pdfTeX warning (dest): name{glo:NVC} has been referenced but does not exist, re
placed by a fixed one

pdfTeX warning (dest): name{glo:LU} has been referenced but does not exist, rep
laced by a fixed one

pdfTeX warning (dest): name{glo:PVS} has been referenced but does not exist, re
placed by a fixed one

pdfTeX warning (dest): name{glo:SC} has been referenced but does not exist, rep
laced by a fixed one

pdfTeX warning (dest): name{glo:NVU} has been referenced but does not exist, re
placed by a fixed one

pdfTeX warning (dest): name{glo:SMC} has been referenced but does not exist, re
placed by a fixed one

pdfTeX warning (dest): name{glo:EC} has been referenced but does not exist, rep
laced by a fixed one

pdfTeX warning (dest): name{glo:AC} has been referenced but does not exist, rep
laced by a fixed one

pdfTeX warning (dest): name{glo:NE} has been referenced but does not exist, rep
laced by a fixed one

pdfTeX warning (dest): name{glo:K} has been referenced but does not exist, repl
aced by a fixed one

pdfTeX warning (dest): name{glo:Ca} has been referenced but does not exist, rep
laced by a fixed one

pdfTeX warning (dest): name{glo:ER} has been referenced but does not exist, rep
laced by a fixed one

pdfTeX warning (dest): name{glo:IP3} has been referenced but does not exist, re
placed by a fixed one

 <C:\Users\mwb76\AppData\Local\MiKTeX\2.9\fonts\pk\ljfour\jknappen\ec\dpi600\tc
rm1200.pk> <C:\Users\mwb76\AppData\Local\MiKTeX\2.9\fonts\pk\ljfour\jknappen\ec
\dpi600\tcrm1000.pk><C:/Program Files/MiKTeX 2.9/fonts/type1/public/amsfonts/cm
/cmbx12.pfb><C:/Program Files/MiKTeX 2.9/fonts/type1/public/amsfonts/cm/cmex10.
pfb><C:/Program Files/MiKTeX 2.9/fonts/type1/public/amsfonts/cm/cmmi10.pfb><C:/
Program Files/MiKTeX 2.9/fonts/type1/public/amsfonts/cm/cmmi12.pfb><C:/Program 
Files/MiKTeX 2.9/fonts/type1/public/amsfonts/cm/cmmi5.pfb><C:/Program Files/MiK
TeX 2.9/fonts/type1/public/amsfonts/cm/cmmi6.pfb><C:/Program Files/MiKTeX 2.9/f
onts/type1/public/amsfonts/cm/cmmi7.pfb><C:/Program Files/MiKTeX 2.9/fonts/type
1/public/amsfonts/cm/cmmi8.pfb><C:/Program Files/MiKTeX 2.9/fonts/type1/public/
amsfonts/cm/cmr10.pfb><C:/Program Files/MiKTeX 2.9/fonts/type1/public/amsfonts/
cm/cmr12.pfb><C:/Program Files/MiKTeX 2.9/fonts/type1/public/amsfonts/cm/cmr17.
pfb><C:/Program Files/MiKTeX 2.9/fonts/type1/public/amsfonts/cm/cmr5.pfb><C:/Pr
ogram Files/MiKTeX 2.9/fonts/type1/public/amsfonts/cm/cmr6.pfb><C:/Program File
s/MiKTeX 2.9/fonts/type1/public/amsfonts/cm/cmr7.pfb><C:/Program Files/MiKTeX 2
.9/fonts/type1/public/amsfonts/cm/cmr8.pfb><C:/Program Files/MiKTeX 2.9/fonts/t
ype1/public/amsfonts/cm/cmsy10.pfb><C:/Program Files/MiKTeX 2.9/fonts/type1/pub
lic/amsfonts/cm/cmsy5.pfb><C:/Program Files/MiKTeX 2.9/fonts/type1/public/amsfo
nts/cm/cmsy6.pfb><C:/Program Files/MiKTeX 2.9/fonts/type1/public/amsfonts/cm/cm
sy7.pfb><C:/Program Files/MiKTeX 2.9/fonts/type1/public/amsfonts/cm/cmsy8.pfb><
C:/Program Files/MiKTeX 2.9/fonts/type1/public/amsfonts/cm/cmti12.pfb>
Output written on NVUDocumentation.pdf (55 pages, 2095663 bytes).
PDF statistics:
 2504 PDF objects out of 2984 (max. 8388607)
 280 named destinations out of 1000 (max. 500000)
 454 words of extra memory for PDF output out of 10000 (max. 10000000)

