#
# A fatal error has been detected by the Java Runtime Environment:
#
#  EXCEPTION_ACCESS_VIOLATION (0xc0000005) at pc=0x0000000134c6e52a, pid=7044, tid=5496
#
# JRE version: 7.0_11-b21
# Java VM: Java HotSpot(TM) 64-Bit Server VM (23.6-b04 mixed mode windows-amd64 compressed oops)
# Problematic frame:
# C  0x0000000134c6e52a
#
# Failed to write core dump. Minidumps are not enabled by default on client versions of Windows
#
# If you would like to submit a bug report, please visit:
#   http://bugreport.sun.com/bugreport/crash.jsp
# The crash happened outside the Java Virtual Machine in native code.
# See problematic frame for where to report the bug.
#

---------------  T H R E A D  ---------------

Current thread (0x0000000122c79000):  JavaThread "Thread-5688" [_thread_in_native, id=5496, stack(0x0000000158030000,0x000000015c030000)]

siginfo: ExceptionCode=0xc0000005, reading address 0x0000000000000013

Registers:
RAX=0x000000000007e6b4, RBX=0x0000000000000002, RCX=0x000000007e6b4fe0, RDX=0x0000000000000006
RSP=0x000000015c02d7f0, RBP=0x000000007e6b4000, RSI=0x000000007e6b4000, RDI=0x0000000000000000
R8 =0x0000000000000001, R9 =0x0000000000000001, R10=0x0000000000000000, R11=0x000000015c02d8f0
R12=0x0000000135d54630, R13=0x0000000000000000, R14=0x0000000000000001, R15=0x0000000000000000
RIP=0x0000000134c6e52a, EFLAGS=0x0000000000010202

Top of Stack: (sp=0x000000015c02d7f0)
0x000000015c02d7f0:   0000000000000000 0000000000000001
0x000000015c02d800:   8000000000000001 0000000000000000
0x000000015c02d810:   8000000000000001 0000000136692800
0x000000015c02d820:   000000007ee3c410 0000000004060000
0x000000015c02d830:   0000000000000000 0000000134c6d313
0x000000015c02d840:   0000000000000002 000000007e6b4fe0
0x000000015c02d850:   000000015c02d8c0 0000000004060000
0x000000015c02d860:   000000008007000e 000007fefb707d64
0x000000015c02d870:   0000000000000006 0000000000000003
0x000000015c02d880:   00000000040602a8 0000000136366628
0x000000015c02d890:   0000000018fe7140 000007fefb6fd710
0x000000015c02d8a0:   000000000015001c 000000007ee3c418
0x000000015c02d8b0:   000000007ee3c410 0000000018e11f20
0x000000015c02d8c0:   0000000000000000 000007fefb4a2b30
0x000000015c02d8d0:   000000007ee3c418 000000000000001a
0x000000015c02d8e0:   0000000000000001 000000007ea4e550 

Instructions: (pc=0x0000000134c6e52a)
0x0000000134c6e50a:   81 e3 ff 07 00 00 48 03 db 49 39 b4 dc d0 08 00
0x0000000134c6e51a:   00 75 28 49 8b 9c dc d8 08 00 00 48 85 db 74 20
0x0000000134c6e52a:   0f b6 43 11 41 3b c0 75 17 41 83 f8 01 0f 85 80
0x0000000134c6e53a:   01 00 00 ff 43 18 e9 78 01 00 00 48 8b 5c 24 50 


Register to memory mapping:

RAX=0x000000000007e6b4 is pointing into the stack for thread: 0x000000000f8fd800
RBX=0x0000000000000002 is an unknown value
RCX=0x000000007e6b4fe0 is an unknown value
RDX=0x0000000000000006 is an unknown value
RSP=0x000000015c02d7f0 is pointing into the stack for thread: 0x0000000122c79000
RBP=0x000000007e6b4000 is an unknown value
RSI=0x000000007e6b4000 is an unknown value
RDI=0x0000000000000000 is an unknown value
R8 =0x0000000000000001 is an unknown value
R9 =0x0000000000000001 is an unknown value
R10=0x0000000000000000 is an unknown value
R11=0x000000015c02d8f0 is pointing into the stack for thread: 0x0000000122c79000
R12=0x0000000135d54630 is an unknown value
R13=0x0000000000000000 is an unknown value
R14=0x0000000000000001 is an unknown value
R15=0x0000000000000000 is an unknown value


Stack: [0x0000000158030000,0x000000015c030000],  sp=0x000000015c02d7f0,  free space=65525k
Native frames: (J=compiled Java code, j=interpreted, Vv=VM code, C=native code)
C  0x0000000134c6e52a

Java frames: (J=compiled Java code, j=interpreted, Vv=VM code)
j  com.mathworks.util.NativeJava.showNativeFileDialogMulti(JZLjava/lang/String;Ljava/lang/String;Ljava/lang/String;Ljava/lang/String;ZZLjava/lang/String;I)Ljava/lang/Object;+0
j  com.mathworks.mwswing.MJFileChooserPerPlatform$RunnableNativeDispatch.runNative()V+37
j  com.mathworks.mwswing.MJFileChooserPerPlatform$RunnableNativeDispatch.runWindows()V+22
j  com.mathworks.mwswing.MJFileChooserPerPlatform$RunnableNativeDispatch.run()V+7
j  java.lang.Thread.run()V+11
v  ~StubRoutines::call_stub

---------------  P R O C E S S  ---------------

Java Threads: ( => current thread )
  0x0000000124e6f800 JavaThread "Unnamed RequestAggregator Timer" daemon [_thread_blocked, id=5116, stack(0x0000000160030000,0x0000000164030000)]
  0x0000000124e6e800 JavaThread "Foxtrot Multi Worker Thread Runner #29" daemon [_thread_blocked, id=2672, stack(0x000000015c030000,0x0000000160030000)]
=>0x0000000122c79000 JavaThread "Thread-5688" [_thread_in_native, id=5496, stack(0x0000000158030000,0x000000015c030000)]
  0x0000000053269800 JavaThread "Code Analyzer updating thread" [_thread_blocked, id=5140, stack(0x0000000154030000,0x0000000158030000)]
  0x0000000020e14800 JavaThread "Code Analyzer updating thread" [_thread_blocked, id=6384, stack(0x000000014c030000,0x0000000150030000)]
  0x00000001159c3800 JavaThread "Code Analyzer updating thread" [_thread_blocked, id=7056, stack(0x0000000140030000,0x0000000144030000)]
  0x000000011667a000 JavaThread "Code Analyzer updating thread" [_thread_blocked, id=5684, stack(0x000000012cfd0000,0x0000000130fd0000)]
  0x0000000116066000 JavaThread "Prefs Updater" daemon [_thread_blocked, id=6508, stack(0x0000000124fd0000,0x0000000128fd0000)]
  0x000000011534d800 JavaThread "Foxtrot Multi Worker Thread Runner #1" daemon [_thread_blocked, id=6460, stack(0x0000000116f70000,0x000000011af70000)]
  0x000000007dc59800 JavaThread "Timer queue for AWT thread" daemon [_thread_blocked, id=6656, stack(0x0000000094000000,0x0000000098000000)]
  0x000000007673c800 JavaThread "Swing-Shell" daemon [_thread_blocked, id=2436, stack(0x0000000128fd0000,0x000000012cfd0000)]
  0x000000007c184800 JavaThread "Code Analyzer updating thread" [_thread_blocked, id=4484, stack(0x0000000110000000,0x0000000114000000)]
  0x000000007c183800 JavaThread "Code Analyzer updating thread" [_thread_blocked, id=5064, stack(0x000000010c000000,0x0000000110000000)]
  0x000000007c183000 JavaThread "Code Analyzer updating thread" [_thread_blocked, id=5000, stack(0x0000000108000000,0x000000010c000000)]
  0x000000007c182000 JavaThread "Code Analyzer updating thread" [_thread_blocked, id=4788, stack(0x0000000104000000,0x0000000108000000)]
  0x000000007c181800 JavaThread "Code Analyzer updating thread" [_thread_blocked, id=3388, stack(0x0000000100000000,0x0000000104000000)]
  0x000000007c180800 JavaThread "Active Reference Queue Daemon" daemon [_thread_blocked, id=3992, stack(0x00000000dc000000,0x00000000e0000000)]
  0x000000007c180000 JavaThread "Timer-1" daemon [_thread_blocked, id=4740, stack(0x00000000d8000000,0x00000000dc000000)]
  0x000000007c17f000 JavaThread "ClipboardMonitor Timer" daemon [_thread_blocked, id=6584, stack(0x00000000d4000000,0x00000000d8000000)]
  0x00000000533cd000 JavaThread "Explorer NavigationContext request queue" daemon [_thread_blocked, id=6992, stack(0x00000000d0000000,0x00000000d4000000)]
  0x00000000533cb800 JavaThread "AddressBar directory emptiness poller" daemon [_thread_blocked, id=6316, stack(0x00000000c8000000,0x00000000cc000000)]
  0x00000000533ca000 JavaThread "Explorer Refresh Service 1822699321" daemon [_thread_blocked, id=3636, stack(0x00000000c4000000,0x00000000c8000000)]
  0x00000000533ca800 JavaThread "Thread-4" daemon [_thread_blocked, id=5208, stack(0x00000000c0000000,0x00000000c4000000)]
  0x00000000533c7000 JavaThread "TimerQueue" daemon [_thread_blocked, id=6412, stack(0x00000000b0000000,0x00000000b4000000)]
  0x00000000533c6000 JavaThread "Thread-3" daemon [_thread_blocked, id=6280, stack(0x00000000a0000000,0x00000000a4000000)]
  0x0000000052f86800 JavaThread "FelixPackageAdmin" daemon [_thread_blocked, id=6292, stack(0x00000000ac000000,0x00000000b0000000)]
  0x0000000052e00000 JavaThread "FelixStartLevel" daemon [_thread_blocked, id=4680, stack(0x00000000a8000000,0x00000000ac000000)]
  0x0000000052dff000 JavaThread "FelixDispatchQueue" daemon [_thread_blocked, id=6252, stack(0x00000000a4000000,0x00000000a8000000)]
  0x0000000052cf0800 JavaThread "AWT-EventQueue-0" [_thread_blocked, id=6820, stack(0x000000009c000000,0x00000000a0000000)]
  0x0000000052cf0000 JavaThread "com.google.common.base.internal.Finalizer" daemon [_thread_blocked, id=3932, stack(0x0000000098000000,0x000000009c000000)]
  0x0000000052cd6000 JavaThread "AWT-Windows" daemon [_thread_in_native, id=5148, stack(0x0000000090000000,0x0000000094000000)]
  0x0000000052c44000 JavaThread "AWT-Shutdown" [_thread_blocked, id=6868, stack(0x000000008c000000,0x0000000090000000)]
  0x0000000052cd5000 JavaThread "Java2D Disposer" daemon [_thread_blocked, id=6792, stack(0x0000000088000000,0x000000008c000000)]
  0x0000000052a54000 JavaThread "Timer-0" [_thread_blocked, id=6624, stack(0x0000000084000000,0x0000000088000000)]
  0x00000000529c0000 JavaThread "EventMgr Dispatcher" daemon [_thread_in_native, id=6752, stack(0x0000000080000000,0x0000000084000000)]
  0x0000000049482800 JavaThread "Service Thread" daemon [_thread_blocked, id=4560, stack(0x0000000070960000,0x0000000074960000)]
  0x0000000049482000 JavaThread "C2 CompilerThread1" daemon [_thread_blocked, id=4684, stack(0x00000000629f0000,0x00000000669f0000)]
  0x000000004947d000 JavaThread "C2 CompilerThread0" daemon [_thread_blocked, id=4856, stack(0x000000005e9f0000,0x00000000629f0000)]
  0x000000004947c800 JavaThread "Attach Listener" daemon [_thread_blocked, id=6420, stack(0x000000005a9f0000,0x000000005e9f0000)]
  0x00000000493f0800 JavaThread "Finalizer" daemon [_thread_blocked, id=6344, stack(0x00000000569f0000,0x000000005a9f0000)]
  0x00000000493e4800 JavaThread "Reference Handler" daemon [_thread_blocked, id=5068, stack(0x000000004e990000,0x0000000052990000)]
  0x000000000f8fd800 JavaThread "main" [_thread_blocked, id=856, stack(0x0000000000030000,0x0000000004030000)]

Other Threads:
  0x00000000493e2000 VMThread [stack: 0x000000004a990000,0x000000004e990000] [id=5532]
  0x00000000494dc000 WatcherThread [stack: 0x00000000776e0000,0x000000007b6e0000] [id=2996]

VM state:not at safepoint (normal execution)

VM Mutex/Monitor currently owned by a thread: None

Heap
 PSYoungGen      total 13504K, used 4575K [0x00000000fa000000, 0x00000000fb000000, 0x0000000100000000)
  eden space 10560K, 25% used [0x00000000fa000000,0x00000000fa2a28f8,0x00000000faa50000)
  from space 2944K, 63% used [0x00000000fad20000,0x00000000faef5408,0x00000000fb000000)
  to   space 2880K, 0% used [0x00000000faa50000,0x00000000faa50000,0x00000000fad20000)
 ParOldGen       total 82304K, used 72736K [0x00000000e8000000, 0x00000000ed060000, 0x00000000fa000000)
  object space 82304K, 88% used [0x00000000e8000000,0x00000000ec708190,0x00000000ed060000)
 PSPermGen       total 105024K, used 66845K [0x00000000e0000000, 0x00000000e6690000, 0x00000000e8000000)
  object space 105024K, 63% used [0x00000000e0000000,0x00000000e41474b0,0x00000000e6690000)

Card table byte_map: [0x0000000017e50000,0x0000000017f60000] byte_map_base: 0x0000000017750000

Polling page: 0x0000000008df0000

Code Cache  [0x0000000034cb0000, 0x00000000356e0000, 0x0000000037cb0000)
 total_blobs=3648 nmethods=2952 adapters=643 free_code_cache=38925Kb largest_free_block=39690496

Compilation events (10 events):
Event: 501790.662 Thread 0x000000004947d000 3252             javax.swing.JComponent::alwaysOnTop (2 bytes)
Event: 501790.663 Thread 0x000000004947d000 nmethod 3252 0x0000000035266690 code [0x00000000352667c0, 0x0000000035266818]
Event: 501803.439 Thread 0x0000000049482000 3253             java.awt.geom.AffineTransform::createInverse (567 bytes)
Event: 501803.440 Thread 0x000000004947d000 3254             java.awt.geom.AffineTransform::transform (298 bytes)
Event: 501803.442 Thread 0x000000004947d000 nmethod 3254 0x00000000353c4dd0 code [0x00000000353c4f80, 0x00000000353c5300]
Event: 501803.444 Thread 0x0000000049482000 nmethod 3253 0x000000003526d510 code [0x000000003526d760, 0x000000003526e010]
Event: 501819.478 Thread 0x000000004947d000 3255             sun.awt.SunHints$LCDContrastKey::isCompatibleValue (36 bytes)
Event: 501819.479 Thread 0x000000004947d000 nmethod 3255 0x00000000353c4b10 code [0x00000000353c4c60, 0x00000000353c4cf8]
Event: 501831.886 Thread 0x0000000049482000 3256             sun.util.locale.BaseLocale$Key::<init> (249 bytes)
Event: 501831.891 Thread 0x0000000049482000 nmethod 3256 0x00000000353c6650 code [0x00000000353c67c0, 0x00000000353c6ca8]

GC Heap History (10 events):
Event: 501811.188 GC heap before
{Heap before GC invocations=5166 (full 8):
 PSYoungGen      total 13312K, used 12255K [0x00000000fa000000, 0x00000000fb000000, 0x0000000100000000)
  eden space 10240K, 100% used [0x00000000fa000000,0x00000000faa00000,0x00000000faa00000)
  from space 3072K, 65% used [0x00000000faa00000,0x00000000fabf7f70,0x00000000fad00000)
  to   space 3008K, 0% used [0x00000000fad10000,0x00000000fad10000,0x00000000fb000000)
 ParOldGen       total 82304K, used 72560K [0x00000000e8000000, 0x00000000ed060000, 0x00000000fa000000)
  object space 82304K, 88% used [0x00000000e8000000,0x00000000ec6dc190,0x00000000ed060000)
 PSPermGen       total 105024K, used 66845K [0x00000000e0000000, 0x00000000e6690000, 0x00000000e8000000)
  object space 105024K, 63% used [0x00000000e0000000,0x00000000e4147490,0x00000000e6690000)
Event: 501811.191 GC heap after
Heap after GC invocations=5166 (full 8):
 PSYoungGen      total 13376K, used 2102K [0x00000000fa000000, 0x00000000fb000000, 0x0000000100000000)
  eden space 10368K, 0% used [0x00000000fa000000,0x00000000fa000000,0x00000000faa20000)
  from space 3008K, 69% used [0x00000000fad10000,0x00000000faf1dba8,0x00000000fb000000)
  to   space 3008K, 0% used [0x00000000faa20000,0x00000000faa20000,0x00000000fad10000)
 ParOldGen       total 82304K, used 72576K [0x00000000e8000000, 0x00000000ed060000, 0x00000000fa000000)
  object space 82304K, 88% used [0x00000000e8000000,0x00000000ec6e0190,0x00000000ed060000)
 PSPermGen       total 105024K, used 66845K [0x00000000e0000000, 0x00000000e6690000, 0x00000000e8000000)
  object space 105024K, 63% used [0x00000000e0000000,0x00000000e4147490,0x00000000e6690000)
}
Event: 501811.669 GC heap before
{Heap before GC invocations=5167 (full 8):
 PSYoungGen      total 13376K, used 12470K [0x00000000fa000000, 0x00000000fb000000, 0x0000000100000000)
  eden space 10368K, 100% used [0x00000000fa000000,0x00000000faa20000,0x00000000faa20000)
  from space 3008K, 69% used [0x00000000fad10000,0x00000000faf1dba8,0x00000000fb000000)
  to   space 3008K, 0% used [0x00000000faa20000,0x00000000faa20000,0x00000000fad10000)
 ParOldGen       total 82304K, used 72576K [0x00000000e8000000, 0x00000000ed060000, 0x00000000fa000000)
  object space 82304K, 88% used [0x00000000e8000000,0x00000000ec6e0190,0x00000000ed060000)
 PSPermGen       total 105024K, used 66845K [0x00000000e0000000, 0x00000000e6690000, 0x00000000e8000000)
  object space 105024K, 63% used [0x00000000e0000000,0x00000000e4147490,0x00000000e6690000)
Event: 501811.673 GC heap after
Heap after GC invocations=5167 (full 8):
 PSYoungGen      total 13376K, used 2104K [0x00000000fa000000, 0x00000000fb000000, 0x0000000100000000)
  eden space 10368K, 0% used [0x00000000fa000000,0x00000000fa000000,0x00000000faa20000)
  from space 3008K, 69% used [0x00000000faa20000,0x00000000fac2e168,0x00000000fad10000)
  to   space 3008K, 0% used [0x00000000fad10000,0x00000000fad10000,0x00000000fb000000)
 ParOldGen       total 82304K, used 72592K [0x00000000e8000000, 0x00000000ed060000, 0x00000000fa000000)
  object space 82304K, 88% used [0x00000000e8000000,0x00000000ec6e4190,0x00000000ed060000)
 PSPermGen       total 105024K, used 66845K [0x00000000e0000000, 0x00000000e6690000, 0x00000000e8000000)
  object space 105024K, 63% used [0x00000000e0000000,0x00000000e4147490,0x00000000e6690000)
}
Event: 501824.970 GC heap before
{Heap before GC invocations=5168 (full 8):
 PSYoungGen      total 13376K, used 12472K [0x00000000fa000000, 0x00000000fb000000, 0x0000000100000000)
  eden space 10368K, 100% used [0x00000000fa000000,0x00000000faa20000,0x00000000faa20000)
  from space 3008K, 69% used [0x00000000faa20000,0x00000000fac2e168,0x00000000fad10000)
  to   space 3008K, 0% used [0x00000000fad10000,0x00000000fad10000,0x00000000fb000000)
 ParOldGen       total 82304K, used 72592K [0x00000000e8000000, 0x00000000ed060000, 0x00000000fa000000)
  object space 82304K, 88% used [0x00000000e8000000,0x00000000ec6e4190,0x00000000ed060000)
 PSPermGen       total 105024K, used 66845K [0x00000000e0000000, 0x00000000e6690000, 0x00000000e8000000)
  object space 105024K, 63% used [0x00000000e0000000,0x00000000e4147490,0x00000000e6690000)
Event: 501824.973 GC heap after
Heap after GC invocations=5168 (full 8):
 PSYoungGen      total 13376K, used 2005K [0x00000000fa000000, 0x00000000fb000000, 0x0000000100000000)
  eden space 10368K, 0% used [0x00000000fa000000,0x00000000fa000000,0x00000000faa20000)
  from space 3008K, 66% used [0x00000000fad10000,0x00000000faf05750,0x00000000fb000000)
  to   space 3008K, 0% used [0x00000000faa20000,0x00000000faa20000,0x00000000fad10000)
 ParOldGen       total 82304K, used 72640K [0x00000000e8000000, 0x00000000ed060000, 0x00000000fa000000)
  object space 82304K, 88% used [0x00000000e8000000,0x00000000ec6f0190,0x00000000ed060000)
 PSPermGen       total 105024K, used 66845K [0x00000000e0000000, 0x00000000e6690000, 0x00000000e8000000)
  object space 105024K, 63% used [0x00000000e0000000,0x00000000e4147490,0x00000000e6690000)
}
Event: 501832.113 GC heap before
{Heap before GC invocations=5169 (full 8):
 PSYoungGen      total 13376K, used 12373K [0x00000000fa000000, 0x00000000fb000000, 0x0000000100000000)
  eden space 10368K, 100% used [0x00000000fa000000,0x00000000faa20000,0x00000000faa20000)
  from space 3008K, 66% used [0x00000000fad10000,0x00000000faf05750,0x00000000fb000000)
  to   space 3008K, 0% used [0x00000000faa20000,0x00000000faa20000,0x00000000fad10000)
 ParOldGen       total 82304K, used 72640K [0x00000000e8000000, 0x00000000ed060000, 0x00000000fa000000)
  object space 82304K, 88% used [0x00000000e8000000,0x00000000ec6f0190,0x00000000ed060000)
 PSPermGen       total 105024K, used 66845K [0x00000000e0000000, 0x00000000e6690000, 0x00000000e8000000)
  object space 105024K, 63% used [0x00000000e0000000,0x00000000e41474b0,0x00000000e6690000)
Event: 501832.115 GC heap after
Heap after GC invocations=5169 (full 8):
 PSYoungGen      total 13376K, used 1350K [0x00000000fa000000, 0x00000000fb000000, 0x0000000100000000)
  eden space 10368K, 0% used [0x00000000fa000000,0x00000000fa000000,0x00000000faa20000)
  from space 3008K, 44% used [0x00000000faa20000,0x00000000fab71ab8,0x00000000fad10000)
  to   space 2944K, 0% used [0x00000000fad20000,0x00000000fad20000,0x00000000fb000000)
 ParOldGen       total 82304K, used 72704K [0x00000000e8000000, 0x00000000ed060000, 0x00000000fa000000)
  object space 82304K, 88% used [0x00000000e8000000,0x00000000ec700190,0x00000000ed060000)
 PSPermGen       total 105024K, used 66845K [0x00000000e0000000, 0x00000000e6690000, 0x00000000e8000000)
  object space 105024K, 63% used [0x00000000e0000000,0x00000000e41474b0,0x00000000e6690000)
}
Event: 501837.030 GC heap before
{Heap before GC invocations=5170 (full 8):
 PSYoungGen      total 13376K, used 11718K [0x00000000fa000000, 0x00000000fb000000, 0x0000000100000000)
  eden space 10368K, 100% used [0x00000000fa000000,0x00000000faa20000,0x00000000faa20000)
  from space 3008K, 44% used [0x00000000faa20000,0x00000000fab71ab8,0x00000000fad10000)
  to   space 2944K, 0% used [0x00000000fad20000,0x00000000fad20000,0x00000000fb000000)
 ParOldGen       total 82304K, used 72704K [0x00000000e8000000, 0x00000000ed060000, 0x00000000fa000000)
  object space 82304K, 88% used [0x00000000e8000000,0x00000000ec700190,0x00000000ed060000)
 PSPermGen       total 105024K, used 66845K [0x00000000e0000000, 0x00000000e6690000, 0x00000000e8000000)
  object space 105024K, 63% used [0x00000000e0000000,0x00000000e41474b0,0x00000000e6690000)
Event: 501837.032 GC heap after
Heap after GC invocations=5170 (full 8):
 PSYoungGen      total 13504K, used 1877K [0x00000000fa000000, 0x00000000fb000000, 0x0000000100000000)
  eden space 10560K, 0% used [0x00000000fa000000,0x00000000fa000000,0x00000000faa50000)
  from space 2944K, 63% used [0x00000000fad20000,0x00000000faef5408,0x00000000fb000000)
  to   space 2880K, 0% used [0x00000000faa50000,0x00000000faa50000,0x00000000fad20000)
 ParOldGen       total 82304K, used 72736K [0x00000000e8000000, 0x00000000ed060000, 0x00000000fa000000)
  object space 82304K, 88% used [0x00000000e8000000,0x00000000ec708190,0x00000000ed060000)
 PSPermGen       total 105024K, used 66845K [0x00000000e0000000, 0x00000000e6690000, 0x00000000e8000000)
  object space 105024K, 63% used [0x00000000e0000000,0x00000000e41474b0,0x00000000e6690000)
}

Deoptimization events (10 events):
Event: 501009.252 Thread 0x0000000052cf0800 Uncommon trap -83 fr.pc 0x000000003515d328
Event: 501009.260 Thread 0x0000000052cf0800 Uncommon trap -83 fr.pc 0x00000000353f4328
Event: 501010.458 Thread 0x0000000052cf0800 Uncommon trap -34 fr.pc 0x0000000035163550
Event: 501010.464 Thread 0x0000000052cf0800 Uncommon trap -34 fr.pc 0x0000000035163550
Event: 501011.977 Thread 0x0000000052cf0800 Uncommon trap -83 fr.pc 0x000000003544cc44
Event: 501432.768 Thread 0x0000000052cf0800 Uncommon trap -12 fr.pc 0x000000003516fa18
Event: 501535.721 Thread 0x0000000052cf0800 Uncommon trap -34 fr.pc 0x0000000035556fc8
Event: 501535.721 Thread 0x0000000052cf0800 Uncommon trap -34 fr.pc 0x0000000035556fc8
Event: 501535.721 Thread 0x0000000052cf0800 Uncommon trap -34 fr.pc 0x0000000035556fc8
Event: 501535.721 Thread 0x0000000052cf0800 Uncommon trap -34 fr.pc 0x0000000035556fc8

Internal exceptions (10 events):
Event: 501836.718 Thread 0x000000000f8fd800 Threw 0x00000000fa503500 at C:\jdk7u1_64p\jdk7u11\hotspot\src\share\vm\prims\jvm.cpp:1166
Event: 501836.718 Thread 0x000000000f8fd800 Threw 0x00000000fa51fca8 at C:\jdk7u1_64p\jdk7u11\hotspot\src\share\vm\prims\jvm.cpp:1166
Event: 501836.718 Thread 0x000000000f8fd800 Threw 0x00000000fa520150 at C:\jdk7u1_64p\jdk7u11\hotspot\src\share\vm\prims\jvm.cpp:1166
Event: 501836.718 Thread 0x000000000f8fd800 Threw 0x00000000fa53c870 at C:\jdk7u1_64p\jdk7u11\hotspot\src\share\vm\prims\jvm.cpp:1166
Event: 501836.719 Thread 0x000000000f8fd800 Threw 0x00000000fa53ce68 at C:\jdk7u1_64p\jdk7u11\hotspot\src\share\vm\prims\jvm.cpp:1166
Event: 501836.719 Thread 0x000000000f8fd800 Threw 0x00000000fa5595d0 at C:\jdk7u1_64p\jdk7u11\hotspot\src\share\vm\prims\jvm.cpp:1166
Event: 501836.719 Thread 0x000000000f8fd800 Threw 0x00000000fa559950 at C:\jdk7u1_64p\jdk7u11\hotspot\src\share\vm\prims\jvm.cpp:1166
Event: 501836.719 Thread 0x000000000f8fd800 Threw 0x00000000fa576128 at C:\jdk7u1_64p\jdk7u11\hotspot\src\share\vm\prims\jvm.cpp:1166
Event: 501836.719 Thread 0x000000000f8fd800 Threw 0x00000000fa5765d0 at C:\jdk7u1_64p\jdk7u11\hotspot\src\share\vm\prims\jvm.cpp:1166
Event: 501836.719 Thread 0x000000000f8fd800 Threw 0x00000000fa592cf0 at C:\jdk7u1_64p\jdk7u11\hotspot\src\share\vm\prims\jvm.cpp:1166

Events (10 events):
Event: 501836.719 loading class 0x000000001f3a4780 done
Event: 501837.029 Executing VM operation: ParallelGCFailedAllocation
Event: 501837.032 Executing VM operation: ParallelGCFailedAllocation done
Event: 501837.787 Thread 0x0000000122c79000 Thread added: 0x0000000122c79000
Event: 501837.787 Thread 0x0000000124e6e800 Thread added: 0x0000000124e6e800
Event: 501837.788 Executing VM operation: RevokeBias
Event: 501837.788 Executing VM operation: RevokeBias done
Event: 501837.800 Thread 0x0000000124e6f800 Thread added: 0x0000000124e6f800
Event: 501837.800 Executing VM operation: RevokeBias
Event: 501837.800 Executing VM operation: RevokeBias done


Dynamic libraries:
0x0000000140000000 - 0x0000000140029000 	C:\Program Files\MATLAB\R2013b\bin\win64\MATLAB.exe
0x0000000077510000 - 0x00000000776b9000 	C:\Windows\SYSTEM32\ntdll.dll
0x00000000772f0000 - 0x000000007740f000 	C:\Windows\system32\kernel32.dll
0x000007fefd4f0000 - 0x000007fefd55b000 	C:\Windows\system32\KERNELBASE.dll
0x000000006f060000 - 0x000000006f3dc000 	C:\Program Files\MATLAB\R2013b\bin\win64\libmwservices.dll
0x000000006fe80000 - 0x000000006ff56000 	C:\Program Files\MATLAB\R2013b\bin\win64\libmwi18n.dll
0x000000006fe70000 - 0x000000006fe7d000 	C:\Program Files\MATLAB\R2013b\bin\win64\libmwresource_core.dll
0x000000006b610000 - 0x000000006b6a8000 	C:\Program Files\MATLAB\R2013b\bin\win64\MSVCP100.dll
0x0000000068bd0000 - 0x0000000068ca2000 	C:\Program Files\MATLAB\R2013b\bin\win64\MSVCR100.dll
0x0000000075060000 - 0x000000007506e000 	C:\Program Files\MATLAB\R2013b\bin\win64\boost_date_time-vc100-mt-1_49.dll
0x000000006eea0000 - 0x000000006eecc000 	C:\Program Files\MATLAB\R2013b\bin\win64\boost_filesystem-vc100-mt-1_49.dll
0x0000000075070000 - 0x0000000075079000 	C:\Program Files\MATLAB\R2013b\bin\win64\boost_system-vc100-mt-1_49.dll
0x000007fefed60000 - 0x000007fefee3b000 	C:\Windows\system32\ADVAPI32.dll
0x000007feff3e0000 - 0x000007feff47f000 	C:\Windows\system32\msvcrt.dll
0x000007feff340000 - 0x000007feff35f000 	C:\Windows\SYSTEM32\sechost.dll
0x000007fefee40000 - 0x000007fefef6d000 	C:\Windows\system32\RPCRT4.dll
0x000000006fe10000 - 0x000000006fe35000 	C:\Program Files\MATLAB\R2013b\bin\win64\LIBEXPAT.dll
0x0000000068a40000 - 0x0000000068bca000 	C:\Program Files\MATLAB\R2013b\bin\win64\icuin49.dll
0x0000000068900000 - 0x0000000068a3e000 	C:\Program Files\MATLAB\R2013b\bin\win64\icuuc49.dll
0x00000000677d0000 - 0x00000000688f2000 	C:\Program Files\MATLAB\R2013b\bin\win64\icudt49.dll
0x0000000075020000 - 0x0000000075030000 	C:\Program Files\MATLAB\R2013b\bin\win64\icuio49.dll
0x0000000004200000 - 0x00000000042bb000 	C:\Program Files\MATLAB\R2013b\bin\win64\libut.dll
0x000000006f960000 - 0x000000006fb07000 	C:\Program Files\MATLAB\R2013b\bin\win64\libmwfl.dll
0x00000000042c0000 - 0x00000000046cf000 	C:\Program Files\MATLAB\R2013b\bin\win64\libmwMATLAB_res.dll
0x0000000068cb0000 - 0x0000000068d8f000 	C:\Program Files\MATLAB\R2013b\bin\win64\boost_regex-vc100-mt-1_49.dll
0x0000000077410000 - 0x000000007750a000 	C:\Windows\system32\USER32.dll
0x000007feff520000 - 0x000007feff587000 	C:\Windows\system32\GDI32.dll
0x000007fefefd0000 - 0x000007fefefde000 	C:\Windows\system32\LPK.dll
0x000007feff270000 - 0x000007feff339000 	C:\Windows\system32\USP10.dll
0x000000006ce00000 - 0x000000006ce11000 	C:\Program Files\MATLAB\R2013b\bin\win64\boost_signals-vc100-mt-1_49.dll
0x000000006fdf0000 - 0x000000006fe01000 	C:\Program Files\MATLAB\R2013b\bin\win64\boost_thread-vc100-mt-1_49.dll
0x000000006b6c0000 - 0x000000006b74c000 	C:\Program Files\MATLAB\R2013b\bin\win64\boost_log-vc100-mt-1_49.dll
0x00000000776d0000 - 0x00000000776d7000 	C:\Windows\system32\PSAPI.DLL
0x000007fefef80000 - 0x000007fefefcd000 	C:\Windows\system32\WS2_32.dll
0x000007fefef70000 - 0x000007fefef78000 	C:\Windows\system32\NSI.dll
0x000007fefada0000 - 0x000007fefadd3000 	C:\Program Files\MATLAB\R2013b\bin\win64\tbb.dll
0x000007fefdf10000 - 0x000007fefdf29000 	C:\Windows\system32\imagehlp.dll
0x000007fefbba0000 - 0x000007fefbbcc000 	C:\Windows\system32\POWRPROF.dll
0x000007fefd940000 - 0x000007fefdb17000 	C:\Windows\system32\SETUPAPI.dll
0x000007fefd380000 - 0x000007fefd3b6000 	C:\Windows\system32\CFGMGR32.dll
0x000007fefde30000 - 0x000007fefdf07000 	C:\Windows\system32\OLEAUT32.dll
0x000007feff590000 - 0x000007feff793000 	C:\Windows\system32\ole32.dll
0x000007fefd4d0000 - 0x000007fefd4ea000 	C:\Windows\system32\DEVOBJ.dll
0x00000000046d0000 - 0x00000000047cb000 	C:\Program Files\MATLAB\R2013b\bin\win64\libmx.dll
0x000007fefadf0000 - 0x000007fefae18000 	C:\Program Files\MATLAB\R2013b\bin\win64\tbbmalloc.dll
0x000000006bf30000 - 0x000000006bf47000 	C:\Program Files\MATLAB\R2013b\bin\win64\zlib1.dll
0x000000006ef00000 - 0x000000006ef4e000 	C:\Program Files\MATLAB\R2013b\bin\win64\libmwregexp.dll
0x00000000047d0000 - 0x0000000004817000 	C:\Program Files\MATLAB\R2013b\bin\win64\mpath.dll
0x0000000004820000 - 0x0000000004e48000 	C:\Program Files\MATLAB\R2013b\bin\win64\mlutil.dll
0x000000006e870000 - 0x000000006e8e7000 	C:\Program Files\MATLAB\R2013b\bin\win64\xmlcore.dll
0x0000000067330000 - 0x0000000067571000 	C:\Program Files\MATLAB\R2013b\bin\win64\xerces-c_2_7.dll
0x000000006e5f0000 - 0x000000006e613000 	C:\Program Files\MATLAB\R2013b\bin\win64\libmwMATLAB_settings_res.dll
0x0000000075030000 - 0x0000000075040000 	C:\Program Files\MATLAB\R2013b\bin\win64\boost_iostreams-vc100-mt-1_49.dll
0x0000000067780000 - 0x00000000677c6000 	C:\Program Files\MATLAB\R2013b\bin\win64\boost_serialization-vc100-mt-1_49.dll
0x000007fefdf30000 - 0x000007fefecbb000 	C:\Windows\system32\SHELL32.dll
0x000007feff7a0000 - 0x000007feff811000 	C:\Windows\system32\SHLWAPI.dll
0x000000006e580000 - 0x000000006e586000 	C:\Program Files\MATLAB\R2013b\bin\win64\libmwnativedisplay.dll
0x0000000004e60000 - 0x0000000004ead000 	C:\Program Files\MATLAB\R2013b\bin\win64\opccore.dll
0x0000000004eb0000 - 0x0000000004f86000 	C:\Program Files\MATLAB\R2013b\bin\win64\opcmodel.dll
0x0000000004f90000 - 0x0000000004fbd000 	C:\Program Files\MATLAB\R2013b\bin\win64\opczippackage.dll
0x000000006ed20000 - 0x000000006ed2e000 	C:\Program Files\MATLAB\R2013b\bin\win64\libminizip.dll
0x0000000004fc0000 - 0x0000000005026000 	C:\Program Files\MATLAB\R2013b\bin\win64\opcmwservices.dll
0x000007fef7d80000 - 0x000007fef7e20000 	C:\Windows\WinSxS\amd64_microsoft.windows.common-controls_6595b64144ccf1df_5.82.7601.18837_none_a4d981ff711297b6\COMCTL32.dll
0x000007fefecc0000 - 0x000007fefed57000 	C:\Windows\system32\COMDLG32.dll
0x000007fefb040000 - 0x000007fefb056000 	C:\Windows\system32\NETAPI32.dll
0x000007fefc780000 - 0x000007fefc78c000 	C:\Windows\system32\netutils.dll
0x000007fefcef0000 - 0x000007fefcf13000 	C:\Windows\system32\srvcli.dll
0x000007fefaff0000 - 0x000007fefb005000 	C:\Windows\system32\wkscli.dll
0x000000006e4d0000 - 0x000000006e57d000 	C:\Program Files\MATLAB\R2013b\bin\win64\mcr.dll
0x000000006e110000 - 0x000000006e4d0000 	C:\Program Files\MATLAB\R2013b\bin\win64\iqm.dll
0x0000000180000000 - 0x00000001800c2000 	C:\Program Files\MATLAB\R2013b\bin\win64\m_dispatcher.dll
0x0000000005030000 - 0x000000000582b000 	C:\Program Files\MATLAB\R2013b\bin\win64\m_interpreter.dll
0x000000006d760000 - 0x000000006d784000 	C:\Program Files\MATLAB\R2013b\bin\win64\libmex.dll
0x000000006d6e0000 - 0x000000006d75b000 	C:\Program Files\MATLAB\R2013b\bin\win64\profiler.dll
0x000000006d450000 - 0x000000006d5c8000 	C:\Program Files\MATLAB\R2013b\bin\win64\libmwmathutil.dll
0x000000006d420000 - 0x000000006d447000 	C:\Program Files\MATLAB\R2013b\bin\win64\libmwmathrng.dll
0x000000006d410000 - 0x000000006d420000 	C:\Program Files\MATLAB\R2013b\bin\win64\libmwmfl_rng.dll
0x0000000005830000 - 0x0000000005948000 	C:\Program Files\MATLAB\R2013b\bin\win64\libmwmathcore.dll
0x000000006d2b0000 - 0x000000006d313000 	C:\Program Files\MATLAB\R2013b\bin\win64\libmwspmatrix.dll
0x0000000005950000 - 0x0000000005bb2000 	C:\Program Files\MATLAB\R2013b\bin\win64\mcos.dll
0x000000006cfc0000 - 0x000000006d01c000 	C:\Program Files\MATLAB\R2013b\bin\win64\libmwcholmod.dll
0x000000006cfb0000 - 0x000000006cfbc000 	C:\Program Files\MATLAB\R2013b\bin\win64\libmwamd.dll
0x000000006cfa0000 - 0x000000006cfab000 	C:\Program Files\MATLAB\R2013b\bin\win64\libmwcolamd.dll
0x000000006cf80000 - 0x000000006cf93000 	C:\Program Files\MATLAB\R2013b\bin\win64\libmwblas.dll
0x000000006cf60000 - 0x000000006cf75000 	C:\Program Files\MATLAB\R2013b\bin\win64\libmwbinder.dll
0x000000006cf50000 - 0x000000006cf5b000 	C:\Program Files\MATLAB\R2013b\bin\win64\libmwompwrapper.dll
0x000000006ced0000 - 0x000000006cf4f000 	C:\Program Files\MATLAB\R2013b\bin\win64\libmwlapack.dll
0x000000006ceb0000 - 0x000000006ced0000 	C:\Program Files\MATLAB\R2013b\bin\win64\m_pcodeio.dll
0x000000006ce50000 - 0x000000006ceac000 	C:\Program Files\MATLAB\R2013b\bin\win64\m_ir.dll
0x0000000005bc0000 - 0x0000000006275000 	C:\Program Files\MATLAB\R2013b\bin\win64\m_parser.dll
0x000000006c780000 - 0x000000006c797000 	C:\Program Files\MATLAB\R2013b\bin\win64\ir_xfmr.dll
0x000000006c770000 - 0x000000006c780000 	C:\Program Files\MATLAB\R2013b\bin\win64\mtok.dll
0x000000006c740000 - 0x000000006c768000 	C:\Program Files\MATLAB\R2013b\bin\win64\m_pcodegen.dll
0x000007fef5f20000 - 0x000007fef6045000 	C:\Windows\system32\dbghelp.dll
0x000000006c710000 - 0x000000006c73f000 	C:\Program Files\MATLAB\R2013b\bin\win64\libmwbridge.dll
0x000000006c650000 - 0x000000006c706000 	C:\Program Files\MATLAB\R2013b\bin\win64\udd.dll
0x0000000006280000 - 0x00000000063d1000 	C:\Program Files\MATLAB\R2013b\bin\win64\libmwgui.dll
0x000000006c4d0000 - 0x000000006c4f8000 	C:\Program Files\MATLAB\R2013b\bin\win64\graphics_util.dll
0x00000000676c0000 - 0x0000000067778000 	C:\Program Files\MATLAB\R2013b\bin\win64\libtex_base.dll
0x00000000063e0000 - 0x0000000006d46000 	C:\Program Files\MATLAB\R2013b\bin\win64\hg.dll
0x000000006ba60000 - 0x000000006babd000 	C:\Program Files\MATLAB\R2013b\bin\win64\libmat.dll
0x000000006b850000 - 0x000000006ba58000 	C:\Program Files\MATLAB\R2013b\bin\win64\hdf5dll.dll
0x000000006b780000 - 0x000000006b848000 	C:\Program Files\MATLAB\R2013b\bin\win64\jmi.dll
0x000000006b770000 - 0x000000006b77e000 	C:\Program Files\MATLAB\R2013b\bin\win64\nativejava_services.dll
0x0000000006d60000 - 0x0000000006da2000 	C:\Program Files\MATLAB\R2013b\bin\win64\libmwhardcopy.dll
0x0000000006db0000 - 0x0000000006e0e000 	C:\Program Files\MATLAB\R2013b\bin\win64\libuij.dll
0x0000000006e10000 - 0x0000000007015000 	C:\Program Files\MATLAB\R2013b\bin\win64\hgdatatypes.dll
0x000000006b3a0000 - 0x000000006b4b2000 	C:\Program Files\MATLAB\R2013b\bin\win64\hgutils.dll
0x000000006b2f0000 - 0x000000006b39e000 	C:\Program Files\MATLAB\R2013b\bin\win64\udd_mi.dll
0x000000006b2b0000 - 0x000000006b2e6000 	C:\Program Files\MATLAB\R2013b\bin\win64\libmwgbtutils.dll
0x000000006b290000 - 0x000000006b2a3000 	C:\Program Files\MATLAB\R2013b\bin\win64\libmwgbt.dll
0x000000006afc0000 - 0x000000006b28f000 	C:\Program Files\MATLAB\R2013b\bin\win64\uiw.dll
0x000000006afb0000 - 0x000000006afb9000 	C:\Program Files\MATLAB\R2013b\bin\win64\uinone.dll
0x000000006af80000 - 0x000000006afac000 	C:\Program Files\MATLAB\R2013b\bin\win64\libmwnativedialogs.dll
0x000000006af70000 - 0x000000006af7c000 	C:\Program Files\MATLAB\R2013b\bin\win64\libmwplatform_res.dll
0x000007fef70e0000 - 0x000007fef70f8000 	C:\Windows\system32\MPR.dll
0x0000000056490000 - 0x00000000569ed000 	C:\Program Files\MATLAB\R2013b\bin\win64\mfc100.dll
0x000007fefa810000 - 0x000007fefa817000 	C:\Windows\system32\MSIMG32.dll
0x000007fef7d00000 - 0x000007fef7d71000 	C:\Windows\system32\WINSPOOL.DRV
0x000000006af50000 - 0x000000006af6d000 	C:\Program Files\MATLAB\R2013b\bin\win64\mwoles05.DLL
0x000000006aee0000 - 0x000000006af4c000 	C:\Program Files\MATLAB\R2013b\bin\win64\comcli.dll
0x000000006bf00000 - 0x000000006bf2b000 	C:\Program Files\MATLAB\R2013b\bin\win64\ATL100.DLL
0x000000006aed0000 - 0x000000006aedc000 	C:\Program Files\MATLAB\R2013b\bin\win64\mlautoregister.dll
0x0000000007030000 - 0x000000000719f000 	C:\Program Files\MATLAB\R2013b\bin\win64\mvm.dll
0x000007fefdb80000 - 0x000007fefdbae000 	C:\Windows\system32\IMM32.DLL
0x000007fefdd20000 - 0x000007fefde29000 	C:\Windows\system32\MSCTF.dll
0x00000000750a0000 - 0x00000000750d8000 	C:\PROGRA~2\Sophos\SOPHOS~1\SOPHOS~2.DLL
0x000007fefbc80000 - 0x000007fefbcd6000 	C:\Windows\system32\UxTheme.dll

VM Arguments:
jvm_args: -XX:PermSize=32m -Xms64m -XX:NewRatio=3 -XX:MaxPermSize=128m -Xmx384m -XX:MaxDirectMemorySize=2147400000 -Dsun.java2d.noddraw=true -Dsun.awt.nopixfmt=true -Xshare:off -Xrs -XX:-UseSplitVerifier -Djava.library.path=C:\Program Files\MATLAB\R2013b\bin\win64;C:\Program Files\MATLAB\R2013b\sys\jxbrowser\win64\lib vfprintf abort -Duser.language=en -Duser.country=NZ 
java_command: <unknown>
Launcher Type: generic

Environment Variables:
PATH=C:\Windows\system32;C:\Windows;C:\Windows\System32\Wbem;C:\Windows\System32\WindowsPowerShell\v1.0\;C:\Program Files (x86)\Microsoft Application Virtualization Client;C:\Program Files\MATLAB\R2013b\bin;C:\Program Files\TortoiseSVN\bin;C:\Program Files\VisualSVN Server\bin;C:\Program Files (x86)\QuickTime\QTSystem\;C:\Windows\system32;C:\Windows;C:\Windows\System32\Wbem;C:\Windows\System32\WindowsPowerShell\v1.0\;C:\Program Files (x86)\Microsoft Application Virtualization Client;C:\Program Files\MATLAB\R2013b\bin;C:\Program Files\TortoiseSVN\bin;C:\Program Files\VisualSVN Server\bin;C:\Program Files (x86)\QuickTime\QTSystem\;C:\Users\agk29\Documents\New folder\miktex\bin\;\\file\UsersA$\agk29\Home\My Documents\MikTex\miktex\bin\;C:\Users\agk29\MikTex\miktex\bin\
USERNAME=agk29
OS=Windows_NT
PROCESSOR_IDENTIFIER=Intel64 Family 6 Model 42 Stepping 7, GenuineIntel



---------------  S Y S T E M  ---------------

OS: Windows 7 , 64 bit Build 7601 Service Pack 1

CPU:total 4 (4 cores per cpu, 2 threads per core) family 6 model 42 stepping 7, cmov, cx8, fxsr, mmx, sse, sse2, sse3, ssse3, sse4.1, sse4.2, popcnt, avx, ht, tsc, tscinvbit

Memory: 4k page, physical 16734276k(11618740k free), swap 33466692k(28350736k free)

vm_info: Java HotSpot(TM) 64-Bit Server VM (23.6-b04) for windows-amd64 JRE (1.7.0_11-b21), built on Jan 12 2013 02:38:42 by "java_re" with unknown MS VC++:1600

time: Tue Jul 21 11:23:11 2015
elapsed time: 501837 seconds

