#
# A fatal error has been detected by the Java Runtime Environment:
#
#  EXCEPTION_ACCESS_VIOLATION (0xc0000005) at pc=0x0000000128a7e52a, pid=5248, tid=5456
#
# JRE version: 7.0_11-b21
# Java VM: Java HotSpot(TM) 64-Bit Server VM (23.6-b04 mixed mode windows-amd64 compressed oops)
# Problematic frame:
# C  0x0000000128a7e52a
#
# Failed to write core dump. Minidumps are not enabled by default on client versions of Windows
#
# If you would like to submit a bug report, please visit:
#   http://bugreport.sun.com/bugreport/crash.jsp
# The crash happened outside the Java Virtual Machine in native code.
# See problematic frame for where to report the bug.
#

---------------  T H R E A D  ---------------

Current thread (0x000000003191b800):  JavaThread "Thread-155" [_thread_in_native, id=5456, stack(0x00000000c4000000,0x00000000c8000000)]

siginfo: ExceptionCode=0xc0000005, reading address 0x0000000000000013

Registers:
RAX=0x00000000000338b7, RBX=0x0000000000000002, RCX=0x00000000338b7fd0, RDX=0x0000000000000000
RSP=0x00000000c7ffd950, RBP=0x00000000338b7000, RSI=0x00000000338b7000, RDI=0x0000000000000000
R8 =0x0000000000000001, R9 =0x0000000000000001, R10=0x000000000fffffff, R11=0x0000000000000001
R12=0x0000000129b64630, R13=0x0000000000000000, R14=0x0000000000000001, R15=0x0000000000000000
RIP=0x0000000128a7e52a, EFLAGS=0x0000000000010202

Top of Stack: (sp=0x00000000c7ffd950)
0x00000000c7ffd950:   0000000077c34440 0000000128a68a91
0x00000000c7ffd960:   8000000000000001 0000000000000000
0x00000000c7ffd970:   8000000000000001 000007fefc14b6bc
0x00000000c7ffd980:   00000000338f1170 0000000004210000
0x00000000c7ffd990:   0000000000000000 0000000128a7d313
0x00000000c7ffd9a0:   0000000000000002 00000000338b7fd0
0x00000000c7ffd9b0:   0000000012f2c158 0000000004210000
0x00000000c7ffd9c0:   00000000800403f1 000007fefc14dd34
0x00000000c7ffd9d0:   0000000000000000 0000000012f2c158
0x00000000c7ffd9e0:   0000000000000000 000007fefc14be0f
0x00000000c7ffd9f0:   0000000012f2c158 00000000042a6780
0x00000000c7ffda00:   0000000000000000 0000000000000000
0x00000000c7ffda10:   000007fefc20c540 00000000338f1170
0x00000000c7ffda20:   00000000800403f1 000007fefc14dcd4
0x00000000c7ffda30:   0000000000000000 00000000042a67cc
0x00000000c7ffda40:   000007fefc20c540 0000000012f2c158 

Instructions: (pc=0x0000000128a7e52a)
0x0000000128a7e50a:   81 e3 ff 07 00 00 48 03 db 49 39 b4 dc d0 08 00
0x0000000128a7e51a:   00 75 28 49 8b 9c dc d8 08 00 00 48 85 db 74 20
0x0000000128a7e52a:   0f b6 43 11 41 3b c0 75 17 41 83 f8 01 0f 85 80
0x0000000128a7e53a:   01 00 00 ff 43 18 e9 78 01 00 00 48 8b 5c 24 50 


Register to memory mapping:

RAX=0x00000000000338b7 is pointing into the stack for thread: 0x000000000ea26000
RBX=0x0000000000000002 is an unknown value
RCX=0x00000000338b7fd0 is an unknown value
RDX=0x0000000000000000 is an unknown value
RSP=0x00000000c7ffd950 is pointing into the stack for thread: 0x000000003191b800
RBP=0x00000000338b7000 is an unknown value
RSI=0x00000000338b7000 is an unknown value
RDI=0x0000000000000000 is an unknown value
R8 =0x0000000000000001 is an unknown value
R9 =0x0000000000000001 is an unknown value
R10=0x000000000fffffff is an unknown value
R11=0x0000000000000001 is an unknown value
R12=0x0000000129b64630 is an unknown value
R13=0x0000000000000000 is an unknown value
R14=0x0000000000000001 is an unknown value
R15=0x0000000000000000 is an unknown value


Stack: [0x00000000c4000000,0x00000000c8000000],  sp=0x00000000c7ffd950,  free space=65526k
Native frames: (J=compiled Java code, j=interpreted, Vv=VM code, C=native code)
C  0x0000000128a7e52a

Java frames: (J=compiled Java code, j=interpreted, Vv=VM code)
j  com.mathworks.util.NativeJava.showNativeFileDialogMulti(JZLjava/lang/String;Ljava/lang/String;Ljava/lang/String;Ljava/lang/String;ZZLjava/lang/String;I)Ljava/lang/Object;+0
j  com.mathworks.mwswing.MJFileChooserPerPlatform$RunnableNativeDispatch.runNative()V+37
j  com.mathworks.mwswing.MJFileChooserPerPlatform$RunnableNativeDispatch.runWindows()V+22
j  com.mathworks.mwswing.MJFileChooserPerPlatform$RunnableNativeDispatch.run()V+7
j  java.lang.Thread.run()V+11
v  ~StubRoutines::call_stub

---------------  P R O C E S S  ---------------

Java Threads: ( => current thread )
  0x000000007d4c8000 JavaThread "Unnamed RequestAggregator Timer" daemon [_thread_blocked, id=1096, stack(0x0000000140030000,0x0000000144030000)]
  0x000000007d4c7800 JavaThread "Foxtrot Multi Worker Thread Runner #3" daemon [_thread_blocked, id=6312, stack(0x0000000138000000,0x000000013c000000)]
  0x000000007d4c6800 JavaThread "Foxtrot Multi Worker Thread Runner #2" daemon [_thread_blocked, id=6132, stack(0x000000012dd30000,0x0000000131d30000)]
=>0x000000003191b800 JavaThread "Thread-155" [_thread_in_native, id=5456, stack(0x00000000c4000000,0x00000000c8000000)]
  0x0000000064e6e000 JavaThread "Swing-Shell" daemon [_thread_blocked, id=6728, stack(0x0000000158030000,0x000000015c030000)]
  0x00000000775ae800 JavaThread "Code Analyzer updating thread" [_thread_blocked, id=1036, stack(0x0000000017d20000,0x000000001bd20000)]
  0x00000000775af800 JavaThread "Code Analyzer updating thread" [_thread_blocked, id=2828, stack(0x0000000120000000,0x0000000124000000)]
  0x00000000775ab000 JavaThread "Code Analyzer updating thread" [_thread_blocked, id=4644, stack(0x00000000b4000000,0x00000000b8000000)]
  0x00000000775ac800 JavaThread "Prefs Updater" daemon [_thread_blocked, id=6016, stack(0x0000000094000000,0x0000000098000000)]
  0x00000000775a8800 JavaThread "Foxtrot Single Worker Thread #1" daemon [_thread_blocked, id=4228, stack(0x0000000124000000,0x0000000128000000)]
  0x0000000064efa800 JavaThread "Code Analyzer updating thread" [_thread_blocked, id=2328, stack(0x0000000110000000,0x0000000114000000)]
  0x0000000064efc000 JavaThread "Code Analyzer updating thread" [_thread_blocked, id=4284, stack(0x000000010c000000,0x0000000110000000)]
  0x0000000064efd800 JavaThread "Code Analyzer updating thread" [_thread_blocked, id=4520, stack(0x0000000108000000,0x000000010c000000)]
  0x0000000064efd000 JavaThread "Code Analyzer updating thread" [_thread_blocked, id=4204, stack(0x0000000104000000,0x0000000108000000)]
  0x0000000064efb800 JavaThread "Code Analyzer updating thread" [_thread_blocked, id=6580, stack(0x0000000100000000,0x0000000104000000)]
  0x0000000064ef9000 JavaThread "Code Analyzer updating thread" [_thread_blocked, id=4596, stack(0x00000000dc000000,0x00000000e0000000)]
  0x000000006533f000 JavaThread "Code Analyzer updating thread" [_thread_blocked, id=6840, stack(0x00000000d8000000,0x00000000dc000000)]
  0x000000006533e800 JavaThread "Active Reference Queue Daemon" daemon [_thread_blocked, id=5440, stack(0x00000000d4000000,0x00000000d8000000)]
  0x000000006533a800 JavaThread "Timer-1" daemon [_thread_blocked, id=5372, stack(0x00000000d0000000,0x00000000d4000000)]
  0x000000006533d000 JavaThread "ClipboardMonitor Timer" daemon [_thread_blocked, id=5616, stack(0x00000000cc000000,0x00000000d0000000)]
  0x000000006533c000 JavaThread "Explorer NavigationContext request queue" daemon [_thread_blocked, id=6652, stack(0x00000000c8000000,0x00000000cc000000)]
  0x0000000065339000 JavaThread "AddressBar directory emptiness poller" daemon [_thread_blocked, id=6848, stack(0x00000000c0000000,0x00000000c4000000)]
  0x000000006533a000 JavaThread "Explorer Refresh Service 1490706252" daemon [_thread_blocked, id=3732, stack(0x00000000bc000000,0x00000000c0000000)]
  0x0000000065338800 JavaThread "Thread-4" daemon [_thread_blocked, id=6856, stack(0x00000000b8000000,0x00000000bc000000)]
  0x0000000064ef7800 JavaThread "TimerQueue" daemon [_thread_blocked, id=6480, stack(0x00000000b0000000,0x00000000b4000000)]
  0x0000000064ef7000 JavaThread "Thread-3" daemon [_thread_blocked, id=6932, stack(0x00000000a0000000,0x00000000a4000000)]
  0x0000000064b78800 JavaThread "FelixPackageAdmin" daemon [_thread_blocked, id=6040, stack(0x00000000ac000000,0x00000000b0000000)]
  0x0000000064b77800 JavaThread "FelixStartLevel" daemon [_thread_blocked, id=2464, stack(0x00000000a8000000,0x00000000ac000000)]
  0x0000000064c83000 JavaThread "FelixDispatchQueue" daemon [_thread_blocked, id=6320, stack(0x00000000a4000000,0x00000000a8000000)]
  0x0000000064c51800 JavaThread "AWT-EventQueue-0" [_thread_blocked, id=6604, stack(0x000000009c000000,0x00000000a0000000)]
  0x000000006493e000 JavaThread "com.google.common.base.internal.Finalizer" daemon [_thread_blocked, id=5124, stack(0x0000000098000000,0x000000009c000000)]
  0x000000006488c800 JavaThread "AWT-Windows" daemon [_thread_in_native, id=3600, stack(0x0000000090000000,0x0000000094000000)]
  0x0000000064801800 JavaThread "AWT-Shutdown" [_thread_blocked, id=3804, stack(0x000000008c000000,0x0000000090000000)]
  0x0000000064800800 JavaThread "Java2D Disposer" daemon [_thread_blocked, id=5016, stack(0x0000000088000000,0x000000008c000000)]
  0x000000000ec34800 JavaThread "Timer-0" [_thread_blocked, id=1004, stack(0x0000000084000000,0x0000000088000000)]
  0x000000004909d800 JavaThread "EventMgr Dispatcher" daemon [_thread_in_native, id=2428, stack(0x0000000080000000,0x0000000084000000)]
  0x0000000048abc800 JavaThread "Service Thread" daemon [_thread_blocked, id=3996, stack(0x00000000706e0000,0x00000000746e0000)]
  0x0000000048ab4000 JavaThread "C2 CompilerThread1" daemon [_thread_blocked, id=1704, stack(0x000000005e670000,0x0000000062670000)]
  0x0000000048aa1000 JavaThread "C2 CompilerThread0" daemon [_thread_blocked, id=6500, stack(0x000000005a670000,0x000000005e670000)]
  0x0000000048aa0800 JavaThread "Attach Listener" daemon [_thread_blocked, id=6056, stack(0x0000000056670000,0x000000005a670000)]
  0x0000000048a15000 JavaThread "Finalizer" daemon [_thread_blocked, id=6172, stack(0x0000000051ea0000,0x0000000055ea0000)]
  0x0000000048a09000 JavaThread "Reference Handler" daemon [_thread_blocked, id=4404, stack(0x000000004dea0000,0x0000000051ea0000)]
  0x000000000ea26000 JavaThread "main" [_thread_blocked, id=6196, stack(0x0000000000030000,0x0000000004030000)]

Other Threads:
  0x0000000048a06000 VMThread [stack: 0x0000000049ea0000,0x000000004dea0000] [id=5620]
  0x0000000048b12800 WatcherThread [stack: 0x0000000077cf0000,0x000000007bcf0000] [id=6792]

VM state:not at safepoint (normal execution)

VM Mutex/Monitor currently owned by a thread: None

Heap
 PSYoungGen      total 64704K, used 37523K [0x00000000fa000000, 0x00000000fec40000, 0x0000000100000000)
  eden space 56320K, 51% used [0x00000000fa000000,0x00000000fbc75dc0,0x00000000fd700000)
  from space 8384K, 99% used [0x00000000fd9e0000,0x00000000fe20f0e0,0x00000000fe210000)
  to   space 10432K, 0% used [0x00000000fe210000,0x00000000fe210000,0x00000000fec40000)
 ParOldGen       total 76288K, used 51509K [0x00000000e8000000, 0x00000000eca80000, 0x00000000fa000000)
  object space 76288K, 67% used [0x00000000e8000000,0x00000000eb24d648,0x00000000eca80000)
 PSPermGen       total 96768K, used 60168K [0x00000000e0000000, 0x00000000e5e80000, 0x00000000e8000000)
  object space 96768K, 62% used [0x00000000e0000000,0x00000000e3ac23d0,0x00000000e5e80000)

Card table byte_map: [0x000000000a300000,0x000000000a410000] byte_map_base: 0x0000000009c00000

Polling page: 0x0000000008190000

Code Cache  [0x0000000034310000, 0x0000000034950000, 0x0000000037310000)
 total_blobs=2714 nmethods=2044 adapters=618 free_code_cache=42984Kb largest_free_block=43801280

Compilation events (10 events):
Event: 909.879 Thread 0x0000000048ab4000 2225             com.mathworks.jmi.MatlabPath::pathEntryListToCurrentlyResolvedStrings (49 bytes)
Event: 909.885 Thread 0x0000000048ab4000 nmethod 2225 0x00000000348de150 code [0x00000000348de300, 0x00000000348de770]
Event: 920.005 Thread 0x0000000048aa1000 2226  s          com.mathworks.jmi.MatlabPath::updatePathArray (118 bytes)
Event: 920.018 Thread 0x0000000048aa1000 nmethod 2226 0x000000003489cc50 code [0x000000003489ce60, 0x000000003489dcb0]
Event: 944.029 Thread 0x0000000048ab4000 2227  s          com.mathworks.mlwidgets.explorer.model.MatlabPathModel::updatePath (95 bytes)
Event: 944.029 Thread 0x0000000048aa1000 2228             com.mathworks.jmi.MatlabPath$PathEntry::getCurrentlyResolvedPath (44 bytes)
Event: 944.032 Thread 0x0000000048aa1000 nmethod 2228 0x000000003468bb90 code [0x000000003468bd00, 0x000000003468bf18]
Event: 944.061 Thread 0x0000000048ab4000 nmethod 2227 0x00000000344f1e90 code [0x00000000344f2200, 0x00000000344f3fb8]
Event: 949.519 Thread 0x0000000048aa1000 2229             java.awt.Toolkit$SelectiveAWTEventListener::eventDispatched (745 bytes)
Event: 949.528 Thread 0x0000000048aa1000 nmethod 2229 0x000000003457a7d0 code [0x000000003457a940, 0x000000003457af98]

GC Heap History (10 events):
Event: 544.586 GC heap before
{Heap before GC invocations=34 (full 1):
 PSYoungGen      total 74368K, used 74355K [0x00000000fa000000, 0x00000000ff480000, 0x0000000100000000)
  eden space 68224K, 100% used [0x00000000fa000000,0x00000000fe2a0000,0x00000000fe2a0000)
  from space 6144K, 99% used [0x00000000fee80000,0x00000000ff47ccd0,0x00000000ff480000)
  to   space 8768K, 0% used [0x00000000fe360000,0x00000000fe360000,0x00000000febf0000)
 ParOldGen       total 76288K, used 50468K [0x00000000e8000000, 0x00000000eca80000, 0x00000000fa000000)
  object space 76288K, 66% used [0x00000000e8000000,0x00000000eb149140,0x00000000eca80000)
 PSPermGen       total 96768K, used 59206K [0x00000000e0000000, 0x00000000e5e80000, 0x00000000e8000000)
  object space 96768K, 61% used [0x00000000e0000000,0x00000000e39d1a08,0x00000000e5e80000)
Event: 544.592 GC heap after
Heap after GC invocations=34 (full 1):
 PSYoungGen      total 72192K, used 6563K [0x00000000fa000000, 0x00000000ff170000, 0x0000000100000000)
  eden space 65600K, 0% used [0x00000000fa000000,0x00000000fa000000,0x00000000fe010000)
  from space 6592K, 99% used [0x00000000fe360000,0x00000000fe9c8cc0,0x00000000fe9d0000)
  to   space 7808K, 0% used [0x00000000fe9d0000,0x00000000fe9d0000,0x00000000ff170000)
 ParOldGen       total 76288K, used 50468K [0x00000000e8000000, 0x00000000eca80000, 0x00000000fa000000)
  object space 76288K, 66% used [0x00000000e8000000,0x00000000eb149140,0x00000000eca80000)
 PSPermGen       total 96768K, used 59206K [0x00000000e0000000, 0x00000000e5e80000, 0x00000000e8000000)
  object space 96768K, 61% used [0x00000000e0000000,0x00000000e39d1a08,0x00000000e5e80000)
}
Event: 647.621 GC heap before
{Heap before GC invocations=35 (full 1):
 PSYoungGen      total 72192K, used 72163K [0x00000000fa000000, 0x00000000ff170000, 0x0000000100000000)
  eden space 65600K, 100% used [0x00000000fa000000,0x00000000fe010000,0x00000000fe010000)
  from space 6592K, 99% used [0x00000000fe360000,0x00000000fe9c8cc0,0x00000000fe9d0000)
  to   space 7808K, 0% used [0x00000000fe9d0000,0x00000000fe9d0000,0x00000000ff170000)
 ParOldGen       total 76288K, used 50468K [0x00000000e8000000, 0x00000000eca80000, 0x00000000fa000000)
  object space 76288K, 66% used [0x00000000e8000000,0x00000000eb149140,0x00000000eca80000)
 PSPermGen       total 96768K, used 59718K [0x00000000e0000000, 0x00000000e5e80000, 0x00000000e8000000)
  object space 96768K, 61% used [0x00000000e0000000,0x00000000e3a51af8,0x00000000e5e80000)
Event: 647.633 GC heap after
Heap after GC invocations=35 (full 1):
 PSYoungGen      total 70912K, used 7805K [0x00000000fa000000, 0x00000000ff170000, 0x0000000100000000)
  eden space 63104K, 0% used [0x00000000fa000000,0x00000000fa000000,0x00000000fdda0000)
  from space 7808K, 99% used [0x00000000fe9d0000,0x00000000ff16f430,0x00000000ff170000)
  to   space 9600K, 0% used [0x00000000fdeb0000,0x00000000fdeb0000,0x00000000fe810000)
 ParOldGen       total 76288K, used 50717K [0x00000000e8000000, 0x00000000eca80000, 0x00000000fa000000)
  object space 76288K, 66% used [0x00000000e8000000,0x00000000eb187630,0x00000000eca80000)
 PSPermGen       total 96768K, used 59718K [0x00000000e0000000, 0x00000000e5e80000, 0x00000000e8000000)
  object space 96768K, 61% used [0x00000000e0000000,0x00000000e3a51af8,0x00000000e5e80000)
}
Event: 782.963 GC heap before
{Heap before GC invocations=36 (full 1):
 PSYoungGen      total 70912K, used 70909K [0x00000000fa000000, 0x00000000ff170000, 0x0000000100000000)
  eden space 63104K, 100% used [0x00000000fa000000,0x00000000fdda0000,0x00000000fdda0000)
  from space 7808K, 99% used [0x00000000fe9d0000,0x00000000ff16f430,0x00000000ff170000)
  to   space 9600K, 0% used [0x00000000fdeb0000,0x00000000fdeb0000,0x00000000fe810000)
 ParOldGen       total 76288K, used 50717K [0x00000000e8000000, 0x00000000eca80000, 0x00000000fa000000)
  object space 76288K, 66% used [0x00000000e8000000,0x00000000eb187630,0x00000000eca80000)
 PSPermGen       total 96768K, used 59764K [0x00000000e0000000, 0x00000000e5e80000, 0x00000000e8000000)
  object space 96768K, 61% used [0x00000000e0000000,0x00000000e3a5d1e0,0x00000000e5e80000)
Event: 782.971 GC heap after
Heap after GC invocations=36 (full 1):
 PSYoungGen      total 68672K, used 7896K [0x00000000fa000000, 0x00000000feef0000, 0x0000000100000000)
  eden space 60736K, 0% used [0x00000000fa000000,0x00000000fa000000,0x00000000fdb50000)
  from space 7936K, 99% used [0x00000000fdeb0000,0x00000000fe666338,0x00000000fe670000)
  to   space 8704K, 0% used [0x00000000fe670000,0x00000000fe670000,0x00000000feef0000)
 ParOldGen       total 76288K, used 51509K [0x00000000e8000000, 0x00000000eca80000, 0x00000000fa000000)
  object space 76288K, 67% used [0x00000000e8000000,0x00000000eb24d648,0x00000000eca80000)
 PSPermGen       total 96768K, used 59764K [0x00000000e0000000, 0x00000000e5e80000, 0x00000000e8000000)
  object space 96768K, 61% used [0x00000000e0000000,0x00000000e3a5d1e0,0x00000000e5e80000)
}
Event: 854.433 GC heap before
{Heap before GC invocations=37 (full 1):
 PSYoungGen      total 68672K, used 68632K [0x00000000fa000000, 0x00000000feef0000, 0x0000000100000000)
  eden space 60736K, 100% used [0x00000000fa000000,0x00000000fdb50000,0x00000000fdb50000)
  from space 7936K, 99% used [0x00000000fdeb0000,0x00000000fe666338,0x00000000fe670000)
  to   space 8704K, 0% used [0x00000000fe670000,0x00000000fe670000,0x00000000feef0000)
 ParOldGen       total 76288K, used 51509K [0x00000000e8000000, 0x00000000eca80000, 0x00000000fa000000)
  object space 76288K, 67% used [0x00000000e8000000,0x00000000eb24d648,0x00000000eca80000)
 PSPermGen       total 96768K, used 59875K [0x00000000e0000000, 0x00000000e5e80000, 0x00000000e8000000)
  object space 96768K, 61% used [0x00000000e0000000,0x00000000e3a78c78,0x00000000e5e80000)
Event: 854.440 GC heap after
Heap after GC invocations=37 (full 1):
 PSYoungGen      total 66496K, used 7948K [0x00000000fa000000, 0x00000000fee40000, 0x0000000100000000)
  eden space 58496K, 0% used [0x00000000fa000000,0x00000000fa000000,0x00000000fd920000)
  from space 8000K, 99% used [0x00000000fe670000,0x00000000fee330f0,0x00000000fee40000)
  to   space 10432K, 0% used [0x00000000fd9e0000,0x00000000fd9e0000,0x00000000fe410000)
 ParOldGen       total 76288K, used 51509K [0x00000000e8000000, 0x00000000eca80000, 0x00000000fa000000)
  object space 76288K, 67% used [0x00000000e8000000,0x00000000eb24d648,0x00000000eca80000)
 PSPermGen       total 96768K, used 59875K [0x00000000e0000000, 0x00000000e5e80000, 0x00000000e8000000)
  object space 96768K, 61% used [0x00000000e0000000,0x00000000e3a78c78,0x00000000e5e80000)
}
Event: 919.993 GC heap before
{Heap before GC invocations=38 (full 1):
 PSYoungGen      total 66496K, used 66444K [0x00000000fa000000, 0x00000000fee40000, 0x0000000100000000)
  eden space 58496K, 100% used [0x00000000fa000000,0x00000000fd920000,0x00000000fd920000)
  from space 8000K, 99% used [0x00000000fe670000,0x00000000fee330f0,0x00000000fee40000)
  to   space 10432K, 0% used [0x00000000fd9e0000,0x00000000fd9e0000,0x00000000fe410000)
 ParOldGen       total 76288K, used 51509K [0x00000000e8000000, 0x00000000eca80000, 0x00000000fa000000)
  object space 76288K, 67% used [0x00000000e8000000,0x00000000eb24d648,0x00000000eca80000)
 PSPermGen       total 96768K, used 60084K [0x00000000e0000000, 0x00000000e5e80000, 0x00000000e8000000)
  object space 96768K, 62% used [0x00000000e0000000,0x00000000e3aad120,0x00000000e5e80000)
Event: 920.002 GC heap after
Heap after GC invocations=38 (full 1):
 PSYoungGen      total 64704K, used 8380K [0x00000000fa000000, 0x00000000fec40000, 0x0000000100000000)
  eden space 56320K, 0% used [0x00000000fa000000,0x00000000fa000000,0x00000000fd700000)
  from space 8384K, 99% used [0x00000000fd9e0000,0x00000000fe20f0e0,0x00000000fe210000)
  to   space 10432K, 0% used [0x00000000fe210000,0x00000000fe210000,0x00000000fec40000)
 ParOldGen       total 76288K, used 51509K [0x00000000e8000000, 0x00000000eca80000, 0x00000000fa000000)
  object space 76288K, 67% used [0x00000000e8000000,0x00000000eb24d648,0x00000000eca80000)
 PSPermGen       total 96768K, used 60084K [0x00000000e0000000, 0x00000000e5e80000, 0x00000000e8000000)
  object space 96768K, 62% used [0x00000000e0000000,0x00000000e3aad120,0x00000000e5e80000)
}

Deoptimization events (10 events):
Event: 854.217 Thread 0x0000000064c51800 Uncommon trap -34 fr.pc 0x00000000347ffb1c
Event: 854.217 Thread 0x0000000064c51800 Uncommon trap -34 fr.pc 0x00000000347ffb1c
Event: 854.668 Thread 0x0000000064c51800 Uncommon trap -83 fr.pc 0x0000000034861c20
Event: 856.169 Thread 0x0000000064c51800 Uncommon trap -83 fr.pc 0x0000000034822ff0
Event: 856.170 Thread 0x0000000064c51800 Uncommon trap -34 fr.pc 0x00000000345d6e6c
Event: 949.177 Thread 0x0000000064c51800 Uncommon trap -20 fr.pc 0x00000000344d24c8
Event: 949.224 Thread 0x0000000064c51800 Uncommon trap -34 fr.pc 0x00000000347c8948
Event: 949.351 Thread 0x0000000064c51800 Uncommon trap -83 fr.pc 0x0000000034448e54
Event: 949.351 Thread 0x0000000064c51800 Uncommon trap -83 fr.pc 0x0000000034860628
Event: 949.925 Thread 0x0000000064c51800 Uncommon trap -34 fr.pc 0x000000003481a6fc

Internal exceptions (10 events):
Event: 950.139 Thread 0x000000000ea26000 Threw 0x00000000fba8acf0 at C:\jdk7u1_64p\jdk7u11\hotspot\src\share\vm\prims\jvm.cpp:1166
Event: 950.139 Thread 0x000000000ea26000 Threw 0x00000000fba9eba0 at C:\jdk7u1_64p\jdk7u11\hotspot\src\share\vm\prims\jvm.cpp:1166
Event: 950.139 Thread 0x000000000ea26000 Threw 0x00000000fba9f630 at C:\jdk7u1_64p\jdk7u11\hotspot\src\share\vm\prims\jvm.cpp:1166
Event: 950.139 Thread 0x000000000ea26000 Threw 0x00000000fbacc9b8 at C:\jdk7u1_64p\jdk7u11\hotspot\src\share\vm\prims\jvm.cpp:1166
Event: 950.139 Thread 0x000000000ea26000 Threw 0x00000000fbacd150 at C:\jdk7u1_64p\jdk7u11\hotspot\src\share\vm\prims\jvm.cpp:1166
Event: 950.140 Thread 0x000000000ea26000 Threw 0x00000000fbafa470 at C:\jdk7u1_64p\jdk7u11\hotspot\src\share\vm\prims\jvm.cpp:1166
Event: 950.140 Thread 0x000000000ea26000 Threw 0x00000000fbafad30 at C:\jdk7u1_64p\jdk7u11\hotspot\src\share\vm\prims\jvm.cpp:1166
Event: 950.140 Thread 0x000000000ea26000 Threw 0x00000000fbb28038 at C:\jdk7u1_64p\jdk7u11\hotspot\src\share\vm\prims\jvm.cpp:1166
Event: 950.155 Thread 0x0000000064c51800 Threw 0x00000000fb079de8 at C:\jdk7u1_64p\jdk7u11\hotspot\src\share\vm\prims\jvm.cpp:1166
Event: 950.156 Thread 0x000000007d4c6800 Threw 0x00000000fbb9f3c0 at C:\jdk7u1_64p\jdk7u11\hotspot\src\share\vm\prims\jvm.cpp:1166

Events (10 events):
Event: 950.156 Executing VM operation: RevokeBias
Event: 950.156 Executing VM operation: RevokeBias done
Event: 950.157 Thread 0x000000007d4c7800 Thread added: 0x000000007d4c7800
Event: 950.157 Executing VM operation: RevokeBias
Event: 950.157 Executing VM operation: RevokeBias done
Event: 950.168 Thread 0x000000007d4c8000 Thread added: 0x000000007d4c8000
Event: 950.168 Executing VM operation: BulkRevokeBias
Event: 950.168 Executing VM operation: BulkRevokeBias done
Event: 950.168 Executing VM operation: RevokeBias
Event: 950.168 Executing VM operation: RevokeBias done


Dynamic libraries:
0x0000000140000000 - 0x0000000140029000 	C:\Program Files\MATLAB\R2013b\bin\win64\MATLAB.exe
0x0000000077b20000 - 0x0000000077cca000 	C:\Windows\SYSTEM32\ntdll.dll
0x0000000077900000 - 0x0000000077a1f000 	C:\Windows\system32\kernel32.dll
0x000007fefda60000 - 0x000007fefdacc000 	C:\Windows\system32\KERNELBASE.dll
0x000000006f060000 - 0x000000006f3dc000 	C:\Program Files\MATLAB\R2013b\bin\win64\libmwservices.dll
0x000000006fe80000 - 0x000000006ff56000 	C:\Program Files\MATLAB\R2013b\bin\win64\libmwi18n.dll
0x000000006fe70000 - 0x000000006fe7d000 	C:\Program Files\MATLAB\R2013b\bin\win64\libmwresource_core.dll
0x00000000754a0000 - 0x0000000075538000 	C:\Program Files\MATLAB\R2013b\bin\win64\MSVCP100.dll
0x00000000753c0000 - 0x0000000075492000 	C:\Program Files\MATLAB\R2013b\bin\win64\MSVCR100.dll
0x0000000075670000 - 0x000000007567e000 	C:\Program Files\MATLAB\R2013b\bin\win64\boost_date_time-vc100-mt-1_49.dll
0x00000000755b0000 - 0x00000000755dc000 	C:\Program Files\MATLAB\R2013b\bin\win64\boost_filesystem-vc100-mt-1_49.dll
0x0000000075660000 - 0x0000000075669000 	C:\Program Files\MATLAB\R2013b\bin\win64\boost_system-vc100-mt-1_49.dll
0x000007fefe110000 - 0x000007fefe1eb000 	C:\Windows\system32\ADVAPI32.dll
0x000007fefdef0000 - 0x000007fefdf8f000 	C:\Windows\system32\msvcrt.dll
0x000007fefebe0000 - 0x000007fefebff000 	C:\Windows\SYSTEM32\sechost.dll
0x000007fefece0000 - 0x000007fefee0d000 	C:\Windows\system32\RPCRT4.dll
0x0000000075610000 - 0x0000000075635000 	C:\Program Files\MATLAB\R2013b\bin\win64\LIBEXPAT.dll
0x000000006ddc0000 - 0x000000006df4a000 	C:\Program Files\MATLAB\R2013b\bin\win64\icuin49.dll
0x0000000070410000 - 0x000000007054e000 	C:\Program Files\MATLAB\R2013b\bin\win64\icuuc49.dll
0x00000000634a0000 - 0x00000000645c2000 	C:\Program Files\MATLAB\R2013b\bin\win64\icudt49.dll
0x0000000075600000 - 0x0000000075610000 	C:\Program Files\MATLAB\R2013b\bin\win64\icuio49.dll
0x0000000004100000 - 0x00000000041bb000 	C:\Program Files\MATLAB\R2013b\bin\win64\libut.dll
0x000000006f960000 - 0x000000006fb07000 	C:\Program Files\MATLAB\R2013b\bin\win64\libmwfl.dll
0x0000000004310000 - 0x000000000471f000 	C:\Program Files\MATLAB\R2013b\bin\win64\libmwMATLAB_res.dll
0x0000000070600000 - 0x00000000706df000 	C:\Program Files\MATLAB\R2013b\bin\win64\boost_regex-vc100-mt-1_49.dll
0x0000000077a20000 - 0x0000000077b1a000 	C:\Windows\system32\USER32.dll
0x000007fefdd70000 - 0x000007fefddd7000 	C:\Windows\system32\GDI32.dll
0x000007feff090000 - 0x000007feff09e000 	C:\Windows\system32\LPK.dll
0x000007fefe420000 - 0x000007fefe4e9000 	C:\Windows\system32\USP10.dll
0x0000000075590000 - 0x00000000755a1000 	C:\Program Files\MATLAB\R2013b\bin\win64\boost_signals-vc100-mt-1_49.dll
0x0000000075570000 - 0x0000000075581000 	C:\Program Files\MATLAB\R2013b\bin\win64\boost_thread-vc100-mt-1_49.dll
0x0000000075330000 - 0x00000000753bc000 	C:\Program Files\MATLAB\R2013b\bin\win64\boost_log-vc100-mt-1_49.dll
0x0000000077ce0000 - 0x0000000077ce7000 	C:\Windows\system32\PSAPI.DLL
0x000007fefdd20000 - 0x000007fefdd6d000 	C:\Windows\system32\WS2_32.dll
0x000007fefe8c0000 - 0x000007fefe8c8000 	C:\Windows\system32\NSI.dll
0x000007fefb080000 - 0x000007fefb0b3000 	C:\Program Files\MATLAB\R2013b\bin\win64\tbb.dll
0x000007fefe4f0000 - 0x000007fefe509000 	C:\Windows\system32\imagehlp.dll
0x000007fefbaa0000 - 0x000007fefbacc000 	C:\Windows\system32\POWRPROF.dll
0x000007fefee10000 - 0x000007fefefe7000 	C:\Windows\system32\SETUPAPI.dll
0x000007fefd9e0000 - 0x000007fefda16000 	C:\Windows\system32\CFGMGR32.dll
0x000007fefec00000 - 0x000007fefecd7000 	C:\Windows\system32\OLEAUT32.dll
0x000007fefe6b0000 - 0x000007fefe8b3000 	C:\Windows\system32\ole32.dll
0x000007fefd9c0000 - 0x000007fefd9da000 	C:\Windows\system32\DEVOBJ.dll
0x0000000004720000 - 0x000000000481b000 	C:\Program Files\MATLAB\R2013b\bin\win64\libmx.dll
0x000007fefb130000 - 0x000007fefb158000 	C:\Program Files\MATLAB\R2013b\bin\win64\tbbmalloc.dll
0x0000000075550000 - 0x0000000075567000 	C:\Program Files\MATLAB\R2013b\bin\win64\zlib1.dll
0x000000006ef00000 - 0x000000006ef4e000 	C:\Program Files\MATLAB\R2013b\bin\win64\libmwregexp.dll
0x000000006eeb0000 - 0x000000006eef7000 	C:\Program Files\MATLAB\R2013b\bin\win64\mpath.dll
0x0000000004820000 - 0x0000000004e48000 	C:\Program Files\MATLAB\R2013b\bin\win64\mlutil.dll
0x000000006e870000 - 0x000000006e8e7000 	C:\Program Files\MATLAB\R2013b\bin\win64\xmlcore.dll
0x000000006db70000 - 0x000000006ddb1000 	C:\Program Files\MATLAB\R2013b\bin\win64\xerces-c_2_7.dll
0x000000006e5f0000 - 0x000000006e613000 	C:\Program Files\MATLAB\R2013b\bin\win64\libmwMATLAB_settings_res.dll
0x0000000075650000 - 0x0000000075660000 	C:\Program Files\MATLAB\R2013b\bin\win64\boost_iostreams-vc100-mt-1_49.dll
0x00000000705b0000 - 0x00000000705f6000 	C:\Program Files\MATLAB\R2013b\bin\win64\boost_serialization-vc100-mt-1_49.dll
0x000007feff0a0000 - 0x000007feffe2b000 	C:\Windows\system32\SHELL32.dll
0x000007fefdff0000 - 0x000007fefe061000 	C:\Windows\system32\SHLWAPI.dll
0x000000006e580000 - 0x000000006e586000 	C:\Program Files\MATLAB\R2013b\bin\win64\libmwnativedisplay.dll
0x00000000685f0000 - 0x000000006863d000 	C:\Program Files\MATLAB\R2013b\bin\win64\opccore.dll
0x00000000684f0000 - 0x00000000685c6000 	C:\Program Files\MATLAB\R2013b\bin\win64\opcmodel.dll
0x00000000684c0000 - 0x00000000684ed000 	C:\Program Files\MATLAB\R2013b\bin\win64\opczippackage.dll
0x00000000755f0000 - 0x00000000755fe000 	C:\Program Files\MATLAB\R2013b\bin\win64\libminizip.dll
0x0000000068340000 - 0x00000000683a6000 	C:\Program Files\MATLAB\R2013b\bin\win64\opcmwservices.dll
0x000007fef95d0000 - 0x000007fef9670000 	C:\Windows\WinSxS\amd64_microsoft.windows.common-controls_6595b64144ccf1df_5.82.7601.18201_none_a4d3b9377117c3df\COMCTL32.dll
0x000007fefe070000 - 0x000007fefe107000 	C:\Windows\system32\COMDLG32.dll
0x000007fefb820000 - 0x000007fefb836000 	C:\Windows\system32\NETAPI32.dll
0x000007fefcd70000 - 0x000007fefcd7c000 	C:\Windows\system32\netutils.dll
0x000007fefd500000 - 0x000007fefd523000 	C:\Windows\system32\srvcli.dll
0x000007fefb800000 - 0x000007fefb815000 	C:\Windows\system32\wkscli.dll
0x000000006e4d0000 - 0x000000006e57d000 	C:\Program Files\MATLAB\R2013b\bin\win64\mcr.dll
0x000000006e110000 - 0x000000006e4d0000 	C:\Program Files\MATLAB\R2013b\bin\win64\iqm.dll
0x0000000180000000 - 0x00000001800c2000 	C:\Program Files\MATLAB\R2013b\bin\win64\m_dispatcher.dll
0x0000000004e50000 - 0x000000000564b000 	C:\Program Files\MATLAB\R2013b\bin\win64\m_interpreter.dll
0x000000006d760000 - 0x000000006d784000 	C:\Program Files\MATLAB\R2013b\bin\win64\libmex.dll
0x000000006d6e0000 - 0x000000006d75b000 	C:\Program Files\MATLAB\R2013b\bin\win64\profiler.dll
0x000000006d450000 - 0x000000006d5c8000 	C:\Program Files\MATLAB\R2013b\bin\win64\libmwmathutil.dll
0x000000006d420000 - 0x000000006d447000 	C:\Program Files\MATLAB\R2013b\bin\win64\libmwmathrng.dll
0x000000006d410000 - 0x000000006d420000 	C:\Program Files\MATLAB\R2013b\bin\win64\libmwmfl_rng.dll
0x0000000005650000 - 0x0000000005768000 	C:\Program Files\MATLAB\R2013b\bin\win64\libmwmathcore.dll
0x000000006d2b0000 - 0x000000006d313000 	C:\Program Files\MATLAB\R2013b\bin\win64\libmwspmatrix.dll
0x0000000005770000 - 0x00000000059d2000 	C:\Program Files\MATLAB\R2013b\bin\win64\mcos.dll
0x000000006cfc0000 - 0x000000006d01c000 	C:\Program Files\MATLAB\R2013b\bin\win64\libmwcholmod.dll
0x000000006cfb0000 - 0x000000006cfbc000 	C:\Program Files\MATLAB\R2013b\bin\win64\libmwamd.dll
0x000000006cfa0000 - 0x000000006cfab000 	C:\Program Files\MATLAB\R2013b\bin\win64\libmwcolamd.dll
0x000000006cf80000 - 0x000000006cf93000 	C:\Program Files\MATLAB\R2013b\bin\win64\libmwblas.dll
0x000000006cf60000 - 0x000000006cf75000 	C:\Program Files\MATLAB\R2013b\bin\win64\libmwbinder.dll
0x000000006cf50000 - 0x000000006cf5b000 	C:\Program Files\MATLAB\R2013b\bin\win64\libmwompwrapper.dll
0x000000006ced0000 - 0x000000006cf4f000 	C:\Program Files\MATLAB\R2013b\bin\win64\libmwlapack.dll
0x000000006ceb0000 - 0x000000006ced0000 	C:\Program Files\MATLAB\R2013b\bin\win64\m_pcodeio.dll
0x000000006ce50000 - 0x000000006ceac000 	C:\Program Files\MATLAB\R2013b\bin\win64\m_ir.dll
0x00000000059e0000 - 0x0000000006095000 	C:\Program Files\MATLAB\R2013b\bin\win64\m_parser.dll
0x000000006c780000 - 0x000000006c797000 	C:\Program Files\MATLAB\R2013b\bin\win64\ir_xfmr.dll
0x000000006c770000 - 0x000000006c780000 	C:\Program Files\MATLAB\R2013b\bin\win64\mtok.dll
0x000000006c740000 - 0x000000006c768000 	C:\Program Files\MATLAB\R2013b\bin\win64\m_pcodegen.dll
0x000007fef6670000 - 0x000007fef6795000 	C:\Windows\system32\dbghelp.dll
0x000000006c710000 - 0x000000006c73f000 	C:\Program Files\MATLAB\R2013b\bin\win64\libmwbridge.dll
0x000000006c650000 - 0x000000006c706000 	C:\Program Files\MATLAB\R2013b\bin\win64\udd.dll
0x00000000060a0000 - 0x00000000061f1000 	C:\Program Files\MATLAB\R2013b\bin\win64\libmwgui.dll
0x000000006c4d0000 - 0x000000006c4f8000 	C:\Program Files\MATLAB\R2013b\bin\win64\graphics_util.dll
0x000000006eca0000 - 0x000000006ed58000 	C:\Program Files\MATLAB\R2013b\bin\win64\libtex_base.dll
0x000000006bac0000 - 0x000000006c426000 	C:\Program Files\MATLAB\R2013b\bin\win64\hg.dll
0x000000006ba60000 - 0x000000006babd000 	C:\Program Files\MATLAB\R2013b\bin\win64\libmat.dll
0x000000006b850000 - 0x000000006ba58000 	C:\Program Files\MATLAB\R2013b\bin\win64\hdf5dll.dll
0x000000006b780000 - 0x000000006b848000 	C:\Program Files\MATLAB\R2013b\bin\win64\jmi.dll
0x000000006b770000 - 0x000000006b77e000 	C:\Program Files\MATLAB\R2013b\bin\win64\nativejava_services.dll
0x0000000006200000 - 0x0000000006242000 	C:\Program Files\MATLAB\R2013b\bin\win64\libmwhardcopy.dll
0x000000006b6d0000 - 0x000000006b72e000 	C:\Program Files\MATLAB\R2013b\bin\win64\libuij.dll
0x000000006b490000 - 0x000000006b695000 	C:\Program Files\MATLAB\R2013b\bin\win64\hgdatatypes.dll
0x0000000006250000 - 0x0000000006362000 	C:\Program Files\MATLAB\R2013b\bin\win64\hgutils.dll
0x000000006b2f0000 - 0x000000006b39e000 	C:\Program Files\MATLAB\R2013b\bin\win64\udd_mi.dll
0x000000006b2b0000 - 0x000000006b2e6000 	C:\Program Files\MATLAB\R2013b\bin\win64\libmwgbtutils.dll
0x000000006b290000 - 0x000000006b2a3000 	C:\Program Files\MATLAB\R2013b\bin\win64\libmwgbt.dll
0x000000006afc0000 - 0x000000006b28f000 	C:\Program Files\MATLAB\R2013b\bin\win64\uiw.dll
0x000000006afb0000 - 0x000000006afb9000 	C:\Program Files\MATLAB\R2013b\bin\win64\uinone.dll
0x000000006af80000 - 0x000000006afac000 	C:\Program Files\MATLAB\R2013b\bin\win64\libmwnativedialogs.dll
0x000000006af70000 - 0x000000006af7c000 	C:\Program Files\MATLAB\R2013b\bin\win64\libmwplatform_res.dll
0x000007fef7250000 - 0x000007fef7268000 	C:\Windows\system32\MPR.dll
0x0000000068ce0000 - 0x000000006923d000 	C:\Program Files\MATLAB\R2013b\bin\win64\mfc100.dll
0x000007fefb540000 - 0x000007fefb547000 	C:\Windows\system32\MSIMG32.dll
0x000007fef9550000 - 0x000007fef95c1000 	C:\Windows\system32\WINSPOOL.DRV
0x000000006af50000 - 0x000000006af6d000 	C:\Program Files\MATLAB\R2013b\bin\win64\mwoles05.DLL
0x000000006aee0000 - 0x000000006af4c000 	C:\Program Files\MATLAB\R2013b\bin\win64\comcli.dll
0x0000000070580000 - 0x00000000705ab000 	C:\Program Files\MATLAB\R2013b\bin\win64\ATL100.DLL
0x000000006aed0000 - 0x000000006aedc000 	C:\Program Files\MATLAB\R2013b\bin\win64\mlautoregister.dll
0x0000000006370000 - 0x00000000064df000 	C:\Program Files\MATLAB\R2013b\bin\win64\mvm.dll
0x000007fefe680000 - 0x000007fefe6ae000 	C:\Windows\system32\IMM32.DLL
0x000007fefdde0000 - 0x000007fefdee9000 	C:\Windows\system32\MSCTF.dll
0x00000000756c0000 - 0x00000000756f8000 	C:\PROGRA~2\Sophos\SOPHOS~1\SOPHOS~2.DLL
0x000007fefc460000 - 0x000007fefc4b6000 	C:\Windows\system32\UxTheme.dll

VM Arguments:
jvm_args: -XX:PermSize=32m -Xms64m -XX:NewRatio=3 -XX:MaxPermSize=128m -Xmx384m -XX:MaxDirectMemorySize=2147400000 -Dsun.java2d.noddraw=true -Dsun.awt.nopixfmt=true -Xshare:off -Xrs -XX:-UseSplitVerifier -Djava.library.path=C:\Program Files\MATLAB\R2013b\bin\win64;C:\Program Files\MATLAB\R2013b\sys\jxbrowser\win64\lib vfprintf abort -Duser.language=en -Duser.country=NZ 
java_command: <unknown>
Launcher Type: generic

Environment Variables:
PATH=C:\Windows\system32;C:\Windows;C:\Windows\System32\Wbem;C:\Windows\System32\WindowsPowerShell\v1.0\;C:\Program Files (x86)\Microsoft Application Virtualization Client;C:\Program Files\MATLAB\R2013b\bin;C:\Program Files\TortoiseSVN\bin;C:\Program Files\VisualSVN Server\bin;C:\Program Files (x86)\QuickTime\QTSystem\;C:\Windows\system32;C:\Windows;C:\Windows\System32\Wbem;C:\Windows\System32\WindowsPowerShell\v1.0\;C:\Program Files (x86)\Microsoft Application Virtualization Client;C:\Program Files\MATLAB\R2013b\bin;C:\Program Files\TortoiseSVN\bin;C:\Program Files\VisualSVN Server\bin;C:\Program Files (x86)\QuickTime\QTSystem\;C:\Users\agk29\Documents\New folder\miktex\bin\;\\file\UsersA$\agk29\Home\My Documents\MikTex\miktex\bin\;C:\Users\agk29\MikTex\miktex\bin\
USERNAME=agk29
OS=Windows_NT
PROCESSOR_IDENTIFIER=Intel64 Family 6 Model 42 Stepping 7, GenuineIntel



---------------  S Y S T E M  ---------------

OS: Windows 7 , 64 bit Build 7601 Service Pack 1

CPU:total 4 (4 cores per cpu, 2 threads per core) family 6 model 42 stepping 7, cmov, cx8, fxsr, mmx, sse, sse2, sse3, ssse3, sse4.1, sse4.2, popcnt, avx, ht, tsc, tscinvbit

Memory: 4k page, physical 16734276k(11807504k free), swap 33466692k(28717780k free)

vm_info: Java HotSpot(TM) 64-Bit Server VM (23.6-b04) for windows-amd64 JRE (1.7.0_11-b21), built on Jan 12 2013 02:38:42 by "java_re" with unknown MS VC++:1600

time: Mon May 18 16:33:38 2015
elapsed time: 950 seconds

