#
# A fatal error has been detected by the Java Runtime Environment:
#
#  EXCEPTION_ACCESS_VIOLATION (0xc0000005) at pc=0x00000000c5cde52a, pid=6288, tid=1580
#
# JRE version: 7.0_11-b21
# Java VM: Java HotSpot(TM) 64-Bit Server VM (23.6-b04 mixed mode windows-amd64 compressed oops)
# Problematic frame:
# C  0x00000000c5cde52a
#
# Failed to write core dump. Minidumps are not enabled by default on client versions of Windows
#
# If you would like to submit a bug report, please visit:
#   http://bugreport.sun.com/bugreport/crash.jsp
# The crash happened outside the Java Virtual Machine in native code.
# See problematic frame for where to report the bug.
#

---------------  T H R E A D  ---------------

Current thread (0x00000000755f2800):  JavaThread "Thread-87" [_thread_in_native, id=1580, stack(0x00000000b4000000,0x00000000b8000000)]

siginfo: ExceptionCode=0xc0000005, reading address 0x0000000000000013

Registers:
RAX=0x0000000000070448, RBX=0x0000000000000002, RCX=0x0000000070448f90, RDX=0x0000000000000001
RSP=0x00000000b7ffed60, RBP=0x0000000070448000, RSI=0x0000000070448000, RDI=0x000000007062b000
R8 =0x0000000000000001, R9 =0x0000000000000001, R10=0x000000ffffffffff, R11=0x0000018affff0000
R12=0x00000000c6dc4630, R13=0x0000000000000000, R14=0x0000000000000001, R15=0x0000000000000000
RIP=0x00000000c5cde52a, EFLAGS=0x0000000000010202

Top of Stack: (sp=0x00000000b7ffed60)
0x00000000b7ffed60:   000000007018fd30 00000000b7ffef08
0x00000000b7ffed70:   0000000000000001 0000000000000000
0x00000000b7ffed80:   00000000ffffffff 000000007062b000
0x00000000b7ffed90:   ffffffff00000000 000000007062bd20
0x00000000b7ffeda0:   0000000000000000 00000000c5cdd80e
0x00000000b7ffedb0:   0000000000000000 0000000070410170
0x00000000b7ffedc0:   0000000070448f90 0000000000000001
0x00000000b7ffedd0:   0000000000000000 000007feff7b2d2f
0x00000000b7ffede0:   000007fefe3b9f90 0000000000000000
0x00000000b7ffedf0:   0000000000000000 000007fefe3b9f90
0x00000000b7ffee00:   0000000000000001 000007fefbe116dd
0x00000000b7ffee10:   00000000b7ffee80 0000000000000000
0x00000000b7ffee20:   0000000000000001 000007fefdfd47f1
0x00000000b7ffee30:   0000c2b43122bfed 0000000000000113
0x00000000b7ffee40:   00000000701a1e40 000007fefbe10e94
0x00000000b7ffee50:   0000000070307790 000007fefe09e596 

Instructions: (pc=0x00000000c5cde52a)
0x00000000c5cde50a:   81 e3 ff 07 00 00 48 03 db 49 39 b4 dc d0 08 00
0x00000000c5cde51a:   00 75 28 49 8b 9c dc d8 08 00 00 48 85 db 74 20
0x00000000c5cde52a:   0f b6 43 11 41 3b c0 75 17 41 83 f8 01 0f 85 80
0x00000000c5cde53a:   01 00 00 ff 43 18 e9 78 01 00 00 48 8b 5c 24 50 


Register to memory mapping:

RAX=0x0000000000070448 is pointing into the stack for thread: 0x000000000efa2800
RBX=0x0000000000000002 is an unknown value
RCX=0x0000000070448f90 is an unknown value
RDX=0x0000000000000001 is an unknown value
RSP=0x00000000b7ffed60 is pointing into the stack for thread: 0x00000000755f2800
RBP=0x0000000070448000 is an unknown value
RSI=0x0000000070448000 is an unknown value
RDI=0x000000007062b000 is an unknown value
R8 =0x0000000000000001 is an unknown value
R9 =0x0000000000000001 is an unknown value
R10=0x000000ffffffffff is an unknown value
R11=0x0000018affff0000 is an unknown value
R12=0x00000000c6dc4630 is an unknown value
R13=0x0000000000000000 is an unknown value
R14=0x0000000000000001 is an unknown value
R15=0x0000000000000000 is an unknown value


Stack: [0x00000000b4000000,0x00000000b8000000],  sp=0x00000000b7ffed60,  free space=65531k
Native frames: (J=compiled Java code, j=interpreted, Vv=VM code, C=native code)
C  0x00000000c5cde52a

Java frames: (J=compiled Java code, j=interpreted, Vv=VM code)
j  com.mathworks.util.NativeJava.showNativeFileDialogMulti(JZLjava/lang/String;Ljava/lang/String;Ljava/lang/String;Ljava/lang/String;ZZLjava/lang/String;I)Ljava/lang/Object;+0
j  com.mathworks.mwswing.MJFileChooserPerPlatform$RunnableNativeDispatch.runNative()V+37
j  com.mathworks.mwswing.MJFileChooserPerPlatform$RunnableNativeDispatch.runWindows()V+22
j  com.mathworks.mwswing.MJFileChooserPerPlatform$RunnableNativeDispatch.run()V+7
j  java.lang.Thread.run()V+11
v  ~StubRoutines::call_stub

---------------  P R O C E S S  ---------------

Java Threads: ( => current thread )
  0x0000000096c0a000 JavaThread "Foxtrot Multi Worker Thread Runner #8" daemon [_thread_blocked, id=4028, stack(0x0000000120000000,0x0000000124000000)]
=>0x00000000755f2800 JavaThread "Thread-87" [_thread_in_native, id=1580, stack(0x00000000b4000000,0x00000000b8000000)]
  0x00000000755f1800 JavaThread "Foxtrot Multi Worker Thread Runner #1" daemon [_thread_blocked, id=2712, stack(0x000000001f4d0000,0x00000000234d0000)]
  0x000000007e628000 JavaThread "Swing-Shell" daemon [_thread_blocked, id=756, stack(0x0000000144030000,0x0000000148030000)]
  0x0000000052845800 JavaThread "Code Analyzer updating thread" [_thread_blocked, id=812, stack(0x0000000118000000,0x000000011c000000)]
  0x0000000052847000 JavaThread "Code Analyzer updating thread" [_thread_blocked, id=5032, stack(0x0000000114000000,0x0000000118000000)]
  0x0000000052847800 JavaThread "Code Analyzer updating thread" [_thread_blocked, id=6940, stack(0x0000000110000000,0x0000000114000000)]
  0x0000000052849000 JavaThread "Code Analyzer updating thread" [_thread_blocked, id=7164, stack(0x000000010c000000,0x0000000110000000)]
  0x000000005284a800 JavaThread "Code Analyzer updating thread" [_thread_blocked, id=3004, stack(0x0000000108000000,0x000000010c000000)]
  0x000000005284a000 JavaThread "Code Analyzer updating thread" [_thread_blocked, id=6440, stack(0x0000000104000000,0x0000000108000000)]
  0x0000000052848800 JavaThread "Code Analyzer updating thread" [_thread_blocked, id=7136, stack(0x0000000100000000,0x0000000104000000)]
  0x0000000052846000 JavaThread "Code Analyzer updating thread" [_thread_blocked, id=7036, stack(0x00000000dc000000,0x00000000e0000000)]
  0x00000000530bc800 JavaThread "Code Analyzer updating thread" [_thread_blocked, id=4940, stack(0x00000000d8000000,0x00000000dc000000)]
  0x00000000530bb800 JavaThread "Active Reference Queue Daemon" daemon [_thread_blocked, id=6172, stack(0x00000000d4000000,0x00000000d8000000)]
  0x00000000530b8000 JavaThread "Timer-1" daemon [_thread_blocked, id=1832, stack(0x00000000d0000000,0x00000000d4000000)]
  0x00000000530ba000 JavaThread "ClipboardMonitor Timer" daemon [_thread_blocked, id=6480, stack(0x00000000cc000000,0x00000000d0000000)]
  0x00000000530b9800 JavaThread "Explorer NavigationContext request queue" daemon [_thread_blocked, id=6684, stack(0x00000000c8000000,0x00000000cc000000)]
  0x00000000530b6800 JavaThread "AddressBar directory emptiness poller" daemon [_thread_blocked, id=2628, stack(0x00000000c0000000,0x00000000c4000000)]
  0x00000000530b7000 JavaThread "Explorer Refresh Service 862903581" daemon [_thread_blocked, id=6976, stack(0x00000000bc000000,0x00000000c0000000)]
  0x00000000530b5800 JavaThread "Thread-4" daemon [_thread_blocked, id=5164, stack(0x00000000b8000000,0x00000000bc000000)]
  0x0000000052844800 JavaThread "TimerQueue" daemon [_thread_blocked, id=4460, stack(0x00000000b0000000,0x00000000b4000000)]
  0x0000000052844000 JavaThread "Thread-3" daemon [_thread_blocked, id=6308, stack(0x00000000a0000000,0x00000000a4000000)]
  0x0000000052597800 JavaThread "FelixPackageAdmin" daemon [_thread_blocked, id=6436, stack(0x00000000ac000000,0x00000000b0000000)]
  0x0000000052864800 JavaThread "FelixStartLevel" daemon [_thread_blocked, id=4636, stack(0x00000000a8000000,0x00000000ac000000)]
  0x00000000526df000 JavaThread "FelixDispatchQueue" daemon [_thread_blocked, id=3700, stack(0x00000000a4000000,0x00000000a8000000)]
  0x000000005268c800 JavaThread "AWT-EventQueue-0" [_thread_blocked, id=6536, stack(0x000000009c000000,0x00000000a0000000)]
  0x00000000524bd800 JavaThread "com.google.common.base.internal.Finalizer" daemon [_thread_blocked, id=6980, stack(0x0000000098000000,0x000000009c000000)]
  0x00000000523e5000 JavaThread "AWT-Windows" daemon [_thread_in_native, id=6620, stack(0x0000000090000000,0x0000000094000000)]
  0x00000000523e4800 JavaThread "AWT-Shutdown" [_thread_blocked, id=5396, stack(0x000000008c000000,0x0000000090000000)]
  0x00000000523fa000 JavaThread "Java2D Disposer" daemon [_thread_blocked, id=2364, stack(0x0000000088000000,0x000000008c000000)]
  0x0000000052248000 JavaThread "Timer-0" [_thread_blocked, id=6520, stack(0x0000000084000000,0x0000000088000000)]
  0x0000000052131000 JavaThread "EventMgr Dispatcher" daemon [_thread_in_native, id=6856, stack(0x0000000080000000,0x0000000084000000)]
  0x0000000048c07000 JavaThread "Service Thread" daemon [_thread_blocked, id=6816, stack(0x0000000070960000,0x0000000074960000)]
  0x0000000048beb800 JavaThread "C2 CompilerThread1" daemon [_thread_blocked, id=2708, stack(0x00000000624f0000,0x00000000664f0000)]
  0x0000000048be8800 JavaThread "C2 CompilerThread0" daemon [_thread_blocked, id=1208, stack(0x000000005e4f0000,0x00000000624f0000)]
  0x0000000048be7800 JavaThread "Attach Listener" daemon [_thread_blocked, id=7132, stack(0x000000005a4f0000,0x000000005e4f0000)]
  0x0000000048b59000 JavaThread "Finalizer" daemon [_thread_blocked, id=1212, stack(0x00000000564f0000,0x000000005a4f0000)]
  0x0000000048b45000 JavaThread "Reference Handler" daemon [_thread_blocked, id=6688, stack(0x000000004e0f0000,0x00000000520f0000)]
  0x000000000efa2800 JavaThread "main" [_thread_blocked, id=7084, stack(0x0000000000030000,0x0000000004030000)]

Other Threads:
  0x0000000048b42800 VMThread [stack: 0x000000004a0f0000,0x000000004e0f0000] [id=5564]
  0x0000000048c59000 WatcherThread [stack: 0x00000000776e0000,0x000000007b6e0000] [id=1116]

VM state:not at safepoint (normal execution)

VM Mutex/Monitor currently owned by a thread: None

Heap
 PSYoungGen      total 51712K, used 34573K [0x00000000fa000000, 0x00000000fec00000, 0x0000000100000000)
  eden space 39168K, 56% used [0x00000000fa000000,0x00000000fb58ff80,0x00000000fc640000)
  from space 12544K, 99% used [0x00000000fc790000,0x00000000fd3c3540,0x00000000fd3d0000)
  to   space 19328K, 0% used [0x00000000fd920000,0x00000000fd920000,0x00000000fec00000)
 ParOldGen       total 71680K, used 46398K [0x00000000e8000000, 0x00000000ec600000, 0x00000000fa000000)
  object space 71680K, 64% used [0x00000000e8000000,0x00000000ead4f840,0x00000000ec600000)
 PSPermGen       total 96768K, used 59835K [0x00000000e0000000, 0x00000000e5e80000, 0x00000000e8000000)
  object space 96768K, 61% used [0x00000000e0000000,0x00000000e3a6ee60,0x00000000e5e80000)

Card table byte_map: [0x00000000372b0000,0x00000000373c0000] byte_map_base: 0x0000000036bb0000

Polling page: 0x0000000008310000

Code Cache  [0x00000000341f0000, 0x0000000034730000, 0x00000000371f0000)
 total_blobs=2440 nmethods=1774 adapters=615 free_code_cache=43916Kb largest_free_block=44878592

Compilation events (10 events):
Event: 4003.746 Thread 0x0000000048be8800 1909   !         java.awt.Component::addNotify (434 bytes)
Event: 4003.752 Thread 0x0000000048beb800 1910             java.lang.Double::isNaN (12 bytes)
Event: 4003.752 Thread 0x0000000048beb800 nmethod 1910 0x0000000034710dd0 code [0x0000000034710f00, 0x0000000034710f58]
Event: 4003.754 Thread 0x0000000048beb800 1911   !         java.awt.Component::removeNotify (342 bytes)
Event: 4003.755 Thread 0x0000000048be8800 nmethod 1909 0x0000000034711bd0 code [0x0000000034711e20, 0x00000000347129b0]
Event: 4003.765 Thread 0x0000000048beb800 nmethod 1911 0x0000000034721390 code [0x0000000034721680, 0x0000000034722548]
Event: 4003.974 Thread 0x0000000048be8800 1912             sun.awt.NullComponentPeer::handleEvent (1 bytes)
Event: 4003.974 Thread 0x0000000048be8800 nmethod 1912 0x0000000034711950 code [0x0000000034711a80, 0x0000000034711ad8]
Event: 4004.606 Thread 0x0000000048beb800 1913             com.jidesoft.grid.TreeTableModel::getRows (28 bytes)
Event: 4004.607 Thread 0x0000000048beb800 nmethod 1913 0x0000000034700fd0 code [0x0000000034701100, 0x0000000034701178]

GC Heap History (10 events):
Event: 2679.298 GC heap before
{Heap before GC invocations=36 (full 1):
 PSYoungGen      total 67456K, used 62801K [0x00000000fa000000, 0x00000000ff850000, 0x0000000100000000)
  eden space 46528K, 99% used [0x00000000fa000000,0x00000000fcd6ffe0,0x00000000fcd70000)
  from space 20928K, 77% used [0x00000000fe380000,0x00000000ff364768,0x00000000ff7f0000)
  to   space 21952K, 0% used [0x00000000fcd70000,0x00000000fcd70000,0x00000000fe2e0000)
 ParOldGen       total 71680K, used 42053K [0x00000000e8000000, 0x00000000ec600000, 0x00000000fa000000)
  object space 71680K, 58% used [0x00000000e8000000,0x00000000ea9117b8,0x00000000ec600000)
 PSPermGen       total 96768K, used 59616K [0x00000000e0000000, 0x00000000e5e80000, 0x00000000e8000000)
  object space 96768K, 61% used [0x00000000e0000000,0x00000000e3a38280,0x00000000e5e80000)
Event: 2679.315 GC heap after
Heap after GC invocations=36 (full 1):
 PSYoungGen      total 60224K, used 15254K [0x00000000fa000000, 0x00000000ff780000, 0x0000000100000000)
  eden space 44928K, 0% used [0x00000000fa000000,0x00000000fa000000,0x00000000fcbe0000)
  from space 15296K, 99% used [0x00000000fcd70000,0x00000000fdc55b80,0x00000000fdc60000)
  to   space 22336K, 0% used [0x00000000fe1b0000,0x00000000fe1b0000,0x00000000ff780000)
 ParOldGen       total 71680K, used 43281K [0x00000000e8000000, 0x00000000ec600000, 0x00000000fa000000)
  object space 71680K, 60% used [0x00000000e8000000,0x00000000eaa447c8,0x00000000ec600000)
 PSPermGen       total 96768K, used 59616K [0x00000000e0000000, 0x00000000e5e80000, 0x00000000e8000000)
  object space 96768K, 61% used [0x00000000e0000000,0x00000000e3a38280,0x00000000e5e80000)
}
Event: 3456.267 GC heap before
{Heap before GC invocations=37 (full 1):
 PSYoungGen      total 60224K, used 60182K [0x00000000fa000000, 0x00000000ff780000, 0x0000000100000000)
  eden space 44928K, 100% used [0x00000000fa000000,0x00000000fcbe0000,0x00000000fcbe0000)
  from space 15296K, 99% used [0x00000000fcd70000,0x00000000fdc55b80,0x00000000fdc60000)
  to   space 22336K, 0% used [0x00000000fe1b0000,0x00000000fe1b0000,0x00000000ff780000)
 ParOldGen       total 71680K, used 43281K [0x00000000e8000000, 0x00000000ec600000, 0x00000000fa000000)
  object space 71680K, 60% used [0x00000000e8000000,0x00000000eaa447c8,0x00000000ec600000)
 PSPermGen       total 96768K, used 59616K [0x00000000e0000000, 0x00000000e5e80000, 0x00000000e8000000)
  object space 96768K, 61% used [0x00000000e0000000,0x00000000e3a382a0,0x00000000e5e80000)
Event: 3456.282 GC heap after
Heap after GC invocations=37 (full 1):
 PSYoungGen      total 62528K, used 12288K [0x00000000fa000000, 0x00000000ff460000, 0x0000000100000000)
  eden space 43392K, 0% used [0x00000000fa000000,0x00000000fa000000,0x00000000fca60000)
  from space 19136K, 64% used [0x00000000fe1b0000,0x00000000fedb0260,0x00000000ff460000)
  to   space 21504K, 0% used [0x00000000fca60000,0x00000000fca60000,0x00000000fdf60000)
 ParOldGen       total 71680K, used 45406K [0x00000000e8000000, 0x00000000ec600000, 0x00000000fa000000)
  object space 71680K, 63% used [0x00000000e8000000,0x00000000eac57828,0x00000000ec600000)
 PSPermGen       total 96768K, used 59616K [0x00000000e0000000, 0x00000000e5e80000, 0x00000000e8000000)
  object space 96768K, 61% used [0x00000000e0000000,0x00000000e3a382a0,0x00000000e5e80000)
}
Event: 3828.263 GC heap before
{Heap before GC invocations=38 (full 1):
 PSYoungGen      total 62528K, used 55680K [0x00000000fa000000, 0x00000000ff460000, 0x0000000100000000)
  eden space 43392K, 100% used [0x00000000fa000000,0x00000000fca60000,0x00000000fca60000)
  from space 19136K, 64% used [0x00000000fe1b0000,0x00000000fedb0260,0x00000000ff460000)
  to   space 21504K, 0% used [0x00000000fca60000,0x00000000fca60000,0x00000000fdf60000)
 ParOldGen       total 71680K, used 45406K [0x00000000e8000000, 0x00000000ec600000, 0x00000000fa000000)
  object space 71680K, 63% used [0x00000000e8000000,0x00000000eac57828,0x00000000ec600000)
 PSPermGen       total 96768K, used 59632K [0x00000000e0000000, 0x00000000e5e80000, 0x00000000e8000000)
  object space 96768K, 61% used [0x00000000e0000000,0x00000000e3a3c098,0x00000000e5e80000)
Event: 3828.272 GC heap after
Heap after GC invocations=38 (full 1):
 PSYoungGen      total 53440K, used 11493K [0x00000000fa000000, 0x00000000ff110000, 0x0000000100000000)
  eden space 41920K, 0% used [0x00000000fa000000,0x00000000fa000000,0x00000000fc8f0000)
  from space 11520K, 99% used [0x00000000fca60000,0x00000000fd599548,0x00000000fd5a0000)
  to   space 20544K, 0% used [0x00000000fdd00000,0x00000000fdd00000,0x00000000ff110000)
 ParOldGen       total 71680K, used 45942K [0x00000000e8000000, 0x00000000ec600000, 0x00000000fa000000)
  object space 71680K, 64% used [0x00000000e8000000,0x00000000eacdd828,0x00000000ec600000)
 PSPermGen       total 96768K, used 59632K [0x00000000e0000000, 0x00000000e5e80000, 0x00000000e8000000)
  object space 96768K, 61% used [0x00000000e0000000,0x00000000e3a3c098,0x00000000e5e80000)
}
Event: 3939.399 GC heap before
{Heap before GC invocations=39 (full 1):
 PSYoungGen      total 53440K, used 53413K [0x00000000fa000000, 0x00000000ff110000, 0x0000000100000000)
  eden space 41920K, 100% used [0x00000000fa000000,0x00000000fc8f0000,0x00000000fc8f0000)
  from space 11520K, 99% used [0x00000000fca60000,0x00000000fd599548,0x00000000fd5a0000)
  to   space 20544K, 0% used [0x00000000fdd00000,0x00000000fdd00000,0x00000000ff110000)
 ParOldGen       total 71680K, used 45942K [0x00000000e8000000, 0x00000000ec600000, 0x00000000fa000000)
  object space 71680K, 64% used [0x00000000e8000000,0x00000000eacdd828,0x00000000ec600000)
 PSPermGen       total 96768K, used 59781K [0x00000000e0000000, 0x00000000e5e80000, 0x00000000e8000000)
  object space 96768K, 61% used [0x00000000e0000000,0x00000000e3a61788,0x00000000e5e80000)
Event: 3939.412 GC heap after
Heap after GC invocations=39 (full 1):
 PSYoungGen      total 58368K, used 12299K [0x00000000fa000000, 0x00000000fee70000, 0x0000000100000000)
  eden space 40512K, 0% used [0x00000000fa000000,0x00000000fa000000,0x00000000fc790000)
  from space 17856K, 68% used [0x00000000fdd00000,0x00000000fe902dc0,0x00000000fee70000)
  to   space 19904K, 0% used [0x00000000fc790000,0x00000000fc790000,0x00000000fdb00000)
 ParOldGen       total 71680K, used 46102K [0x00000000e8000000, 0x00000000ec600000, 0x00000000fa000000)
  object space 71680K, 64% used [0x00000000e8000000,0x00000000ead05828,0x00000000ec600000)
 PSPermGen       total 96768K, used 59781K [0x00000000e0000000, 0x00000000e5e80000, 0x00000000e8000000)
  object space 96768K, 61% used [0x00000000e0000000,0x00000000e3a61788,0x00000000e5e80000)
}
Event: 3988.358 GC heap before
{Heap before GC invocations=40 (full 1):
 PSYoungGen      total 58368K, used 52811K [0x00000000fa000000, 0x00000000fee70000, 0x0000000100000000)
  eden space 40512K, 100% used [0x00000000fa000000,0x00000000fc790000,0x00000000fc790000)
  from space 17856K, 68% used [0x00000000fdd00000,0x00000000fe902dc0,0x00000000fee70000)
  to   space 19904K, 0% used [0x00000000fc790000,0x00000000fc790000,0x00000000fdb00000)
 ParOldGen       total 71680K, used 46102K [0x00000000e8000000, 0x00000000ec600000, 0x00000000fa000000)
  object space 71680K, 64% used [0x00000000e8000000,0x00000000ead05828,0x00000000ec600000)
 PSPermGen       total 96768K, used 59812K [0x00000000e0000000, 0x00000000e5e80000, 0x00000000e8000000)
  object space 96768K, 61% used [0x00000000e0000000,0x00000000e3a690f0,0x00000000e5e80000)
Event: 3988.365 GC heap after
Heap after GC invocations=40 (full 1):
 PSYoungGen      total 51712K, used 12493K [0x00000000fa000000, 0x00000000fec00000, 0x0000000100000000)
  eden space 39168K, 0% used [0x00000000fa000000,0x00000000fa000000,0x00000000fc640000)
  from space 12544K, 99% used [0x00000000fc790000,0x00000000fd3c3540,0x00000000fd3d0000)
  to   space 19328K, 0% used [0x00000000fd920000,0x00000000fd920000,0x00000000fec00000)
 ParOldGen       total 71680K, used 46398K [0x00000000e8000000, 0x00000000ec600000, 0x00000000fa000000)
  object space 71680K, 64% used [0x00000000e8000000,0x00000000ead4f840,0x00000000ec600000)
 PSPermGen       total 96768K, used 59812K [0x00000000e0000000, 0x00000000e5e80000, 0x00000000e8000000)
  object space 96768K, 61% used [0x00000000e0000000,0x00000000e3a690f0,0x00000000e5e80000)
}

Deoptimization events (10 events):
Event: 3916.884 Thread 0x000000000efa2800 Uncommon trap -83 fr.pc 0x0000000034400160
Event: 3920.850 Thread 0x000000005268c800 Uncommon trap -58 fr.pc 0x0000000034549ba8
Event: 3920.850 Thread 0x000000005268c800 Uncommon trap -58 fr.pc 0x0000000034549ba8
Event: 3920.850 Thread 0x000000005268c800 Uncommon trap -58 fr.pc 0x0000000034549ba8
Event: 3920.850 Thread 0x000000005268c800 Uncommon trap -58 fr.pc 0x0000000034549ba8
Event: 3920.880 Thread 0x000000005268c800 Uncommon trap -83 fr.pc 0x0000000034667154
Event: 3920.888 Thread 0x000000005268c800 Uncommon trap -34 fr.pc 0x00000000346944c4
Event: 3959.566 Thread 0x000000005268c800 Uncommon trap -34 fr.pc 0x000000003469a660
Event: 3959.566 Thread 0x000000005268c800 Uncommon trap -34 fr.pc 0x000000003469a660
Event: 3959.566 Thread 0x000000005268c800 Uncommon trap -34 fr.pc 0x000000003469a660

Internal exceptions (10 events):
Event: 3920.869 Thread 0x000000000efa2800 Threw 0x00000000fc542328 at C:\jdk7u1_64p\jdk7u11\hotspot\src\share\vm\classfile\systemDictionary.cpp:179
Event: 3920.872 Thread 0x000000000efa2800 Threw 0x00000000fc545a50 at C:\jdk7u1_64p\jdk7u11\hotspot\src\share\vm\prims\jvm.cpp:1166
Event: 3920.872 Thread 0x000000000efa2800 Threw 0x00000000fc572dc8 at C:\jdk7u1_64p\jdk7u11\hotspot\src\share\vm\prims\jvm.cpp:1166
Event: 3920.872 Thread 0x000000000efa2800 Threw 0x00000000fc573560 at C:\jdk7u1_64p\jdk7u11\hotspot\src\share\vm\prims\jvm.cpp:1166
Event: 3920.872 Thread 0x000000000efa2800 Threw 0x00000000fc5a0978 at C:\jdk7u1_64p\jdk7u11\hotspot\src\share\vm\prims\jvm.cpp:1166
Event: 3920.872 Thread 0x000000000efa2800 Threw 0x00000000fc5a1238 at C:\jdk7u1_64p\jdk7u11\hotspot\src\share\vm\prims\jvm.cpp:1166
Event: 3920.872 Thread 0x000000000efa2800 Threw 0x00000000fc5ce630 at C:\jdk7u1_64p\jdk7u11\hotspot\src\share\vm\prims\jvm.cpp:1166
Event: 3920.874 Thread 0x000000000efa2800 Threw 0x00000000fc5d3ac8 at C:\jdk7u1_64p\jdk7u11\hotspot\src\share\vm\prims\jvm.cpp:1166
Event: 3920.880 Thread 0x000000005268c800 Implicit null exception at 0x0000000034666b16 to 0x000000003466711d
Event: 3920.883 Thread 0x000000005268c800 Threw 0x00000000fc3f6010 at C:\jdk7u1_64p\jdk7u11\hotspot\src\share\vm\prims\jvm.cpp:1166

Events (10 events):
Event: 4004.489 Thread 0x00000000755f2800 Thread added: 0x00000000755f2800
Event: 4004.489 Thread 0x0000000096c0a000 Thread added: 0x0000000096c0a000
Event: 4004.489 Executing VM operation: RevokeBias
Event: 4004.489 Executing VM operation: RevokeBias done
Event: 4004.493 Thread 0x000000007e3ab800 Thread added: 0x000000007e3ab800
Event: 4004.493 Executing VM operation: RevokeBias
Event: 4004.493 Executing VM operation: RevokeBias done
Event: 4004.601 Executing VM operation: RevokeBias
Event: 4004.601 Executing VM operation: RevokeBias done
Event: 4004.602 Thread 0x000000007e3ab800 Thread exited: 0x000000007e3ab800


Dynamic libraries:
0x0000000140000000 - 0x0000000140029000 	C:\Program Files\MATLAB\R2013b\bin\win64\MATLAB.exe
0x0000000077510000 - 0x00000000776b9000 	C:\Windows\SYSTEM32\ntdll.dll
0x00000000772f0000 - 0x000000007740f000 	C:\Windows\system32\kernel32.dll
0x000007fefd4f0000 - 0x000007fefd55b000 	C:\Windows\system32\KERNELBASE.dll
0x000000006f060000 - 0x000000006f3dc000 	C:\Program Files\MATLAB\R2013b\bin\win64\libmwservices.dll
0x000000006fe80000 - 0x000000006ff56000 	C:\Program Files\MATLAB\R2013b\bin\win64\libmwi18n.dll
0x000000006fe70000 - 0x000000006fe7d000 	C:\Program Files\MATLAB\R2013b\bin\win64\libmwresource_core.dll
0x000000006b610000 - 0x000000006b6a8000 	C:\Program Files\MATLAB\R2013b\bin\win64\MSVCP100.dll
0x0000000068bd0000 - 0x0000000068ca2000 	C:\Program Files\MATLAB\R2013b\bin\win64\MSVCR100.dll
0x0000000075060000 - 0x000000007506e000 	C:\Program Files\MATLAB\R2013b\bin\win64\boost_date_time-vc100-mt-1_49.dll
0x000000006fe10000 - 0x000000006fe3c000 	C:\Program Files\MATLAB\R2013b\bin\win64\boost_filesystem-vc100-mt-1_49.dll
0x0000000075070000 - 0x0000000075079000 	C:\Program Files\MATLAB\R2013b\bin\win64\boost_system-vc100-mt-1_49.dll
0x000007fefed60000 - 0x000007fefee3b000 	C:\Windows\system32\ADVAPI32.dll
0x000007feff3e0000 - 0x000007feff47f000 	C:\Windows\system32\msvcrt.dll
0x000007feff340000 - 0x000007feff35f000 	C:\Windows\SYSTEM32\sechost.dll
0x000007fefee40000 - 0x000007fefef6d000 	C:\Windows\system32\RPCRT4.dll
0x0000000074fc0000 - 0x0000000074fe5000 	C:\Program Files\MATLAB\R2013b\bin\win64\LIBEXPAT.dll
0x0000000068a40000 - 0x0000000068bca000 	C:\Program Files\MATLAB\R2013b\bin\win64\icuin49.dll
0x0000000068900000 - 0x0000000068a3e000 	C:\Program Files\MATLAB\R2013b\bin\win64\icuuc49.dll
0x00000000677d0000 - 0x00000000688f2000 	C:\Program Files\MATLAB\R2013b\bin\win64\icudt49.dll
0x0000000075020000 - 0x0000000075030000 	C:\Program Files\MATLAB\R2013b\bin\win64\icuio49.dll
0x0000000004100000 - 0x00000000041bb000 	C:\Program Files\MATLAB\R2013b\bin\win64\libut.dll
0x000000006f960000 - 0x000000006fb07000 	C:\Program Files\MATLAB\R2013b\bin\win64\libmwfl.dll
0x0000000004320000 - 0x000000000472f000 	C:\Program Files\MATLAB\R2013b\bin\win64\libmwMATLAB_res.dll
0x0000000068cb0000 - 0x0000000068d8f000 	C:\Program Files\MATLAB\R2013b\bin\win64\boost_regex-vc100-mt-1_49.dll
0x0000000077410000 - 0x000000007750a000 	C:\Windows\system32\USER32.dll
0x000007feff520000 - 0x000007feff587000 	C:\Windows\system32\GDI32.dll
0x000007fefefd0000 - 0x000007fefefde000 	C:\Windows\system32\LPK.dll
0x000007feff270000 - 0x000007feff339000 	C:\Windows\system32\USP10.dll
0x000000006fdf0000 - 0x000000006fe01000 	C:\Program Files\MATLAB\R2013b\bin\win64\boost_signals-vc100-mt-1_49.dll
0x000000006eeb0000 - 0x000000006eec1000 	C:\Program Files\MATLAB\R2013b\bin\win64\boost_thread-vc100-mt-1_49.dll
0x000000006b6c0000 - 0x000000006b74c000 	C:\Program Files\MATLAB\R2013b\bin\win64\boost_log-vc100-mt-1_49.dll
0x00000000776d0000 - 0x00000000776d7000 	C:\Windows\system32\PSAPI.DLL
0x000007fefef80000 - 0x000007fefefcd000 	C:\Windows\system32\WS2_32.dll
0x000007fefef70000 - 0x000007fefef78000 	C:\Windows\system32\NSI.dll
0x000007fefadc0000 - 0x000007fefadf3000 	C:\Program Files\MATLAB\R2013b\bin\win64\tbb.dll
0x000007fefdf10000 - 0x000007fefdf29000 	C:\Windows\system32\imagehlp.dll
0x000007fefbba0000 - 0x000007fefbbcc000 	C:\Windows\system32\POWRPROF.dll
0x000007fefd940000 - 0x000007fefdb17000 	C:\Windows\system32\SETUPAPI.dll
0x000007fefd380000 - 0x000007fefd3b6000 	C:\Windows\system32\CFGMGR32.dll
0x000007fefde30000 - 0x000007fefdf07000 	C:\Windows\system32\OLEAUT32.dll
0x000007feff590000 - 0x000007feff793000 	C:\Windows\system32\ole32.dll
0x000007fefd4d0000 - 0x000007fefd4ea000 	C:\Windows\system32\DEVOBJ.dll
0x0000000004730000 - 0x000000000482b000 	C:\Program Files\MATLAB\R2013b\bin\win64\libmx.dll
0x000007fefa9f0000 - 0x000007fefaa18000 	C:\Program Files\MATLAB\R2013b\bin\win64\tbbmalloc.dll
0x000000006cde0000 - 0x000000006cdf7000 	C:\Program Files\MATLAB\R2013b\bin\win64\zlib1.dll
0x000000006ef00000 - 0x000000006ef4e000 	C:\Program Files\MATLAB\R2013b\bin\win64\libmwregexp.dll
0x00000000041c0000 - 0x0000000004207000 	C:\Program Files\MATLAB\R2013b\bin\win64\mpath.dll
0x0000000004830000 - 0x0000000004e58000 	C:\Program Files\MATLAB\R2013b\bin\win64\mlutil.dll
0x000000006e870000 - 0x000000006e8e7000 	C:\Program Files\MATLAB\R2013b\bin\win64\xmlcore.dll
0x0000000067330000 - 0x0000000067571000 	C:\Program Files\MATLAB\R2013b\bin\win64\xerces-c_2_7.dll
0x000000006e5f0000 - 0x000000006e613000 	C:\Program Files\MATLAB\R2013b\bin\win64\libmwMATLAB_settings_res.dll
0x0000000075030000 - 0x0000000075040000 	C:\Program Files\MATLAB\R2013b\bin\win64\boost_iostreams-vc100-mt-1_49.dll
0x0000000067780000 - 0x00000000677c6000 	C:\Program Files\MATLAB\R2013b\bin\win64\boost_serialization-vc100-mt-1_49.dll
0x000007fefdf30000 - 0x000007fefecbb000 	C:\Windows\system32\SHELL32.dll
0x000007feff7a0000 - 0x000007feff811000 	C:\Windows\system32\SHLWAPI.dll
0x000000006e580000 - 0x000000006e586000 	C:\Program Files\MATLAB\R2013b\bin\win64\libmwnativedisplay.dll
0x0000000004e60000 - 0x0000000004ead000 	C:\Program Files\MATLAB\R2013b\bin\win64\opccore.dll
0x0000000004eb0000 - 0x0000000004f86000 	C:\Program Files\MATLAB\R2013b\bin\win64\opcmodel.dll
0x0000000004f90000 - 0x0000000004fbd000 	C:\Program Files\MATLAB\R2013b\bin\win64\opczippackage.dll
0x000000006eea0000 - 0x000000006eeae000 	C:\Program Files\MATLAB\R2013b\bin\win64\libminizip.dll
0x0000000004fc0000 - 0x0000000005026000 	C:\Program Files\MATLAB\R2013b\bin\win64\opcmwservices.dll
0x000007fef7d80000 - 0x000007fef7e20000 	C:\Windows\WinSxS\amd64_microsoft.windows.common-controls_6595b64144ccf1df_5.82.7601.18837_none_a4d981ff711297b6\COMCTL32.dll
0x000007fefecc0000 - 0x000007fefed57000 	C:\Windows\system32\COMDLG32.dll
0x000007fefb040000 - 0x000007fefb056000 	C:\Windows\system32\NETAPI32.dll
0x000007fefc780000 - 0x000007fefc78c000 	C:\Windows\system32\netutils.dll
0x000007fefcef0000 - 0x000007fefcf13000 	C:\Windows\system32\srvcli.dll
0x000007fefaff0000 - 0x000007fefb005000 	C:\Windows\system32\wkscli.dll
0x000000006e4d0000 - 0x000000006e57d000 	C:\Program Files\MATLAB\R2013b\bin\win64\mcr.dll
0x000000006e110000 - 0x000000006e4d0000 	C:\Program Files\MATLAB\R2013b\bin\win64\iqm.dll
0x0000000180000000 - 0x00000001800c2000 	C:\Program Files\MATLAB\R2013b\bin\win64\m_dispatcher.dll
0x0000000005030000 - 0x000000000582b000 	C:\Program Files\MATLAB\R2013b\bin\win64\m_interpreter.dll
0x000000006d760000 - 0x000000006d784000 	C:\Program Files\MATLAB\R2013b\bin\win64\libmex.dll
0x000000006d6e0000 - 0x000000006d75b000 	C:\Program Files\MATLAB\R2013b\bin\win64\profiler.dll
0x000000006d450000 - 0x000000006d5c8000 	C:\Program Files\MATLAB\R2013b\bin\win64\libmwmathutil.dll
0x000000006d420000 - 0x000000006d447000 	C:\Program Files\MATLAB\R2013b\bin\win64\libmwmathrng.dll
0x000000006d410000 - 0x000000006d420000 	C:\Program Files\MATLAB\R2013b\bin\win64\libmwmfl_rng.dll
0x0000000005830000 - 0x0000000005948000 	C:\Program Files\MATLAB\R2013b\bin\win64\libmwmathcore.dll
0x000000006d2b0000 - 0x000000006d313000 	C:\Program Files\MATLAB\R2013b\bin\win64\libmwspmatrix.dll
0x0000000005950000 - 0x0000000005bb2000 	C:\Program Files\MATLAB\R2013b\bin\win64\mcos.dll
0x000000006cfc0000 - 0x000000006d01c000 	C:\Program Files\MATLAB\R2013b\bin\win64\libmwcholmod.dll
0x000000006cfb0000 - 0x000000006cfbc000 	C:\Program Files\MATLAB\R2013b\bin\win64\libmwamd.dll
0x000000006cfa0000 - 0x000000006cfab000 	C:\Program Files\MATLAB\R2013b\bin\win64\libmwcolamd.dll
0x000000006cf80000 - 0x000000006cf93000 	C:\Program Files\MATLAB\R2013b\bin\win64\libmwblas.dll
0x000000006cf60000 - 0x000000006cf75000 	C:\Program Files\MATLAB\R2013b\bin\win64\libmwbinder.dll
0x000000006cf50000 - 0x000000006cf5b000 	C:\Program Files\MATLAB\R2013b\bin\win64\libmwompwrapper.dll
0x000000006ced0000 - 0x000000006cf4f000 	C:\Program Files\MATLAB\R2013b\bin\win64\libmwlapack.dll
0x000000006ceb0000 - 0x000000006ced0000 	C:\Program Files\MATLAB\R2013b\bin\win64\m_pcodeio.dll
0x000000006ce50000 - 0x000000006ceac000 	C:\Program Files\MATLAB\R2013b\bin\win64\m_ir.dll
0x0000000005bc0000 - 0x0000000006275000 	C:\Program Files\MATLAB\R2013b\bin\win64\m_parser.dll
0x000000006c780000 - 0x000000006c797000 	C:\Program Files\MATLAB\R2013b\bin\win64\ir_xfmr.dll
0x000000006c770000 - 0x000000006c780000 	C:\Program Files\MATLAB\R2013b\bin\win64\mtok.dll
0x000000006c740000 - 0x000000006c768000 	C:\Program Files\MATLAB\R2013b\bin\win64\m_pcodegen.dll
0x000007fef5f20000 - 0x000007fef6045000 	C:\Windows\system32\dbghelp.dll
0x000000006c710000 - 0x000000006c73f000 	C:\Program Files\MATLAB\R2013b\bin\win64\libmwbridge.dll
0x000000006c650000 - 0x000000006c706000 	C:\Program Files\MATLAB\R2013b\bin\win64\udd.dll
0x0000000006280000 - 0x00000000063d1000 	C:\Program Files\MATLAB\R2013b\bin\win64\libmwgui.dll
0x000000006c4d0000 - 0x000000006c4f8000 	C:\Program Files\MATLAB\R2013b\bin\win64\graphics_util.dll
0x00000000676c0000 - 0x0000000067778000 	C:\Program Files\MATLAB\R2013b\bin\win64\libtex_base.dll
0x000000006bac0000 - 0x000000006c426000 	C:\Program Files\MATLAB\R2013b\bin\win64\hg.dll
0x000000006ba60000 - 0x000000006babd000 	C:\Program Files\MATLAB\R2013b\bin\win64\libmat.dll
0x000000006b850000 - 0x000000006ba58000 	C:\Program Files\MATLAB\R2013b\bin\win64\hdf5dll.dll
0x000000006b780000 - 0x000000006b848000 	C:\Program Files\MATLAB\R2013b\bin\win64\jmi.dll
0x000000006b770000 - 0x000000006b77e000 	C:\Program Files\MATLAB\R2013b\bin\win64\nativejava_services.dll
0x00000000063f0000 - 0x0000000006432000 	C:\Program Files\MATLAB\R2013b\bin\win64\libmwhardcopy.dll
0x0000000006440000 - 0x000000000649e000 	C:\Program Files\MATLAB\R2013b\bin\win64\libuij.dll
0x00000000064a0000 - 0x00000000066a5000 	C:\Program Files\MATLAB\R2013b\bin\win64\hgdatatypes.dll
0x000000006b3a0000 - 0x000000006b4b2000 	C:\Program Files\MATLAB\R2013b\bin\win64\hgutils.dll
0x000000006b2f0000 - 0x000000006b39e000 	C:\Program Files\MATLAB\R2013b\bin\win64\udd_mi.dll
0x000000006b2b0000 - 0x000000006b2e6000 	C:\Program Files\MATLAB\R2013b\bin\win64\libmwgbtutils.dll
0x000000006b290000 - 0x000000006b2a3000 	C:\Program Files\MATLAB\R2013b\bin\win64\libmwgbt.dll
0x000000006afc0000 - 0x000000006b28f000 	C:\Program Files\MATLAB\R2013b\bin\win64\uiw.dll
0x000000006afb0000 - 0x000000006afb9000 	C:\Program Files\MATLAB\R2013b\bin\win64\uinone.dll
0x000000006af80000 - 0x000000006afac000 	C:\Program Files\MATLAB\R2013b\bin\win64\libmwnativedialogs.dll
0x000000006af70000 - 0x000000006af7c000 	C:\Program Files\MATLAB\R2013b\bin\win64\libmwplatform_res.dll
0x000007fef70e0000 - 0x000007fef70f8000 	C:\Windows\system32\MPR.dll
0x0000000055f90000 - 0x00000000564ed000 	C:\Program Files\MATLAB\R2013b\bin\win64\mfc100.dll
0x000007fefa810000 - 0x000007fefa817000 	C:\Windows\system32\MSIMG32.dll
0x000007fef7d00000 - 0x000007fef7d71000 	C:\Windows\system32\WINSPOOL.DRV
0x000000006af50000 - 0x000000006af6d000 	C:\Program Files\MATLAB\R2013b\bin\win64\mwoles05.DLL
0x000000006aee0000 - 0x000000006af4c000 	C:\Program Files\MATLAB\R2013b\bin\win64\comcli.dll
0x00000000066c0000 - 0x00000000066eb000 	C:\Program Files\MATLAB\R2013b\bin\win64\ATL100.DLL
0x000000006aed0000 - 0x000000006aedc000 	C:\Program Files\MATLAB\R2013b\bin\win64\mlautoregister.dll
0x00000000066f0000 - 0x000000000685f000 	C:\Program Files\MATLAB\R2013b\bin\win64\mvm.dll
0x000007fefdb80000 - 0x000007fefdbae000 	C:\Windows\system32\IMM32.DLL
0x000007fefdd20000 - 0x000007fefde29000 	C:\Windows\system32\MSCTF.dll
0x00000000750a0000 - 0x00000000750d8000 	C:\PROGRA~2\Sophos\SOPHOS~1\SOPHOS~2.DLL
0x000007fefbc80000 - 0x000007fefbcd6000 	C:\Windows\system32\UxTheme.dll

VM Arguments:
jvm_args: -XX:PermSize=32m -Xms64m -XX:NewRatio=3 -XX:MaxPermSize=128m -Xmx384m -XX:MaxDirectMemorySize=2147400000 -Dsun.java2d.noddraw=true -Dsun.awt.nopixfmt=true -Xshare:off -Xrs -XX:-UseSplitVerifier -Djava.library.path=C:\Program Files\MATLAB\R2013b\bin\win64;C:\Program Files\MATLAB\R2013b\sys\jxbrowser\win64\lib vfprintf abort -Duser.language=en -Duser.country=NZ 
java_command: <unknown>
Launcher Type: generic

Environment Variables:
PATH=C:\Windows\system32;C:\Windows;C:\Windows\System32\Wbem;C:\Windows\System32\WindowsPowerShell\v1.0\;C:\Program Files (x86)\Microsoft Application Virtualization Client;C:\Program Files\MATLAB\R2013b\bin;C:\Program Files\TortoiseSVN\bin;C:\Program Files\VisualSVN Server\bin;C:\Program Files (x86)\QuickTime\QTSystem\;C:\Windows\system32;C:\Windows;C:\Windows\System32\Wbem;C:\Windows\System32\WindowsPowerShell\v1.0\;C:\Program Files (x86)\Microsoft Application Virtualization Client;C:\Program Files\MATLAB\R2013b\bin;C:\Program Files\TortoiseSVN\bin;C:\Program Files\VisualSVN Server\bin;C:\Program Files (x86)\QuickTime\QTSystem\;C:\Users\agk29\Documents\New folder\miktex\bin\;\\file\UsersA$\agk29\Home\My Documents\MikTex\miktex\bin\;C:\Users\agk29\MikTex\miktex\bin\
USERNAME=agk29
OS=Windows_NT
PROCESSOR_IDENTIFIER=Intel64 Family 6 Model 42 Stepping 7, GenuineIntel



---------------  S Y S T E M  ---------------

OS: Windows 7 , 64 bit Build 7601 Service Pack 1

CPU:total 4 (4 cores per cpu, 2 threads per core) family 6 model 42 stepping 7, cmov, cx8, fxsr, mmx, sse, sse2, sse3, ssse3, sse4.1, sse4.2, popcnt, avx, ht, tsc, tscinvbit

Memory: 4k page, physical 16734276k(11785312k free), swap 33466692k(28513748k free)

vm_info: Java HotSpot(TM) 64-Bit Server VM (23.6-b04) for windows-amd64 JRE (1.7.0_11-b21), built on Jan 12 2013 02:38:42 by "java_re" with unknown MS VC++:1600

time: Tue Jul 21 12:30:03 2015
elapsed time: 4007 seconds

