#
# A fatal error has been detected by the Java Runtime Environment:
#
#  EXCEPTION_ACCESS_VIOLATION (0xc0000005) at pc=0x000000013784e52a, pid=6976, tid=6836
#
# JRE version: 7.0_11-b21
# Java VM: Java HotSpot(TM) 64-Bit Server VM (23.6-b04 mixed mode windows-amd64 compressed oops)
# Problematic frame:
# C  0x000000013784e52a
#
# Failed to write core dump. Minidumps are not enabled by default on client versions of Windows
#
# If you would like to submit a bug report, please visit:
#   http://bugreport.sun.com/bugreport/crash.jsp
# The crash happened outside the Java Virtual Machine in native code.
# See problematic frame for where to report the bug.
#

---------------  T H R E A D  ---------------

Current thread (0x000000011c545800):  JavaThread "Thread-727" [_thread_in_native, id=6836, stack(0x0000000148030000,0x000000014c030000)]

siginfo: ExceptionCode=0xc0000005, reading address 0x0000000000000013

Registers:
RAX=0x000000000006bc4c, RBX=0x0000000000000002, RCX=0x000000006bc4cf70, RDX=0x0000000000000000
RSP=0x000000014c02d8d0, RBP=0x000000006bc4c000, RSI=0x000000006bc4c000, RDI=0x0000000000000000
R8 =0x0000000000000001, R9 =0x0000000000000001, R10=0x000000000fffffff, R11=0x0000000000000001
R12=0x0000000138934630, R13=0x0000000000000000, R14=0x0000000000000001, R15=0x0000000000000000
RIP=0x000000013784e52a, EFLAGS=0x0000000000010202

Top of Stack: (sp=0x000000014c02d8d0)
0x000000014c02d8d0:   0000000000000000 000007fefad32ecf
0x000000014c02d8e0:   8000000000000001 0000000000000000
0x000000014c02d8f0:   8000000000000001 000007fefb21b6bc
0x000000014c02d900:   000000006c8eeed0 00000000040c0000
0x000000014c02d910:   0000000000000000 000000013784d313
0x000000014c02d920:   0000000000000002 000000006bc4cf70
0x000000014c02d930:   000000006cab1548 00000000040c0000
0x000000014c02d940:   00000000800403f1 000007fefb21dd34
0x000000014c02d950:   0000000000000000 000000006cab1548
0x000000014c02d960:   0000000000000000 000007fefb21be0f
0x000000014c02d970:   000000006cab1548 000000006cb141e0
0x000000014c02d980:   0000000000000000 0000000000000000
0x000000014c02d990:   000007fefb2dc540 000000006c8eeed0
0x000000014c02d9a0:   00000000800403f1 000007fefb21dcd4
0x000000014c02d9b0:   0000000000000000 000000006cb1422c
0x000000014c02d9c0:   000007fefb2dc540 000000006cab1548 

Instructions: (pc=0x000000013784e52a)
0x000000013784e50a:   81 e3 ff 07 00 00 48 03 db 49 39 b4 dc d0 08 00
0x000000013784e51a:   00 75 28 49 8b 9c dc d8 08 00 00 48 85 db 74 20
0x000000013784e52a:   0f b6 43 11 41 3b c0 75 17 41 83 f8 01 0f 85 80
0x000000013784e53a:   01 00 00 ff 43 18 e9 78 01 00 00 48 8b 5c 24 50 


Register to memory mapping:

RAX=0x000000000006bc4c is pointing into the stack for thread: 0x0000000035086000
RBX=0x0000000000000002 is an unknown value
RCX=0x000000006bc4cf70 is an unknown value
RDX=0x0000000000000000 is an unknown value
RSP=0x000000014c02d8d0 is pointing into the stack for thread: 0x000000011c545800
RBP=0x000000006bc4c000 is an unknown value
RSI=0x000000006bc4c000 is an unknown value
RDI=0x0000000000000000 is an unknown value
R8 =0x0000000000000001 is an unknown value
R9 =0x0000000000000001 is an unknown value
R10=0x000000000fffffff is an unknown value
R11=0x0000000000000001 is an unknown value
R12=0x0000000138934630 is an unknown value
R13=0x0000000000000000 is an unknown value
R14=0x0000000000000001 is an unknown value
R15=0x0000000000000000 is an unknown value


Stack: [0x0000000148030000,0x000000014c030000],  sp=0x000000014c02d8d0,  free space=65526k
Native frames: (J=compiled Java code, j=interpreted, Vv=VM code, C=native code)
C  0x000000013784e52a

Java frames: (J=compiled Java code, j=interpreted, Vv=VM code)
j  com.mathworks.util.NativeJava.showNativeFileDialogMulti(JZLjava/lang/String;Ljava/lang/String;Ljava/lang/String;Ljava/lang/String;ZZLjava/lang/String;I)Ljava/lang/Object;+0
j  com.mathworks.mwswing.MJFileChooserPerPlatform$RunnableNativeDispatch.runNative()V+37
j  com.mathworks.mwswing.MJFileChooserPerPlatform$RunnableNativeDispatch.runWindows()V+22
j  com.mathworks.mwswing.MJFileChooserPerPlatform$RunnableNativeDispatch.run()V+7
j  java.lang.Thread.run()V+11
v  ~StubRoutines::call_stub

---------------  P R O C E S S  ---------------

Java Threads: ( => current thread )
  0x00000000bfac9000 JavaThread "Unnamed RequestAggregator Timer" daemon [_thread_blocked, id=3952, stack(0x0000000150030000,0x0000000154030000)]
  0x00000000bfaca800 JavaThread "Foxtrot Multi Worker Thread Runner #12" daemon [_thread_blocked, id=1412, stack(0x000000014c030000,0x0000000150030000)]
=>0x000000011c545800 JavaThread "Thread-727" [_thread_in_native, id=6836, stack(0x0000000148030000,0x000000014c030000)]
  0x00000000bf0cf800 JavaThread "Foxtrot Multi Worker Thread Runner #2" daemon [_thread_blocked, id=1844, stack(0x00000000cc000000,0x00000000d0000000)]
  0x000000011c855800 JavaThread "Swing-Shell" daemon [_thread_blocked, id=2844, stack(0x0000000130fd0000,0x0000000134fd0000)]
  0x000000007c408800 JavaThread "Code Analyzer updating thread" [_thread_blocked, id=6884, stack(0x00000000b4000000,0x00000000b8000000)]
  0x000000007c408000 JavaThread "Prefs Updater" daemon [_thread_blocked, id=4464, stack(0x0000000094000000,0x0000000098000000)]
  0x000000007c409800 JavaThread "Foxtrot Single Worker Thread #1" daemon [_thread_blocked, id=4392, stack(0x000000011cfd0000,0x0000000120fd0000)]
  0x000000007c42e800 JavaThread "Code Analyzer updating thread" [_thread_blocked, id=6828, stack(0x000000010c000000,0x0000000110000000)]
  0x000000007c42d800 JavaThread "Code Analyzer updating thread" [_thread_blocked, id=3584, stack(0x0000000108000000,0x000000010c000000)]
  0x000000007c42d000 JavaThread "Code Analyzer updating thread" [_thread_blocked, id=4476, stack(0x0000000104000000,0x0000000108000000)]
  0x000000007c42c000 JavaThread "Code Analyzer updating thread" [_thread_blocked, id=4008, stack(0x0000000100000000,0x0000000104000000)]
  0x000000007c42b800 JavaThread "Active Reference Queue Daemon" daemon [_thread_blocked, id=4408, stack(0x00000000dc000000,0x00000000e0000000)]
  0x000000007c42a800 JavaThread "Timer-1" daemon [_thread_blocked, id=6080, stack(0x00000000d8000000,0x00000000dc000000)]
  0x000000007c42a000 JavaThread "ClipboardMonitor Timer" daemon [_thread_blocked, id=4792, stack(0x00000000d4000000,0x00000000d8000000)]
  0x000000007c429000 JavaThread "Explorer NavigationContext request queue" daemon [_thread_blocked, id=4684, stack(0x00000000d0000000,0x00000000d4000000)]
  0x000000004f6be800 JavaThread "AddressBar directory emptiness poller" daemon [_thread_blocked, id=5576, stack(0x00000000c8000000,0x00000000cc000000)]
  0x000000004f6ba000 JavaThread "Explorer Refresh Service 1441129430" daemon [_thread_blocked, id=6928, stack(0x00000000c4000000,0x00000000c8000000)]
  0x000000004f6bd800 JavaThread "Thread-4" daemon [_thread_blocked, id=6776, stack(0x00000000c0000000,0x00000000c4000000)]
  0x000000004f6ba800 JavaThread "TimerQueue" daemon [_thread_blocked, id=6340, stack(0x00000000b0000000,0x00000000b4000000)]
  0x000000004f6b9000 JavaThread "Thread-3" daemon [_thread_blocked, id=2452, stack(0x00000000a0000000,0x00000000a4000000)]
  0x000000004f495000 JavaThread "FelixPackageAdmin" daemon [_thread_blocked, id=6476, stack(0x00000000ac000000,0x00000000b0000000)]
  0x000000004f493800 JavaThread "FelixStartLevel" daemon [_thread_blocked, id=3528, stack(0x00000000a8000000,0x00000000ac000000)]
  0x000000004f492000 JavaThread "FelixDispatchQueue" daemon [_thread_blocked, id=4384, stack(0x00000000a4000000,0x00000000a8000000)]
  0x000000004f0e2000 JavaThread "AWT-EventQueue-0" [_thread_blocked, id=1300, stack(0x000000009c000000,0x00000000a0000000)]
  0x000000004f0be000 JavaThread "com.google.common.base.internal.Finalizer" daemon [_thread_blocked, id=6508, stack(0x0000000098000000,0x000000009c000000)]
  0x000000004f014000 JavaThread "AWT-Windows" daemon [_thread_in_native, id=164, stack(0x0000000090000000,0x0000000094000000)]
  0x000000004f013800 JavaThread "AWT-Shutdown" [_thread_blocked, id=4844, stack(0x000000008c000000,0x0000000090000000)]
  0x000000004f049000 JavaThread "Java2D Disposer" daemon [_thread_blocked, id=6484, stack(0x0000000088000000,0x000000008c000000)]
  0x000000004ee1b000 JavaThread "Timer-0" [_thread_blocked, id=5640, stack(0x0000000084000000,0x0000000088000000)]
  0x000000004eca2800 JavaThread "EventMgr Dispatcher" daemon [_thread_in_native, id=6460, stack(0x0000000080000000,0x0000000084000000)]
  0x000000003526f800 JavaThread "Service Thread" daemon [_thread_blocked, id=5396, stack(0x0000000070310000,0x0000000074310000)]
  0x000000003526f000 JavaThread "C2 CompilerThread1" daemon [_thread_blocked, id=6296, stack(0x00000000637d0000,0x00000000677d0000)]
  0x000000003526a000 JavaThread "C2 CompilerThread0" daemon [_thread_blocked, id=4236, stack(0x000000005f7d0000,0x00000000637d0000)]
  0x0000000035269800 JavaThread "Attach Listener" daemon [_thread_blocked, id=952, stack(0x000000005b7d0000,0x000000005f7d0000)]
  0x00000000351df800 JavaThread "Finalizer" daemon [_thread_blocked, id=6356, stack(0x00000000577d0000,0x000000005b7d0000)]
  0x00000000351cf800 JavaThread "Reference Handler" daemon [_thread_blocked, id=3820, stack(0x00000000537d0000,0x00000000577d0000)]
  0x0000000035086000 JavaThread "main" [_thread_blocked, id=1028, stack(0x0000000000030000,0x0000000004030000)]

Other Threads:
  0x00000000351cd000 VMThread [stack: 0x000000004ac70000,0x000000004ec70000] [id=4192]
  0x00000000352c9000 WatcherThread [stack: 0x0000000078000000,0x000000007c000000] [id=6596]

VM state:not at safepoint (normal execution)

VM Mutex/Monitor currently owned by a thread: None

Heap
 PSYoungGen      total 14464K, used 3802K [0x00000000fa000000, 0x00000000fb0e0000, 0x0000000100000000)
  eden space 12288K, 14% used [0x00000000fa000000,0x00000000fa1b2c18,0x00000000fac00000)
  from space 2176K, 94% used [0x00000000fae60000,0x00000000fb063ec8,0x00000000fb080000)
  to   space 2432K, 0% used [0x00000000fac00000,0x00000000fac00000,0x00000000fae60000)
 ParOldGen       total 98176K, used 89761K [0x00000000e8000000, 0x00000000edfe0000, 0x00000000fa000000)
  object space 98176K, 91% used [0x00000000e8000000,0x00000000ed7a8408,0x00000000edfe0000)
 PSPermGen       total 117056K, used 60409K [0x00000000e0000000, 0x00000000e7250000, 0x00000000e8000000)
  object space 117056K, 51% used [0x00000000e0000000,0x00000000e3afe660,0x00000000e7250000)

Card table byte_map: [0x0000000034570000,0x0000000034680000] byte_map_base: 0x0000000033e70000

Polling page: 0x0000000009240000

Code Cache  [0x0000000035880000, 0x0000000035ff0000, 0x0000000038880000)
 total_blobs=3151 nmethods=2483 adapters=615 free_code_cache=41679Kb largest_free_block=42559424

Compilation events (10 events):
Event: 75301.997 Thread 0x000000003526a000 2645             javax.swing.JMenuBar::getSubElements (96 bytes)
Event: 75302.013 Thread 0x000000003526a000 nmethod 2645 0x0000000035fd51d0 code [0x0000000035fd5380, 0x0000000035fd5a68]
Event: 75310.617 Thread 0x000000003526f000   63 %           javax.swing.text.StyleContext$SmallAttributeSet::<init> @ 35 (92 bytes)
Event: 75310.630 Thread 0x000000003526f000 nmethod 63% 0x0000000035fd0b90 code [0x0000000035fd0d40, 0x0000000035fd17b8]
Event: 75310.634 Thread 0x000000003526a000 2646             javax.swing.text.StyleContext$SmallAttributeSet::<init> (92 bytes)
Event: 75310.650 Thread 0x000000003526a000 nmethod 2646 0x0000000035fd2650 code [0x0000000035fd2820, 0x0000000035fd3778]
Event: 75357.465 Thread 0x000000003526f000 2647             javax.swing.JMenuBar::processBindingForKeyStrokeRecursive (128 bytes)
Event: 75357.469 Thread 0x000000003526a000 2648             javax.swing.JPopupMenu::getSubElements (96 bytes)
Event: 75357.473 Thread 0x000000003526f000 nmethod 2647 0x0000000035bdcd50 code [0x0000000035bdcee0, 0x0000000035bdd328]
Event: 75357.485 Thread 0x000000003526a000 nmethod 2648 0x0000000035fe8750 code [0x0000000035fe8900, 0x0000000035fe9128]

GC Heap History (10 events):
Event: 75257.096 GC heap before
{Heap before GC invocations=208 (full 2):
 PSYoungGen      total 13696K, used 13695K [0x00000000fa000000, 0x00000000fb080000, 0x0000000100000000)
  eden space 12928K, 100% used [0x00000000fa000000,0x00000000faca0000,0x00000000faca0000)
  from space 768K, 99% used [0x00000000facc0000,0x00000000fad7fff8,0x00000000fad80000)
  to   space 1984K, 0% used [0x00000000fae90000,0x00000000fae90000,0x00000000fb080000)
 ParOldGen       total 98176K, used 89753K [0x00000000e8000000, 0x00000000edfe0000, 0x00000000fa000000)
  object space 98176K, 91% used [0x00000000e8000000,0x00000000ed7a6408,0x00000000edfe0000)
 PSPermGen       total 117056K, used 60401K [0x00000000e0000000, 0x00000000e7250000, 0x00000000e8000000)
  object space 117056K, 51% used [0x00000000e0000000,0x00000000e3afc7f8,0x00000000e7250000)
Event: 75257.098 GC heap after
Heap after GC invocations=208 (full 2):
 PSYoungGen      total 14528K, used 825K [0x00000000fa000000, 0x00000000fb040000, 0x0000000100000000)
  eden space 12800K, 0% used [0x00000000fa000000,0x00000000fa000000,0x00000000fac80000)
  from space 1728K, 47% used [0x00000000fae90000,0x00000000faf5e760,0x00000000fb040000)
  to   space 1920K, 0% used [0x00000000fac80000,0x00000000fac80000,0x00000000fae60000)
 ParOldGen       total 98176K, used 89753K [0x00000000e8000000, 0x00000000edfe0000, 0x00000000fa000000)
  object space 98176K, 91% used [0x00000000e8000000,0x00000000ed7a6408,0x00000000edfe0000)
 PSPermGen       total 117056K, used 60401K [0x00000000e0000000, 0x00000000e7250000, 0x00000000e8000000)
  object space 117056K, 51% used [0x00000000e0000000,0x00000000e3afc7f8,0x00000000e7250000)
}
Event: 75281.691 GC heap before
{Heap before GC invocations=209 (full 2):
 PSYoungGen      total 14528K, used 13625K [0x00000000fa000000, 0x00000000fb040000, 0x0000000100000000)
  eden space 12800K, 100% used [0x00000000fa000000,0x00000000fac80000,0x00000000fac80000)
  from space 1728K, 47% used [0x00000000fae90000,0x00000000faf5e760,0x00000000fb040000)
  to   space 1920K, 0% used [0x00000000fac80000,0x00000000fac80000,0x00000000fae60000)
 ParOldGen       total 98176K, used 89753K [0x00000000e8000000, 0x00000000edfe0000, 0x00000000fa000000)
  object space 98176K, 91% used [0x00000000e8000000,0x00000000ed7a6408,0x00000000edfe0000)
 PSPermGen       total 117056K, used 60401K [0x00000000e0000000, 0x00000000e7250000, 0x00000000e8000000)
  object space 117056K, 51% used [0x00000000e0000000,0x00000000e3afc7f8,0x00000000e7250000)
Event: 75281.694 GC heap after
Heap after GC invocations=209 (full 2):
 PSYoungGen      total 13632K, used 784K [0x00000000fa000000, 0x00000000fb000000, 0x0000000100000000)
  eden space 12800K, 0% used [0x00000000fa000000,0x00000000fa000000,0x00000000fac80000)
  from space 832K, 94% used [0x00000000fac80000,0x00000000fad44008,0x00000000fad50000)
  to   space 1792K, 0% used [0x00000000fae40000,0x00000000fae40000,0x00000000fb000000)
 ParOldGen       total 98176K, used 89753K [0x00000000e8000000, 0x00000000edfe0000, 0x00000000fa000000)
  object space 98176K, 91% used [0x00000000e8000000,0x00000000ed7a6408,0x00000000edfe0000)
 PSPermGen       total 117056K, used 60401K [0x00000000e0000000, 0x00000000e7250000, 0x00000000e8000000)
  object space 117056K, 51% used [0x00000000e0000000,0x00000000e3afc7f8,0x00000000e7250000)
}
Event: 75302.081 GC heap before
{Heap before GC invocations=210 (full 2):
 PSYoungGen      total 13632K, used 13584K [0x00000000fa000000, 0x00000000fb000000, 0x0000000100000000)
  eden space 12800K, 100% used [0x00000000fa000000,0x00000000fac80000,0x00000000fac80000)
  from space 832K, 94% used [0x00000000fac80000,0x00000000fad44008,0x00000000fad50000)
  to   space 1792K, 0% used [0x00000000fae40000,0x00000000fae40000,0x00000000fb000000)
 ParOldGen       total 98176K, used 89753K [0x00000000e8000000, 0x00000000edfe0000, 0x00000000fa000000)
  object space 98176K, 91% used [0x00000000e8000000,0x00000000ed7a6408,0x00000000edfe0000)
 PSPermGen       total 117056K, used 60402K [0x00000000e0000000, 0x00000000e7250000, 0x00000000e8000000)
  object space 117056K, 51% used [0x00000000e0000000,0x00000000e3afc988,0x00000000e7250000)
Event: 75302.084 GC heap after
Heap after GC invocations=210 (full 2):
 PSYoungGen      total 14464K, used 1276K [0x00000000fa000000, 0x00000000fb000000, 0x0000000100000000)
  eden space 12672K, 0% used [0x00000000fa000000,0x00000000fa000000,0x00000000fac60000)
  from space 1792K, 71% used [0x00000000fae40000,0x00000000faf7f180,0x00000000fb000000)
  to   space 1856K, 0% used [0x00000000fac60000,0x00000000fac60000,0x00000000fae30000)
 ParOldGen       total 98176K, used 89753K [0x00000000e8000000, 0x00000000edfe0000, 0x00000000fa000000)
  object space 98176K, 91% used [0x00000000e8000000,0x00000000ed7a6408,0x00000000edfe0000)
 PSPermGen       total 117056K, used 60402K [0x00000000e0000000, 0x00000000e7250000, 0x00000000e8000000)
  object space 117056K, 51% used [0x00000000e0000000,0x00000000e3afc988,0x00000000e7250000)
}
Event: 75321.195 GC heap before
{Heap before GC invocations=211 (full 2):
 PSYoungGen      total 14464K, used 13948K [0x00000000fa000000, 0x00000000fb000000, 0x0000000100000000)
  eden space 12672K, 100% used [0x00000000fa000000,0x00000000fac60000,0x00000000fac60000)
  from space 1792K, 71% used [0x00000000fae40000,0x00000000faf7f180,0x00000000fb000000)
  to   space 1856K, 0% used [0x00000000fac60000,0x00000000fac60000,0x00000000fae30000)
 ParOldGen       total 98176K, used 89753K [0x00000000e8000000, 0x00000000edfe0000, 0x00000000fa000000)
  object space 98176K, 91% used [0x00000000e8000000,0x00000000ed7a6408,0x00000000edfe0000)
 PSPermGen       total 117056K, used 60407K [0x00000000e0000000, 0x00000000e7250000, 0x00000000e8000000)
  object space 117056K, 51% used [0x00000000e0000000,0x00000000e3afdd60,0x00000000e7250000)
Event: 75321.198 GC heap after
Heap after GC invocations=211 (full 2):
 PSYoungGen      total 14400K, used 1843K [0x00000000fa000000, 0x00000000fb080000, 0x0000000100000000)
  eden space 12544K, 0% used [0x00000000fa000000,0x00000000fa000000,0x00000000fac40000)
  from space 1856K, 99% used [0x00000000fac60000,0x00000000fae2cf28,0x00000000fae30000)
  to   space 2176K, 0% used [0x00000000fae60000,0x00000000fae60000,0x00000000fb080000)
 ParOldGen       total 98176K, used 89761K [0x00000000e8000000, 0x00000000edfe0000, 0x00000000fa000000)
  object space 98176K, 91% used [0x00000000e8000000,0x00000000ed7a8408,0x00000000edfe0000)
 PSPermGen       total 117056K, used 60407K [0x00000000e0000000, 0x00000000e7250000, 0x00000000e8000000)
  object space 117056K, 51% used [0x00000000e0000000,0x00000000e3afdd60,0x00000000e7250000)
}
Event: 75361.071 GC heap before
{Heap before GC invocations=212 (full 2):
 PSYoungGen      total 14400K, used 14387K [0x00000000fa000000, 0x00000000fb080000, 0x0000000100000000)
  eden space 12544K, 100% used [0x00000000fa000000,0x00000000fac40000,0x00000000fac40000)
  from space 1856K, 99% used [0x00000000fac60000,0x00000000fae2cf28,0x00000000fae30000)
  to   space 2176K, 0% used [0x00000000fae60000,0x00000000fae60000,0x00000000fb080000)
 ParOldGen       total 98176K, used 89761K [0x00000000e8000000, 0x00000000edfe0000, 0x00000000fa000000)
  object space 98176K, 91% used [0x00000000e8000000,0x00000000ed7a8408,0x00000000edfe0000)
 PSPermGen       total 117056K, used 60409K [0x00000000e0000000, 0x00000000e7250000, 0x00000000e8000000)
  object space 117056K, 51% used [0x00000000e0000000,0x00000000e3afe660,0x00000000e7250000)
Event: 75361.074 GC heap after
Heap after GC invocations=212 (full 2):
 PSYoungGen      total 14464K, used 2063K [0x00000000fa000000, 0x00000000fb0e0000, 0x0000000100000000)
  eden space 12288K, 0% used [0x00000000fa000000,0x00000000fa000000,0x00000000fac00000)
  from space 2176K, 94% used [0x00000000fae60000,0x00000000fb063ec8,0x00000000fb080000)
  to   space 2432K, 0% used [0x00000000fac00000,0x00000000fac00000,0x00000000fae60000)
 ParOldGen       total 98176K, used 89761K [0x00000000e8000000, 0x00000000edfe0000, 0x00000000fa000000)
  object space 98176K, 91% used [0x00000000e8000000,0x00000000ed7a8408,0x00000000edfe0000)
 PSPermGen       total 117056K, used 60409K [0x00000000e0000000, 0x00000000e7250000, 0x00000000e8000000)
  object space 117056K, 51% used [0x00000000e0000000,0x00000000e3afe660,0x00000000e7250000)
}

Deoptimization events (10 events):
Event: 4841.304 Thread 0x000000004f0e2000 Uncommon trap -58 fr.pc 0x0000000035f05bac
Event: 4841.305 Thread 0x000000004f0e2000 Uncommon trap -58 fr.pc 0x0000000035f05bac
Event: 4907.913 Thread 0x000000004f0e2000 Uncommon trap -58 fr.pc 0x0000000035f0830c
Event: 4907.921 Thread 0x000000004f0e2000 Uncommon trap -58 fr.pc 0x0000000035f0830c
Event: 5303.821 Thread 0x000000004f0e2000 Uncommon trap -28 fr.pc 0x0000000035f5c7e8
Event: 5769.700 Thread 0x000000004f0e2000 Uncommon trap -83 fr.pc 0x00000000359d6064
Event: 6605.091 Thread 0x000000004f0e2000 Uncommon trap -12 fr.pc 0x0000000035dafd00
Event: 8321.155 Thread 0x000000004f0e2000 Uncommon trap -12 fr.pc 0x0000000035bdc938
Event: 8334.694 Thread 0x000000004f0e2000 Uncommon trap -58 fr.pc 0x0000000035ef6df0
Event: 75349.648 Thread 0x000000004f0e2000 Uncommon trap -83 fr.pc 0x0000000035ee54d0

Internal exceptions (10 events):
Event: 75317.283 Thread 0x0000000035086000 Threw 0x00000000fa8de290 at C:\jdk7u1_64p\jdk7u11\hotspot\src\share\vm\prims\jvm.cpp:1166
Event: 75317.283 Thread 0x0000000035086000 Threw 0x00000000fa8eb2f8 at C:\jdk7u1_64p\jdk7u11\hotspot\src\share\vm\prims\jvm.cpp:1166
Event: 75317.283 Thread 0x0000000035086000 Threw 0x00000000fa8eb728 at C:\jdk7u1_64p\jdk7u11\hotspot\src\share\vm\prims\jvm.cpp:1166
Event: 75317.283 Thread 0x0000000035086000 Threw 0x00000000fa8f8758 at C:\jdk7u1_64p\jdk7u11\hotspot\src\share\vm\prims\jvm.cpp:1166
Event: 75317.283 Thread 0x0000000035086000 Threw 0x00000000fa8f8cd8 at C:\jdk7u1_64p\jdk7u11\hotspot\src\share\vm\prims\jvm.cpp:1166
Event: 75317.284 Thread 0x0000000035086000 Threw 0x00000000fa90a240 at C:\jdk7u1_64p\jdk7u11\hotspot\src\share\vm\prims\jvm.cpp:1166
Event: 75317.284 Thread 0x0000000035086000 Threw 0x00000000fa90a570 at C:\jdk7u1_64p\jdk7u11\hotspot\src\share\vm\prims\jvm.cpp:1166
Event: 75317.284 Thread 0x0000000035086000 Threw 0x00000000fa91bb10 at C:\jdk7u1_64p\jdk7u11\hotspot\src\share\vm\prims\jvm.cpp:1166
Event: 75317.284 Thread 0x0000000035086000 Threw 0x00000000fa91bf68 at C:\jdk7u1_64p\jdk7u11\hotspot\src\share\vm\prims\jvm.cpp:1166
Event: 75317.284 Thread 0x0000000035086000 Threw 0x00000000fa92d510 at C:\jdk7u1_64p\jdk7u11\hotspot\src\share\vm\prims\jvm.cpp:1166

Events (10 events):
Event: 75361.433 Thread 0x00000000bfaca800 Thread exited: 0x00000000bfaca800
Event: 75361.592 Executing VM operation: RevokeBias
Event: 75361.593 Executing VM operation: RevokeBias done
Event: 75361.893 Thread 0x000000011c545800 Thread added: 0x000000011c545800
Event: 75361.894 Thread 0x00000000bfaca800 Thread added: 0x00000000bfaca800
Event: 75361.894 Executing VM operation: RevokeBias
Event: 75361.894 Executing VM operation: RevokeBias done
Event: 75361.910 Thread 0x00000000bfac9000 Thread added: 0x00000000bfac9000
Event: 75361.910 Executing VM operation: RevokeBias
Event: 75361.910 Executing VM operation: RevokeBias done


Dynamic libraries:
0x0000000140000000 - 0x0000000140029000 	C:\Program Files\MATLAB\R2013b\bin\win64\MATLAB.exe
0x0000000076d90000 - 0x0000000076f39000 	C:\Windows\SYSTEM32\ntdll.dll
0x0000000076b70000 - 0x0000000076c8f000 	C:\Windows\system32\kernel32.dll
0x000007fefcc80000 - 0x000007fefcceb000 	C:\Windows\system32\KERNELBASE.dll
0x000000006f060000 - 0x000000006f3dc000 	C:\Program Files\MATLAB\R2013b\bin\win64\libmwservices.dll
0x000000006fe80000 - 0x000000006ff56000 	C:\Program Files\MATLAB\R2013b\bin\win64\libmwi18n.dll
0x000000006fe70000 - 0x000000006fe7d000 	C:\Program Files\MATLAB\R2013b\bin\win64\libmwresource_core.dll
0x00000000701c0000 - 0x0000000070258000 	C:\Program Files\MATLAB\R2013b\bin\win64\MSVCP100.dll
0x0000000004230000 - 0x0000000004302000 	C:\Program Files\MATLAB\R2013b\bin\win64\MSVCR100.dll
0x00000000748e0000 - 0x00000000748ee000 	C:\Program Files\MATLAB\R2013b\bin\win64\boost_date_time-vc100-mt-1_49.dll
0x0000000074760000 - 0x000000007478c000 	C:\Program Files\MATLAB\R2013b\bin\win64\boost_filesystem-vc100-mt-1_49.dll
0x00000000748d0000 - 0x00000000748d9000 	C:\Program Files\MATLAB\R2013b\bin\win64\boost_system-vc100-mt-1_49.dll
0x000007fefd500000 - 0x000007fefd5db000 	C:\Windows\system32\ADVAPI32.dll
0x000007fefebd0000 - 0x000007fefec6f000 	C:\Windows\system32\msvcrt.dll
0x000007fefee90000 - 0x000007fefeeaf000 	C:\Windows\SYSTEM32\sechost.dll
0x000007fefd5e0000 - 0x000007fefd70d000 	C:\Windows\system32\RPCRT4.dll
0x0000000074850000 - 0x0000000074875000 	C:\Program Files\MATLAB\R2013b\bin\win64\LIBEXPAT.dll
0x0000000004310000 - 0x000000000449a000 	C:\Program Files\MATLAB\R2013b\bin\win64\icuin49.dll
0x000000006c010000 - 0x000000006c14e000 	C:\Program Files\MATLAB\R2013b\bin\win64\icuuc49.dll
0x00000000526a0000 - 0x00000000537c2000 	C:\Program Files\MATLAB\R2013b\bin\win64\icudt49.dll
0x00000000748c0000 - 0x00000000748d0000 	C:\Program Files\MATLAB\R2013b\bin\win64\icuio49.dll
0x00000000044a0000 - 0x000000000455b000 	C:\Program Files\MATLAB\R2013b\bin\win64\libut.dll
0x000000006f960000 - 0x000000006fb07000 	C:\Program Files\MATLAB\R2013b\bin\win64\libmwfl.dll
0x0000000004560000 - 0x000000000496f000 	C:\Program Files\MATLAB\R2013b\bin\win64\libmwMATLAB_res.dll
0x0000000004970000 - 0x0000000004a4f000 	C:\Program Files\MATLAB\R2013b\bin\win64\boost_regex-vc100-mt-1_49.dll
0x0000000076c90000 - 0x0000000076d8a000 	C:\Windows\system32\USER32.dll
0x000007fefeeb0000 - 0x000007fefef17000 	C:\Windows\system32\GDI32.dll
0x000007fefec70000 - 0x000007fefec7e000 	C:\Windows\system32\LPK.dll
0x000007fefd720000 - 0x000007fefd7e9000 	C:\Windows\system32\USP10.dll
0x0000000074830000 - 0x0000000074841000 	C:\Program Files\MATLAB\R2013b\bin\win64\boost_signals-vc100-mt-1_49.dll
0x0000000074740000 - 0x0000000074751000 	C:\Program Files\MATLAB\R2013b\bin\win64\boost_thread-vc100-mt-1_49.dll
0x000000006f800000 - 0x000000006f88c000 	C:\Program Files\MATLAB\R2013b\bin\win64\boost_log-vc100-mt-1_49.dll
0x0000000076f60000 - 0x0000000076f67000 	C:\Windows\system32\PSAPI.DLL
0x000007fefdc60000 - 0x000007fefdcad000 	C:\Windows\system32\WS2_32.dll
0x000007fefd710000 - 0x000007fefd718000 	C:\Windows\system32\NSI.dll
0x000007fef6f50000 - 0x000007fef6f83000 	C:\Program Files\MATLAB\R2013b\bin\win64\tbb.dll
0x000007fefcf90000 - 0x000007fefcfa9000 	C:\Windows\system32\imagehlp.dll
0x000007fefb010000 - 0x000007fefb03c000 	C:\Windows\system32\POWRPROF.dll
0x000007fefd320000 - 0x000007fefd4f7000 	C:\Windows\system32\SETUPAPI.dll
0x000007fefcc10000 - 0x000007fefcc46000 	C:\Windows\system32\CFGMGR32.dll
0x000007fefd240000 - 0x000007fefd317000 	C:\Windows\system32\OLEAUT32.dll
0x000007fefec80000 - 0x000007fefee83000 	C:\Windows\system32\ole32.dll
0x000007fefcf70000 - 0x000007fefcf8a000 	C:\Windows\system32\DEVOBJ.dll
0x0000000004a50000 - 0x0000000004b4b000 	C:\Program Files\MATLAB\R2013b\bin\win64\libmx.dll
0x000007fef6e80000 - 0x000007fef6ea8000 	C:\Program Files\MATLAB\R2013b\bin\win64\tbbmalloc.dll
0x0000000074720000 - 0x0000000074737000 	C:\Program Files\MATLAB\R2013b\bin\win64\zlib1.dll
0x000000006ef00000 - 0x000000006ef4e000 	C:\Program Files\MATLAB\R2013b\bin\win64\libmwregexp.dll
0x000000006eeb0000 - 0x000000006eef7000 	C:\Program Files\MATLAB\R2013b\bin\win64\mpath.dll
0x0000000004b50000 - 0x0000000005178000 	C:\Program Files\MATLAB\R2013b\bin\win64\mlutil.dll
0x000000006e870000 - 0x000000006e8e7000 	C:\Program Files\MATLAB\R2013b\bin\win64\xmlcore.dll
0x000000006b790000 - 0x000000006b9d1000 	C:\Program Files\MATLAB\R2013b\bin\win64\xerces-c_2_7.dll
0x000000006e5f0000 - 0x000000006e613000 	C:\Program Files\MATLAB\R2013b\bin\win64\libmwMATLAB_settings_res.dll
0x00000000748a0000 - 0x00000000748b0000 	C:\Program Files\MATLAB\R2013b\bin\win64\boost_iostreams-vc100-mt-1_49.dll
0x0000000074610000 - 0x0000000074656000 	C:\Program Files\MATLAB\R2013b\bin\win64\boost_serialization-vc100-mt-1_49.dll
0x000007fefdcb0000 - 0x000007fefea3b000 	C:\Windows\system32\SHELL32.dll
0x000007fefef20000 - 0x000007fefef91000 	C:\Windows\system32\SHLWAPI.dll
0x000000006e580000 - 0x000000006e586000 	C:\Program Files\MATLAB\R2013b\bin\win64\libmwnativedisplay.dll
0x00000000685f0000 - 0x000000006863d000 	C:\Program Files\MATLAB\R2013b\bin\win64\opccore.dll
0x00000000684f0000 - 0x00000000685c6000 	C:\Program Files\MATLAB\R2013b\bin\win64\opcmodel.dll
0x00000000684c0000 - 0x00000000684ed000 	C:\Program Files\MATLAB\R2013b\bin\win64\opczippackage.dll
0x0000000074710000 - 0x000000007471e000 	C:\Program Files\MATLAB\R2013b\bin\win64\libminizip.dll
0x0000000068340000 - 0x00000000683a6000 	C:\Program Files\MATLAB\R2013b\bin\win64\opcmwservices.dll
0x000007fef7280000 - 0x000007fef7320000 	C:\Windows\WinSxS\amd64_microsoft.windows.common-controls_6595b64144ccf1df_5.82.7601.18837_none_a4d981ff711297b6\COMCTL32.dll
0x000007fefd990000 - 0x000007fefda27000 	C:\Windows\system32\COMDLG32.dll
0x000007fefaa30000 - 0x000007fefaa46000 	C:\Windows\system32\NETAPI32.dll
0x000007fefc000000 - 0x000007fefc00c000 	C:\Windows\system32\netutils.dll
0x000007fefc740000 - 0x000007fefc763000 	C:\Windows\system32\srvcli.dll
0x000007fefaa10000 - 0x000007fefaa25000 	C:\Windows\system32\wkscli.dll
0x000000006e4d0000 - 0x000000006e57d000 	C:\Program Files\MATLAB\R2013b\bin\win64\mcr.dll
0x000000006e110000 - 0x000000006e4d0000 	C:\Program Files\MATLAB\R2013b\bin\win64\iqm.dll
0x0000000180000000 - 0x00000001800c2000 	C:\Program Files\MATLAB\R2013b\bin\win64\m_dispatcher.dll
0x0000000005180000 - 0x000000000597b000 	C:\Program Files\MATLAB\R2013b\bin\win64\m_interpreter.dll
0x000000006d760000 - 0x000000006d784000 	C:\Program Files\MATLAB\R2013b\bin\win64\libmex.dll
0x000000006d6e0000 - 0x000000006d75b000 	C:\Program Files\MATLAB\R2013b\bin\win64\profiler.dll
0x000000006d450000 - 0x000000006d5c8000 	C:\Program Files\MATLAB\R2013b\bin\win64\libmwmathutil.dll
0x000000006d420000 - 0x000000006d447000 	C:\Program Files\MATLAB\R2013b\bin\win64\libmwmathrng.dll
0x000000006d410000 - 0x000000006d420000 	C:\Program Files\MATLAB\R2013b\bin\win64\libmwmfl_rng.dll
0x0000000005980000 - 0x0000000005a98000 	C:\Program Files\MATLAB\R2013b\bin\win64\libmwmathcore.dll
0x000000006d2b0000 - 0x000000006d313000 	C:\Program Files\MATLAB\R2013b\bin\win64\libmwspmatrix.dll
0x0000000005aa0000 - 0x0000000005d02000 	C:\Program Files\MATLAB\R2013b\bin\win64\mcos.dll
0x000000006cfc0000 - 0x000000006d01c000 	C:\Program Files\MATLAB\R2013b\bin\win64\libmwcholmod.dll
0x000000006cfb0000 - 0x000000006cfbc000 	C:\Program Files\MATLAB\R2013b\bin\win64\libmwamd.dll
0x000000006cfa0000 - 0x000000006cfab000 	C:\Program Files\MATLAB\R2013b\bin\win64\libmwcolamd.dll
0x000000006cf80000 - 0x000000006cf93000 	C:\Program Files\MATLAB\R2013b\bin\win64\libmwblas.dll
0x000000006cf60000 - 0x000000006cf75000 	C:\Program Files\MATLAB\R2013b\bin\win64\libmwbinder.dll
0x000000006cf50000 - 0x000000006cf5b000 	C:\Program Files\MATLAB\R2013b\bin\win64\libmwompwrapper.dll
0x000000006ced0000 - 0x000000006cf4f000 	C:\Program Files\MATLAB\R2013b\bin\win64\libmwlapack.dll
0x000000006ceb0000 - 0x000000006ced0000 	C:\Program Files\MATLAB\R2013b\bin\win64\m_pcodeio.dll
0x000000006ce50000 - 0x000000006ceac000 	C:\Program Files\MATLAB\R2013b\bin\win64\m_ir.dll
0x0000000005d10000 - 0x00000000063c5000 	C:\Program Files\MATLAB\R2013b\bin\win64\m_parser.dll
0x000000006c780000 - 0x000000006c797000 	C:\Program Files\MATLAB\R2013b\bin\win64\ir_xfmr.dll
0x000000006c770000 - 0x000000006c780000 	C:\Program Files\MATLAB\R2013b\bin\win64\mtok.dll
0x000000006c740000 - 0x000000006c768000 	C:\Program Files\MATLAB\R2013b\bin\win64\m_pcodegen.dll
0x000007fef5b20000 - 0x000007fef5c45000 	C:\Windows\system32\dbghelp.dll
0x000000006c710000 - 0x000000006c73f000 	C:\Program Files\MATLAB\R2013b\bin\win64\libmwbridge.dll
0x000000006c650000 - 0x000000006c706000 	C:\Program Files\MATLAB\R2013b\bin\win64\udd.dll
0x00000000063d0000 - 0x0000000006521000 	C:\Program Files\MATLAB\R2013b\bin\win64\libmwgui.dll
0x000000006c4d0000 - 0x000000006c4f8000 	C:\Program Files\MATLAB\R2013b\bin\win64\graphics_util.dll
0x0000000006530000 - 0x00000000065e8000 	C:\Program Files\MATLAB\R2013b\bin\win64\libtex_base.dll
0x00000000065f0000 - 0x0000000006f56000 	C:\Program Files\MATLAB\R2013b\bin\win64\hg.dll
0x000000006ba60000 - 0x000000006babd000 	C:\Program Files\MATLAB\R2013b\bin\win64\libmat.dll
0x0000000006f60000 - 0x0000000007168000 	C:\Program Files\MATLAB\R2013b\bin\win64\hdf5dll.dll
0x0000000007170000 - 0x0000000007238000 	C:\Program Files\MATLAB\R2013b\bin\win64\jmi.dll
0x000000006b770000 - 0x000000006b77e000 	C:\Program Files\MATLAB\R2013b\bin\win64\nativejava_services.dll
0x0000000007240000 - 0x0000000007282000 	C:\Program Files\MATLAB\R2013b\bin\win64\libmwhardcopy.dll
0x000000006b6d0000 - 0x000000006b72e000 	C:\Program Files\MATLAB\R2013b\bin\win64\libuij.dll
0x000000006b490000 - 0x000000006b695000 	C:\Program Files\MATLAB\R2013b\bin\win64\hgdatatypes.dll
0x0000000007290000 - 0x00000000073a2000 	C:\Program Files\MATLAB\R2013b\bin\win64\hgutils.dll
0x000000006b2f0000 - 0x000000006b39e000 	C:\Program Files\MATLAB\R2013b\bin\win64\udd_mi.dll
0x000000006b2b0000 - 0x000000006b2e6000 	C:\Program Files\MATLAB\R2013b\bin\win64\libmwgbtutils.dll
0x000000006b290000 - 0x000000006b2a3000 	C:\Program Files\MATLAB\R2013b\bin\win64\libmwgbt.dll
0x000000006afc0000 - 0x000000006b28f000 	C:\Program Files\MATLAB\R2013b\bin\win64\uiw.dll
0x000000006afb0000 - 0x000000006afb9000 	C:\Program Files\MATLAB\R2013b\bin\win64\uinone.dll
0x000000006af80000 - 0x000000006afac000 	C:\Program Files\MATLAB\R2013b\bin\win64\libmwnativedialogs.dll
0x000000006af70000 - 0x000000006af7c000 	C:\Program Files\MATLAB\R2013b\bin\win64\libmwplatform_res.dll
0x000007fef6ca0000 - 0x000007fef6cb8000 	C:\Windows\system32\MPR.dll
0x0000000069090000 - 0x00000000695ed000 	C:\Program Files\MATLAB\R2013b\bin\win64\mfc100.dll
0x000007fefa100000 - 0x000007fefa107000 	C:\Windows\system32\MSIMG32.dll
0x000007fef7200000 - 0x000007fef7271000 	C:\Windows\system32\WINSPOOL.DRV
0x000000006af50000 - 0x000000006af6d000 	C:\Program Files\MATLAB\R2013b\bin\win64\mwoles05.DLL
0x000000006aee0000 - 0x000000006af4c000 	C:\Program Files\MATLAB\R2013b\bin\win64\comcli.dll
0x00000000702e0000 - 0x000000007030b000 	C:\Program Files\MATLAB\R2013b\bin\win64\ATL100.DLL
0x000000006aed0000 - 0x000000006aedc000 	C:\Program Files\MATLAB\R2013b\bin\win64\mlautoregister.dll
0x00000000073b0000 - 0x000000000751f000 	C:\Program Files\MATLAB\R2013b\bin\win64\mvm.dll
0x000007fefd7f0000 - 0x000007fefd81e000 	C:\Windows\system32\IMM32.DLL
0x000007fefea40000 - 0x000007fefeb49000 	C:\Windows\system32\MSCTF.dll
0x0000000074920000 - 0x0000000074958000 	C:\PROGRA~2\Sophos\SOPHOS~1\SOPHOS~2.DLL
0x000007fefb6d0000 - 0x000007fefb726000 	C:\Windows\system32\UxTheme.dll

VM Arguments:
jvm_args: -XX:PermSize=32m -Xms64m -XX:NewRatio=3 -XX:MaxPermSize=128m -Xmx384m -XX:MaxDirectMemorySize=2147400000 -Dsun.java2d.noddraw=true -Dsun.awt.nopixfmt=true -Xshare:off -Xrs -XX:-UseSplitVerifier -Djava.library.path=C:\Program Files\MATLAB\R2013b\bin\win64;C:\Program Files\MATLAB\R2013b\sys\jxbrowser\win64\lib vfprintf abort -Duser.language=en -Duser.country=NZ 
java_command: <unknown>
Launcher Type: generic

Environment Variables:
PATH=C:\Windows\system32;C:\Windows;C:\Windows\System32\Wbem;C:\Windows\System32\WindowsPowerShell\v1.0\;C:\Program Files (x86)\Microsoft Application Virtualization Client;C:\Program Files\MATLAB\R2013b\bin;C:\Program Files\TortoiseSVN\bin;C:\Program Files\VisualSVN Server\bin;C:\Program Files (x86)\QuickTime\QTSystem\;C:\Windows\system32;C:\Windows;C:\Windows\System32\Wbem;C:\Windows\System32\WindowsPowerShell\v1.0\;C:\Program Files (x86)\Microsoft Application Virtualization Client;C:\Program Files\MATLAB\R2013b\bin;C:\Program Files\TortoiseSVN\bin;C:\Program Files\VisualSVN Server\bin;C:\Program Files (x86)\QuickTime\QTSystem\;C:\Users\agk29\Documents\New folder\miktex\bin\;\\file\UsersA$\agk29\Home\My Documents\MikTex\miktex\bin\;C:\Users\agk29\MikTex\miktex\bin\
USERNAME=agk29
OS=Windows_NT
PROCESSOR_IDENTIFIER=Intel64 Family 6 Model 42 Stepping 7, GenuineIntel



---------------  S Y S T E M  ---------------

OS: Windows 7 , 64 bit Build 7601 Service Pack 1

CPU:total 4 (4 cores per cpu, 2 threads per core) family 6 model 42 stepping 7, cmov, cx8, fxsr, mmx, sse, sse2, sse3, ssse3, sse4.1, sse4.2, popcnt, avx, ht, tsc, tscinvbit

Memory: 4k page, physical 16734276k(12606356k free), swap 33466692k(29229372k free)

vm_info: Java HotSpot(TM) 64-Bit Server VM (23.6-b04) for windows-amd64 JRE (1.7.0_11-b21), built on Jan 12 2013 02:38:42 by "java_re" with unknown MS VC++:1600

time: Thu Jul 09 10:22:45 2015
elapsed time: 75362 seconds

